------------------------------------------------------------------------------------------------------------------------

[2023-03-06 18:15:33 #1 store] 
Database 'C:\Users\Bakero\eclipse-workspace\Sesion3\db\empleados.odb' is opened by 8584@DESKTOP-6Q7JQ8O

[2023-03-06 18:15:33 #2 store] 
Configuration path: ?

[2023-03-06 18:15:33 #3 type] 
Type ejemplo1.DepartamentoEntity is not enhanced.

[2023-03-06 18:15:33 #4 type] 
Type ejemplo1.EmpleadoEntity is not enhanced.

[2023-03-06 18:15:33 #5 store] 
Database 'C:\Users\Bakero\eclipse-workspace\Sesion3\db\empleados.odb' is closed by 8584@DESKTOP-6Q7JQ8O

------------------------------------------------------------------------------------------------------------------------

[2023-03-06 18:20:25 #1 store] 
Database 'C:\Users\Bakero\eclipse-workspace\Sesion3\db\empleados.odb' is opened by 22276@DESKTOP-6Q7JQ8O

[2023-03-06 18:20:25 #2 store] 
Configuration path: ?

[2023-03-06 18:20:26 #3 type] 
Type ejemplo1.DepartamentoEntity is not enhanced.

[2023-03-06 18:20:26 #4 type] 
Type ejemplo1.EmpleadoEntity is not enhanced.

[2023-03-06 18:20:26 #5 store] 
Database 'C:\Users\Bakero\eclipse-workspace\Sesion3\db\empleados.odb' is closed by 22276@DESKTOP-6Q7JQ8O

------------------------------------------------------------------------------------------------------------------------

[2023-03-06 18:26:46 #1 store] 
Database 'C:\Users\Bakero\eclipse-workspace\Sesion3\db\empleados.odb' is opened by 22428@DESKTOP-6Q7JQ8O

[2023-03-06 18:26:46 #2 store] 
Configuration path: ?

[2023-03-06 18:26:46 #3 type] 
Type ejemplo1.DepartamentoEntity is not enhanced.

[2023-03-06 18:26:46 #4 type] 
Type ejemplo1.EmpleadoEntity is not enhanced.

------------------------------------------------------------------------------------------------------------------------

[2023-03-06 18:27:18 #1 store] 
Database 'C:\Users\Bakero\eclipse-workspace\Sesion3\db\empleados.odb' is opened by 6252@DESKTOP-6Q7JQ8O

[2023-03-06 18:27:18 #2 store] 
Configuration path: ?

[2023-03-06 18:27:18 #3 type] 
Type ejemplo1.DepartamentoEntity is not enhanced.

[2023-03-06 18:27:18 #4 type] 
Type ejemplo1.EmpleadoEntity is not enhanced.

------------------------------------------------------------------------------------------------------------------------

[2023-03-06 18:27:38 #1 store] 
Database 'C:\Users\Bakero\eclipse-workspace\Sesion3\db\empleados.odb' is opened by 11408@DESKTOP-6Q7JQ8O

[2023-03-06 18:27:38 #2 store] 
Configuration path: ?

[2023-03-06 18:27:38 #3 type] 
Type ejemplo1.DepartamentoEntity is not enhanced.

[2023-03-06 18:27:38 #4 type] 
Type ejemplo1.EmpleadoEntity is not enhanced.

[2023-03-06 18:27:38 #5 query] 
Error during query execution: UPDATE EmpleadoEntity e SET e.salario = e.salario +: cantidad WHERE e.departamento.dptoId =: numDepartamento({numDepartamento->10,cantidad->90})

[2023-03-06 18:27:38 #6 *] 
[ObjectDB 2.8.6] Unexpected exception (Error 990)
  Generated by Java HotSpot(TM) 64-Bit Server VM 1.8.0_301 (on Windows 10 10.0).
Please report this error on http://www.objectdb.com/issue/new
com.objectdb.o.InternalException: null
com.objectdb.o.InternalException
	at com.objectdb.o.InternalException.f(InternalException.java:235)
	at com.objectdb.o.QRC.i(QRC.java:294)
	at com.objectdb.o.QRC.j(QRC.java:197)
	at com.objectdb.o.QRM.Zq(QRM.java:273)
	at com.objectdb.o.MST.Zq(MST.java:1019)
	at com.objectdb.o.WRA.Zq(WRA.java:313)
	at com.objectdb.o.WSM.Zq(WSM.java:117)
	at com.objectdb.o.QRR.k(QRR.java:260)
	at com.objectdb.o.QRR.i(QRR.java:154)
	at com.objectdb.jpa.JpaQuery.executeUpdate(JpaQuery.java:791)
	at ejemplo1.AccesoBdatos.incrementarSalarioDepartamento(AccesoBdatos.java:248)
	at ejemplo1.Main2.main(Main2.java:37)

------------------------------------------------------------------------------------------------------------------------

[2023-03-06 18:28:00 #1 store] 
Database 'C:\Users\Bakero\eclipse-workspace\Sesion3\db\empleados.odb' is opened by 8732@DESKTOP-6Q7JQ8O

[2023-03-06 18:28:00 #2 store] 
Configuration path: ?

[2023-03-06 18:28:00 #3 type] 
Type ejemplo1.DepartamentoEntity is not enhanced.

[2023-03-06 18:28:00 #4 type] 
Type ejemplo1.EmpleadoEntity is not enhanced.

[2023-03-06 18:28:00 #5 store] 
Database 'C:\Users\Bakero\eclipse-workspace\Sesion3\db\empleados.odb' is closed by 8732@DESKTOP-6Q7JQ8O

------------------------------------------------------------------------------------------------------------------------

[2023-03-06 18:32:26 #1 store] 
Database 'C:\Users\Bakero\eclipse-workspace\Sesion3\db\empleados.odb' is opened by 7420@DESKTOP-6Q7JQ8O

[2023-03-06 18:32:26 #2 store] 
Configuration path: ?

[2023-03-06 18:32:26 #3 type] 
Type ejemplo1.DepartamentoEntity is not enhanced.

[2023-03-06 18:32:26 #4 type] 
Type ejemplo1.EmpleadoEntity is not enhanced.

------------------------------------------------------------------------------------------------------------------------

[2023-03-06 18:32:54 #1 store] 
Database 'C:\Users\Bakero\eclipse-workspace\Sesion3\db\empleados.odb' is opened by 18296@DESKTOP-6Q7JQ8O

[2023-03-06 18:32:54 #2 store] 
Configuration path: ?

[2023-03-06 18:32:54 #3 type] 
Type ejemplo1.DepartamentoEntity is not enhanced.

[2023-03-06 18:32:54 #4 type] 
Type ejemplo1.EmpleadoEntity is not enhanced.

[2023-03-06 18:32:54 #5 store] 
Database 'C:\Users\Bakero\eclipse-workspace\Sesion3\db\empleados.odb' is closed by 18296@DESKTOP-6Q7JQ8O

------------------------------------------------------------------------------------------------------------------------

[2023-03-06 18:38:01 #1 store] 
Database 'C:\Users\Bakero\eclipse-workspace\Sesion3\db\empleados.odb' is opened by 21004@DESKTOP-6Q7JQ8O

[2023-03-06 18:38:01 #2 store] 
Configuration path: ?

[2023-03-06 18:38:02 #3 type] 
Type ejemplo1.DepartamentoEntity is not enhanced.

[2023-03-06 18:38:02 #4 type] 
Type ejemplo1.EmpleadoEntity is not enhanced.

[2023-03-06 18:38:02 #5 store] 
Database 'C:\Users\Bakero\eclipse-workspace\Sesion3\db\empleados.odb' is closed by 21004@DESKTOP-6Q7JQ8O

