------------------------------------------------------------------------------------------------------------------------

[2023-03-08 18:35:17 #1 store] 
Database 'C:\Users\Bakero\eclipse-workspace\Sesion3\db\empleados.odb' is opened by 13836@DESKTOP-6Q7JQ8O

[2023-03-08 18:35:17 #2 store] 
Configuration path: ?

[2023-03-08 18:35:17 #3 type] 
Type ejemplo1.DepartamentoEntity is not enhanced.

[2023-03-08 18:35:17 #4 type] 
Type ejemplo1.EmpleadoEntity is not enhanced.

[2023-03-08 18:35:17 #5 store] 
Database 'C:\Users\Bakero\eclipse-workspace\Sesion3\db\empleados.odb' is closed by 13836@DESKTOP-6Q7JQ8O

------------------------------------------------------------------------------------------------------------------------

[2023-03-08 18:35:38 #1 store] 
Database 'C:\Users\Bakero\eclipse-workspace\Sesion3\db\empleados.odb' is opened by 21672@DESKTOP-6Q7JQ8O

[2023-03-08 18:35:38 #2 store] 
Configuration path: ?

[2023-03-08 18:35:38 #3 type] 
Type ejemplo1.DepartamentoEntity is not enhanced.

[2023-03-08 18:35:38 #4 type] 
Type ejemplo1.EmpleadoEntity is not enhanced.

[2023-03-08 18:35:38 #5 store] 
Database 'C:\Users\Bakero\eclipse-workspace\Sesion3\db\empleados.odb' is closed by 21672@DESKTOP-6Q7JQ8O

------------------------------------------------------------------------------------------------------------------------

[2023-03-08 18:35:44 #1 store] 
Database 'C:\Users\Bakero\eclipse-workspace\Sesion3\db\empleados.odb' is opened by 29016@DESKTOP-6Q7JQ8O

[2023-03-08 18:35:44 #2 store] 
Configuration path: ?

[2023-03-08 18:35:44 #3 type] 
Type ejemplo1.DepartamentoEntity is not enhanced.

[2023-03-08 18:35:44 #4 type] 
Type ejemplo1.EmpleadoEntity is not enhanced.

[2023-03-08 18:35:44 #5 store] 
Database 'C:\Users\Bakero\eclipse-workspace\Sesion3\db\empleados.odb' is closed by 29016@DESKTOP-6Q7JQ8O

------------------------------------------------------------------------------------------------------------------------

[2023-03-08 18:36:44 #1 store] 
Database 'C:\Users\Bakero\eclipse-workspace\Sesion3\db\empleados.odb' is opened by 7960@DESKTOP-6Q7JQ8O

[2023-03-08 18:36:44 #2 store] 
Configuration path: ?

[2023-03-08 18:36:45 #3 type] 
Type ejemplo1.DepartamentoEntity is not enhanced.

[2023-03-08 18:36:45 #4 type] 
Type ejemplo1.EmpleadoEntity is not enhanced.

[2023-03-08 18:36:45 #5 store] 
Database 'C:\Users\Bakero\eclipse-workspace\Sesion3\db\empleados.odb' is closed by 7960@DESKTOP-6Q7JQ8O

------------------------------------------------------------------------------------------------------------------------

[2023-03-08 18:38:47 #1 store] 
Database 'C:\Users\Bakero\eclipse-workspace\Sesion3\db\empleados.odb' is opened by 5072@DESKTOP-6Q7JQ8O

[2023-03-08 18:38:47 #2 store] 
Configuration path: ?

[2023-03-08 18:38:47 #3 type] 
Type ejemplo1.DepartamentoEntity is not enhanced.

[2023-03-08 18:38:47 #4 type] 
Type ejemplo1.EmpleadoEntity is not enhanced.

[2023-03-08 18:38:47 #5 store] 
Database 'C:\Users\Bakero\eclipse-workspace\Sesion3\db\empleados.odb' is closed by 5072@DESKTOP-6Q7JQ8O

------------------------------------------------------------------------------------------------------------------------

[2023-03-08 18:40:25 #1 store] 
Database 'C:\Users\Bakero\eclipse-workspace\Sesion3\db\empleados.odb' is opened by 7976@DESKTOP-6Q7JQ8O

[2023-03-08 18:40:25 #2 store] 
Configuration path: ?

[2023-03-08 18:40:25 #3 type] 
Type ejemplo1.DepartamentoEntity is not enhanced.

[2023-03-08 18:40:25 #4 type] 
Type ejemplo1.EmpleadoEntity is not enhanced.

------------------------------------------------------------------------------------------------------------------------

[2023-03-08 18:40:42 #1 store] 
Database 'C:\Users\Bakero\eclipse-workspace\Sesion3\db\empleados.odb' is opened by 1876@DESKTOP-6Q7JQ8O

[2023-03-08 18:40:42 #2 store] 
Configuration path: ?

[2023-03-08 18:40:42 #3 type] 
Type ejemplo1.DepartamentoEntity is not enhanced.

[2023-03-08 18:40:42 #4 type] 
Type ejemplo1.EmpleadoEntity is not enhanced.

------------------------------------------------------------------------------------------------------------------------

[2023-03-08 18:41:03 #1 store] 
Database 'C:\Users\Bakero\eclipse-workspace\Sesion3\db\empleados.odb' is opened by 5552@DESKTOP-6Q7JQ8O

[2023-03-08 18:41:03 #2 store] 
Configuration path: ?

[2023-03-08 18:41:03 #3 type] 
Type ejemplo1.DepartamentoEntity is not enhanced.

[2023-03-08 18:41:03 #4 type] 
Type ejemplo1.EmpleadoEntity is not enhanced.

------------------------------------------------------------------------------------------------------------------------

[2023-03-08 18:41:49 #1 store] 
Database 'C:\Users\Bakero\eclipse-workspace\Sesion3\db\empleados.odb' is opened by 29272@DESKTOP-6Q7JQ8O

[2023-03-08 18:41:49 #2 store] 
Configuration path: ?

[2023-03-08 18:41:49 #3 type] 
Type ejemplo1.DepartamentoEntity is not enhanced.

[2023-03-08 18:41:49 #4 type] 
Type ejemplo1.EmpleadoEntity is not enhanced.

------------------------------------------------------------------------------------------------------------------------

[2023-03-08 18:42:28 #1 store] 
Database 'C:\Users\Bakero\eclipse-workspace\Sesion3\db\empleados.odb' is opened by 8476@DESKTOP-6Q7JQ8O

[2023-03-08 18:42:28 #2 store] 
Configuration path: ?

[2023-03-08 18:42:28 #3 type] 
Type ejemplo1.DepartamentoEntity is not enhanced.

[2023-03-08 18:42:28 #4 type] 
Type ejemplo1.EmpleadoEntity is not enhanced.

[2023-03-08 18:42:28 #5 store] 
Database 'C:\Users\Bakero\eclipse-workspace\Sesion3\db\empleados.odb' is closed by 8476@DESKTOP-6Q7JQ8O

------------------------------------------------------------------------------------------------------------------------

[2023-03-08 18:43:53 #1 store] 
Database 'C:\Users\Bakero\eclipse-workspace\Sesion3\db\empleados.odb' is opened by 2044@DESKTOP-6Q7JQ8O

[2023-03-08 18:43:53 #2 store] 
Configuration path: ?

[2023-03-08 18:43:53 #3 type] 
Type ejemplo1.DepartamentoEntity is not enhanced.

[2023-03-08 18:43:53 #4 type] 
Type ejemplo1.EmpleadoEntity is not enhanced.

[2023-03-08 18:43:53 #5 store] 
Database 'C:\Users\Bakero\eclipse-workspace\Sesion3\db\empleados.odb' is closed by 2044@DESKTOP-6Q7JQ8O

------------------------------------------------------------------------------------------------------------------------

[2023-03-08 18:45:29 #1 store] 
Database 'C:\Users\Bakero\eclipse-workspace\Sesion3\db\empleados.odb' is opened by 19640@DESKTOP-6Q7JQ8O

[2023-03-08 18:45:29 #2 store] 
Configuration path: ?

[2023-03-08 18:45:29 #3 type] 
Type ejemplo1.DepartamentoEntity is not enhanced.

[2023-03-08 18:45:29 #4 type] 
Type ejemplo1.EmpleadoEntity is not enhanced.

[2023-03-08 18:45:29 #5 store] 
Database 'C:\Users\Bakero\eclipse-workspace\Sesion3\db\empleados.odb' is closed by 19640@DESKTOP-6Q7JQ8O

------------------------------------------------------------------------------------------------------------------------

[2023-03-08 18:49:00 #1 store] 
Database 'C:\Users\Bakero\eclipse-workspace\Sesion3\db\empleados.odb' is opened by 9288@DESKTOP-6Q7JQ8O

[2023-03-08 18:49:00 #2 store] 
Configuration path: ?

[2023-03-08 18:49:00 #3 type] 
Type ejemplo1.DepartamentoEntity is not enhanced.

[2023-03-08 18:49:00 #4 type] 
Type ejemplo1.EmpleadoEntity is not enhanced.

------------------------------------------------------------------------------------------------------------------------

[2023-03-08 18:49:25 #1 store] 
Database 'C:\Users\Bakero\eclipse-workspace\Sesion3\db\empleados.odb' is opened by 11524@DESKTOP-6Q7JQ8O

[2023-03-08 18:49:25 #2 store] 
Configuration path: ?

[2023-03-08 18:49:25 #3 type] 
Type ejemplo1.DepartamentoEntity is not enhanced.

[2023-03-08 18:49:25 #4 type] 
Type ejemplo1.EmpleadoEntity is not enhanced.

------------------------------------------------------------------------------------------------------------------------

[2023-03-08 18:50:07 #1 store] 
Database 'C:\Users\Bakero\eclipse-workspace\Sesion3\db\empleados.odb' is opened by 24612@DESKTOP-6Q7JQ8O

[2023-03-08 18:50:07 #2 store] 
Configuration path: ?

[2023-03-08 18:50:07 #3 type] 
Type ejemplo1.DepartamentoEntity is not enhanced.

[2023-03-08 18:50:07 #4 type] 
Type ejemplo1.EmpleadoEntity is not enhanced.

------------------------------------------------------------------------------------------------------------------------

[2023-03-08 18:50:46 #1 store] 
Database 'C:\Users\Bakero\eclipse-workspace\Sesion3\db\empleados.odb' is opened by 19936@DESKTOP-6Q7JQ8O

[2023-03-08 18:50:46 #2 store] 
Configuration path: ?

[2023-03-08 18:50:46 #3 type] 
Type ejemplo1.DepartamentoEntity is not enhanced.

[2023-03-08 18:50:46 #4 type] 
Type ejemplo1.EmpleadoEntity is not enhanced.

[2023-03-08 18:50:46 #5 store] 
Database 'C:\Users\Bakero\eclipse-workspace\Sesion3\db\empleados.odb' is closed by 19936@DESKTOP-6Q7JQ8O

------------------------------------------------------------------------------------------------------------------------

[2023-03-08 18:51:18 #1 store] 
Database 'C:\Users\Bakero\eclipse-workspace\Sesion3\db\empleados.odb' is opened by 4924@DESKTOP-6Q7JQ8O

[2023-03-08 18:51:18 #2 store] 
Configuration path: ?

[2023-03-08 18:51:18 #3 type] 
Type ejemplo1.DepartamentoEntity is not enhanced.

[2023-03-08 18:51:18 #4 type] 
Type ejemplo1.EmpleadoEntity is not enhanced.

------------------------------------------------------------------------------------------------------------------------

[2023-03-08 18:52:21 #1 store] 
Database 'C:\Users\Bakero\eclipse-workspace\Sesion3\db\empleados.odb' is opened by 1492@DESKTOP-6Q7JQ8O

[2023-03-08 18:52:21 #2 store] 
Configuration path: ?

[2023-03-08 18:52:21 #3 type] 
Type ejemplo1.DepartamentoEntity is not enhanced.

[2023-03-08 18:52:21 #4 type] 
Type ejemplo1.EmpleadoEntity is not enhanced.

[2023-03-08 18:52:21 #5 store] 
Database 'C:\Users\Bakero\eclipse-workspace\Sesion3\db\empleados.odb' is closed by 1492@DESKTOP-6Q7JQ8O

------------------------------------------------------------------------------------------------------------------------

[2023-03-08 18:53:35 #1 store] 
Database 'C:\Users\Bakero\eclipse-workspace\Sesion3\db\empleados.odb' is opened by 9136@DESKTOP-6Q7JQ8O

[2023-03-08 18:53:35 #2 store] 
Configuration path: ?

[2023-03-08 18:53:35 #3 type] 
Type ejemplo1.DepartamentoEntity is not enhanced.

[2023-03-08 18:53:35 #4 type] 
Type ejemplo1.EmpleadoEntity is not enhanced.

[2023-03-08 18:53:35 #5 store] 
Database 'C:\Users\Bakero\eclipse-workspace\Sesion3\db\empleados.odb' is closed by 9136@DESKTOP-6Q7JQ8O

------------------------------------------------------------------------------------------------------------------------

[2023-03-08 18:55:32 #1 store] 
Database 'C:\Users\Bakero\eclipse-workspace\Sesion3\db\empleados.odb' is opened by 7764@DESKTOP-6Q7JQ8O

[2023-03-08 18:55:32 #2 store] 
Configuration path: ?

[2023-03-08 18:55:32 #3 type] 
Type ejemplo1.DepartamentoEntity is not enhanced.

[2023-03-08 18:55:32 #4 type] 
Type ejemplo1.EmpleadoEntity is not enhanced.

[2023-03-08 18:55:32 #5 store] 
Database 'C:\Users\Bakero\eclipse-workspace\Sesion3\db\empleados.odb' is closed by 7764@DESKTOP-6Q7JQ8O

------------------------------------------------------------------------------------------------------------------------

[2023-03-08 18:55:58 #1 store] 
Database 'C:\Users\Bakero\eclipse-workspace\Sesion3\db\empleados.odb' is opened by 15184@DESKTOP-6Q7JQ8O

[2023-03-08 18:55:58 #2 store] 
Configuration path: ?

[2023-03-08 18:55:59 #3 type] 
Type ejemplo1.DepartamentoEntity is not enhanced.

[2023-03-08 18:55:59 #4 type] 
Type ejemplo1.EmpleadoEntity is not enhanced.

------------------------------------------------------------------------------------------------------------------------

[2023-03-08 18:57:04 #1 store] 
Database 'C:\Users\Bakero\eclipse-workspace\Sesion3\db\empleados.odb' is opened by 23248@DESKTOP-6Q7JQ8O

[2023-03-08 18:57:04 #2 store] 
Configuration path: ?

[2023-03-08 18:57:04 #3 type] 
Type ejemplo1.DepartamentoEntity is not enhanced.

[2023-03-08 18:57:04 #4 type] 
Type ejemplo1.EmpleadoEntity is not enhanced.

------------------------------------------------------------------------------------------------------------------------

[2023-03-08 18:57:31 #1 store] 
Database 'C:\Users\Bakero\eclipse-workspace\Sesion3\db\empleados.odb' is opened by 10840@DESKTOP-6Q7JQ8O

[2023-03-08 18:57:31 #2 store] 
Configuration path: ?

[2023-03-08 18:57:31 #3 type] 
Type ejemplo1.DepartamentoEntity is not enhanced.

[2023-03-08 18:57:31 #4 type] 
Type ejemplo1.EmpleadoEntity is not enhanced.

[2023-03-08 18:57:31 #5 store] 
Database 'C:\Users\Bakero\eclipse-workspace\Sesion3\db\empleados.odb' is closed by 10840@DESKTOP-6Q7JQ8O

------------------------------------------------------------------------------------------------------------------------

[2023-03-08 19:06:28 #1 store] 
Database 'C:\Users\Bakero\eclipse-workspace\Sesion3\db\empleados.odb' is opened by 14220@DESKTOP-6Q7JQ8O

[2023-03-08 19:06:28 #2 store] 
Configuration path: ?

[2023-03-08 19:06:28 #3 type] 
Type ejemplo1.DepartamentoEntity is not enhanced.

[2023-03-08 19:06:28 #4 type] 
Type ejemplo1.EmpleadoEntity is not enhanced.

------------------------------------------------------------------------------------------------------------------------

[2023-03-08 19:06:43 #1 store] 
Database 'C:\Users\Bakero\eclipse-workspace\Sesion3\db\empleados.odb' is opened by 11360@DESKTOP-6Q7JQ8O

[2023-03-08 19:06:43 #2 store] 
Configuration path: ?

[2023-03-08 19:06:43 #3 type] 
Type ejemplo1.DepartamentoEntity is not enhanced.

[2023-03-08 19:06:43 #4 type] 
Type ejemplo1.EmpleadoEntity is not enhanced.

[2023-03-08 19:06:43 #5 store] 
Database 'C:\Users\Bakero\eclipse-workspace\Sesion3\db\empleados.odb' is closed by 11360@DESKTOP-6Q7JQ8O

