------------------------------------------------------------------------------------------------------------------------

[2023-03-05 18:33:54 #1 store] 
Database 'C:\Users\Bakero\eclipse-workspace\Sesion3\db\empleados.odb' is opened by 2440@DESKTOP-6Q7JQ8O

[2023-03-05 18:33:54 #2 store] 
Configuration path: ?

[2023-03-05 18:33:55 #3 type] 
Type ejemplo1.DepartamentoEntity is not enhanced.

[2023-03-05 18:33:55 #4 type] 
Type ejemplo1.EmpleadoEntity is not enhanced.

[2023-03-05 18:33:55 #5 store] 
Database 'C:\Users\Bakero\eclipse-workspace\Sesion3\db\empleados.odb' is closed by 2440@DESKTOP-6Q7JQ8O

------------------------------------------------------------------------------------------------------------------------

[2023-03-05 18:38:11 #1 store] 
Database 'C:\Users\Bakero\eclipse-workspace\Sesion3\db\empleados.odb' is opened by 25264@DESKTOP-6Q7JQ8O

[2023-03-05 18:38:11 #2 store] 
Configuration path: ?

[2023-03-05 18:38:11 #3 type] 
Type ejemplo1.DepartamentoEntity is not enhanced.

[2023-03-05 18:38:11 #4 type] 
Type ejemplo1.EmpleadoEntity is not enhanced.

[2023-03-05 18:38:11 #5 store] 
Database 'C:\Users\Bakero\eclipse-workspace\Sesion3\db\empleados.odb' is closed by 25264@DESKTOP-6Q7JQ8O

------------------------------------------------------------------------------------------------------------------------

[2023-03-05 18:38:35 #1 store] 
Database 'C:\Users\Bakero\eclipse-workspace\Sesion3\db\empleados.odb' is opened by 23264@DESKTOP-6Q7JQ8O

[2023-03-05 18:38:35 #2 store] 
Configuration path: ?

[2023-03-05 18:38:35 #3 type] 
Type ejemplo1.DepartamentoEntity is not enhanced.

[2023-03-05 18:38:35 #4 type] 
Type ejemplo1.EmpleadoEntity is not enhanced.

[2023-03-05 18:38:35 #5 store] 
Database 'C:\Users\Bakero\eclipse-workspace\Sesion3\db\empleados.odb' is closed by 23264@DESKTOP-6Q7JQ8O

------------------------------------------------------------------------------------------------------------------------

[2023-03-05 18:59:52 #1 store] 
Database 'C:\Users\Bakero\eclipse-workspace\Sesion3\db\empleados.odb' is opened by 15052@DESKTOP-6Q7JQ8O

[2023-03-05 18:59:52 #2 store] 
Configuration path: ?

[2023-03-05 18:59:52 #3 type] 
Type ejemplo1.DepartamentoEntity is not enhanced.

[2023-03-05 18:59:52 #4 type] 
Type ejemplo1.EmpleadoEntity is not enhanced.

[2023-03-05 18:59:53 #5 store] 
Database 'C:\Users\Bakero\eclipse-workspace\Sesion3\db\empleados.odb' is closed by 15052@DESKTOP-6Q7JQ8O

------------------------------------------------------------------------------------------------------------------------

[2023-03-05 19:00:22 #1 store] 
Database 'C:\Users\Bakero\eclipse-workspace\Sesion3\db\empleados.odb' is opened by 16704@DESKTOP-6Q7JQ8O

[2023-03-05 19:00:22 #2 store] 
Configuration path: ?

[2023-03-05 19:00:22 #3 type] 
Type ejemplo1.DepartamentoEntity is not enhanced.

[2023-03-05 19:00:22 #4 type] 
Type ejemplo1.EmpleadoEntity is not enhanced.

[2023-03-05 19:00:22 #5 store] 
Database 'C:\Users\Bakero\eclipse-workspace\Sesion3\db\empleados.odb' is closed by 16704@DESKTOP-6Q7JQ8O

------------------------------------------------------------------------------------------------------------------------

[2023-03-05 19:04:24 #1 store] 
Database 'C:\Users\Bakero\eclipse-workspace\Sesion3\db\empleados.odb' is opened by 10600@DESKTOP-6Q7JQ8O

[2023-03-05 19:04:24 #2 store] 
Configuration path: ?

[2023-03-05 19:04:24 #3 type] 
Type ejemplo1.DepartamentoEntity is not enhanced.

[2023-03-05 19:04:24 #4 type] 
Type ejemplo1.EmpleadoEntity is not enhanced.

------------------------------------------------------------------------------------------------------------------------

[2023-03-05 19:04:50 #1 store] 
Database 'C:\Users\Bakero\eclipse-workspace\Sesion3\db\empleados.odb' is opened by 20112@DESKTOP-6Q7JQ8O

[2023-03-05 19:04:50 #2 store] 
Configuration path: ?

[2023-03-05 19:04:50 #3 type] 
Type ejemplo1.DepartamentoEntity is not enhanced.

[2023-03-05 19:04:50 #4 type] 
Type ejemplo1.EmpleadoEntity is not enhanced.

[2023-03-05 19:04:50 #5 store] 
Database 'C:\Users\Bakero\eclipse-workspace\Sesion3\db\empleados.odb' is closed by 20112@DESKTOP-6Q7JQ8O

------------------------------------------------------------------------------------------------------------------------

[2023-03-05 19:09:24 #1 store] 
Database 'C:\Users\Bakero\eclipse-workspace\Sesion3\db\empleados.odb' is opened by 11388@DESKTOP-6Q7JQ8O

[2023-03-05 19:09:24 #2 store] 
Configuration path: ?

[2023-03-05 19:09:24 #3 type] 
Type ejemplo1.DepartamentoEntity is not enhanced.

[2023-03-05 19:09:24 #4 type] 
Type ejemplo1.EmpleadoEntity is not enhanced.

[2023-03-05 19:09:24 #5 store] 
Database 'C:\Users\Bakero\eclipse-workspace\Sesion3\db\empleados.odb' is closed by 11388@DESKTOP-6Q7JQ8O

------------------------------------------------------------------------------------------------------------------------

[2023-03-05 19:12:23 #1 store] 
Database 'C:\Users\Bakero\eclipse-workspace\Sesion3\db\empleados.odb' is opened by 11508@DESKTOP-6Q7JQ8O

[2023-03-05 19:12:23 #2 store] 
Configuration path: ?

[2023-03-05 19:12:23 #3 type] 
Type ejemplo1.DepartamentoEntity is not enhanced.

[2023-03-05 19:12:23 #4 type] 
Type ejemplo1.EmpleadoEntity is not enhanced.

------------------------------------------------------------------------------------------------------------------------

[2023-03-05 19:15:36 #1 store] 
Database 'C:\Users\Bakero\eclipse-workspace\Sesion3\db\empleados.odb' is opened by 25552@DESKTOP-6Q7JQ8O

[2023-03-05 19:15:36 #2 store] 
Configuration path: ?

[2023-03-05 19:15:36 #3 type] 
Type ejemplo1.DepartamentoEntity is not enhanced.

[2023-03-05 19:15:36 #4 type] 
Type ejemplo1.EmpleadoEntity is not enhanced.

[2023-03-05 19:15:36 #5 store] 
Database 'C:\Users\Bakero\eclipse-workspace\Sesion3\db\empleados.odb' is closed by 25552@DESKTOP-6Q7JQ8O

------------------------------------------------------------------------------------------------------------------------

[2023-03-05 19:15:48 #1 store] 
Database 'C:\Users\Bakero\eclipse-workspace\Sesion3\db\empleados.odb' is opened by 20332@DESKTOP-6Q7JQ8O

[2023-03-05 19:15:48 #2 store] 
Configuration path: ?

[2023-03-05 19:15:48 #3 type] 
Type ejemplo1.DepartamentoEntity is not enhanced.

[2023-03-05 19:15:48 #4 type] 
Type ejemplo1.EmpleadoEntity is not enhanced.

------------------------------------------------------------------------------------------------------------------------

[2023-03-05 19:16:21 #1 store] 
Database 'C:\Users\Bakero\eclipse-workspace\Sesion3\db\empleados.odb' is opened by 2212@DESKTOP-6Q7JQ8O

[2023-03-05 19:16:21 #2 store] 
Configuration path: ?

[2023-03-05 19:16:21 #3 type] 
Type ejemplo1.DepartamentoEntity is not enhanced.

[2023-03-05 19:16:21 #4 type] 
Type ejemplo1.EmpleadoEntity is not enhanced.

------------------------------------------------------------------------------------------------------------------------

[2023-03-05 19:16:50 #1 store] 
Database 'C:\Users\Bakero\eclipse-workspace\Sesion3\db\empleados.odb' is opened by 12352@DESKTOP-6Q7JQ8O

[2023-03-05 19:16:50 #2 store] 
Configuration path: ?

[2023-03-05 19:16:50 #3 type] 
Type ejemplo1.DepartamentoEntity is not enhanced.

[2023-03-05 19:16:50 #4 type] 
Type ejemplo1.EmpleadoEntity is not enhanced.

------------------------------------------------------------------------------------------------------------------------

[2023-03-05 19:17:21 #1 store] 
Database 'C:\Users\Bakero\eclipse-workspace\Sesion3\db\empleados.odb' is opened by 15032@DESKTOP-6Q7JQ8O

[2023-03-05 19:17:21 #2 store] 
Configuration path: ?

[2023-03-05 19:17:21 #3 type] 
Type ejemplo1.DepartamentoEntity is not enhanced.

[2023-03-05 19:17:21 #4 type] 
Type ejemplo1.EmpleadoEntity is not enhanced.

[2023-03-05 19:17:21 #5 store] 
Database 'C:\Users\Bakero\eclipse-workspace\Sesion3\db\empleados.odb' is closed by 15032@DESKTOP-6Q7JQ8O

------------------------------------------------------------------------------------------------------------------------

[2023-03-05 19:18:58 #1 store] 
Database 'C:\Users\Bakero\eclipse-workspace\Sesion3\db\empleados.odb' is opened by 1588@DESKTOP-6Q7JQ8O

[2023-03-05 19:18:58 #2 store] 
Configuration path: ?

[2023-03-05 19:18:58 #3 type] 
Type ejemplo1.DepartamentoEntity is not enhanced.

[2023-03-05 19:18:59 #4 type] 
Type ejemplo1.EmpleadoEntity is not enhanced.

[2023-03-05 19:18:59 #5 store] 
Database 'C:\Users\Bakero\eclipse-workspace\Sesion3\db\empleados.odb' is closed by 1588@DESKTOP-6Q7JQ8O

------------------------------------------------------------------------------------------------------------------------

[2023-03-05 19:35:19 #1 store] 
Database 'C:\Users\Bakero\eclipse-workspace\Sesion3\db\empleados.odb' is opened by 5380@DESKTOP-6Q7JQ8O

[2023-03-05 19:35:19 #2 store] 
Configuration path: ?

[2023-03-05 19:35:19 #3 type] 
Type ejemplo1.DepartamentoEntity is not enhanced.

[2023-03-05 19:35:19 #4 type] 
Type ejemplo1.EmpleadoEntity is not enhanced.

------------------------------------------------------------------------------------------------------------------------

[2023-03-05 19:36:03 #1 store] 
Database 'C:\Users\Bakero\eclipse-workspace\Sesion3\db\empleados.odb' is opened by 19380@DESKTOP-6Q7JQ8O

[2023-03-05 19:36:03 #2 store] 
Configuration path: ?

[2023-03-05 19:36:03 #3 type] 
Type ejemplo1.DepartamentoEntity is not enhanced.

[2023-03-05 19:36:03 #4 type] 
Type ejemplo1.EmpleadoEntity is not enhanced.

------------------------------------------------------------------------------------------------------------------------

[2023-03-05 19:36:30 #1 store] 
Database 'C:\Users\Bakero\eclipse-workspace\Sesion3\db\empleados.odb' is opened by 9284@DESKTOP-6Q7JQ8O

[2023-03-05 19:36:30 #2 store] 
Configuration path: ?

[2023-03-05 19:36:30 #3 type] 
Type ejemplo1.DepartamentoEntity is not enhanced.

[2023-03-05 19:36:30 #4 type] 
Type ejemplo1.EmpleadoEntity is not enhanced.

------------------------------------------------------------------------------------------------------------------------

[2023-03-05 19:37:55 #1 store] 
Database 'C:\Users\Bakero\eclipse-workspace\Sesion3\db\empleados.odb' is opened by 14572@DESKTOP-6Q7JQ8O

[2023-03-05 19:37:55 #2 store] 
Configuration path: ?

[2023-03-05 19:37:55 #3 type] 
Type ejemplo1.DepartamentoEntity is not enhanced.

[2023-03-05 19:37:55 #4 type] 
Type ejemplo1.EmpleadoEntity is not enhanced.

[2023-03-05 19:37:55 #5 query] 
Error during query execution: SELECT e.departamento.getNombre(), COUNT(e.departamento.empleados),SUM (e.salario) ,MAX(e.salario) FROM EmpleadoEntity e GROUP BY e.departamento(null)

[2023-03-05 19:37:55 #6 *] 
java.lang.NullPointerException
	at com.objectdb.o.WVP.g(WVP.java:584)
	at com.objectdb.o.WVP.a(WVP.java:245)
	at com.objectdb.o.WVP.a(WVP.java:225)
	at com.objectdb.o.WVP.d(WVP.java:183)
	at com.objectdb.o.WVP.e(WVP.java:133)
	at com.objectdb.o.WHP.c(WHP.java:372)
	at com.objectdb.o.WHP.e(WHP.java:275)
	at com.objectdb.o.WHP.b(WHP.java:207)
	at com.objectdb.o.WHP.b(WHP.java:125)
	at com.objectdb.o.QPN.g(QPN.java:88)
	at com.objectdb.o.QRC.j(QRC.java:213)
	at com.objectdb.o.QRM.Zq(QRM.java:273)
	at com.objectdb.o.MST.Zq(MST.java:1019)
	at com.objectdb.o.WRA.Zq(WRA.java:313)
	at com.objectdb.o.WSM.Zq(WSM.java:117)
	at com.objectdb.o.QRR.k(QRR.java:260)
	at com.objectdb.o.QRR.i(QRR.java:154)
	at com.objectdb.jpa.JpaQuery.getResultList(JpaQuery.java:726)
	at ejemplo1.AccesoBdatos.ejercicio06(AccesoBdatos.java:175)
	at ejemplo1.Main2.main(Main2.java:34)

------------------------------------------------------------------------------------------------------------------------

[2023-03-05 19:38:16 #1 store] 
Database 'C:\Users\Bakero\eclipse-workspace\Sesion3\db\empleados.odb' is opened by 21444@DESKTOP-6Q7JQ8O

[2023-03-05 19:38:16 #2 store] 
Configuration path: ?

[2023-03-05 19:38:16 #3 type] 
Type ejemplo1.DepartamentoEntity is not enhanced.

[2023-03-05 19:38:16 #4 type] 
Type ejemplo1.EmpleadoEntity is not enhanced.

------------------------------------------------------------------------------------------------------------------------

[2023-03-05 19:38:51 #1 store] 
Database 'C:\Users\Bakero\eclipse-workspace\Sesion3\db\empleados.odb' is opened by 25076@DESKTOP-6Q7JQ8O

[2023-03-05 19:38:51 #2 store] 
Configuration path: ?

[2023-03-05 19:38:51 #3 type] 
Type ejemplo1.DepartamentoEntity is not enhanced.

[2023-03-05 19:38:51 #4 type] 
Type ejemplo1.EmpleadoEntity is not enhanced.

------------------------------------------------------------------------------------------------------------------------

[2023-03-05 19:46:50 #1 store] 
Database 'C:\Users\Bakero\eclipse-workspace\Sesion3\db\empleados.odb' is opened by 13200@DESKTOP-6Q7JQ8O

[2023-03-05 19:46:50 #2 store] 
Configuration path: ?

[2023-03-05 19:46:50 #3 type] 
Type ejemplo1.DepartamentoEntity is not enhanced.

[2023-03-05 19:46:50 #4 type] 
Type ejemplo1.EmpleadoEntity is not enhanced.

------------------------------------------------------------------------------------------------------------------------

[2023-03-05 19:47:53 #1 store] 
Database 'C:\Users\Bakero\eclipse-workspace\Sesion3\db\empleados.odb' is opened by 5188@DESKTOP-6Q7JQ8O

[2023-03-05 19:47:53 #2 store] 
Configuration path: ?

[2023-03-05 19:47:53 #3 type] 
Type ejemplo1.DepartamentoEntity is not enhanced.

[2023-03-05 19:47:53 #4 type] 
Type ejemplo1.EmpleadoEntity is not enhanced.

[2023-03-05 19:47:53 #5 query] 
Error during query execution: SELECT COUNT(e.departamento.empleados),SUM (e.salario) ,MAX(e.salario) FROM EmpleadoEntity e (null)

[2023-03-05 19:47:53 #6 *] 
java.lang.NullPointerException
	at com.objectdb.o.WVP.g(WVP.java:584)
	at com.objectdb.o.WVP.a(WVP.java:245)
	at com.objectdb.o.WVP.a(WVP.java:225)
	at com.objectdb.o.WVP.d(WVP.java:183)
	at com.objectdb.o.WVP.e(WVP.java:133)
	at com.objectdb.o.WHP.c(WHP.java:372)
	at com.objectdb.o.WHP.e(WHP.java:275)
	at com.objectdb.o.WHP.b(WHP.java:207)
	at com.objectdb.o.WHP.b(WHP.java:125)
	at com.objectdb.o.QPN.g(QPN.java:88)
	at com.objectdb.o.QRC.j(QRC.java:213)
	at com.objectdb.o.QRM.Zq(QRM.java:273)
	at com.objectdb.o.MST.Zq(MST.java:1019)
	at com.objectdb.o.WRA.Zq(WRA.java:313)
	at com.objectdb.o.WSM.Zq(WSM.java:117)
	at com.objectdb.o.QRR.k(QRR.java:260)
	at com.objectdb.o.QRR.i(QRR.java:154)
	at com.objectdb.jpa.JpaQuery.getResultList(JpaQuery.java:726)
	at ejemplo1.AccesoBdatos.ejercicio066(AccesoBdatos.java:190)
	at ejemplo1.Main2.main(Main2.java:34)

------------------------------------------------------------------------------------------------------------------------

[2023-03-05 19:48:12 #1 store] 
Database 'C:\Users\Bakero\eclipse-workspace\Sesion3\db\empleados.odb' is opened by 4352@DESKTOP-6Q7JQ8O

[2023-03-05 19:48:12 #2 store] 
Configuration path: ?

[2023-03-05 19:48:12 #3 type] 
Type ejemplo1.DepartamentoEntity is not enhanced.

[2023-03-05 19:48:12 #4 type] 
Type ejemplo1.EmpleadoEntity is not enhanced.

[2023-03-05 19:48:12 #5 store] 
Database 'C:\Users\Bakero\eclipse-workspace\Sesion3\db\empleados.odb' is closed by 4352@DESKTOP-6Q7JQ8O

------------------------------------------------------------------------------------------------------------------------

[2023-03-05 19:49:14 #1 store] 
Database 'C:\Users\Bakero\eclipse-workspace\Sesion3\db\empleados.odb' is opened by 3560@DESKTOP-6Q7JQ8O

[2023-03-05 19:49:14 #2 store] 
Configuration path: ?

[2023-03-05 19:49:14 #3 type] 
Type ejemplo1.DepartamentoEntity is not enhanced.

[2023-03-05 19:49:14 #4 type] 
Type ejemplo1.EmpleadoEntity is not enhanced.

------------------------------------------------------------------------------------------------------------------------

[2023-03-05 19:49:24 #1 store] 
Database 'C:\Users\Bakero\eclipse-workspace\Sesion3\db\empleados.odb' is opened by 19848@DESKTOP-6Q7JQ8O

[2023-03-05 19:49:24 #2 store] 
Configuration path: ?

[2023-03-05 19:49:25 #3 type] 
Type ejemplo1.DepartamentoEntity is not enhanced.

[2023-03-05 19:49:25 #4 type] 
Type ejemplo1.EmpleadoEntity is not enhanced.

------------------------------------------------------------------------------------------------------------------------

[2023-03-05 19:49:47 #1 store] 
Database 'C:\Users\Bakero\eclipse-workspace\Sesion3\db\empleados.odb' is opened by 19644@DESKTOP-6Q7JQ8O

[2023-03-05 19:49:47 #2 store] 
Configuration path: ?

[2023-03-05 19:49:47 #3 type] 
Type ejemplo1.DepartamentoEntity is not enhanced.

[2023-03-05 19:49:47 #4 type] 
Type ejemplo1.EmpleadoEntity is not enhanced.

------------------------------------------------------------------------------------------------------------------------

[2023-03-05 19:50:02 #1 store] 
Database 'C:\Users\Bakero\eclipse-workspace\Sesion3\db\empleados.odb' is opened by 14276@DESKTOP-6Q7JQ8O

[2023-03-05 19:50:02 #2 store] 
Configuration path: ?

[2023-03-05 19:50:02 #3 type] 
Type ejemplo1.DepartamentoEntity is not enhanced.

[2023-03-05 19:50:02 #4 type] 
Type ejemplo1.EmpleadoEntity is not enhanced.

[2023-03-05 19:50:02 #5 store] 
Database 'C:\Users\Bakero\eclipse-workspace\Sesion3\db\empleados.odb' is closed by 14276@DESKTOP-6Q7JQ8O

------------------------------------------------------------------------------------------------------------------------

[2023-03-05 19:50:33 #1 store] 
Database 'C:\Users\Bakero\eclipse-workspace\Sesion3\db\empleados.odb' is opened by 2020@DESKTOP-6Q7JQ8O

[2023-03-05 19:50:33 #2 store] 
Configuration path: ?

[2023-03-05 19:50:33 #3 type] 
Type ejemplo1.DepartamentoEntity is not enhanced.

[2023-03-05 19:50:33 #4 type] 
Type ejemplo1.EmpleadoEntity is not enhanced.

[2023-03-05 19:50:33 #5 store] 
Database 'C:\Users\Bakero\eclipse-workspace\Sesion3\db\empleados.odb' is closed by 2020@DESKTOP-6Q7JQ8O

------------------------------------------------------------------------------------------------------------------------

[2023-03-05 19:50:53 #1 store] 
Database 'C:\Users\Bakero\eclipse-workspace\Sesion3\db\empleados.odb' is opened by 19684@DESKTOP-6Q7JQ8O

[2023-03-05 19:50:53 #2 store] 
Configuration path: ?

[2023-03-05 19:50:53 #3 type] 
Type ejemplo1.DepartamentoEntity is not enhanced.

[2023-03-05 19:50:53 #4 type] 
Type ejemplo1.EmpleadoEntity is not enhanced.

[2023-03-05 19:50:53 #5 store] 
Database 'C:\Users\Bakero\eclipse-workspace\Sesion3\db\empleados.odb' is closed by 19684@DESKTOP-6Q7JQ8O

------------------------------------------------------------------------------------------------------------------------

[2023-03-05 19:51:59 #1 store] 
Database 'C:\Users\Bakero\eclipse-workspace\Sesion3\db\empleados.odb' is opened by 12940@DESKTOP-6Q7JQ8O

[2023-03-05 19:51:59 #2 store] 
Configuration path: ?

[2023-03-05 19:51:59 #3 type] 
Type ejemplo1.DepartamentoEntity is not enhanced.

[2023-03-05 19:51:59 #4 type] 
Type ejemplo1.EmpleadoEntity is not enhanced.

------------------------------------------------------------------------------------------------------------------------

[2023-03-05 19:52:27 #1 store] 
Database 'C:\Users\Bakero\eclipse-workspace\Sesion3\db\empleados.odb' is opened by 20312@DESKTOP-6Q7JQ8O

[2023-03-05 19:52:27 #2 store] 
Configuration path: ?

[2023-03-05 19:52:27 #3 type] 
Type ejemplo1.DepartamentoEntity is not enhanced.

[2023-03-05 19:52:27 #4 type] 
Type ejemplo1.EmpleadoEntity is not enhanced.

------------------------------------------------------------------------------------------------------------------------

[2023-03-05 19:52:41 #1 store] 
Database 'C:\Users\Bakero\eclipse-workspace\Sesion3\db\empleados.odb' is opened by 9336@DESKTOP-6Q7JQ8O

[2023-03-05 19:52:41 #2 store] 
Configuration path: ?

[2023-03-05 19:52:41 #3 type] 
Type ejemplo1.DepartamentoEntity is not enhanced.

[2023-03-05 19:52:41 #4 type] 
Type ejemplo1.EmpleadoEntity is not enhanced.

------------------------------------------------------------------------------------------------------------------------

[2023-03-05 19:53:51 #1 store] 
Database 'C:\Users\Bakero\eclipse-workspace\Sesion3\db\empleados.odb' is opened by 10692@DESKTOP-6Q7JQ8O

[2023-03-05 19:53:51 #2 store] 
Configuration path: ?

[2023-03-05 19:53:51 #3 type] 
Type ejemplo1.DepartamentoEntity is not enhanced.

[2023-03-05 19:53:51 #4 type] 
Type ejemplo1.EmpleadoEntity is not enhanced.

------------------------------------------------------------------------------------------------------------------------

[2023-03-05 19:54:11 #1 store] 
Database 'C:\Users\Bakero\eclipse-workspace\Sesion3\db\empleados.odb' is opened by 13208@DESKTOP-6Q7JQ8O

[2023-03-05 19:54:11 #2 store] 
Configuration path: ?

[2023-03-05 19:54:11 #3 type] 
Type ejemplo1.DepartamentoEntity is not enhanced.

[2023-03-05 19:54:11 #4 type] 
Type ejemplo1.EmpleadoEntity is not enhanced.

[2023-03-05 19:54:11 #5 store] 
Database 'C:\Users\Bakero\eclipse-workspace\Sesion3\db\empleados.odb' is closed by 13208@DESKTOP-6Q7JQ8O

------------------------------------------------------------------------------------------------------------------------

[2023-03-05 19:57:11 #1 store] 
Database 'C:\Users\Bakero\eclipse-workspace\Sesion3\db\empleados.odb' is opened by 3876@DESKTOP-6Q7JQ8O

[2023-03-05 19:57:11 #2 store] 
Configuration path: ?

[2023-03-05 19:57:12 #3 type] 
Type ejemplo1.DepartamentoEntity is not enhanced.

[2023-03-05 19:57:12 #4 type] 
Type ejemplo1.EmpleadoEntity is not enhanced.

[2023-03-05 19:57:12 #5 store] 
Database 'C:\Users\Bakero\eclipse-workspace\Sesion3\db\empleados.odb' is closed by 3876@DESKTOP-6Q7JQ8O

------------------------------------------------------------------------------------------------------------------------

[2023-03-05 19:59:42 #1 store] 
Database 'C:\Users\Bakero\eclipse-workspace\Sesion3\db\empleados.odb' is opened by 24480@DESKTOP-6Q7JQ8O

[2023-03-05 19:59:42 #2 store] 
Configuration path: ?

[2023-03-05 19:59:42 #3 type] 
Type ejemplo1.DepartamentoEntity is not enhanced.

[2023-03-05 19:59:42 #4 type] 
Type ejemplo1.EmpleadoEntity is not enhanced.

[2023-03-05 19:59:42 #5 store] 
Database 'C:\Users\Bakero\eclipse-workspace\Sesion3\db\empleados.odb' is closed by 24480@DESKTOP-6Q7JQ8O

------------------------------------------------------------------------------------------------------------------------

[2023-03-05 19:59:49 #1 store] 
Database 'C:\Users\Bakero\eclipse-workspace\Sesion3\db\empleados.odb' is opened by 11004@DESKTOP-6Q7JQ8O

[2023-03-05 19:59:49 #2 store] 
Configuration path: ?

[2023-03-05 19:59:49 #3 type] 
Type ejemplo1.DepartamentoEntity is not enhanced.

[2023-03-05 19:59:49 #4 type] 
Type ejemplo1.EmpleadoEntity is not enhanced.

------------------------------------------------------------------------------------------------------------------------

[2023-03-05 20:00:05 #1 store] 
Database 'C:\Users\Bakero\eclipse-workspace\Sesion3\db\empleados.odb' is opened by 6288@DESKTOP-6Q7JQ8O

[2023-03-05 20:00:05 #2 store] 
Configuration path: ?

[2023-03-05 20:00:05 #3 type] 
Type ejemplo1.DepartamentoEntity is not enhanced.

[2023-03-05 20:00:05 #4 type] 
Type ejemplo1.EmpleadoEntity is not enhanced.

------------------------------------------------------------------------------------------------------------------------

[2023-03-05 20:00:21 #1 store] 
Database 'C:\Users\Bakero\eclipse-workspace\Sesion3\db\empleados.odb' is opened by 16276@DESKTOP-6Q7JQ8O

[2023-03-05 20:00:21 #2 store] 
Configuration path: ?

[2023-03-05 20:00:21 #3 type] 
Type ejemplo1.DepartamentoEntity is not enhanced.

[2023-03-05 20:00:21 #4 type] 
Type ejemplo1.EmpleadoEntity is not enhanced.

------------------------------------------------------------------------------------------------------------------------

[2023-03-05 20:00:57 #1 store] 
Database 'C:\Users\Bakero\eclipse-workspace\Sesion3\db\empleados.odb' is opened by 14920@DESKTOP-6Q7JQ8O

[2023-03-05 20:00:57 #2 store] 
Configuration path: ?

[2023-03-05 20:00:57 #3 type] 
Type ejemplo1.DepartamentoEntity is not enhanced.

[2023-03-05 20:00:57 #4 type] 
Type ejemplo1.EmpleadoEntity is not enhanced.

------------------------------------------------------------------------------------------------------------------------

[2023-03-05 20:01:24 #1 store] 
Database 'C:\Users\Bakero\eclipse-workspace\Sesion3\db\empleados.odb' is opened by 10580@DESKTOP-6Q7JQ8O

[2023-03-05 20:01:24 #2 store] 
Configuration path: ?

[2023-03-05 20:01:24 #3 type] 
Type ejemplo1.DepartamentoEntity is not enhanced.

[2023-03-05 20:01:24 #4 type] 
Type ejemplo1.EmpleadoEntity is not enhanced.

------------------------------------------------------------------------------------------------------------------------

[2023-03-05 20:02:35 #1 store] 
Database 'C:\Users\Bakero\eclipse-workspace\Sesion3\db\empleados.odb' is opened by 5724@DESKTOP-6Q7JQ8O

[2023-03-05 20:02:35 #2 store] 
Configuration path: ?

[2023-03-05 20:02:35 #3 type] 
Type ejemplo1.DepartamentoEntity is not enhanced.

[2023-03-05 20:02:35 #4 type] 
Type ejemplo1.EmpleadoEntity is not enhanced.

------------------------------------------------------------------------------------------------------------------------

[2023-03-05 20:03:34 #1 store] 
Database 'C:\Users\Bakero\eclipse-workspace\Sesion3\db\empleados.odb' is opened by 24904@DESKTOP-6Q7JQ8O

[2023-03-05 20:03:34 #2 store] 
Configuration path: ?

[2023-03-05 20:03:34 #3 type] 
Type ejemplo1.DepartamentoEntity is not enhanced.

[2023-03-05 20:03:34 #4 type] 
Type ejemplo1.EmpleadoEntity is not enhanced.

[2023-03-05 20:03:34 #5 store] 
Database 'C:\Users\Bakero\eclipse-workspace\Sesion3\db\empleados.odb' is closed by 24904@DESKTOP-6Q7JQ8O

------------------------------------------------------------------------------------------------------------------------

[2023-03-05 20:04:22 #1 store] 
Database 'C:\Users\Bakero\eclipse-workspace\Sesion3\db\empleados.odb' is opened by 6288@DESKTOP-6Q7JQ8O

[2023-03-05 20:04:22 #2 store] 
Configuration path: ?

[2023-03-05 20:04:22 #3 type] 
Type ejemplo1.DepartamentoEntity is not enhanced.

[2023-03-05 20:04:22 #4 type] 
Type ejemplo1.EmpleadoEntity is not enhanced.

[2023-03-05 20:04:22 #5 store] 
Database 'C:\Users\Bakero\eclipse-workspace\Sesion3\db\empleados.odb' is closed by 6288@DESKTOP-6Q7JQ8O

------------------------------------------------------------------------------------------------------------------------

[2023-03-05 20:05:41 #1 store] 
Database 'C:\Users\Bakero\eclipse-workspace\Sesion3\db\empleados.odb' is opened by 9460@DESKTOP-6Q7JQ8O

[2023-03-05 20:05:41 #2 store] 
Configuration path: ?

[2023-03-05 20:05:41 #3 type] 
Type ejemplo1.DepartamentoEntity is not enhanced.

[2023-03-05 20:05:41 #4 type] 
Type ejemplo1.EmpleadoEntity is not enhanced.

[2023-03-05 20:05:41 #5 store] 
Database 'C:\Users\Bakero\eclipse-workspace\Sesion3\db\empleados.odb' is closed by 9460@DESKTOP-6Q7JQ8O

------------------------------------------------------------------------------------------------------------------------

[2023-03-05 20:05:59 #1 store] 
Database 'C:\Users\Bakero\eclipse-workspace\Sesion3\db\empleados.odb' is opened by 18908@DESKTOP-6Q7JQ8O

[2023-03-05 20:05:59 #2 store] 
Configuration path: ?

[2023-03-05 20:05:59 #3 type] 
Type ejemplo1.DepartamentoEntity is not enhanced.

[2023-03-05 20:05:59 #4 type] 
Type ejemplo1.EmpleadoEntity is not enhanced.

[2023-03-05 20:05:59 #5 store] 
Database 'C:\Users\Bakero\eclipse-workspace\Sesion3\db\empleados.odb' is closed by 18908@DESKTOP-6Q7JQ8O

------------------------------------------------------------------------------------------------------------------------

[2023-03-05 20:07:50 #1 store] 
Database 'C:\Users\Bakero\eclipse-workspace\Sesion3\db\empleados.odb' is opened by 16964@DESKTOP-6Q7JQ8O

[2023-03-05 20:07:50 #2 store] 
Configuration path: ?

[2023-03-05 20:07:51 #3 type] 
Type ejemplo1.DepartamentoEntity is not enhanced.

[2023-03-05 20:07:51 #4 type] 
Type ejemplo1.EmpleadoEntity is not enhanced.

------------------------------------------------------------------------------------------------------------------------

[2023-03-05 20:08:24 #1 store] 
Database 'C:\Users\Bakero\eclipse-workspace\Sesion3\db\empleados.odb' is opened by 11780@DESKTOP-6Q7JQ8O

[2023-03-05 20:08:24 #2 store] 
Configuration path: ?

[2023-03-05 20:08:24 #3 type] 
Type ejemplo1.DepartamentoEntity is not enhanced.

[2023-03-05 20:08:24 #4 type] 
Type ejemplo1.EmpleadoEntity is not enhanced.

------------------------------------------------------------------------------------------------------------------------

[2023-03-05 20:10:05 #1 store] 
Database 'C:\Users\Bakero\eclipse-workspace\Sesion3\db\empleados.odb' is opened by 18572@DESKTOP-6Q7JQ8O

[2023-03-05 20:10:05 #2 store] 
Configuration path: ?

[2023-03-05 20:10:05 #3 type] 
Type ejemplo1.DepartamentoEntity is not enhanced.

[2023-03-05 20:10:05 #4 type] 
Type ejemplo1.EmpleadoEntity is not enhanced.

------------------------------------------------------------------------------------------------------------------------

[2023-03-05 20:11:33 #1 store] 
Database 'C:\Users\Bakero\eclipse-workspace\Sesion3\db\empleados.odb' is opened by 7704@DESKTOP-6Q7JQ8O

[2023-03-05 20:11:33 #2 store] 
Configuration path: ?

[2023-03-05 20:11:33 #3 type] 
Type ejemplo1.DepartamentoEntity is not enhanced.

[2023-03-05 20:11:33 #4 type] 
Type ejemplo1.EmpleadoEntity is not enhanced.

[2023-03-05 20:11:33 #5 store] 
Database 'C:\Users\Bakero\eclipse-workspace\Sesion3\db\empleados.odb' is closed by 7704@DESKTOP-6Q7JQ8O

------------------------------------------------------------------------------------------------------------------------

[2023-03-05 20:12:52 #1 store] 
Database 'C:\Users\Bakero\eclipse-workspace\Sesion3\db\empleados.odb' is opened by 7184@DESKTOP-6Q7JQ8O

[2023-03-05 20:12:52 #2 store] 
Configuration path: ?

[2023-03-05 20:12:52 #3 type] 
Type ejemplo1.DepartamentoEntity is not enhanced.

[2023-03-05 20:12:52 #4 type] 
Type ejemplo1.EmpleadoEntity is not enhanced.

------------------------------------------------------------------------------------------------------------------------

[2023-03-05 20:13:34 #1 store] 
Database 'C:\Users\Bakero\eclipse-workspace\Sesion3\db\empleados.odb' is opened by 23928@DESKTOP-6Q7JQ8O

[2023-03-05 20:13:34 #2 store] 
Configuration path: ?

[2023-03-05 20:13:34 #3 type] 
Type ejemplo1.DepartamentoEntity is not enhanced.

[2023-03-05 20:13:34 #4 type] 
Type ejemplo1.EmpleadoEntity is not enhanced.

[2023-03-05 20:13:34 #5 query] 
Error during query execution: SELECT e.departamento.nombre, count(e.departamento.empleados) FROM EmpleadoEntity e GROUP BY e.departamento.nombre(null)

[2023-03-05 20:13:34 #6 *] 
java.lang.NullPointerException
	at com.objectdb.o.WVP.g(WVP.java:584)
	at com.objectdb.o.WVP.a(WVP.java:245)
	at com.objectdb.o.WVP.a(WVP.java:218)
	at com.objectdb.o.WVP.d(WVP.java:183)
	at com.objectdb.o.WVP.e(WVP.java:133)
	at com.objectdb.o.WHP.c(WHP.java:372)
	at com.objectdb.o.WHP.e(WHP.java:275)
	at com.objectdb.o.WHP.b(WHP.java:207)
	at com.objectdb.o.WHP.b(WHP.java:125)
	at com.objectdb.o.QPN.g(QPN.java:88)
	at com.objectdb.o.QRC.j(QRC.java:213)
	at com.objectdb.o.QRM.Zq(QRM.java:273)
	at com.objectdb.o.MST.Zq(MST.java:1019)
	at com.objectdb.o.WRA.Zq(WRA.java:313)
	at com.objectdb.o.WSM.Zq(WSM.java:117)
	at com.objectdb.o.QRR.k(QRR.java:260)
	at com.objectdb.o.QRR.i(QRR.java:154)
	at com.objectdb.jpa.JpaQuery.getResultList(JpaQuery.java:726)
	at ejemplo1.AccesoBdatos.ejercicio10(AccesoBdatos.java:204)
	at ejemplo1.Main2.main(Main2.java:34)

------------------------------------------------------------------------------------------------------------------------

[2023-03-05 20:16:34 #1 store] 
Database 'C:\Users\Bakero\eclipse-workspace\Sesion3\db\empleados.odb' is opened by 11004@DESKTOP-6Q7JQ8O

[2023-03-05 20:16:34 #2 store] 
Configuration path: ?

[2023-03-05 20:16:34 #3 type] 
Type ejemplo1.DepartamentoEntity is not enhanced.

[2023-03-05 20:16:34 #4 type] 
Type ejemplo1.EmpleadoEntity is not enhanced.

[2023-03-05 20:16:34 #5 store] 
Database 'C:\Users\Bakero\eclipse-workspace\Sesion3\db\empleados.odb' is closed by 11004@DESKTOP-6Q7JQ8O

------------------------------------------------------------------------------------------------------------------------

[2023-03-05 20:17:37 #1 store] 
Database 'C:\Users\Bakero\eclipse-workspace\Sesion3\db\empleados.odb' is opened by 10620@DESKTOP-6Q7JQ8O

[2023-03-05 20:17:37 #2 store] 
Configuration path: ?

[2023-03-05 20:17:37 #3 type] 
Type ejemplo1.DepartamentoEntity is not enhanced.

[2023-03-05 20:17:37 #4 type] 
Type ejemplo1.EmpleadoEntity is not enhanced.

------------------------------------------------------------------------------------------------------------------------

[2023-03-05 20:17:57 #1 store] 
Database 'C:\Users\Bakero\eclipse-workspace\Sesion3\db\empleados.odb' is opened by 10196@DESKTOP-6Q7JQ8O

[2023-03-05 20:17:57 #2 store] 
Configuration path: ?

[2023-03-05 20:17:57 #3 type] 
Type ejemplo1.DepartamentoEntity is not enhanced.

[2023-03-05 20:17:57 #4 type] 
Type ejemplo1.EmpleadoEntity is not enhanced.

------------------------------------------------------------------------------------------------------------------------

[2023-03-05 20:18:08 #1 store] 
Database 'C:\Users\Bakero\eclipse-workspace\Sesion3\db\empleados.odb' is opened by 23700@DESKTOP-6Q7JQ8O

[2023-03-05 20:18:08 #2 store] 
Configuration path: ?

[2023-03-05 20:18:08 #3 type] 
Type ejemplo1.DepartamentoEntity is not enhanced.

[2023-03-05 20:18:08 #4 type] 
Type ejemplo1.EmpleadoEntity is not enhanced.

------------------------------------------------------------------------------------------------------------------------

[2023-03-05 20:18:33 #1 store] 
Database 'C:\Users\Bakero\eclipse-workspace\Sesion3\db\empleados.odb' is opened by 15012@DESKTOP-6Q7JQ8O

[2023-03-05 20:18:33 #2 store] 
Configuration path: ?

[2023-03-05 20:18:33 #3 type] 
Type ejemplo1.DepartamentoEntity is not enhanced.

[2023-03-05 20:18:33 #4 type] 
Type ejemplo1.EmpleadoEntity is not enhanced.

------------------------------------------------------------------------------------------------------------------------

[2023-03-05 20:19:10 #1 store] 
Database 'C:\Users\Bakero\eclipse-workspace\Sesion3\db\empleados.odb' is opened by 8140@DESKTOP-6Q7JQ8O

[2023-03-05 20:19:10 #2 store] 
Configuration path: ?

[2023-03-05 20:19:10 #3 type] 
Type ejemplo1.DepartamentoEntity is not enhanced.

[2023-03-05 20:19:10 #4 type] 
Type ejemplo1.EmpleadoEntity is not enhanced.

------------------------------------------------------------------------------------------------------------------------

[2023-03-05 20:19:29 #1 store] 
Database 'C:\Users\Bakero\eclipse-workspace\Sesion3\db\empleados.odb' is opened by 5492@DESKTOP-6Q7JQ8O

[2023-03-05 20:19:29 #2 store] 
Configuration path: ?

[2023-03-05 20:19:29 #3 type] 
Type ejemplo1.DepartamentoEntity is not enhanced.

[2023-03-05 20:19:29 #4 type] 
Type ejemplo1.EmpleadoEntity is not enhanced.

------------------------------------------------------------------------------------------------------------------------

[2023-03-05 20:19:45 #1 store] 
Database 'C:\Users\Bakero\eclipse-workspace\Sesion3\db\empleados.odb' is opened by 17380@DESKTOP-6Q7JQ8O

[2023-03-05 20:19:45 #2 store] 
Configuration path: ?

[2023-03-05 20:19:45 #3 type] 
Type ejemplo1.DepartamentoEntity is not enhanced.

[2023-03-05 20:19:45 #4 type] 
Type ejemplo1.EmpleadoEntity is not enhanced.

[2023-03-05 20:19:46 #5 store] 
Database 'C:\Users\Bakero\eclipse-workspace\Sesion3\db\empleados.odb' is closed by 17380@DESKTOP-6Q7JQ8O

------------------------------------------------------------------------------------------------------------------------

[2023-03-05 20:19:58 #1 store] 
Database 'C:\Users\Bakero\eclipse-workspace\Sesion3\db\empleados.odb' is opened by 24616@DESKTOP-6Q7JQ8O

[2023-03-05 20:19:58 #2 store] 
Configuration path: ?

[2023-03-05 20:19:59 #3 type] 
Type ejemplo1.DepartamentoEntity is not enhanced.

[2023-03-05 20:19:59 #4 type] 
Type ejemplo1.EmpleadoEntity is not enhanced.

------------------------------------------------------------------------------------------------------------------------

[2023-03-05 20:20:06 #1 store] 
Database 'C:\Users\Bakero\eclipse-workspace\Sesion3\db\empleados.odb' is opened by 18468@DESKTOP-6Q7JQ8O

[2023-03-05 20:20:06 #2 store] 
Configuration path: ?

[2023-03-05 20:20:06 #3 type] 
Type ejemplo1.DepartamentoEntity is not enhanced.

[2023-03-05 20:20:06 #4 type] 
Type ejemplo1.EmpleadoEntity is not enhanced.

------------------------------------------------------------------------------------------------------------------------

[2023-03-05 20:20:11 #1 store] 
Database 'C:\Users\Bakero\eclipse-workspace\Sesion3\db\empleados.odb' is opened by 14212@DESKTOP-6Q7JQ8O

[2023-03-05 20:20:11 #2 store] 
Configuration path: ?

[2023-03-05 20:20:11 #3 type] 
Type ejemplo1.DepartamentoEntity is not enhanced.

[2023-03-05 20:20:11 #4 type] 
Type ejemplo1.EmpleadoEntity is not enhanced.

[2023-03-05 20:20:12 #5 store] 
Database 'C:\Users\Bakero\eclipse-workspace\Sesion3\db\empleados.odb' is closed by 14212@DESKTOP-6Q7JQ8O

------------------------------------------------------------------------------------------------------------------------

[2023-03-05 20:21:29 #1 store] 
Database 'C:\Users\Bakero\eclipse-workspace\Sesion3\db\empleados.odb' is opened by 23168@DESKTOP-6Q7JQ8O

[2023-03-05 20:21:29 #2 store] 
Configuration path: ?

[2023-03-05 20:21:29 #3 type] 
Type ejemplo1.DepartamentoEntity is not enhanced.

[2023-03-05 20:21:29 #4 type] 
Type ejemplo1.EmpleadoEntity is not enhanced.

[2023-03-05 20:21:29 #5 store] 
Database 'C:\Users\Bakero\eclipse-workspace\Sesion3\db\empleados.odb' is closed by 23168@DESKTOP-6Q7JQ8O

------------------------------------------------------------------------------------------------------------------------

[2023-03-05 20:22:25 #1 store] 
Database 'C:\Users\Bakero\eclipse-workspace\Sesion3\db\empleados.odb' is opened by 3112@DESKTOP-6Q7JQ8O

[2023-03-05 20:22:25 #2 store] 
Configuration path: ?

[2023-03-05 20:22:25 #3 type] 
Type ejemplo1.DepartamentoEntity is not enhanced.

[2023-03-05 20:22:25 #4 type] 
Type ejemplo1.EmpleadoEntity is not enhanced.

[2023-03-05 20:22:25 #5 store] 
Database 'C:\Users\Bakero\eclipse-workspace\Sesion3\db\empleados.odb' is closed by 3112@DESKTOP-6Q7JQ8O

------------------------------------------------------------------------------------------------------------------------

[2023-03-05 20:23:05 #1 store] 
Database 'C:\Users\Bakero\eclipse-workspace\Sesion3\db\empleados.odb' is opened by 18524@DESKTOP-6Q7JQ8O

[2023-03-05 20:23:05 #2 store] 
Configuration path: ?

[2023-03-05 20:23:05 #3 type] 
Type ejemplo1.DepartamentoEntity is not enhanced.

[2023-03-05 20:23:05 #4 type] 
Type ejemplo1.EmpleadoEntity is not enhanced.

[2023-03-05 20:23:05 #5 store] 
Database 'C:\Users\Bakero\eclipse-workspace\Sesion3\db\empleados.odb' is closed by 18524@DESKTOP-6Q7JQ8O

------------------------------------------------------------------------------------------------------------------------

[2023-03-05 20:25:00 #1 store] 
Database 'C:\Users\Bakero\eclipse-workspace\Sesion3\db\empleados.odb' is opened by 12104@DESKTOP-6Q7JQ8O

[2023-03-05 20:25:00 #2 store] 
Configuration path: ?

[2023-03-05 20:25:00 #3 type] 
Type ejemplo1.DepartamentoEntity is not enhanced.

[2023-03-05 20:25:00 #4 type] 
Type ejemplo1.EmpleadoEntity is not enhanced.

[2023-03-05 20:25:00 #5 store] 
Database 'C:\Users\Bakero\eclipse-workspace\Sesion3\db\empleados.odb' is closed by 12104@DESKTOP-6Q7JQ8O

