------------------------------------------------------------------------------------------------------------------------

[2023-01-13 12:17:12 #1 store] 
Database 'C:\Users\DAM2Alu1\git\Acceso_a_datos\sesion4\db\jugadoresej12.odb' is opened by 456@B01-PC04

[2023-01-13 12:17:12 #2 store] 
Configuration path: ?

[2023-01-13 12:17:12 #3 type] 
Type Ejercicio12.Socio is not enhanced.

[2023-01-13 12:17:12 #4 type] 
Type Ejercicio03.Socio is not enhanced.

[2023-01-13 12:17:12 #5 store] 
Database 'C:\Users\DAM2Alu1\git\Acceso_a_datos\sesion4\db\jugadoresej12.odb' is closed by 456@B01-PC04

------------------------------------------------------------------------------------------------------------------------

[2023-01-13 12:20:04 #1 store] 
Database 'C:\Users\DAM2Alu1\git\Acceso_a_datos\sesion4\db\jugadoresej12.odb' is opened by 908@B01-PC04

[2023-01-13 12:20:04 #2 store] 
Configuration path: ?

[2023-01-13 12:20:04 #3 type] 
Type Ejercicio12.Socio is not enhanced.

[2023-01-13 12:20:04 #4 type] 
Type Ejercicio03.Socio is not enhanced.

[2023-01-13 12:20:04 #5 store] 
Database 'C:\Users\DAM2Alu1\git\Acceso_a_datos\sesion4\db\jugadoresej12.odb' is closed by 908@B01-PC04

------------------------------------------------------------------------------------------------------------------------

[2023-01-13 12:20:22 #1 store] 
Database 'C:\Users\DAM2Alu1\git\Acceso_a_datos\sesion4\db\jugadoresej12.odb' is opened by 4124@B01-PC04

[2023-01-13 12:20:22 #2 store] 
Configuration path: ?

[2023-01-13 12:20:22 #3 type] 
Type Ejercicio12.Socio is not enhanced.

[2023-01-13 12:20:22 #4 store] 
Database 'C:\Users\DAM2Alu1\git\Acceso_a_datos\sesion4\db\jugadoresej12.odb' is closed by 4124@B01-PC04

------------------------------------------------------------------------------------------------------------------------

[2023-01-13 12:20:35 #1 store] 
Database 'C:\Users\DAM2Alu1\git\Acceso_a_datos\sesion4\db\jugadoresej12.odb' is opened by 7192@B01-PC04

[2023-01-13 12:20:35 #2 store] 
Configuration path: ?

[2023-01-13 12:20:35 #3 type] 
Type Ejercicio12.Socio is not enhanced.

[2023-01-13 12:20:35 #4 type] 
Type Ejercicio03.Socio is not enhanced.

[2023-01-13 12:20:35 #5 store] 
Database 'C:\Users\DAM2Alu1\git\Acceso_a_datos\sesion4\db\jugadoresej12.odb' is closed by 7192@B01-PC04

------------------------------------------------------------------------------------------------------------------------

[2023-01-13 12:22:49 #1 store] 
Database 'C:\Users\DAM2Alu1\git\Acceso_a_datos\sesion4\db\jugadoresej12.odb' is opened by 12548@B01-PC04

[2023-01-13 12:22:49 #2 store] 
Configuration path: ?

[2023-01-13 12:22:49 #3 type] 
Type Ejercicio12.Socio is not enhanced.

[2023-01-13 12:22:49 #4 type] 
Type Ejercicio03.Socio is not enhanced.

------------------------------------------------------------------------------------------------------------------------

[2023-01-13 12:22:56 #1 store] 
Database 'C:\Users\DAM2Alu1\git\Acceso_a_datos\sesion4\db\jugadoresej12.odb' is opened by 7164@B01-PC04

[2023-01-13 12:22:56 #2 store] 
Configuration path: ?

[2023-01-13 12:22:56 #3 type] 
Type Ejercicio12.Socio is not enhanced.

[2023-01-13 12:22:56 #4 type] 
Type Ejercicio03.Socio is not enhanced.

------------------------------------------------------------------------------------------------------------------------

[2023-01-13 12:23:00 #1 store] 
Database 'C:\Users\DAM2Alu1\git\Acceso_a_datos\sesion4\db\jugadoresej12.odb' is opened by 11808@B01-PC04

[2023-01-13 12:23:00 #2 store] 
Configuration path: ?

[2023-01-13 12:23:00 #3 type] 
Type Ejercicio12.Socio is not enhanced.

[2023-01-13 12:23:00 #4 type] 
Type Ejercicio03.Socio is not enhanced.

------------------------------------------------------------------------------------------------------------------------

[2023-01-13 12:25:06 #1 store] 
Database 'C:\Users\DAM2Alu1\git\Acceso_a_datos\sesion4\db\jugadoresej12.odb' is opened by 8884@B01-PC04

[2023-01-13 12:25:06 #2 store] 
Configuration path: ?

[2023-01-13 12:25:06 #3 type] 
Type Ejercicio12.Socio is not enhanced.

[2023-01-13 12:25:06 #4 store] 
Database 'C:\Users\DAM2Alu1\git\Acceso_a_datos\sesion4\db\jugadoresej12.odb' is closed by 8884@B01-PC04

------------------------------------------------------------------------------------------------------------------------

[2023-01-13 12:25:20 #1 store] 
Database 'C:\Users\DAM2Alu1\git\Acceso_a_datos\sesion4\db\jugadoresej12.odb' is opened by 12436@B01-PC04

[2023-01-13 12:25:20 #2 store] 
Configuration path: ?

[2023-01-13 12:25:20 #3 type] 
Type Ejercicio12.Socio is not enhanced.

------------------------------------------------------------------------------------------------------------------------

[2023-01-13 12:25:29 #1 store] 
Database 'C:\Users\DAM2Alu1\git\Acceso_a_datos\sesion4\db\jugadoresej12.odb' is opened by 12764@B01-PC04

[2023-01-13 12:25:29 #2 store] 
Configuration path: ?

[2023-01-13 12:25:29 #3 type] 
Type Ejercicio12.Socio is not enhanced.

[2023-01-13 12:25:29 #4 type] 
Type Ejercicio03.Socio is not enhanced.

[2023-01-13 12:25:29 #5 store] 
Database 'C:\Users\DAM2Alu1\git\Acceso_a_datos\sesion4\db\jugadoresej12.odb' is closed by 12764@B01-PC04

------------------------------------------------------------------------------------------------------------------------

[2023-01-13 12:26:31 #1 store] 
Database 'C:\Users\DAM2Alu1\git\Acceso_a_datos\sesion4\db\jugadoresej3.odb' is opened by 9280@B01-PC04

[2023-01-13 12:26:31 #2 store] 
Configuration path: ?

[2023-01-13 12:26:31 #3 type] 
Type Ejercicio12.Socio is not enhanced.

[2023-01-13 12:26:31 #4 store] 
Database 'C:\Users\DAM2Alu1\git\Acceso_a_datos\sesion4\db\jugadoresej3.odb' is closed by 9280@B01-PC04

------------------------------------------------------------------------------------------------------------------------

[2023-01-13 12:26:58 #1 store] 
Database 'C:\Users\DAM2Alu1\git\Acceso_a_datos\sesion4\db\jugadoresej3.odb' is opened by 2976@B01-PC04

[2023-01-13 12:26:58 #2 store] 
Configuration path: ?

[2023-01-13 12:26:58 #3 type] 
Type Ejercicio12.Socio is not enhanced.

[2023-01-13 12:26:58 #4 type] 
Type Ejercicio03.Socio is not enhanced.

[2023-01-13 12:26:58 #5 store] 
Database 'C:\Users\DAM2Alu1\git\Acceso_a_datos\sesion4\db\jugadoresej3.odb' is closed by 2976@B01-PC04

------------------------------------------------------------------------------------------------------------------------

[2023-01-13 12:29:31 #1 store] 
Database 'C:\Users\DAM2Alu1\git\Acceso_a_datos\sesion4\db\jugadoresej3.odb' is opened by 8932@B01-PC04

[2023-01-13 12:29:31 #2 store] 
Configuration path: ?

[2023-01-13 12:29:31 #3 type] 
Type Ejercicio12.Socio is not enhanced.

[2023-01-13 12:29:31 #4 type] 
Type Ejercicio03.Socio is not enhanced.

------------------------------------------------------------------------------------------------------------------------

[2023-01-13 12:29:38 #1 store] 
Database 'C:\Users\DAM2Alu1\git\Acceso_a_datos\sesion4\db\jugadoresej3.odb' is opened by 6976@B01-PC04

[2023-01-13 12:29:38 #2 store] 
Configuration path: ?

[2023-01-13 12:29:38 #3 type] 
Type Ejercicio12.Socio is not enhanced.

[2023-01-13 12:29:38 #4 type] 
Type Ejercicio03.Socio is not enhanced.

------------------------------------------------------------------------------------------------------------------------

[2023-01-13 12:29:41 #1 store] 
Database 'C:\Users\DAM2Alu1\git\Acceso_a_datos\sesion4\db\jugadoresej3.odb' is opened by 7360@B01-PC04

[2023-01-13 12:29:41 #2 store] 
Configuration path: ?

[2023-01-13 12:29:41 #3 type] 
Type Ejercicio12.Socio is not enhanced.

[2023-01-13 12:29:41 #4 type] 
Type Ejercicio03.Socio is not enhanced.

------------------------------------------------------------------------------------------------------------------------

[2023-01-13 12:31:07 #1 store] 
Database 'C:\Users\DAM2Alu1\git\Acceso_a_datos\sesion4\db\jugadoresej3.odb' is opened by 5972@B01-PC04

[2023-01-13 12:31:07 #2 store] 
Configuration path: ?

[2023-01-13 12:31:07 #3 type] 
Type Ejercicio03.Socio is not enhanced.

[2023-01-13 12:31:07 #4 store] 
Database 'C:\Users\DAM2Alu1\git\Acceso_a_datos\sesion4\db\jugadoresej3.odb' is closed by 5972@B01-PC04

------------------------------------------------------------------------------------------------------------------------

[2023-01-13 12:31:10 #1 store] 
Database 'C:\Users\DAM2Alu1\git\Acceso_a_datos\sesion4\db\jugadoresej3.odb' is opened by 11676@B01-PC04

[2023-01-13 12:31:10 #2 store] 
Configuration path: ?

[2023-01-13 12:31:11 #3 type] 
Type Ejercicio03.Socio is not enhanced.

[2023-01-13 12:31:11 #4 store] 
Database 'C:\Users\DAM2Alu1\git\Acceso_a_datos\sesion4\db\jugadoresej3.odb' is closed by 11676@B01-PC04

