------------------------------------------------------------------------------------------------------------------------

[2022-12-11 17:41:45 #1 store] 
Database 'C:\Users\Bakero\git\Acceso_a_datos\Sesion3\db\empleados.odb' is opened by 6848@DESKTOP-6Q7JQ8O

[2022-12-11 17:41:45 #2 store] 
Configuration path: ?

[2022-12-11 17:41:45 #3 type] 
Type ejemplo1.DepartamentoEntity is not enhanced.

[2022-12-11 17:41:45 #4 type] 
Type ejemplo1.EmpleadoEntity is not enhanced.

------------------------------------------------------------------------------------------------------------------------

[2022-12-11 17:42:10 #1 store] 
Database 'C:\Users\Bakero\git\Acceso_a_datos\Sesion3\db\empleados.odb' is opened by 23068@DESKTOP-6Q7JQ8O

[2022-12-11 17:42:10 #2 store] 
Configuration path: ?

[2022-12-11 17:42:10 #3 type] 
Type ejemplo1.DepartamentoEntity is not enhanced.

[2022-12-11 17:42:10 #4 type] 
Type ejemplo1.EmpleadoEntity is not enhanced.

------------------------------------------------------------------------------------------------------------------------

[2022-12-11 17:47:07 #1 store] 
Database 'C:\Users\Bakero\git\Acceso_a_datos\Sesion3\db\empleados.odb' is opened by 6064@DESKTOP-6Q7JQ8O

[2022-12-11 17:47:07 #2 store] 
Configuration path: ?

[2022-12-11 17:47:07 #3 type] 
Type ejemplo1.DepartamentoEntity is not enhanced.

[2022-12-11 17:47:07 #4 type] 
Type ejemplo1.EmpleadoEntity is not enhanced.

[2022-12-11 17:47:07 #5 store] 
Database 'C:\Users\Bakero\git\Acceso_a_datos\Sesion3\db\empleados.odb' is closed by 6064@DESKTOP-6Q7JQ8O

------------------------------------------------------------------------------------------------------------------------

[2022-12-11 17:48:00 #1 store] 
Database 'C:\Users\Bakero\git\Acceso_a_datos\Sesion3\db\empleados.odb' is opened by 15136@DESKTOP-6Q7JQ8O

[2022-12-11 17:48:00 #2 store] 
Configuration path: ?

[2022-12-11 17:48:00 #3 type] 
Type ejemplo1.DepartamentoEntity is not enhanced.

[2022-12-11 17:48:00 #4 type] 
Type ejemplo1.EmpleadoEntity is not enhanced.

------------------------------------------------------------------------------------------------------------------------

[2022-12-11 17:48:27 #1 store] 
Database 'C:\Users\Bakero\git\Acceso_a_datos\Sesion3\db\empleados.odb' is opened by 18044@DESKTOP-6Q7JQ8O

[2022-12-11 17:48:27 #2 store] 
Configuration path: ?

[2022-12-11 17:48:27 #3 type] 
Type ejemplo1.DepartamentoEntity is not enhanced.

[2022-12-11 17:48:27 #4 type] 
Type ejemplo1.EmpleadoEntity is not enhanced.

[2022-12-11 17:48:27 #5 store] 
Database 'C:\Users\Bakero\git\Acceso_a_datos\Sesion3\db\empleados.odb' is closed by 18044@DESKTOP-6Q7JQ8O

------------------------------------------------------------------------------------------------------------------------

[2022-12-11 17:49:18 #1 store] 
Database 'C:\Users\Bakero\git\Acceso_a_datos\Sesion3\db\empleados.odb' is opened by 24300@DESKTOP-6Q7JQ8O

[2022-12-11 17:49:18 #2 store] 
Configuration path: ?

[2022-12-11 17:49:18 #3 type] 
Type ejemplo1.DepartamentoEntity is not enhanced.

[2022-12-11 17:49:18 #4 type] 
Type ejemplo1.EmpleadoEntity is not enhanced.

[2022-12-11 17:49:18 #5 store] 
Database 'C:\Users\Bakero\git\Acceso_a_datos\Sesion3\db\empleados.odb' is closed by 24300@DESKTOP-6Q7JQ8O

------------------------------------------------------------------------------------------------------------------------

[2022-12-11 17:49:31 #1 store] 
Database 'C:\Users\Bakero\git\Acceso_a_datos\Sesion3\db\empleados.odb' is opened by 12300@DESKTOP-6Q7JQ8O

[2022-12-11 17:49:31 #2 store] 
Configuration path: ?

[2022-12-11 17:49:31 #3 type] 
Type ejemplo1.DepartamentoEntity is not enhanced.

[2022-12-11 17:49:31 #4 type] 
Type ejemplo1.EmpleadoEntity is not enhanced.

------------------------------------------------------------------------------------------------------------------------

[2022-12-11 17:49:58 #1 store] 
Database 'C:\Users\Bakero\git\Acceso_a_datos\Sesion3\db\empleados.odb' is opened by 14124@DESKTOP-6Q7JQ8O

[2022-12-11 17:49:58 #2 store] 
Configuration path: ?

[2022-12-11 17:49:58 #3 type] 
Type ejemplo1.DepartamentoEntity is not enhanced.

[2022-12-11 17:49:58 #4 type] 
Type ejemplo1.EmpleadoEntity is not enhanced.

[2022-12-11 17:49:58 #5 store] 
Database 'C:\Users\Bakero\git\Acceso_a_datos\Sesion3\db\empleados.odb' is closed by 14124@DESKTOP-6Q7JQ8O

------------------------------------------------------------------------------------------------------------------------

[2022-12-11 17:54:58 #1 store] 
Database 'C:\Users\Bakero\git\Acceso_a_datos\Sesion3\db\empleados.odb' is opened by 24476@DESKTOP-6Q7JQ8O

[2022-12-11 17:54:58 #2 store] 
Configuration path: ?

[2022-12-11 17:54:58 #3 type] 
Type ejemplo1.DepartamentoEntity is not enhanced.

[2022-12-11 17:54:58 #4 type] 
Type ejemplo1.EmpleadoEntity is not enhanced.

[2022-12-11 17:54:58 #5 store] 
Database 'C:\Users\Bakero\git\Acceso_a_datos\Sesion3\db\empleados.odb' is closed by 24476@DESKTOP-6Q7JQ8O

------------------------------------------------------------------------------------------------------------------------

[2022-12-11 18:08:50 #1 store] 
Database 'C:\Users\Bakero\git\Acceso_a_datos\Sesion3\db\empleados.odb' is opened by 20116@DESKTOP-6Q7JQ8O

[2022-12-11 18:08:50 #2 store] 
Configuration path: ?

[2022-12-11 18:08:50 #3 type] 
Type ejemplo1.DepartamentoEntity is not enhanced.

[2022-12-11 18:08:50 #4 type] 
Type ejemplo1.EmpleadoEntity is not enhanced.

[2022-12-11 18:08:50 #5 store] 
Database 'C:\Users\Bakero\git\Acceso_a_datos\Sesion3\db\empleados.odb' is closed by 20116@DESKTOP-6Q7JQ8O

------------------------------------------------------------------------------------------------------------------------

[2022-12-11 18:12:14 #1 store] 
Database 'C:\Users\Bakero\git\Acceso_a_datos\Sesion3\db\empleados.odb' is opened by 3592@DESKTOP-6Q7JQ8O

[2022-12-11 18:12:14 #2 store] 
Configuration path: ?

[2022-12-11 18:12:14 #3 type] 
Type ejemplo1.DepartamentoEntity is not enhanced.

[2022-12-11 18:12:14 #4 type] 
Type ejemplo1.EmpleadoEntity is not enhanced.

[2022-12-11 18:12:14 #5 store] 
Database 'C:\Users\Bakero\git\Acceso_a_datos\Sesion3\db\empleados.odb' is closed by 3592@DESKTOP-6Q7JQ8O

------------------------------------------------------------------------------------------------------------------------

[2022-12-11 18:12:22 #1 store] 
Database 'C:\Users\Bakero\git\Acceso_a_datos\Sesion3\db\empleados.odb' is opened by 22684@DESKTOP-6Q7JQ8O

[2022-12-11 18:12:22 #2 store] 
Configuration path: ?

[2022-12-11 18:12:22 #3 type] 
Type ejemplo1.DepartamentoEntity is not enhanced.

[2022-12-11 18:12:22 #4 type] 
Type ejemplo1.EmpleadoEntity is not enhanced.

[2022-12-11 18:12:22 #5 store] 
Database 'C:\Users\Bakero\git\Acceso_a_datos\Sesion3\db\empleados.odb' is closed by 22684@DESKTOP-6Q7JQ8O

------------------------------------------------------------------------------------------------------------------------

[2022-12-11 18:19:32 #1 store] 
Database 'C:\Users\Bakero\git\Acceso_a_datos\Sesion3\db\empleados.odb' is opened by 18272@DESKTOP-6Q7JQ8O

[2022-12-11 18:19:32 #2 store] 
Configuration path: ?

[2022-12-11 18:19:32 #3 type] 
Type ejemplo1.DepartamentoEntity is not enhanced.

[2022-12-11 18:19:32 #4 type] 
Type ejemplo1.EmpleadoEntity is not enhanced.

------------------------------------------------------------------------------------------------------------------------

[2022-12-11 18:20:34 #1 store] 
Database 'C:\Users\Bakero\git\Acceso_a_datos\Sesion3\db\empleados.odb' is opened by 15560@DESKTOP-6Q7JQ8O

[2022-12-11 18:20:34 #2 store] 
Configuration path: ?

[2022-12-11 18:20:34 #3 type] 
Type ejemplo1.DepartamentoEntity is not enhanced.

[2022-12-11 18:20:34 #4 type] 
Type ejemplo1.EmpleadoEntity is not enhanced.

------------------------------------------------------------------------------------------------------------------------

[2022-12-11 18:55:41 #1 store] 
Database 'C:\Users\Bakero\git\Acceso_a_datos\Sesion3\db\empleados.odb' is opened by 8116@DESKTOP-6Q7JQ8O

[2022-12-11 18:55:41 #2 store] 
Configuration path: ?

[2022-12-11 18:55:41 #3 type] 
Type ejemplo1.DepartamentoEntity is not enhanced.

[2022-12-11 18:55:41 #4 type] 
Type ejemplo1.EmpleadoEntity is not enhanced.

------------------------------------------------------------------------------------------------------------------------

[2022-12-11 18:56:12 #1 store] 
Database 'C:\Users\Bakero\git\Acceso_a_datos\Sesion3\db\empleados.odb' is opened by 18756@DESKTOP-6Q7JQ8O

[2022-12-11 18:56:12 #2 store] 
Configuration path: ?

[2022-12-11 18:56:12 #3 type] 
Type ejemplo1.DepartamentoEntity is not enhanced.

[2022-12-11 18:56:12 #4 type] 
Type ejemplo1.EmpleadoEntity is not enhanced.

------------------------------------------------------------------------------------------------------------------------

[2022-12-11 18:56:41 #1 store] 
Database 'C:\Users\Bakero\git\Acceso_a_datos\Sesion3\db\empleados.odb' is opened by 13712@DESKTOP-6Q7JQ8O

[2022-12-11 18:56:41 #2 store] 
Configuration path: ?

[2022-12-11 18:56:41 #3 type] 
Type ejemplo1.DepartamentoEntity is not enhanced.

[2022-12-11 18:56:41 #4 type] 
Type ejemplo1.EmpleadoEntity is not enhanced.

[2022-12-11 18:56:41 #5 store] 
Database 'C:\Users\Bakero\git\Acceso_a_datos\Sesion3\db\empleados.odb' is closed by 13712@DESKTOP-6Q7JQ8O

------------------------------------------------------------------------------------------------------------------------

[2022-12-11 19:50:00 #1 store] 
Database 'C:\Users\Bakero\git\Acceso_a_datos\Sesion3\db\empleados.odb' is opened by 24656@DESKTOP-6Q7JQ8O

[2022-12-11 19:50:00 #2 store] 
Configuration path: ?

[2022-12-11 19:50:00 #3 type] 
Type ejemplo1.DepartamentoEntity is not enhanced.

[2022-12-11 19:50:00 #4 type] 
Type ejemplo1.EmpleadoEntity is not enhanced.

[2022-12-11 19:50:00 #5 store] 
Database 'C:\Users\Bakero\git\Acceso_a_datos\Sesion3\db\empleados.odb' is closed by 24656@DESKTOP-6Q7JQ8O

------------------------------------------------------------------------------------------------------------------------

[2022-12-11 19:51:45 #1 store] 
Database 'C:\Users\Bakero\git\Acceso_a_datos\Sesion3\db\empleados.odb' is opened by 14968@DESKTOP-6Q7JQ8O

[2022-12-11 19:51:45 #2 store] 
Configuration path: ?

[2022-12-11 19:51:45 #3 type] 
Type ejemplo1.DepartamentoEntity is not enhanced.

[2022-12-11 19:51:45 #4 type] 
Type ejemplo1.EmpleadoEntity is not enhanced.

[2022-12-11 19:51:46 #5 store] 
Database 'C:\Users\Bakero\git\Acceso_a_datos\Sesion3\db\empleados.odb' is closed by 14968@DESKTOP-6Q7JQ8O

------------------------------------------------------------------------------------------------------------------------

[2022-12-11 19:52:00 #1 store] 
Database 'C:\Users\Bakero\git\Acceso_a_datos\Sesion3\db\empleados.odb' is opened by 14064@DESKTOP-6Q7JQ8O

[2022-12-11 19:52:00 #2 store] 
Configuration path: ?

[2022-12-11 19:52:00 #3 type] 
Type ejemplo1.DepartamentoEntity is not enhanced.

[2022-12-11 19:52:00 #4 type] 
Type ejemplo1.EmpleadoEntity is not enhanced.

[2022-12-11 19:52:00 #5 store] 
Database 'C:\Users\Bakero\git\Acceso_a_datos\Sesion3\db\empleados.odb' is closed by 14064@DESKTOP-6Q7JQ8O

------------------------------------------------------------------------------------------------------------------------

[2022-12-11 19:52:23 #1 store] 
Database 'C:\Users\Bakero\git\Acceso_a_datos\Sesion3\db\empleados.odb' is opened by 18812@DESKTOP-6Q7JQ8O

[2022-12-11 19:52:23 #2 store] 
Configuration path: ?

[2022-12-11 19:52:23 #3 type] 
Type ejemplo1.DepartamentoEntity is not enhanced.

[2022-12-11 19:52:23 #4 type] 
Type ejemplo1.EmpleadoEntity is not enhanced.

[2022-12-11 19:52:23 #5 store] 
Database 'C:\Users\Bakero\git\Acceso_a_datos\Sesion3\db\empleados.odb' is closed by 18812@DESKTOP-6Q7JQ8O

------------------------------------------------------------------------------------------------------------------------

[2022-12-11 19:53:27 #1 store] 
Database 'C:\Users\Bakero\git\Acceso_a_datos\Sesion3\db\empleados.odb' is opened by 18880@DESKTOP-6Q7JQ8O

[2022-12-11 19:53:27 #2 store] 
Configuration path: ?

[2022-12-11 19:53:27 #3 type] 
Type ejemplo1.DepartamentoEntity is not enhanced.

[2022-12-11 19:53:27 #4 type] 
Type ejemplo1.EmpleadoEntity is not enhanced.

[2022-12-11 19:53:27 #5 store] 
Database 'C:\Users\Bakero\git\Acceso_a_datos\Sesion3\db\empleados.odb' is closed by 18880@DESKTOP-6Q7JQ8O

------------------------------------------------------------------------------------------------------------------------

[2022-12-11 19:53:49 #1 store] 
Database 'C:\Users\Bakero\git\Acceso_a_datos\Sesion3\db\empleados.odb' is opened by 6136@DESKTOP-6Q7JQ8O

[2022-12-11 19:53:49 #2 store] 
Configuration path: ?

[2022-12-11 19:53:49 #3 type] 
Type ejemplo1.DepartamentoEntity is not enhanced.

[2022-12-11 19:53:49 #4 type] 
Type ejemplo1.EmpleadoEntity is not enhanced.

[2022-12-11 19:53:49 #5 store] 
Database 'C:\Users\Bakero\git\Acceso_a_datos\Sesion3\db\empleados.odb' is closed by 6136@DESKTOP-6Q7JQ8O

------------------------------------------------------------------------------------------------------------------------

[2022-12-11 19:54:01 #1 store] 
Database 'C:\Users\Bakero\git\Acceso_a_datos\Sesion3\db\empleados.odb' is opened by 26776@DESKTOP-6Q7JQ8O

[2022-12-11 19:54:01 #2 store] 
Configuration path: ?

[2022-12-11 19:54:01 #3 type] 
Type ejemplo1.DepartamentoEntity is not enhanced.

[2022-12-11 19:54:01 #4 type] 
Type ejemplo1.EmpleadoEntity is not enhanced.

[2022-12-11 19:54:01 #5 store] 
Database 'C:\Users\Bakero\git\Acceso_a_datos\Sesion3\db\empleados.odb' is closed by 26776@DESKTOP-6Q7JQ8O

------------------------------------------------------------------------------------------------------------------------

[2022-12-11 19:54:45 #1 store] 
Database 'C:\Users\Bakero\git\Acceso_a_datos\Sesion3\db\empleados.odb' is opened by 24072@DESKTOP-6Q7JQ8O

[2022-12-11 19:54:45 #2 store] 
Configuration path: ?

[2022-12-11 19:54:45 #3 type] 
Type ejemplo1.DepartamentoEntity is not enhanced.

[2022-12-11 19:54:45 #4 type] 
Type ejemplo1.EmpleadoEntity is not enhanced.

[2022-12-11 19:54:45 #5 store] 
Database 'C:\Users\Bakero\git\Acceso_a_datos\Sesion3\db\empleados.odb' is closed by 24072@DESKTOP-6Q7JQ8O

------------------------------------------------------------------------------------------------------------------------

[2022-12-11 19:55:00 #1 store] 
Database 'C:\Users\Bakero\git\Acceso_a_datos\Sesion3\db\empleados.odb' is opened by 19412@DESKTOP-6Q7JQ8O

[2022-12-11 19:55:00 #2 store] 
Configuration path: ?

[2022-12-11 19:55:00 #3 type] 
Type ejemplo1.DepartamentoEntity is not enhanced.

[2022-12-11 19:55:00 #4 type] 
Type ejemplo1.EmpleadoEntity is not enhanced.

[2022-12-11 19:55:00 #5 store] 
Database 'C:\Users\Bakero\git\Acceso_a_datos\Sesion3\db\empleados.odb' is closed by 19412@DESKTOP-6Q7JQ8O

------------------------------------------------------------------------------------------------------------------------

[2022-12-11 19:55:15 #1 store] 
Database 'C:\Users\Bakero\git\Acceso_a_datos\Sesion3\db\empleados.odb' is opened by 15004@DESKTOP-6Q7JQ8O

[2022-12-11 19:55:15 #2 store] 
Configuration path: ?

[2022-12-11 19:55:15 #3 type] 
Type ejemplo1.DepartamentoEntity is not enhanced.

[2022-12-11 19:55:15 #4 type] 
Type ejemplo1.EmpleadoEntity is not enhanced.

[2022-12-11 19:55:15 #5 store] 
Database 'C:\Users\Bakero\git\Acceso_a_datos\Sesion3\db\empleados.odb' is closed by 15004@DESKTOP-6Q7JQ8O

------------------------------------------------------------------------------------------------------------------------

[2022-12-11 19:55:54 #1 store] 
Database 'C:\Users\Bakero\git\Acceso_a_datos\Sesion3\db\empleados.odb' is opened by 18764@DESKTOP-6Q7JQ8O

[2022-12-11 19:55:54 #2 store] 
Configuration path: ?

[2022-12-11 19:55:54 #3 type] 
Type ejemplo1.DepartamentoEntity is not enhanced.

[2022-12-11 19:55:54 #4 type] 
Type ejemplo1.EmpleadoEntity is not enhanced.

[2022-12-11 19:55:54 #5 store] 
Database 'C:\Users\Bakero\git\Acceso_a_datos\Sesion3\db\empleados.odb' is closed by 18764@DESKTOP-6Q7JQ8O

------------------------------------------------------------------------------------------------------------------------

[2022-12-11 19:56:09 #1 store] 
Database 'C:\Users\Bakero\git\Acceso_a_datos\Sesion3\db\empleados.odb' is opened by 18740@DESKTOP-6Q7JQ8O

[2022-12-11 19:56:09 #2 store] 
Configuration path: ?

[2022-12-11 19:56:10 #3 type] 
Type ejemplo1.DepartamentoEntity is not enhanced.

[2022-12-11 19:56:10 #4 type] 
Type ejemplo1.EmpleadoEntity is not enhanced.

[2022-12-11 19:56:10 #5 store] 
Database 'C:\Users\Bakero\git\Acceso_a_datos\Sesion3\db\empleados.odb' is closed by 18740@DESKTOP-6Q7JQ8O

------------------------------------------------------------------------------------------------------------------------

[2022-12-11 20:01:20 #1 store] 
Database 'C:\Users\Bakero\git\Acceso_a_datos\Sesion3\db\empleados.odb' is opened by 16624@DESKTOP-6Q7JQ8O

[2022-12-11 20:01:20 #2 store] 
Configuration path: ?

[2022-12-11 20:01:20 #3 type] 
Type ejemplo1.DepartamentoEntity is not enhanced.

[2022-12-11 20:01:20 #4 type] 
Type ejemplo1.EmpleadoEntity is not enhanced.

[2022-12-11 20:01:20 #5 store] 
Database 'C:\Users\Bakero\git\Acceso_a_datos\Sesion3\db\empleados.odb' is closed by 16624@DESKTOP-6Q7JQ8O

------------------------------------------------------------------------------------------------------------------------

[2022-12-11 20:03:24 #1 store] 
Database 'C:\Users\Bakero\git\Acceso_a_datos\Sesion3\db\empleados.odb' is opened by 17100@DESKTOP-6Q7JQ8O

[2022-12-11 20:03:24 #2 store] 
Configuration path: ?

[2022-12-11 20:03:24 #3 type] 
Type ejemplo1.DepartamentoEntity is not enhanced.

[2022-12-11 20:03:24 #4 type] 
Type ejemplo1.EmpleadoEntity is not enhanced.

------------------------------------------------------------------------------------------------------------------------

[2022-12-11 20:03:44 #1 store] 
Database 'C:\Users\Bakero\git\Acceso_a_datos\Sesion3\db\empleados.odb' is opened by 12584@DESKTOP-6Q7JQ8O

[2022-12-11 20:03:44 #2 store] 
Configuration path: ?

[2022-12-11 20:03:44 #3 type] 
Type ejemplo1.DepartamentoEntity is not enhanced.

[2022-12-11 20:03:44 #4 type] 
Type ejemplo1.EmpleadoEntity is not enhanced.

------------------------------------------------------------------------------------------------------------------------

[2022-12-11 20:04:06 #1 store] 
Database 'C:\Users\Bakero\git\Acceso_a_datos\Sesion3\db\empleados.odb' is opened by 17044@DESKTOP-6Q7JQ8O

[2022-12-11 20:04:06 #2 store] 
Configuration path: ?

[2022-12-11 20:04:06 #3 type] 
Type ejemplo1.DepartamentoEntity is not enhanced.

[2022-12-11 20:04:06 #4 type] 
Type ejemplo1.EmpleadoEntity is not enhanced.

[2022-12-11 20:04:06 #5 store] 
Database 'C:\Users\Bakero\git\Acceso_a_datos\Sesion3\db\empleados.odb' is closed by 17044@DESKTOP-6Q7JQ8O

------------------------------------------------------------------------------------------------------------------------

[2022-12-11 20:08:57 #1 store] 
Database 'C:\Users\Bakero\git\Acceso_a_datos\Sesion3\db\empleados.odb' is opened by 18680@DESKTOP-6Q7JQ8O

[2022-12-11 20:08:57 #2 store] 
Configuration path: ?

[2022-12-11 20:08:57 #3 type] 
Type ejemplo1.DepartamentoEntity is not enhanced.

[2022-12-11 20:08:57 #4 type] 
Type ejemplo1.EmpleadoEntity is not enhanced.

------------------------------------------------------------------------------------------------------------------------

[2022-12-11 20:09:15 #1 store] 
Database 'C:\Users\Bakero\git\Acceso_a_datos\Sesion3\db\empleados.odb' is opened by 22140@DESKTOP-6Q7JQ8O

[2022-12-11 20:09:15 #2 store] 
Configuration path: ?

[2022-12-11 20:09:15 #3 type] 
Type ejemplo1.DepartamentoEntity is not enhanced.

[2022-12-11 20:09:15 #4 type] 
Type ejemplo1.EmpleadoEntity is not enhanced.

------------------------------------------------------------------------------------------------------------------------

[2022-12-11 20:09:24 #1 store] 
Database 'C:\Users\Bakero\git\Acceso_a_datos\Sesion3\db\empleados.odb' is opened by 5800@DESKTOP-6Q7JQ8O

[2022-12-11 20:09:24 #2 store] 
Configuration path: ?

[2022-12-11 20:09:24 #3 type] 
Type ejemplo1.DepartamentoEntity is not enhanced.

[2022-12-11 20:09:24 #4 type] 
Type ejemplo1.EmpleadoEntity is not enhanced.

------------------------------------------------------------------------------------------------------------------------

[2022-12-11 20:09:35 #1 store] 
Database 'C:\Users\Bakero\git\Acceso_a_datos\Sesion3\db\empleados.odb' is opened by 20688@DESKTOP-6Q7JQ8O

[2022-12-11 20:09:35 #2 store] 
Configuration path: ?

[2022-12-11 20:09:35 #3 type] 
Type ejemplo1.DepartamentoEntity is not enhanced.

[2022-12-11 20:09:35 #4 type] 
Type ejemplo1.EmpleadoEntity is not enhanced.

[2022-12-11 20:09:35 #5 store] 
Database 'C:\Users\Bakero\git\Acceso_a_datos\Sesion3\db\empleados.odb' is closed by 20688@DESKTOP-6Q7JQ8O

------------------------------------------------------------------------------------------------------------------------

[2022-12-11 20:09:47 #1 store] 
Database 'C:\Users\Bakero\git\Acceso_a_datos\Sesion3\db\empleados.odb' is opened by 16672@DESKTOP-6Q7JQ8O

[2022-12-11 20:09:47 #2 store] 
Configuration path: ?

[2022-12-11 20:09:47 #3 type] 
Type ejemplo1.DepartamentoEntity is not enhanced.

[2022-12-11 20:09:47 #4 type] 
Type ejemplo1.EmpleadoEntity is not enhanced.

[2022-12-11 20:09:47 #5 store] 
Database 'C:\Users\Bakero\git\Acceso_a_datos\Sesion3\db\empleados.odb' is closed by 16672@DESKTOP-6Q7JQ8O

------------------------------------------------------------------------------------------------------------------------

[2022-12-11 20:10:03 #1 store] 
Database 'C:\Users\Bakero\git\Acceso_a_datos\Sesion3\db\empleados.odb' is opened by 14680@DESKTOP-6Q7JQ8O

[2022-12-11 20:10:03 #2 store] 
Configuration path: ?

[2022-12-11 20:10:03 #3 type] 
Type ejemplo1.DepartamentoEntity is not enhanced.

[2022-12-11 20:10:03 #4 type] 
Type ejemplo1.EmpleadoEntity is not enhanced.

[2022-12-11 20:10:03 #5 store] 
Database 'C:\Users\Bakero\git\Acceso_a_datos\Sesion3\db\empleados.odb' is closed by 14680@DESKTOP-6Q7JQ8O

------------------------------------------------------------------------------------------------------------------------

[2022-12-11 20:10:51 #1 store] 
Database 'C:\Users\Bakero\git\Acceso_a_datos\Sesion3\db\empleados.odb' is opened by 10512@DESKTOP-6Q7JQ8O

[2022-12-11 20:10:51 #2 store] 
Configuration path: ?

[2022-12-11 20:10:51 #3 type] 
Type ejemplo1.DepartamentoEntity is not enhanced.

[2022-12-11 20:10:51 #4 type] 
Type ejemplo1.EmpleadoEntity is not enhanced.

------------------------------------------------------------------------------------------------------------------------

[2022-12-11 20:11:08 #1 store] 
Database 'C:\Users\Bakero\git\Acceso_a_datos\Sesion3\db\empleados.odb' is opened by 20868@DESKTOP-6Q7JQ8O

[2022-12-11 20:11:08 #2 store] 
Configuration path: ?

[2022-12-11 20:11:08 #3 type] 
Type ejemplo1.DepartamentoEntity is not enhanced.

[2022-12-11 20:11:08 #4 type] 
Type ejemplo1.EmpleadoEntity is not enhanced.

[2022-12-11 20:11:08 #5 store] 
Database 'C:\Users\Bakero\git\Acceso_a_datos\Sesion3\db\empleados.odb' is closed by 20868@DESKTOP-6Q7JQ8O

------------------------------------------------------------------------------------------------------------------------

[2022-12-11 20:16:42 #1 store] 
Database 'C:\Users\Bakero\git\Acceso_a_datos\Sesion3\db\empleados.odb' is opened by 27360@DESKTOP-6Q7JQ8O

[2022-12-11 20:16:42 #2 store] 
Configuration path: ?

[2022-12-11 20:16:42 #3 type] 
Type ejemplo1.DepartamentoEntity is not enhanced.

[2022-12-11 20:16:42 #4 type] 
Type ejemplo1.EmpleadoEntity is not enhanced.

[2022-12-11 20:16:42 #5 store] 
Database 'C:\Users\Bakero\git\Acceso_a_datos\Sesion3\db\empleados.odb' is closed by 27360@DESKTOP-6Q7JQ8O

------------------------------------------------------------------------------------------------------------------------

[2022-12-11 20:16:52 #1 store] 
Database 'C:\Users\Bakero\git\Acceso_a_datos\Sesion3\db\empleados.odb' is opened by 7036@DESKTOP-6Q7JQ8O

[2022-12-11 20:16:52 #2 store] 
Configuration path: ?

[2022-12-11 20:16:52 #3 type] 
Type ejemplo1.DepartamentoEntity is not enhanced.

[2022-12-11 20:16:52 #4 type] 
Type ejemplo1.EmpleadoEntity is not enhanced.

[2022-12-11 20:16:52 #5 store] 
Database 'C:\Users\Bakero\git\Acceso_a_datos\Sesion3\db\empleados.odb' is closed by 7036@DESKTOP-6Q7JQ8O

