------------------------------------------------------------------------------------------------------------------------

[2023-01-01 18:16:36 #1 store] 
Database 'C:\Users\Bakero\git\Acceso_a_datos\Sesion3\db\empleados.odb' is opened by 28772@DESKTOP-6Q7JQ8O

[2023-01-01 18:16:36 #2 store] 
Configuration path: ?

[2023-01-01 18:16:36 #3 type] 
Type ejemplo1.DepartamentoEntity is not enhanced.

[2023-01-01 18:16:36 #4 type] 
Type ejemplo1.EmpleadoEntity is not enhanced.

[2023-01-01 18:16:36 #5 store] 
Database 'C:\Users\Bakero\git\Acceso_a_datos\Sesion3\db\empleados.odb' is closed by 28772@DESKTOP-6Q7JQ8O

------------------------------------------------------------------------------------------------------------------------

[2023-01-01 18:17:06 #1 store] 
Database 'C:\Users\Bakero\git\Acceso_a_datos\Sesion3\db\empleados.odb' is opened by 3660@DESKTOP-6Q7JQ8O

[2023-01-01 18:17:06 #2 store] 
Configuration path: ?

[2023-01-01 18:17:06 #3 type] 
Type ejemplo1.DepartamentoEntity is not enhanced.

[2023-01-01 18:17:06 #4 type] 
Type ejemplo1.EmpleadoEntity is not enhanced.

------------------------------------------------------------------------------------------------------------------------

[2023-01-01 18:17:15 #1 store] 
Database 'C:\Users\Bakero\git\Acceso_a_datos\Sesion3\db\empleados.odb' is opened by 29796@DESKTOP-6Q7JQ8O

[2023-01-01 18:17:15 #2 store] 
Configuration path: ?

[2023-01-01 18:17:15 #3 type] 
Type ejemplo1.DepartamentoEntity is not enhanced.

[2023-01-01 18:17:15 #4 type] 
Type ejemplo1.EmpleadoEntity is not enhanced.

[2023-01-01 18:17:15 #5 store] 
Database 'C:\Users\Bakero\git\Acceso_a_datos\Sesion3\db\empleados.odb' is closed by 29796@DESKTOP-6Q7JQ8O

------------------------------------------------------------------------------------------------------------------------

[2023-01-01 18:17:23 #1 store] 
Database 'C:\Users\Bakero\git\Acceso_a_datos\Sesion3\db\empleados.odb' is opened by 11784@DESKTOP-6Q7JQ8O

[2023-01-01 18:17:23 #2 store] 
Configuration path: ?

[2023-01-01 18:17:23 #3 type] 
Type ejemplo1.DepartamentoEntity is not enhanced.

[2023-01-01 18:17:23 #4 type] 
Type ejemplo1.EmpleadoEntity is not enhanced.

[2023-01-01 18:17:23 #5 store] 
Database 'C:\Users\Bakero\git\Acceso_a_datos\Sesion3\db\empleados.odb' is closed by 11784@DESKTOP-6Q7JQ8O

------------------------------------------------------------------------------------------------------------------------

[2023-01-01 18:18:33 #1 store] 
Database 'C:\Users\Bakero\git\Acceso_a_datos\Sesion3\db\empleados.odb' is opened by 28284@DESKTOP-6Q7JQ8O

[2023-01-01 18:18:33 #2 store] 
Configuration path: ?

[2023-01-01 18:18:33 #3 type] 
Type ejemplo1.DepartamentoEntity is not enhanced.

[2023-01-01 18:18:33 #4 type] 
Type ejemplo1.EmpleadoEntity is not enhanced.

[2023-01-01 18:18:33 #5 store] 
Database 'C:\Users\Bakero\git\Acceso_a_datos\Sesion3\db\empleados.odb' is closed by 28284@DESKTOP-6Q7JQ8O

------------------------------------------------------------------------------------------------------------------------

[2023-01-01 18:19:08 #1 store] 
Database 'C:\Users\Bakero\git\Acceso_a_datos\Sesion3\db\empleados.odb' is opened by 26192@DESKTOP-6Q7JQ8O

[2023-01-01 18:19:08 #2 store] 
Configuration path: ?

------------------------------------------------------------------------------------------------------------------------

[2023-01-01 18:19:26 #1 store] 
Database 'C:\Users\Bakero\git\Acceso_a_datos\Sesion3\db\empleados.odb' has been recovered (tr. 1-2)

[2023-01-01 18:19:26 #2 store] 
Database 'C:\Users\Bakero\git\Acceso_a_datos\Sesion3\db\empleados.odb' is opened by 31868@DESKTOP-6Q7JQ8O

[2023-01-01 18:19:26 #3 store] 
Configuration path: ?

[2023-01-01 18:19:26 #4 type] 
Type ejemplo1.DepartamentoEntity is not enhanced.

[2023-01-01 18:19:26 #5 type] 
Type ejemplo1.EmpleadoEntity is not enhanced.

[2023-01-01 18:19:26 #6 store] 
Database 'C:\Users\Bakero\git\Acceso_a_datos\Sesion3\db\empleados.odb' is closed by 31868@DESKTOP-6Q7JQ8O

------------------------------------------------------------------------------------------------------------------------

[2023-01-01 18:19:48 #1 store] 
Database 'C:\Users\Bakero\git\Acceso_a_datos\Sesion3\db\empleados.odb' is opened by 16536@DESKTOP-6Q7JQ8O

[2023-01-01 18:19:48 #2 store] 
Configuration path: ?

[2023-01-01 18:19:48 #3 type] 
Type ejemplo1.DepartamentoEntity is not enhanced.

[2023-01-01 18:19:48 #4 type] 
Type ejemplo1.EmpleadoEntity is not enhanced.

[2023-01-01 18:19:48 #5 store] 
Database 'C:\Users\Bakero\git\Acceso_a_datos\Sesion3\db\empleados.odb' is closed by 16536@DESKTOP-6Q7JQ8O

------------------------------------------------------------------------------------------------------------------------

[2023-01-01 18:24:07 #1 store] 
Database 'C:\Users\Bakero\git\Acceso_a_datos\Sesion3\db\empleados.odb' is opened by 31196@DESKTOP-6Q7JQ8O

[2023-01-01 18:24:07 #2 store] 
Configuration path: ?

[2023-01-01 18:24:07 #3 type] 
Type ejemplo1.DepartamentoEntity is not enhanced.

[2023-01-01 18:24:07 #4 type] 
Type ejemplo1.EmpleadoEntity is not enhanced.

------------------------------------------------------------------------------------------------------------------------

[2023-01-01 18:24:28 #1 store] 
Database 'C:\Users\Bakero\git\Acceso_a_datos\Sesion3\db\empleados.odb' is opened by 3768@DESKTOP-6Q7JQ8O

[2023-01-01 18:24:28 #2 store] 
Configuration path: ?

[2023-01-01 18:24:28 #3 type] 
Type ejemplo1.DepartamentoEntity is not enhanced.

[2023-01-01 18:24:28 #4 type] 
Type ejemplo1.EmpleadoEntity is not enhanced.

[2023-01-01 18:24:28 #5 store] 
Database 'C:\Users\Bakero\git\Acceso_a_datos\Sesion3\db\empleados.odb' is closed by 3768@DESKTOP-6Q7JQ8O

------------------------------------------------------------------------------------------------------------------------

[2023-01-01 18:33:15 #1 store] 
Database 'C:\Users\Bakero\git\Acceso_a_datos\Sesion3\db\empleados.odb' is opened by 9612@DESKTOP-6Q7JQ8O

[2023-01-01 18:33:15 #2 store] 
Configuration path: ?

[2023-01-01 18:33:15 #3 type] 
Type ejemplo1.DepartamentoEntity is not enhanced.

[2023-01-01 18:33:15 #4 type] 
Type ejemplo1.EmpleadoEntity is not enhanced.

------------------------------------------------------------------------------------------------------------------------

[2023-01-01 18:33:49 #1 store] 
Database 'C:\Users\Bakero\git\Acceso_a_datos\Sesion3\db\empleados.odb' is opened by 17076@DESKTOP-6Q7JQ8O

[2023-01-01 18:33:49 #2 store] 
Configuration path: ?

[2023-01-01 18:33:49 #3 type] 
Type ejemplo1.DepartamentoEntity is not enhanced.

[2023-01-01 18:33:49 #4 type] 
Type ejemplo1.EmpleadoEntity is not enhanced.

------------------------------------------------------------------------------------------------------------------------

[2023-01-01 18:40:00 #1 store] 
Database 'C:\Users\Bakero\git\Acceso_a_datos\Sesion3\db\empleados.odb' is opened by 23620@DESKTOP-6Q7JQ8O

[2023-01-01 18:40:00 #2 store] 
Configuration path: ?

[2023-01-01 18:40:00 #3 type] 
Type ejemplo1.DepartamentoEntity is not enhanced.

[2023-01-01 18:40:00 #4 type] 
Type ejemplo1.EmpleadoEntity is not enhanced.

------------------------------------------------------------------------------------------------------------------------

[2023-01-01 18:40:47 #1 store] 
Database 'C:\Users\Bakero\git\Acceso_a_datos\Sesion3\db\empleados.odb' is opened by 17664@DESKTOP-6Q7JQ8O

[2023-01-01 18:40:47 #2 store] 
Configuration path: ?

[2023-01-01 18:40:47 #3 type] 
Type ejemplo1.DepartamentoEntity is not enhanced.

[2023-01-01 18:40:47 #4 type] 
Type ejemplo1.EmpleadoEntity is not enhanced.

------------------------------------------------------------------------------------------------------------------------

[2023-01-01 18:41:56 #1 store] 
Database 'C:\Users\Bakero\git\Acceso_a_datos\Sesion3\db\empleados.odb' is opened by 18136@DESKTOP-6Q7JQ8O

[2023-01-01 18:41:56 #2 store] 
Configuration path: ?

[2023-01-01 18:41:56 #3 type] 
Type ejemplo1.DepartamentoEntity is not enhanced.

[2023-01-01 18:41:56 #4 type] 
Type ejemplo1.EmpleadoEntity is not enhanced.

------------------------------------------------------------------------------------------------------------------------

[2023-01-01 18:42:25 #1 store] 
Database 'C:\Users\Bakero\git\Acceso_a_datos\Sesion3\db\empleados.odb' is opened by 8480@DESKTOP-6Q7JQ8O

[2023-01-01 18:42:25 #2 store] 
Configuration path: ?

[2023-01-01 18:42:25 #3 type] 
Type ejemplo1.DepartamentoEntity is not enhanced.

[2023-01-01 18:42:25 #4 type] 
Type ejemplo1.EmpleadoEntity is not enhanced.

[2023-01-01 18:42:25 #5 store] 
Database 'C:\Users\Bakero\git\Acceso_a_datos\Sesion3\db\empleados.odb' is closed by 8480@DESKTOP-6Q7JQ8O

------------------------------------------------------------------------------------------------------------------------

[2023-01-01 18:42:49 #1 store] 
Database 'C:\Users\Bakero\git\Acceso_a_datos\Sesion3\db\empleados.odb' is opened by 26504@DESKTOP-6Q7JQ8O

[2023-01-01 18:42:49 #2 store] 
Configuration path: ?

[2023-01-01 18:42:49 #3 type] 
Type ejemplo1.DepartamentoEntity is not enhanced.

[2023-01-01 18:42:49 #4 type] 
Type ejemplo1.EmpleadoEntity is not enhanced.

[2023-01-01 18:42:49 #5 store] 
Database 'C:\Users\Bakero\git\Acceso_a_datos\Sesion3\db\empleados.odb' is closed by 26504@DESKTOP-6Q7JQ8O

------------------------------------------------------------------------------------------------------------------------

[2023-01-01 18:46:18 #1 store] 
Database 'C:\Users\Bakero\git\Acceso_a_datos\Sesion3\db\empleados.odb' is opened by 28540@DESKTOP-6Q7JQ8O

[2023-01-01 18:46:18 #2 store] 
Configuration path: ?

[2023-01-01 18:46:18 #3 type] 
Type ejemplo1.DepartamentoEntity is not enhanced.

[2023-01-01 18:46:18 #4 type] 
Type ejemplo1.EmpleadoEntity is not enhanced.

[2023-01-01 18:46:18 #5 store] 
Database 'C:\Users\Bakero\git\Acceso_a_datos\Sesion3\db\empleados.odb' is closed by 28540@DESKTOP-6Q7JQ8O

------------------------------------------------------------------------------------------------------------------------

[2023-01-01 18:47:00 #1 store] 
Database 'C:\Users\Bakero\git\Acceso_a_datos\Sesion3\db\empleados.odb' is opened by 19336@DESKTOP-6Q7JQ8O

[2023-01-01 18:47:00 #2 store] 
Configuration path: ?

[2023-01-01 18:47:00 #3 type] 
Type ejemplo1.DepartamentoEntity is not enhanced.

[2023-01-01 18:47:00 #4 type] 
Type ejemplo1.EmpleadoEntity is not enhanced.

[2023-01-01 18:47:00 #5 store] 
Database 'C:\Users\Bakero\git\Acceso_a_datos\Sesion3\db\empleados.odb' is closed by 19336@DESKTOP-6Q7JQ8O

------------------------------------------------------------------------------------------------------------------------

[2023-01-01 18:49:34 #1 store] 
Database 'C:\Users\Bakero\git\Acceso_a_datos\Sesion3\db\empleados.odb' is opened by 24172@DESKTOP-6Q7JQ8O

[2023-01-01 18:49:34 #2 store] 
Configuration path: ?

[2023-01-01 18:49:34 #3 type] 
Type ejemplo1.DepartamentoEntity is not enhanced.

[2023-01-01 18:49:34 #4 type] 
Type ejemplo1.EmpleadoEntity is not enhanced.

[2023-01-01 18:49:34 #5 store] 
Database 'C:\Users\Bakero\git\Acceso_a_datos\Sesion3\db\empleados.odb' is closed by 24172@DESKTOP-6Q7JQ8O

------------------------------------------------------------------------------------------------------------------------

[2023-01-01 18:49:52 #1 store] 
Database 'C:\Users\Bakero\git\Acceso_a_datos\Sesion3\db\empleados.odb' is opened by 19660@DESKTOP-6Q7JQ8O

[2023-01-01 18:49:52 #2 store] 
Configuration path: ?

[2023-01-01 18:49:52 #3 type] 
Type ejemplo1.DepartamentoEntity is not enhanced.

[2023-01-01 18:49:52 #4 type] 
Type ejemplo1.EmpleadoEntity is not enhanced.

[2023-01-01 18:49:52 #5 store] 
Database 'C:\Users\Bakero\git\Acceso_a_datos\Sesion3\db\empleados.odb' is closed by 19660@DESKTOP-6Q7JQ8O

------------------------------------------------------------------------------------------------------------------------

[2023-01-01 18:50:47 #1 store] 
Database 'C:\Users\Bakero\git\Acceso_a_datos\Sesion3\db\empleados.odb' is opened by 30724@DESKTOP-6Q7JQ8O

[2023-01-01 18:50:47 #2 store] 
Configuration path: ?

[2023-01-01 18:50:47 #3 type] 
Type ejemplo1.DepartamentoEntity is not enhanced.

[2023-01-01 18:50:47 #4 type] 
Type ejemplo1.EmpleadoEntity is not enhanced.

[2023-01-01 18:50:47 #5 store] 
Database 'C:\Users\Bakero\git\Acceso_a_datos\Sesion3\db\empleados.odb' is closed by 30724@DESKTOP-6Q7JQ8O

------------------------------------------------------------------------------------------------------------------------

[2023-01-01 18:57:36 #1 store] 
Database 'C:\Users\Bakero\git\Acceso_a_datos\Sesion3\db\empleados.odb' is opened by 27208@DESKTOP-6Q7JQ8O

[2023-01-01 18:57:36 #2 store] 
Configuration path: ?

[2023-01-01 18:57:36 #3 type] 
Type ejemplo1.DepartamentoEntity is not enhanced.

[2023-01-01 18:57:36 #4 type] 
Type ejemplo1.EmpleadoEntity is not enhanced.

------------------------------------------------------------------------------------------------------------------------

[2023-01-01 18:57:57 #1 store] 
Database 'C:\Users\Bakero\git\Acceso_a_datos\Sesion3\db\empleados.odb' is opened by 30712@DESKTOP-6Q7JQ8O

[2023-01-01 18:57:57 #2 store] 
Configuration path: ?

[2023-01-01 18:57:57 #3 type] 
Type ejemplo1.DepartamentoEntity is not enhanced.

[2023-01-01 18:57:57 #4 type] 
Type ejemplo1.EmpleadoEntity is not enhanced.

------------------------------------------------------------------------------------------------------------------------

[2023-01-01 18:58:28 #1 store] 
Database 'C:\Users\Bakero\git\Acceso_a_datos\Sesion3\db\empleados.odb' is opened by 10340@DESKTOP-6Q7JQ8O

[2023-01-01 18:58:28 #2 store] 
Configuration path: ?

[2023-01-01 18:58:28 #3 type] 
Type ejemplo1.DepartamentoEntity is not enhanced.

[2023-01-01 18:58:28 #4 type] 
Type ejemplo1.EmpleadoEntity is not enhanced.

------------------------------------------------------------------------------------------------------------------------

[2023-01-01 18:58:40 #1 store] 
Database 'C:\Users\Bakero\git\Acceso_a_datos\Sesion3\db\empleados.odb' is opened by 23600@DESKTOP-6Q7JQ8O

[2023-01-01 18:58:40 #2 store] 
Configuration path: ?

[2023-01-01 18:58:40 #3 type] 
Type ejemplo1.DepartamentoEntity is not enhanced.

[2023-01-01 18:58:40 #4 type] 
Type ejemplo1.EmpleadoEntity is not enhanced.

------------------------------------------------------------------------------------------------------------------------

[2023-01-01 18:58:58 #1 store] 
Database 'C:\Users\Bakero\git\Acceso_a_datos\Sesion3\db\empleados.odb' is opened by 14308@DESKTOP-6Q7JQ8O

[2023-01-01 18:58:58 #2 store] 
Configuration path: ?

[2023-01-01 18:58:58 #3 type] 
Type ejemplo1.DepartamentoEntity is not enhanced.

[2023-01-01 18:58:58 #4 type] 
Type ejemplo1.EmpleadoEntity is not enhanced.

------------------------------------------------------------------------------------------------------------------------

[2023-01-01 18:59:11 #1 store] 
Database 'C:\Users\Bakero\git\Acceso_a_datos\Sesion3\db\empleados.odb' is opened by 25908@DESKTOP-6Q7JQ8O

[2023-01-01 18:59:11 #2 store] 
Configuration path: ?

[2023-01-01 18:59:11 #3 type] 
Type ejemplo1.DepartamentoEntity is not enhanced.

[2023-01-01 18:59:11 #4 type] 
Type ejemplo1.EmpleadoEntity is not enhanced.

------------------------------------------------------------------------------------------------------------------------

[2023-01-01 18:59:55 #1 store] 
Database 'C:\Users\Bakero\git\Acceso_a_datos\Sesion3\db\empleados.odb' is opened by 20216@DESKTOP-6Q7JQ8O

[2023-01-01 18:59:55 #2 store] 
Configuration path: ?

[2023-01-01 18:59:55 #3 type] 
Type ejemplo1.DepartamentoEntity is not enhanced.

[2023-01-01 18:59:55 #4 type] 
Type ejemplo1.EmpleadoEntity is not enhanced.

------------------------------------------------------------------------------------------------------------------------

[2023-01-01 19:00:11 #1 store] 
Database 'C:\Users\Bakero\git\Acceso_a_datos\Sesion3\db\empleados.odb' is opened by 15444@DESKTOP-6Q7JQ8O

[2023-01-01 19:00:11 #2 store] 
Configuration path: ?

[2023-01-01 19:00:11 #3 type] 
Type ejemplo1.DepartamentoEntity is not enhanced.

[2023-01-01 19:00:11 #4 type] 
Type ejemplo1.EmpleadoEntity is not enhanced.

------------------------------------------------------------------------------------------------------------------------

[2023-01-01 19:00:32 #1 store] 
Database 'C:\Users\Bakero\git\Acceso_a_datos\Sesion3\db\empleados.odb' is opened by 1448@DESKTOP-6Q7JQ8O

[2023-01-01 19:00:32 #2 store] 
Configuration path: ?

[2023-01-01 19:00:32 #3 type] 
Type ejemplo1.DepartamentoEntity is not enhanced.

[2023-01-01 19:00:32 #4 type] 
Type ejemplo1.EmpleadoEntity is not enhanced.

------------------------------------------------------------------------------------------------------------------------

[2023-01-01 19:00:41 #1 store] 
Database 'C:\Users\Bakero\git\Acceso_a_datos\Sesion3\db\empleados.odb' is opened by 860@DESKTOP-6Q7JQ8O

[2023-01-01 19:00:41 #2 store] 
Configuration path: ?

[2023-01-01 19:00:41 #3 type] 
Type ejemplo1.DepartamentoEntity is not enhanced.

[2023-01-01 19:00:41 #4 type] 
Type ejemplo1.EmpleadoEntity is not enhanced.

------------------------------------------------------------------------------------------------------------------------

[2023-01-01 19:01:25 #1 store] 
Database 'C:\Users\Bakero\git\Acceso_a_datos\Sesion3\db\empleados.odb' is opened by 9616@DESKTOP-6Q7JQ8O

[2023-01-01 19:01:25 #2 store] 
Configuration path: ?

[2023-01-01 19:01:25 #3 type] 
Type ejemplo1.DepartamentoEntity is not enhanced.

[2023-01-01 19:01:25 #4 type] 
Type ejemplo1.EmpleadoEntity is not enhanced.

[2023-01-01 19:01:25 #5 store] 
Database 'C:\Users\Bakero\git\Acceso_a_datos\Sesion3\db\empleados.odb' is closed by 9616@DESKTOP-6Q7JQ8O

------------------------------------------------------------------------------------------------------------------------

[2023-01-01 19:11:12 #1 store] 
Database 'C:\Users\Bakero\git\Acceso_a_datos\Sesion3\db\empleados.odb' is opened by 31008@DESKTOP-6Q7JQ8O

[2023-01-01 19:11:12 #2 store] 
Configuration path: ?

[2023-01-01 19:11:12 #3 type] 
Type ejemplo1.DepartamentoEntity is not enhanced.

[2023-01-01 19:11:12 #4 type] 
Type ejemplo1.EmpleadoEntity is not enhanced.

------------------------------------------------------------------------------------------------------------------------

[2023-01-01 19:11:59 #1 store] 
Database 'C:\Users\Bakero\git\Acceso_a_datos\Sesion3\db\empleados.odb' is opened by 22288@DESKTOP-6Q7JQ8O

[2023-01-01 19:11:59 #2 store] 
Configuration path: ?

[2023-01-01 19:11:59 #3 type] 
Type ejemplo1.DepartamentoEntity is not enhanced.

[2023-01-01 19:11:59 #4 type] 
Type ejemplo1.EmpleadoEntity is not enhanced.

[2023-01-01 19:11:59 #5 store] 
Database 'C:\Users\Bakero\git\Acceso_a_datos\Sesion3\db\empleados.odb' is closed by 22288@DESKTOP-6Q7JQ8O

------------------------------------------------------------------------------------------------------------------------

[2023-01-01 19:14:57 #1 store] 
Database 'C:\Users\Bakero\git\Acceso_a_datos\Sesion3\db\empleados.odb' is opened by 23420@DESKTOP-6Q7JQ8O

[2023-01-01 19:14:57 #2 store] 
Configuration path: ?

[2023-01-01 19:14:57 #3 type] 
Type ejemplo1.DepartamentoEntity is not enhanced.

[2023-01-01 19:14:57 #4 type] 
Type ejemplo1.EmpleadoEntity is not enhanced.

------------------------------------------------------------------------------------------------------------------------

[2023-01-01 19:15:10 #1 store] 
Database 'C:\Users\Bakero\git\Acceso_a_datos\Sesion3\db\empleados.odb' is opened by 13152@DESKTOP-6Q7JQ8O

[2023-01-01 19:15:10 #2 store] 
Configuration path: ?

[2023-01-01 19:15:10 #3 type] 
Type ejemplo1.DepartamentoEntity is not enhanced.

[2023-01-01 19:15:10 #4 type] 
Type ejemplo1.EmpleadoEntity is not enhanced.

[2023-01-01 19:15:10 #5 store] 
Database 'C:\Users\Bakero\git\Acceso_a_datos\Sesion3\db\empleados.odb' is closed by 13152@DESKTOP-6Q7JQ8O

------------------------------------------------------------------------------------------------------------------------

[2023-01-01 19:15:24 #1 store] 
Database 'C:\Users\Bakero\git\Acceso_a_datos\Sesion3\db\empleados.odb' is opened by 22384@DESKTOP-6Q7JQ8O

[2023-01-01 19:15:24 #2 store] 
Configuration path: ?

[2023-01-01 19:15:24 #3 type] 
Type ejemplo1.DepartamentoEntity is not enhanced.

[2023-01-01 19:15:24 #4 type] 
Type ejemplo1.EmpleadoEntity is not enhanced.

[2023-01-01 19:15:24 #5 store] 
Database 'C:\Users\Bakero\git\Acceso_a_datos\Sesion3\db\empleados.odb' is closed by 22384@DESKTOP-6Q7JQ8O

------------------------------------------------------------------------------------------------------------------------

[2023-01-01 19:16:31 #1 store] 
Database 'C:\Users\Bakero\git\Acceso_a_datos\Sesion3\db\empleados.odb' is opened by 6476@DESKTOP-6Q7JQ8O

[2023-01-01 19:16:31 #2 store] 
Configuration path: ?

[2023-01-01 19:16:31 #3 type] 
Type ejemplo1.DepartamentoEntity is not enhanced.

[2023-01-01 19:16:31 #4 type] 
Type ejemplo1.EmpleadoEntity is not enhanced.

------------------------------------------------------------------------------------------------------------------------

[2023-01-01 19:16:45 #1 store] 
Database 'C:\Users\Bakero\git\Acceso_a_datos\Sesion3\db\empleados.odb' is opened by 19180@DESKTOP-6Q7JQ8O

[2023-01-01 19:16:45 #2 store] 
Configuration path: ?

[2023-01-01 19:16:45 #3 type] 
Type ejemplo1.DepartamentoEntity is not enhanced.

[2023-01-01 19:16:45 #4 type] 
Type ejemplo1.EmpleadoEntity is not enhanced.

[2023-01-01 19:16:45 #5 store] 
Database 'C:\Users\Bakero\git\Acceso_a_datos\Sesion3\db\empleados.odb' is closed by 19180@DESKTOP-6Q7JQ8O

------------------------------------------------------------------------------------------------------------------------

[2023-01-01 19:17:06 #1 store] 
Database 'C:\Users\Bakero\git\Acceso_a_datos\Sesion3\db\empleados.odb' is opened by 9916@DESKTOP-6Q7JQ8O

[2023-01-01 19:17:06 #2 store] 
Configuration path: ?

[2023-01-01 19:17:06 #3 type] 
Type ejemplo1.DepartamentoEntity is not enhanced.

[2023-01-01 19:17:06 #4 type] 
Type ejemplo1.EmpleadoEntity is not enhanced.

------------------------------------------------------------------------------------------------------------------------

[2023-01-01 19:17:34 #1 store] 
Database 'C:\Users\Bakero\git\Acceso_a_datos\Sesion3\db\empleados.odb' is opened by 24988@DESKTOP-6Q7JQ8O

[2023-01-01 19:17:34 #2 store] 
Configuration path: ?

[2023-01-01 19:17:34 #3 type] 
Type ejemplo1.DepartamentoEntity is not enhanced.

[2023-01-01 19:17:34 #4 type] 
Type ejemplo1.EmpleadoEntity is not enhanced.

[2023-01-01 19:17:34 #5 store] 
Database 'C:\Users\Bakero\git\Acceso_a_datos\Sesion3\db\empleados.odb' is closed by 24988@DESKTOP-6Q7JQ8O

------------------------------------------------------------------------------------------------------------------------

[2023-01-01 19:22:33 #1 store] 
Database 'C:\Users\Bakero\git\Acceso_a_datos\Sesion3\db\empleados.odb' is opened by 21888@DESKTOP-6Q7JQ8O

[2023-01-01 19:22:33 #2 store] 
Configuration path: ?

[2023-01-01 19:22:33 #3 type] 
Type ejemplo1.DepartamentoEntity is not enhanced.

[2023-01-01 19:22:33 #4 type] 
Type ejemplo1.EmpleadoEntity is not enhanced.

------------------------------------------------------------------------------------------------------------------------

[2023-01-01 19:23:05 #1 store] 
Database 'C:\Users\Bakero\git\Acceso_a_datos\Sesion3\db\empleados.odb' is opened by 30160@DESKTOP-6Q7JQ8O

[2023-01-01 19:23:05 #2 store] 
Configuration path: ?

[2023-01-01 19:23:05 #3 type] 
Type ejemplo1.DepartamentoEntity is not enhanced.

[2023-01-01 19:23:05 #4 type] 
Type ejemplo1.EmpleadoEntity is not enhanced.

[2023-01-01 19:23:05 #5 store] 
Database 'C:\Users\Bakero\git\Acceso_a_datos\Sesion3\db\empleados.odb' is closed by 30160@DESKTOP-6Q7JQ8O

------------------------------------------------------------------------------------------------------------------------

[2023-01-01 19:26:21 #1 store] 
Database 'C:\Users\Bakero\git\Acceso_a_datos\Sesion3\db\empleados.odb' is opened by 26148@DESKTOP-6Q7JQ8O

[2023-01-01 19:26:21 #2 store] 
Configuration path: ?

[2023-01-01 19:26:21 #3 type] 
Type ejemplo1.DepartamentoEntity is not enhanced.

[2023-01-01 19:26:21 #4 type] 
Type ejemplo1.EmpleadoEntity is not enhanced.

[2023-01-01 19:26:21 #5 store] 
Database 'C:\Users\Bakero\git\Acceso_a_datos\Sesion3\db\empleados.odb' is closed by 26148@DESKTOP-6Q7JQ8O

------------------------------------------------------------------------------------------------------------------------

[2023-01-01 19:27:38 #1 store] 
Database 'C:\Users\Bakero\git\Acceso_a_datos\Sesion3\db\empleados.odb' is opened by 6868@DESKTOP-6Q7JQ8O

[2023-01-01 19:27:38 #2 store] 
Configuration path: ?

[2023-01-01 19:27:38 #3 type] 
Type ejemplo1.DepartamentoEntity is not enhanced.

[2023-01-01 19:27:38 #4 type] 
Type ejemplo1.EmpleadoEntity is not enhanced.

------------------------------------------------------------------------------------------------------------------------

[2023-01-01 19:27:57 #1 store] 
Database 'C:\Users\Bakero\git\Acceso_a_datos\Sesion3\db\empleados.odb' is opened by 13408@DESKTOP-6Q7JQ8O

[2023-01-01 19:27:57 #2 store] 
Configuration path: ?

[2023-01-01 19:27:57 #3 type] 
Type ejemplo1.DepartamentoEntity is not enhanced.

[2023-01-01 19:27:57 #4 type] 
Type ejemplo1.EmpleadoEntity is not enhanced.

------------------------------------------------------------------------------------------------------------------------

[2023-01-01 19:28:11 #1 store] 
Database 'C:\Users\Bakero\git\Acceso_a_datos\Sesion3\db\empleados.odb' is opened by 12936@DESKTOP-6Q7JQ8O

[2023-01-01 19:28:11 #2 store] 
Configuration path: ?

[2023-01-01 19:28:11 #3 type] 
Type ejemplo1.DepartamentoEntity is not enhanced.

[2023-01-01 19:28:11 #4 type] 
Type ejemplo1.EmpleadoEntity is not enhanced.

[2023-01-01 19:28:11 #5 store] 
Database 'C:\Users\Bakero\git\Acceso_a_datos\Sesion3\db\empleados.odb' is closed by 12936@DESKTOP-6Q7JQ8O

------------------------------------------------------------------------------------------------------------------------

[2023-01-01 19:28:50 #1 store] 
Database 'C:\Users\Bakero\git\Acceso_a_datos\Sesion3\db\empleados.odb' is opened by 10092@DESKTOP-6Q7JQ8O

[2023-01-01 19:28:50 #2 store] 
Configuration path: ?

[2023-01-01 19:28:50 #3 type] 
Type ejemplo1.DepartamentoEntity is not enhanced.

[2023-01-01 19:28:50 #4 type] 
Type ejemplo1.EmpleadoEntity is not enhanced.

[2023-01-01 19:28:50 #5 store] 
Database 'C:\Users\Bakero\git\Acceso_a_datos\Sesion3\db\empleados.odb' is closed by 10092@DESKTOP-6Q7JQ8O

------------------------------------------------------------------------------------------------------------------------

[2023-01-01 19:29:07 #1 store] 
Database 'C:\Users\Bakero\git\Acceso_a_datos\Sesion3\db\empleados.odb' is opened by 30256@DESKTOP-6Q7JQ8O

[2023-01-01 19:29:07 #2 store] 
Configuration path: ?

[2023-01-01 19:29:07 #3 type] 
Type ejemplo1.DepartamentoEntity is not enhanced.

[2023-01-01 19:29:07 #4 type] 
Type ejemplo1.EmpleadoEntity is not enhanced.

------------------------------------------------------------------------------------------------------------------------

[2023-01-01 19:29:20 #1 store] 
Database 'C:\Users\Bakero\git\Acceso_a_datos\Sesion3\db\empleados.odb' is opened by 17684@DESKTOP-6Q7JQ8O

[2023-01-01 19:29:20 #2 store] 
Configuration path: ?

[2023-01-01 19:29:20 #3 type] 
Type ejemplo1.DepartamentoEntity is not enhanced.

[2023-01-01 19:29:20 #4 type] 
Type ejemplo1.EmpleadoEntity is not enhanced.

[2023-01-01 19:29:20 #5 store] 
Database 'C:\Users\Bakero\git\Acceso_a_datos\Sesion3\db\empleados.odb' is closed by 17684@DESKTOP-6Q7JQ8O

------------------------------------------------------------------------------------------------------------------------

[2023-01-01 19:29:38 #1 store] 
Database 'C:\Users\Bakero\git\Acceso_a_datos\Sesion3\db\empleados.odb' is opened by 13688@DESKTOP-6Q7JQ8O

[2023-01-01 19:29:38 #2 store] 
Configuration path: ?

[2023-01-01 19:29:38 #3 type] 
Type ejemplo1.DepartamentoEntity is not enhanced.

[2023-01-01 19:29:38 #4 type] 
Type ejemplo1.EmpleadoEntity is not enhanced.

[2023-01-01 19:29:38 #5 store] 
Database 'C:\Users\Bakero\git\Acceso_a_datos\Sesion3\db\empleados.odb' is closed by 13688@DESKTOP-6Q7JQ8O

------------------------------------------------------------------------------------------------------------------------

[2023-01-01 19:29:49 #1 store] 
Database 'C:\Users\Bakero\git\Acceso_a_datos\Sesion3\db\empleados.odb' is opened by 23304@DESKTOP-6Q7JQ8O

[2023-01-01 19:29:49 #2 store] 
Configuration path: ?

[2023-01-01 19:29:49 #3 type] 
Type ejemplo1.DepartamentoEntity is not enhanced.

[2023-01-01 19:29:49 #4 type] 
Type ejemplo1.EmpleadoEntity is not enhanced.

[2023-01-01 19:29:49 #5 store] 
Database 'C:\Users\Bakero\git\Acceso_a_datos\Sesion3\db\empleados.odb' is closed by 23304@DESKTOP-6Q7JQ8O

------------------------------------------------------------------------------------------------------------------------

[2023-01-01 19:30:22 #1 store] 
Database 'C:\Users\Bakero\git\Acceso_a_datos\Sesion3\db\empleados.odb' is opened by 2500@DESKTOP-6Q7JQ8O

[2023-01-01 19:30:22 #2 store] 
Configuration path: ?

[2023-01-01 19:30:22 #3 type] 
Type ejemplo1.DepartamentoEntity is not enhanced.

[2023-01-01 19:30:22 #4 type] 
Type ejemplo1.EmpleadoEntity is not enhanced.

------------------------------------------------------------------------------------------------------------------------

[2023-01-01 19:30:36 #1 store] 
Database 'C:\Users\Bakero\git\Acceso_a_datos\Sesion3\db\empleados.odb' is opened by 20044@DESKTOP-6Q7JQ8O

[2023-01-01 19:30:36 #2 store] 
Configuration path: ?

[2023-01-01 19:30:36 #3 type] 
Type ejemplo1.DepartamentoEntity is not enhanced.

[2023-01-01 19:30:36 #4 type] 
Type ejemplo1.EmpleadoEntity is not enhanced.

[2023-01-01 19:30:36 #5 store] 
Database 'C:\Users\Bakero\git\Acceso_a_datos\Sesion3\db\empleados.odb' is closed by 20044@DESKTOP-6Q7JQ8O

------------------------------------------------------------------------------------------------------------------------

[2023-01-01 19:30:48 #1 store] 
Database 'C:\Users\Bakero\git\Acceso_a_datos\Sesion3\db\empleados.odb' is opened by 3312@DESKTOP-6Q7JQ8O

[2023-01-01 19:30:48 #2 store] 
Configuration path: ?

[2023-01-01 19:30:48 #3 type] 
Type ejemplo1.DepartamentoEntity is not enhanced.

[2023-01-01 19:30:48 #4 type] 
Type ejemplo1.EmpleadoEntity is not enhanced.

[2023-01-01 19:30:48 #5 store] 
Database 'C:\Users\Bakero\git\Acceso_a_datos\Sesion3\db\empleados.odb' is closed by 3312@DESKTOP-6Q7JQ8O

------------------------------------------------------------------------------------------------------------------------

[2023-01-01 19:50:04 #1 store] 
Database 'C:\Users\Bakero\git\Acceso_a_datos\Sesion3\db\empleados.odb' is opened by 27148@DESKTOP-6Q7JQ8O

[2023-01-01 19:50:04 #2 store] 
Configuration path: ?

[2023-01-01 19:50:04 #3 type] 
Type ejemplo1.DepartamentoEntity is not enhanced.

[2023-01-01 19:50:04 #4 type] 
Type ejemplo1.EmpleadoEntity is not enhanced.

[2023-01-01 19:50:04 #5 store] 
Database 'C:\Users\Bakero\git\Acceso_a_datos\Sesion3\db\empleados.odb' is closed by 27148@DESKTOP-6Q7JQ8O

------------------------------------------------------------------------------------------------------------------------

[2023-01-01 19:52:07 #1 store] 
Database 'C:\Users\Bakero\git\Acceso_a_datos\Sesion3\db\empleados.odb' is opened by 13688@DESKTOP-6Q7JQ8O

[2023-01-01 19:52:07 #2 store] 
Configuration path: ?

[2023-01-01 19:52:07 #3 type] 
Type ejemplo1.DepartamentoEntity is not enhanced.

[2023-01-01 19:52:07 #4 type] 
Type ejemplo1.EmpleadoEntity is not enhanced.

[2023-01-01 19:52:07 #5 store] 
Database 'C:\Users\Bakero\git\Acceso_a_datos\Sesion3\db\empleados.odb' is closed by 13688@DESKTOP-6Q7JQ8O

------------------------------------------------------------------------------------------------------------------------

[2023-01-01 19:52:26 #1 store] 
Database 'C:\Users\Bakero\git\Acceso_a_datos\Sesion3\db\empleados.odb' is opened by 14304@DESKTOP-6Q7JQ8O

[2023-01-01 19:52:26 #2 store] 
Configuration path: ?

[2023-01-01 19:52:26 #3 type] 
Type ejemplo1.DepartamentoEntity is not enhanced.

[2023-01-01 19:52:26 #4 type] 
Type ejemplo1.EmpleadoEntity is not enhanced.

[2023-01-01 19:52:26 #5 store] 
Database 'C:\Users\Bakero\git\Acceso_a_datos\Sesion3\db\empleados.odb' is closed by 14304@DESKTOP-6Q7JQ8O

------------------------------------------------------------------------------------------------------------------------

[2023-01-01 19:52:32 #1 store] 
Database 'C:\Users\Bakero\git\Acceso_a_datos\Sesion3\db\empleados.odb' is opened by 3688@DESKTOP-6Q7JQ8O

[2023-01-01 19:52:32 #2 store] 
Configuration path: ?

[2023-01-01 19:52:32 #3 type] 
Type ejemplo1.DepartamentoEntity is not enhanced.

[2023-01-01 19:52:32 #4 type] 
Type ejemplo1.EmpleadoEntity is not enhanced.

[2023-01-01 19:52:33 #5 store] 
Database 'C:\Users\Bakero\git\Acceso_a_datos\Sesion3\db\empleados.odb' is closed by 3688@DESKTOP-6Q7JQ8O

------------------------------------------------------------------------------------------------------------------------

[2023-01-01 19:55:29 #1 store] 
Database 'C:\Users\Bakero\git\Acceso_a_datos\Sesion3\db\empleados.odb' is opened by 20280@DESKTOP-6Q7JQ8O

[2023-01-01 19:55:29 #2 store] 
Configuration path: ?

[2023-01-01 19:55:29 #3 type] 
Type ejemplo1.DepartamentoEntity is not enhanced.

[2023-01-01 19:55:29 #4 type] 
Type ejemplo1.EmpleadoEntity is not enhanced.

[2023-01-01 19:55:29 #5 store] 
Database 'C:\Users\Bakero\git\Acceso_a_datos\Sesion3\db\empleados.odb' is closed by 20280@DESKTOP-6Q7JQ8O

------------------------------------------------------------------------------------------------------------------------

[2023-01-01 19:55:38 #1 store] 
Database 'C:\Users\Bakero\git\Acceso_a_datos\Sesion3\db\empleados.odb' is opened by 14148@DESKTOP-6Q7JQ8O

[2023-01-01 19:55:38 #2 store] 
Configuration path: ?

[2023-01-01 19:55:38 #3 type] 
Type ejemplo1.DepartamentoEntity is not enhanced.

[2023-01-01 19:55:38 #4 type] 
Type ejemplo1.EmpleadoEntity is not enhanced.

[2023-01-01 19:55:38 #5 store] 
Database 'C:\Users\Bakero\git\Acceso_a_datos\Sesion3\db\empleados.odb' is closed by 14148@DESKTOP-6Q7JQ8O

------------------------------------------------------------------------------------------------------------------------

[2023-01-01 19:56:36 #1 store] 
Database 'C:\Users\Bakero\git\Acceso_a_datos\Sesion3\db\empleados.odb' is opened by 29700@DESKTOP-6Q7JQ8O

[2023-01-01 19:56:36 #2 store] 
Configuration path: ?

[2023-01-01 19:56:36 #3 type] 
Type ejemplo1.DepartamentoEntity is not enhanced.

[2023-01-01 19:56:36 #4 type] 
Type ejemplo1.EmpleadoEntity is not enhanced.

------------------------------------------------------------------------------------------------------------------------

[2023-01-01 19:56:54 #1 store] 
Database 'C:\Users\Bakero\git\Acceso_a_datos\Sesion3\db\empleados.odb' is opened by 25576@DESKTOP-6Q7JQ8O

[2023-01-01 19:56:54 #2 store] 
Configuration path: ?

[2023-01-01 19:56:54 #3 type] 
Type ejemplo1.DepartamentoEntity is not enhanced.

[2023-01-01 19:56:54 #4 type] 
Type ejemplo1.EmpleadoEntity is not enhanced.

------------------------------------------------------------------------------------------------------------------------

[2023-01-01 19:57:13 #1 store] 
Database 'C:\Users\Bakero\git\Acceso_a_datos\Sesion3\db\empleados.odb' is opened by 17316@DESKTOP-6Q7JQ8O

[2023-01-01 19:57:13 #2 store] 
Configuration path: ?

[2023-01-01 19:57:13 #3 type] 
Type ejemplo1.DepartamentoEntity is not enhanced.

[2023-01-01 19:57:13 #4 type] 
Type ejemplo1.EmpleadoEntity is not enhanced.

[2023-01-01 19:57:13 #5 store] 
Database 'C:\Users\Bakero\git\Acceso_a_datos\Sesion3\db\empleados.odb' is closed by 17316@DESKTOP-6Q7JQ8O

------------------------------------------------------------------------------------------------------------------------

[2023-01-01 20:00:17 #1 store] 
Database 'C:\Users\Bakero\git\Acceso_a_datos\Sesion3\db\empleados.odb' is opened by 21028@DESKTOP-6Q7JQ8O

[2023-01-01 20:00:17 #2 store] 
Configuration path: ?

[2023-01-01 20:00:17 #3 type] 
Type ejemplo1.DepartamentoEntity is not enhanced.

[2023-01-01 20:00:17 #4 type] 
Type ejemplo1.EmpleadoEntity is not enhanced.

[2023-01-01 20:00:17 #5 store] 
Database 'C:\Users\Bakero\git\Acceso_a_datos\Sesion3\db\empleados.odb' is closed by 21028@DESKTOP-6Q7JQ8O

------------------------------------------------------------------------------------------------------------------------

[2023-01-01 20:00:24 #1 store] 
Database 'C:\Users\Bakero\git\Acceso_a_datos\Sesion3\db\empleados.odb' is opened by 32368@DESKTOP-6Q7JQ8O

[2023-01-01 20:00:24 #2 store] 
Configuration path: ?

[2023-01-01 20:00:24 #3 type] 
Type ejemplo1.DepartamentoEntity is not enhanced.

[2023-01-01 20:00:24 #4 type] 
Type ejemplo1.EmpleadoEntity is not enhanced.

------------------------------------------------------------------------------------------------------------------------

[2023-01-01 20:00:55 #1 store] 
Database 'C:\Users\Bakero\git\Acceso_a_datos\Sesion3\db\empleados.odb' is opened by 6536@DESKTOP-6Q7JQ8O

[2023-01-01 20:00:55 #2 store] 
Configuration path: ?

[2023-01-01 20:00:55 #3 type] 
Type ejemplo1.DepartamentoEntity is not enhanced.

[2023-01-01 20:00:55 #4 type] 
Type ejemplo1.EmpleadoEntity is not enhanced.

------------------------------------------------------------------------------------------------------------------------

[2023-01-01 20:01:29 #1 store] 
Database 'C:\Users\Bakero\git\Acceso_a_datos\Sesion3\db\empleados.odb' is opened by 18596@DESKTOP-6Q7JQ8O

[2023-01-01 20:01:29 #2 store] 
Configuration path: ?

[2023-01-01 20:01:29 #3 type] 
Type ejemplo1.DepartamentoEntity is not enhanced.

[2023-01-01 20:01:29 #4 type] 
Type ejemplo1.EmpleadoEntity is not enhanced.

------------------------------------------------------------------------------------------------------------------------

[2023-01-01 20:01:39 #1 store] 
Database 'C:\Users\Bakero\git\Acceso_a_datos\Sesion3\db\empleados.odb' is opened by 14360@DESKTOP-6Q7JQ8O

[2023-01-01 20:01:39 #2 store] 
Configuration path: ?

[2023-01-01 20:01:39 #3 type] 
Type ejemplo1.DepartamentoEntity is not enhanced.

[2023-01-01 20:01:39 #4 type] 
Type ejemplo1.EmpleadoEntity is not enhanced.

------------------------------------------------------------------------------------------------------------------------

[2023-01-01 20:02:00 #1 store] 
Database 'C:\Users\Bakero\git\Acceso_a_datos\Sesion3\db\empleados.odb' is opened by 18416@DESKTOP-6Q7JQ8O

[2023-01-01 20:02:00 #2 store] 
Configuration path: ?

[2023-01-01 20:02:00 #3 type] 
Type ejemplo1.DepartamentoEntity is not enhanced.

[2023-01-01 20:02:00 #4 type] 
Type ejemplo1.EmpleadoEntity is not enhanced.

------------------------------------------------------------------------------------------------------------------------

[2023-01-01 20:02:08 #1 store] 
Database 'C:\Users\Bakero\git\Acceso_a_datos\Sesion3\db\empleados.odb' is opened by 30228@DESKTOP-6Q7JQ8O

[2023-01-01 20:02:08 #2 store] 
Configuration path: ?

[2023-01-01 20:02:08 #3 type] 
Type ejemplo1.DepartamentoEntity is not enhanced.

[2023-01-01 20:02:08 #4 type] 
Type ejemplo1.EmpleadoEntity is not enhanced.

------------------------------------------------------------------------------------------------------------------------

[2023-01-01 20:02:27 #1 store] 
Database 'C:\Users\Bakero\git\Acceso_a_datos\Sesion3\db\empleados.odb' is opened by 23448@DESKTOP-6Q7JQ8O

[2023-01-01 20:02:27 #2 store] 
Configuration path: ?

[2023-01-01 20:02:27 #3 type] 
Type ejemplo1.DepartamentoEntity is not enhanced.

[2023-01-01 20:02:27 #4 type] 
Type ejemplo1.EmpleadoEntity is not enhanced.

------------------------------------------------------------------------------------------------------------------------

[2023-01-01 20:02:36 #1 store] 
Database 'C:\Users\Bakero\git\Acceso_a_datos\Sesion3\db\empleados.odb' is opened by 11788@DESKTOP-6Q7JQ8O

[2023-01-01 20:02:36 #2 store] 
Configuration path: ?

[2023-01-01 20:02:36 #3 type] 
Type ejemplo1.DepartamentoEntity is not enhanced.

[2023-01-01 20:02:36 #4 type] 
Type ejemplo1.EmpleadoEntity is not enhanced.

------------------------------------------------------------------------------------------------------------------------

[2023-01-01 20:02:52 #1 store] 
Database 'C:\Users\Bakero\git\Acceso_a_datos\Sesion3\db\empleados.odb' is opened by 22852@DESKTOP-6Q7JQ8O

[2023-01-01 20:02:52 #2 store] 
Configuration path: ?

[2023-01-01 20:02:52 #3 type] 
Type ejemplo1.DepartamentoEntity is not enhanced.

[2023-01-01 20:02:52 #4 type] 
Type ejemplo1.EmpleadoEntity is not enhanced.

------------------------------------------------------------------------------------------------------------------------

[2023-01-01 20:03:08 #1 store] 
Database 'C:\Users\Bakero\git\Acceso_a_datos\Sesion3\db\empleados.odb' is opened by 7464@DESKTOP-6Q7JQ8O

[2023-01-01 20:03:08 #2 store] 
Configuration path: ?

[2023-01-01 20:03:08 #3 type] 
Type ejemplo1.DepartamentoEntity is not enhanced.

[2023-01-01 20:03:08 #4 type] 
Type ejemplo1.EmpleadoEntity is not enhanced.

------------------------------------------------------------------------------------------------------------------------

[2023-01-01 20:05:02 #1 store] 
Database 'C:\Users\Bakero\git\Acceso_a_datos\Sesion3\db\empleados.odb' is opened by 17756@DESKTOP-6Q7JQ8O

[2023-01-01 20:05:02 #2 store] 
Configuration path: ?

[2023-01-01 20:05:03 #3 type] 
Type ejemplo1.DepartamentoEntity is not enhanced.

[2023-01-01 20:05:03 #4 type] 
Type ejemplo1.EmpleadoEntity is not enhanced.

------------------------------------------------------------------------------------------------------------------------

[2023-01-01 20:05:12 #1 store] 
Database 'C:\Users\Bakero\git\Acceso_a_datos\Sesion3\db\empleados.odb' is opened by 16152@DESKTOP-6Q7JQ8O

[2023-01-01 20:05:12 #2 store] 
Configuration path: ?

[2023-01-01 20:05:12 #3 type] 
Type ejemplo1.DepartamentoEntity is not enhanced.

[2023-01-01 20:05:12 #4 type] 
Type ejemplo1.EmpleadoEntity is not enhanced.

------------------------------------------------------------------------------------------------------------------------

[2023-01-01 20:05:22 #1 store] 
Database 'C:\Users\Bakero\git\Acceso_a_datos\Sesion3\db\empleados.odb' is opened by 23976@DESKTOP-6Q7JQ8O

[2023-01-01 20:05:22 #2 store] 
Configuration path: ?

[2023-01-01 20:05:22 #3 type] 
Type ejemplo1.DepartamentoEntity is not enhanced.

[2023-01-01 20:05:22 #4 type] 
Type ejemplo1.EmpleadoEntity is not enhanced.

------------------------------------------------------------------------------------------------------------------------

[2023-01-01 20:05:38 #1 store] 
Database 'C:\Users\Bakero\git\Acceso_a_datos\Sesion3\db\empleados.odb' is opened by 16704@DESKTOP-6Q7JQ8O

[2023-01-01 20:05:38 #2 store] 
Configuration path: ?

[2023-01-01 20:05:38 #3 type] 
Type ejemplo1.DepartamentoEntity is not enhanced.

[2023-01-01 20:05:38 #4 type] 
Type ejemplo1.EmpleadoEntity is not enhanced.

------------------------------------------------------------------------------------------------------------------------

[2023-01-01 20:05:46 #1 store] 
Database 'C:\Users\Bakero\git\Acceso_a_datos\Sesion3\db\empleados.odb' is opened by 10572@DESKTOP-6Q7JQ8O

[2023-01-01 20:05:46 #2 store] 
Configuration path: ?

[2023-01-01 20:05:46 #3 type] 
Type ejemplo1.DepartamentoEntity is not enhanced.

[2023-01-01 20:05:46 #4 type] 
Type ejemplo1.EmpleadoEntity is not enhanced.

------------------------------------------------------------------------------------------------------------------------

[2023-01-01 20:05:58 #1 store] 
Database 'C:\Users\Bakero\git\Acceso_a_datos\Sesion3\db\empleados.odb' is opened by 12864@DESKTOP-6Q7JQ8O

[2023-01-01 20:05:58 #2 store] 
Configuration path: ?

[2023-01-01 20:05:58 #3 type] 
Type ejemplo1.DepartamentoEntity is not enhanced.

[2023-01-01 20:05:58 #4 type] 
Type ejemplo1.EmpleadoEntity is not enhanced.

------------------------------------------------------------------------------------------------------------------------

[2023-01-01 20:07:03 #1 store] 
Database 'C:\Users\Bakero\git\Acceso_a_datos\Sesion3\db\empleados.odb' is opened by 25444@DESKTOP-6Q7JQ8O

[2023-01-01 20:07:03 #2 store] 
Configuration path: ?

[2023-01-01 20:07:03 #3 type] 
Type ejemplo1.DepartamentoEntity is not enhanced.

[2023-01-01 20:07:03 #4 type] 
Type ejemplo1.EmpleadoEntity is not enhanced.

------------------------------------------------------------------------------------------------------------------------

[2023-01-01 20:07:16 #1 store] 
Database 'C:\Users\Bakero\git\Acceso_a_datos\Sesion3\db\empleados.odb' is opened by 26416@DESKTOP-6Q7JQ8O

[2023-01-01 20:07:16 #2 store] 
Configuration path: ?

[2023-01-01 20:07:16 #3 type] 
Type ejemplo1.DepartamentoEntity is not enhanced.

[2023-01-01 20:07:16 #4 type] 
Type ejemplo1.EmpleadoEntity is not enhanced.

------------------------------------------------------------------------------------------------------------------------

[2023-01-01 20:07:30 #1 store] 
Database 'C:\Users\Bakero\git\Acceso_a_datos\Sesion3\db\empleados.odb' is opened by 6984@DESKTOP-6Q7JQ8O

[2023-01-01 20:07:30 #2 store] 
Configuration path: ?

[2023-01-01 20:07:30 #3 type] 
Type ejemplo1.DepartamentoEntity is not enhanced.

[2023-01-01 20:07:30 #4 type] 
Type ejemplo1.EmpleadoEntity is not enhanced.

[2023-01-01 20:07:30 #5 store] 
Database 'C:\Users\Bakero\git\Acceso_a_datos\Sesion3\db\empleados.odb' is closed by 6984@DESKTOP-6Q7JQ8O

------------------------------------------------------------------------------------------------------------------------

[2023-01-01 20:08:07 #1 store] 
Database 'C:\Users\Bakero\git\Acceso_a_datos\Sesion3\db\empleados.odb' is opened by 22444@DESKTOP-6Q7JQ8O

[2023-01-01 20:08:07 #2 store] 
Configuration path: ?

[2023-01-01 20:08:07 #3 type] 
Type ejemplo1.DepartamentoEntity is not enhanced.

[2023-01-01 20:08:07 #4 type] 
Type ejemplo1.EmpleadoEntity is not enhanced.

------------------------------------------------------------------------------------------------------------------------

[2023-01-01 20:08:20 #1 store] 
Database 'C:\Users\Bakero\git\Acceso_a_datos\Sesion3\db\empleados.odb' is opened by 7552@DESKTOP-6Q7JQ8O

[2023-01-01 20:08:20 #2 store] 
Configuration path: ?

[2023-01-01 20:08:20 #3 type] 
Type ejemplo1.DepartamentoEntity is not enhanced.

[2023-01-01 20:08:20 #4 type] 
Type ejemplo1.EmpleadoEntity is not enhanced.

------------------------------------------------------------------------------------------------------------------------

[2023-01-01 20:09:18 #1 store] 
Database 'C:\Users\Bakero\git\Acceso_a_datos\Sesion3\db\empleados.odb' is opened by 15368@DESKTOP-6Q7JQ8O

[2023-01-01 20:09:18 #2 store] 
Configuration path: ?

[2023-01-01 20:09:18 #3 type] 
Type ejemplo1.DepartamentoEntity is not enhanced.

[2023-01-01 20:09:18 #4 type] 
Type ejemplo1.EmpleadoEntity is not enhanced.

------------------------------------------------------------------------------------------------------------------------

[2023-01-01 20:09:32 #1 store] 
Database 'C:\Users\Bakero\git\Acceso_a_datos\Sesion3\db\empleados.odb' is opened by 13744@DESKTOP-6Q7JQ8O

[2023-01-01 20:09:32 #2 store] 
Configuration path: ?

[2023-01-01 20:09:32 #3 type] 
Type ejemplo1.DepartamentoEntity is not enhanced.

[2023-01-01 20:09:32 #4 type] 
Type ejemplo1.EmpleadoEntity is not enhanced.

------------------------------------------------------------------------------------------------------------------------

[2023-01-01 20:09:46 #1 store] 
Database 'C:\Users\Bakero\git\Acceso_a_datos\Sesion3\db\empleados.odb' is opened by 24740@DESKTOP-6Q7JQ8O

[2023-01-01 20:09:46 #2 store] 
Configuration path: ?

[2023-01-01 20:09:47 #3 type] 
Type ejemplo1.DepartamentoEntity is not enhanced.

[2023-01-01 20:09:47 #4 type] 
Type ejemplo1.EmpleadoEntity is not enhanced.

------------------------------------------------------------------------------------------------------------------------

[2023-01-01 20:09:55 #1 store] 
Database 'C:\Users\Bakero\git\Acceso_a_datos\Sesion3\db\empleados.odb' is opened by 24268@DESKTOP-6Q7JQ8O

[2023-01-01 20:09:55 #2 store] 
Configuration path: ?

[2023-01-01 20:09:55 #3 type] 
Type ejemplo1.DepartamentoEntity is not enhanced.

[2023-01-01 20:09:55 #4 type] 
Type ejemplo1.EmpleadoEntity is not enhanced.

