------------------------------------------------------------------------------------------------------------------------

[2023-01-10 17:28:28 #1 store] 
Database 'C:\Users\Bakero\git\Acceso_a_datos\Sesion3\db\empleados.odb' is opened by 20364@DESKTOP-6Q7JQ8O

[2023-01-10 17:28:28 #2 store] 
Configuration path: ?

------------------------------------------------------------------------------------------------------------------------

[2023-01-10 17:29:02 #1 store] 
Database 'C:\Users\Bakero\git\Acceso_a_datos\Sesion3\db\empleados.odb' is opened by 18032@DESKTOP-6Q7JQ8O

[2023-01-10 17:29:02 #2 store] 
Configuration path: ?

------------------------------------------------------------------------------------------------------------------------

[2023-01-10 17:32:11 #1 store] 
Database 'C:\Users\Bakero\git\Acceso_a_datos\Sesion3\db\empleados.odb' is opened by 23272@DESKTOP-6Q7JQ8O

[2023-01-10 17:32:11 #2 store] 
Configuration path: ?

[2023-01-10 17:32:11 #3 type] 
Type ejemplo1.DepartamentoEntity is not enhanced.

[2023-01-10 17:32:11 #4 type] 
Type ejemplo1.EmpleadoEntity is not enhanced.

[2023-01-10 17:32:11 #5 store] 
Database 'C:\Users\Bakero\git\Acceso_a_datos\Sesion3\db\empleados.odb' is closed by 23272@DESKTOP-6Q7JQ8O

------------------------------------------------------------------------------------------------------------------------

[2023-01-10 17:32:43 #1 store] 
Database 'C:\Users\Bakero\git\Acceso_a_datos\Sesion3\db\empleados.odb' is opened by 2312@DESKTOP-6Q7JQ8O

[2023-01-10 17:32:43 #2 store] 
Configuration path: ?

[2023-01-10 17:32:43 #3 type] 
Type ejemplo1.DepartamentoEntity is not enhanced.

[2023-01-10 17:32:43 #4 type] 
Type ejemplo1.EmpleadoEntity is not enhanced.

[2023-01-10 17:32:43 #5 store] 
Database 'C:\Users\Bakero\git\Acceso_a_datos\Sesion3\db\empleados.odb' is closed by 2312@DESKTOP-6Q7JQ8O

------------------------------------------------------------------------------------------------------------------------

[2023-01-10 17:33:49 #1 store] 
Database 'C:\Users\Bakero\git\Acceso_a_datos\Sesion3\db\empleados.odb' is opened by 1124@DESKTOP-6Q7JQ8O

[2023-01-10 17:33:49 #2 store] 
Configuration path: ?

[2023-01-10 17:33:49 #3 type] 
Type ejemplo1.DepartamentoEntity is not enhanced.

[2023-01-10 17:33:49 #4 type] 
Type ejemplo1.EmpleadoEntity is not enhanced.

[2023-01-10 17:33:49 #5 store] 
Database 'C:\Users\Bakero\git\Acceso_a_datos\Sesion3\db\empleados.odb' is closed by 1124@DESKTOP-6Q7JQ8O

------------------------------------------------------------------------------------------------------------------------

[2023-01-10 17:37:25 #1 store] 
Database 'C:\Users\Bakero\git\Acceso_a_datos\Sesion3\db\empleados.odb' is opened by 26320@DESKTOP-6Q7JQ8O

[2023-01-10 17:37:25 #2 store] 
Configuration path: ?

[2023-01-10 17:37:25 #3 type] 
Type ejemplo1.DepartamentoEntity is not enhanced.

[2023-01-10 17:37:25 #4 type] 
Type ejemplo1.EmpleadoEntity is not enhanced.

[2023-01-10 17:37:25 #5 store] 
Database 'C:\Users\Bakero\git\Acceso_a_datos\Sesion3\db\empleados.odb' is closed by 26320@DESKTOP-6Q7JQ8O

------------------------------------------------------------------------------------------------------------------------

[2023-01-10 17:38:24 #1 store] 
Database 'C:\Users\Bakero\git\Acceso_a_datos\Sesion3\db\empleados.odb' is opened by 10200@DESKTOP-6Q7JQ8O

[2023-01-10 17:38:24 #2 store] 
Configuration path: ?

[2023-01-10 17:38:24 #3 type] 
Type ejemplo1.DepartamentoEntity is not enhanced.

[2023-01-10 17:38:24 #4 type] 
Type ejemplo1.EmpleadoEntity is not enhanced.

[2023-01-10 17:38:24 #5 store] 
Database 'C:\Users\Bakero\git\Acceso_a_datos\Sesion3\db\empleados.odb' is closed by 10200@DESKTOP-6Q7JQ8O

------------------------------------------------------------------------------------------------------------------------

[2023-01-10 17:39:56 #1 store] 
Database 'C:\Users\Bakero\git\Acceso_a_datos\Sesion3\db\empleados.odb' is opened by 2000@DESKTOP-6Q7JQ8O

[2023-01-10 17:39:56 #2 store] 
Configuration path: ?

[2023-01-10 17:39:56 #3 type] 
Type ejemplo1.DepartamentoEntity is not enhanced.

[2023-01-10 17:39:56 #4 type] 
Type ejemplo1.EmpleadoEntity is not enhanced.

------------------------------------------------------------------------------------------------------------------------

[2023-01-10 17:40:17 #1 store] 
Database 'C:\Users\Bakero\git\Acceso_a_datos\Sesion3\db\empleados.odb' is opened by 22836@DESKTOP-6Q7JQ8O

[2023-01-10 17:40:17 #2 store] 
Configuration path: ?

[2023-01-10 17:40:17 #3 type] 
Type ejemplo1.DepartamentoEntity is not enhanced.

[2023-01-10 17:40:17 #4 type] 
Type ejemplo1.EmpleadoEntity is not enhanced.

[2023-01-10 17:40:17 #5 store] 
Database 'C:\Users\Bakero\git\Acceso_a_datos\Sesion3\db\empleados.odb' is closed by 22836@DESKTOP-6Q7JQ8O

------------------------------------------------------------------------------------------------------------------------

[2023-01-10 17:40:32 #1 store] 
Database 'C:\Users\Bakero\git\Acceso_a_datos\Sesion3\db\empleados.odb' is opened by 6624@DESKTOP-6Q7JQ8O

[2023-01-10 17:40:32 #2 store] 
Configuration path: ?

[2023-01-10 17:40:32 #3 type] 
Type ejemplo1.DepartamentoEntity is not enhanced.

[2023-01-10 17:40:32 #4 type] 
Type ejemplo1.EmpleadoEntity is not enhanced.

[2023-01-10 17:40:32 #5 store] 
Database 'C:\Users\Bakero\git\Acceso_a_datos\Sesion3\db\empleados.odb' is closed by 6624@DESKTOP-6Q7JQ8O

------------------------------------------------------------------------------------------------------------------------

[2023-01-10 17:41:46 #1 store] 
Database 'C:\Users\Bakero\git\Acceso_a_datos\Sesion3\db\empleados.odb' is opened by 15872@DESKTOP-6Q7JQ8O

[2023-01-10 17:41:46 #2 store] 
Configuration path: ?

[2023-01-10 17:41:46 #3 type] 
Type ejemplo1.DepartamentoEntity is not enhanced.

[2023-01-10 17:41:46 #4 type] 
Type ejemplo1.EmpleadoEntity is not enhanced.

[2023-01-10 17:41:46 #5 store] 
Database 'C:\Users\Bakero\git\Acceso_a_datos\Sesion3\db\empleados.odb' is closed by 15872@DESKTOP-6Q7JQ8O

------------------------------------------------------------------------------------------------------------------------

[2023-01-10 17:42:03 #1 store] 
Database 'C:\Users\Bakero\git\Acceso_a_datos\Sesion3\db\empleados.odb' is opened by 4812@DESKTOP-6Q7JQ8O

[2023-01-10 17:42:03 #2 store] 
Configuration path: ?

[2023-01-10 17:42:03 #3 type] 
Type ejemplo1.DepartamentoEntity is not enhanced.

[2023-01-10 17:42:03 #4 type] 
Type ejemplo1.EmpleadoEntity is not enhanced.

[2023-01-10 17:42:03 #5 store] 
Database 'C:\Users\Bakero\git\Acceso_a_datos\Sesion3\db\empleados.odb' is closed by 4812@DESKTOP-6Q7JQ8O

------------------------------------------------------------------------------------------------------------------------

[2023-01-10 17:44:35 #1 store] 
Database 'C:\Users\Bakero\git\Acceso_a_datos\Sesion3\db\empleados.odb' is opened by 13252@DESKTOP-6Q7JQ8O

[2023-01-10 17:44:35 #2 store] 
Configuration path: ?

[2023-01-10 17:44:35 #3 type] 
Type ejemplo1.DepartamentoEntity is not enhanced.

[2023-01-10 17:44:35 #4 type] 
Type ejemplo1.EmpleadoEntity is not enhanced.

------------------------------------------------------------------------------------------------------------------------

[2023-01-10 17:45:13 #1 store] 
Database 'C:\Users\Bakero\git\Acceso_a_datos\Sesion3\db\empleados.odb' is opened by 24796@DESKTOP-6Q7JQ8O

[2023-01-10 17:45:13 #2 store] 
Configuration path: ?

[2023-01-10 17:45:13 #3 type] 
Type ejemplo1.DepartamentoEntity is not enhanced.

[2023-01-10 17:45:13 #4 type] 
Type ejemplo1.EmpleadoEntity is not enhanced.

------------------------------------------------------------------------------------------------------------------------

[2023-01-10 17:46:03 #1 store] 
Database 'C:\Users\Bakero\git\Acceso_a_datos\Sesion3\db\empleados.odb' is opened by 11516@DESKTOP-6Q7JQ8O

[2023-01-10 17:46:03 #2 store] 
Configuration path: ?

[2023-01-10 17:46:03 #3 type] 
Type ejemplo1.DepartamentoEntity is not enhanced.

[2023-01-10 17:46:03 #4 type] 
Type ejemplo1.EmpleadoEntity is not enhanced.

------------------------------------------------------------------------------------------------------------------------

[2023-01-10 17:47:10 #1 store] 
Database 'C:\Users\Bakero\git\Acceso_a_datos\Sesion3\db\empleados.odb' is opened by 2008@DESKTOP-6Q7JQ8O

[2023-01-10 17:47:10 #2 store] 
Configuration path: ?

[2023-01-10 17:47:10 #3 type] 
Type ejemplo1.DepartamentoEntity is not enhanced.

[2023-01-10 17:47:10 #4 type] 
Type ejemplo1.EmpleadoEntity is not enhanced.

------------------------------------------------------------------------------------------------------------------------

[2023-01-10 17:47:27 #1 store] 
Database 'C:\Users\Bakero\git\Acceso_a_datos\Sesion3\db\empleados.odb' is opened by 27440@DESKTOP-6Q7JQ8O

[2023-01-10 17:47:27 #2 store] 
Configuration path: ?

[2023-01-10 17:47:27 #3 type] 
Type ejemplo1.DepartamentoEntity is not enhanced.

[2023-01-10 17:47:27 #4 type] 
Type ejemplo1.EmpleadoEntity is not enhanced.

------------------------------------------------------------------------------------------------------------------------

[2023-01-10 17:47:40 #1 store] 
Database 'C:\Users\Bakero\git\Acceso_a_datos\Sesion3\db\empleados.odb' is opened by 2380@DESKTOP-6Q7JQ8O

[2023-01-10 17:47:40 #2 store] 
Configuration path: ?

[2023-01-10 17:47:40 #3 type] 
Type ejemplo1.DepartamentoEntity is not enhanced.

[2023-01-10 17:47:40 #4 type] 
Type ejemplo1.EmpleadoEntity is not enhanced.

------------------------------------------------------------------------------------------------------------------------

[2023-01-10 17:48:06 #1 store] 
Database 'C:\Users\Bakero\git\Acceso_a_datos\Sesion3\db\empleados.odb' is opened by 17712@DESKTOP-6Q7JQ8O

[2023-01-10 17:48:06 #2 store] 
Configuration path: ?

[2023-01-10 17:48:06 #3 type] 
Type ejemplo1.DepartamentoEntity is not enhanced.

[2023-01-10 17:48:06 #4 type] 
Type ejemplo1.EmpleadoEntity is not enhanced.

------------------------------------------------------------------------------------------------------------------------

[2023-01-10 17:48:51 #1 store] 
Database 'C:\Users\Bakero\git\Acceso_a_datos\Sesion3\db\empleados.odb' is opened by 17136@DESKTOP-6Q7JQ8O

[2023-01-10 17:48:51 #2 store] 
Configuration path: ?

[2023-01-10 17:48:51 #3 type] 
Type ejemplo1.DepartamentoEntity is not enhanced.

[2023-01-10 17:48:51 #4 type] 
Type ejemplo1.EmpleadoEntity is not enhanced.

[2023-01-10 17:48:51 #5 store] 
Database 'C:\Users\Bakero\git\Acceso_a_datos\Sesion3\db\empleados.odb' is closed by 17136@DESKTOP-6Q7JQ8O

------------------------------------------------------------------------------------------------------------------------

[2023-01-10 17:49:11 #1 store] 
Database 'C:\Users\Bakero\git\Acceso_a_datos\Sesion3\db\empleados.odb' is opened by 21520@DESKTOP-6Q7JQ8O

[2023-01-10 17:49:11 #2 store] 
Configuration path: ?

[2023-01-10 17:49:11 #3 type] 
Type ejemplo1.DepartamentoEntity is not enhanced.

[2023-01-10 17:49:11 #4 type] 
Type ejemplo1.EmpleadoEntity is not enhanced.

[2023-01-10 17:49:11 #5 store] 
Database 'C:\Users\Bakero\git\Acceso_a_datos\Sesion3\db\empleados.odb' is closed by 21520@DESKTOP-6Q7JQ8O

------------------------------------------------------------------------------------------------------------------------

[2023-01-10 17:49:37 #1 store] 
Database 'C:\Users\Bakero\git\Acceso_a_datos\Sesion3\db\empleados.odb' is opened by 27480@DESKTOP-6Q7JQ8O

[2023-01-10 17:49:37 #2 store] 
Configuration path: ?

[2023-01-10 17:49:37 #3 type] 
Type ejemplo1.DepartamentoEntity is not enhanced.

[2023-01-10 17:49:37 #4 type] 
Type ejemplo1.EmpleadoEntity is not enhanced.

[2023-01-10 17:49:37 #5 store] 
Database 'C:\Users\Bakero\git\Acceso_a_datos\Sesion3\db\empleados.odb' is closed by 27480@DESKTOP-6Q7JQ8O

------------------------------------------------------------------------------------------------------------------------

[2023-01-10 17:50:56 #1 store] 
Database 'C:\Users\Bakero\git\Acceso_a_datos\Sesion3\db\empleados.odb' is opened by 360@DESKTOP-6Q7JQ8O

[2023-01-10 17:50:56 #2 store] 
Configuration path: ?

[2023-01-10 17:50:56 #3 type] 
Type ejemplo1.DepartamentoEntity is not enhanced.

[2023-01-10 17:50:56 #4 type] 
Type ejemplo1.EmpleadoEntity is not enhanced.

------------------------------------------------------------------------------------------------------------------------

[2023-01-10 17:52:35 #1 store] 
Database 'C:\Users\Bakero\git\Acceso_a_datos\Sesion3\db\empleados.odb' is opened by 5132@DESKTOP-6Q7JQ8O

[2023-01-10 17:52:35 #2 store] 
Configuration path: ?

[2023-01-10 17:52:35 #3 type] 
Type ejemplo1.DepartamentoEntity is not enhanced.

[2023-01-10 17:52:35 #4 type] 
Type ejemplo1.EmpleadoEntity is not enhanced.

[2023-01-10 17:52:35 #5 store] 
Database 'C:\Users\Bakero\git\Acceso_a_datos\Sesion3\db\empleados.odb' is closed by 5132@DESKTOP-6Q7JQ8O

------------------------------------------------------------------------------------------------------------------------

[2023-01-10 17:53:01 #1 store] 
Database 'C:\Users\Bakero\git\Acceso_a_datos\Sesion3\db\empleados.odb' is opened by 27428@DESKTOP-6Q7JQ8O

[2023-01-10 17:53:01 #2 store] 
Configuration path: ?

[2023-01-10 17:53:01 #3 type] 
Type ejemplo1.DepartamentoEntity is not enhanced.

[2023-01-10 17:53:01 #4 type] 
Type ejemplo1.EmpleadoEntity is not enhanced.

[2023-01-10 17:53:01 #5 store] 
Database 'C:\Users\Bakero\git\Acceso_a_datos\Sesion3\db\empleados.odb' is closed by 27428@DESKTOP-6Q7JQ8O

------------------------------------------------------------------------------------------------------------------------

[2023-01-10 17:56:16 #1 store] 
Database 'C:\Users\Bakero\git\Acceso_a_datos\Sesion3\db\empleados.odb' is opened by 1604@DESKTOP-6Q7JQ8O

[2023-01-10 17:56:16 #2 store] 
Configuration path: ?

[2023-01-10 17:56:16 #3 type] 
Type ejemplo1.DepartamentoEntity is not enhanced.

[2023-01-10 17:56:16 #4 type] 
Type ejemplo1.EmpleadoEntity is not enhanced.

------------------------------------------------------------------------------------------------------------------------

[2023-01-10 17:57:11 #1 store] 
Database 'C:\Users\Bakero\git\Acceso_a_datos\Sesion3\db\empleados.odb' is opened by 11892@DESKTOP-6Q7JQ8O

[2023-01-10 17:57:11 #2 store] 
Configuration path: ?

[2023-01-10 17:57:11 #3 type] 
Type ejemplo1.DepartamentoEntity is not enhanced.

[2023-01-10 17:57:11 #4 type] 
Type ejemplo1.EmpleadoEntity is not enhanced.

[2023-01-10 17:57:11 #5 store] 
Database 'C:\Users\Bakero\git\Acceso_a_datos\Sesion3\db\empleados.odb' is closed by 11892@DESKTOP-6Q7JQ8O

------------------------------------------------------------------------------------------------------------------------

[2023-01-10 17:58:35 #1 store] 
Database 'C:\Users\Bakero\git\Acceso_a_datos\Sesion3\db\empleados.odb' is opened by 24092@DESKTOP-6Q7JQ8O

[2023-01-10 17:58:35 #2 store] 
Configuration path: ?

[2023-01-10 17:58:35 #3 type] 
Type ejemplo1.DepartamentoEntity is not enhanced.

[2023-01-10 17:58:35 #4 type] 
Type ejemplo1.EmpleadoEntity is not enhanced.

------------------------------------------------------------------------------------------------------------------------

[2023-01-10 17:58:51 #1 store] 
Database 'C:\Users\Bakero\git\Acceso_a_datos\Sesion3\db\empleados.odb' is opened by 25784@DESKTOP-6Q7JQ8O

[2023-01-10 17:58:51 #2 store] 
Configuration path: ?

[2023-01-10 17:58:51 #3 type] 
Type ejemplo1.DepartamentoEntity is not enhanced.

[2023-01-10 17:58:51 #4 type] 
Type ejemplo1.EmpleadoEntity is not enhanced.

------------------------------------------------------------------------------------------------------------------------

[2023-01-10 18:00:06 #1 store] 
Database 'C:\Users\Bakero\git\Acceso_a_datos\Sesion3\db\empleados.odb' is opened by 4552@DESKTOP-6Q7JQ8O

[2023-01-10 18:00:06 #2 store] 
Configuration path: ?

[2023-01-10 18:00:07 #3 type] 
Type ejemplo1.DepartamentoEntity is not enhanced.

[2023-01-10 18:00:07 #4 type] 
Type ejemplo1.EmpleadoEntity is not enhanced.

------------------------------------------------------------------------------------------------------------------------

[2023-01-10 18:00:50 #1 store] 
Database 'C:\Users\Bakero\git\Acceso_a_datos\Sesion3\db\empleados.odb' is opened by 17680@DESKTOP-6Q7JQ8O

[2023-01-10 18:00:50 #2 store] 
Configuration path: ?

[2023-01-10 18:00:50 #3 type] 
Type ejemplo1.DepartamentoEntity is not enhanced.

[2023-01-10 18:00:50 #4 type] 
Type ejemplo1.EmpleadoEntity is not enhanced.

------------------------------------------------------------------------------------------------------------------------

[2023-01-10 18:01:17 #1 store] 
Database 'C:\Users\Bakero\git\Acceso_a_datos\Sesion3\db\empleados.odb' is opened by 3084@DESKTOP-6Q7JQ8O

[2023-01-10 18:01:17 #2 store] 
Configuration path: ?

[2023-01-10 18:01:17 #3 type] 
Type ejemplo1.DepartamentoEntity is not enhanced.

[2023-01-10 18:01:17 #4 type] 
Type ejemplo1.EmpleadoEntity is not enhanced.

------------------------------------------------------------------------------------------------------------------------

[2023-01-10 18:01:31 #1 store] 
Database 'C:\Users\Bakero\git\Acceso_a_datos\Sesion3\db\empleados.odb' is opened by 20272@DESKTOP-6Q7JQ8O

[2023-01-10 18:01:31 #2 store] 
Configuration path: ?

[2023-01-10 18:01:31 #3 type] 
Type ejemplo1.DepartamentoEntity is not enhanced.

[2023-01-10 18:01:31 #4 type] 
Type ejemplo1.EmpleadoEntity is not enhanced.

------------------------------------------------------------------------------------------------------------------------

[2023-01-10 18:02:12 #1 store] 
Database 'C:\Users\Bakero\git\Acceso_a_datos\Sesion3\db\empleados.odb' is opened by 27292@DESKTOP-6Q7JQ8O

[2023-01-10 18:02:12 #2 store] 
Configuration path: ?

[2023-01-10 18:02:12 #3 type] 
Type ejemplo1.DepartamentoEntity is not enhanced.

[2023-01-10 18:02:12 #4 type] 
Type ejemplo1.EmpleadoEntity is not enhanced.

[2023-01-10 18:02:12 #5 store] 
Database 'C:\Users\Bakero\git\Acceso_a_datos\Sesion3\db\empleados.odb' is closed by 27292@DESKTOP-6Q7JQ8O

------------------------------------------------------------------------------------------------------------------------

[2023-01-10 18:02:39 #1 store] 
Database 'C:\Users\Bakero\git\Acceso_a_datos\Sesion3\db\empleados.odb' is opened by 16896@DESKTOP-6Q7JQ8O

[2023-01-10 18:02:39 #2 store] 
Configuration path: ?

[2023-01-10 18:02:40 #3 type] 
Type ejemplo1.DepartamentoEntity is not enhanced.

[2023-01-10 18:02:40 #4 type] 
Type ejemplo1.EmpleadoEntity is not enhanced.

[2023-01-10 18:02:40 #5 store] 
Database 'C:\Users\Bakero\git\Acceso_a_datos\Sesion3\db\empleados.odb' is closed by 16896@DESKTOP-6Q7JQ8O

------------------------------------------------------------------------------------------------------------------------

[2023-01-10 18:03:36 #1 store] 
Database 'C:\Users\Bakero\git\Acceso_a_datos\Sesion3\db\empleados.odb' is opened by 2008@DESKTOP-6Q7JQ8O

[2023-01-10 18:03:36 #2 store] 
Configuration path: ?

[2023-01-10 18:03:36 #3 type] 
Type ejemplo1.DepartamentoEntity is not enhanced.

[2023-01-10 18:03:36 #4 type] 
Type ejemplo1.EmpleadoEntity is not enhanced.

[2023-01-10 18:03:36 #5 store] 
Database 'C:\Users\Bakero\git\Acceso_a_datos\Sesion3\db\empleados.odb' is closed by 2008@DESKTOP-6Q7JQ8O

------------------------------------------------------------------------------------------------------------------------

[2023-01-10 18:03:52 #1 store] 
Database 'C:\Users\Bakero\git\Acceso_a_datos\Sesion3\db\empleados.odb' is opened by 27616@DESKTOP-6Q7JQ8O

[2023-01-10 18:03:52 #2 store] 
Configuration path: ?

[2023-01-10 18:03:52 #3 type] 
Type ejemplo1.DepartamentoEntity is not enhanced.

[2023-01-10 18:03:52 #4 type] 
Type ejemplo1.EmpleadoEntity is not enhanced.

------------------------------------------------------------------------------------------------------------------------

[2023-01-10 18:04:05 #1 store] 
Database 'C:\Users\Bakero\git\Acceso_a_datos\Sesion3\db\empleados.odb' is opened by 15748@DESKTOP-6Q7JQ8O

[2023-01-10 18:04:05 #2 store] 
Configuration path: ?

[2023-01-10 18:04:05 #3 type] 
Type ejemplo1.DepartamentoEntity is not enhanced.

[2023-01-10 18:04:05 #4 type] 
Type ejemplo1.EmpleadoEntity is not enhanced.

[2023-01-10 18:04:05 #5 store] 
Database 'C:\Users\Bakero\git\Acceso_a_datos\Sesion3\db\empleados.odb' is closed by 15748@DESKTOP-6Q7JQ8O

------------------------------------------------------------------------------------------------------------------------

[2023-01-10 18:04:24 #1 store] 
Database 'C:\Users\Bakero\git\Acceso_a_datos\Sesion3\db\empleados.odb' is opened by 24880@DESKTOP-6Q7JQ8O

[2023-01-10 18:04:24 #2 store] 
Configuration path: ?

[2023-01-10 18:04:24 #3 type] 
Type ejemplo1.DepartamentoEntity is not enhanced.

[2023-01-10 18:04:24 #4 type] 
Type ejemplo1.EmpleadoEntity is not enhanced.

[2023-01-10 18:04:24 #5 store] 
Database 'C:\Users\Bakero\git\Acceso_a_datos\Sesion3\db\empleados.odb' is closed by 24880@DESKTOP-6Q7JQ8O

------------------------------------------------------------------------------------------------------------------------

[2023-01-10 18:06:46 #1 store] 
Database 'C:\Users\Bakero\git\Acceso_a_datos\Sesion3\db\empleados.odb' is opened by 22280@DESKTOP-6Q7JQ8O

[2023-01-10 18:06:46 #2 store] 
Configuration path: ?

[2023-01-10 18:06:46 #3 type] 
Type ejemplo1.DepartamentoEntity is not enhanced.

[2023-01-10 18:06:46 #4 type] 
Type ejemplo1.EmpleadoEntity is not enhanced.

------------------------------------------------------------------------------------------------------------------------

[2023-01-10 18:07:09 #1 store] 
Database 'C:\Users\Bakero\git\Acceso_a_datos\Sesion3\db\empleados.odb' is opened by 21552@DESKTOP-6Q7JQ8O

[2023-01-10 18:07:09 #2 store] 
Configuration path: ?

[2023-01-10 18:07:09 #3 type] 
Type ejemplo1.DepartamentoEntity is not enhanced.

[2023-01-10 18:07:09 #4 type] 
Type ejemplo1.EmpleadoEntity is not enhanced.

------------------------------------------------------------------------------------------------------------------------

[2023-01-10 18:07:24 #1 store] 
Database 'C:\Users\Bakero\git\Acceso_a_datos\Sesion3\db\empleados.odb' is opened by 26244@DESKTOP-6Q7JQ8O

[2023-01-10 18:07:24 #2 store] 
Configuration path: ?

[2023-01-10 18:07:24 #3 type] 
Type ejemplo1.DepartamentoEntity is not enhanced.

[2023-01-10 18:07:24 #4 type] 
Type ejemplo1.EmpleadoEntity is not enhanced.

[2023-01-10 18:07:24 #5 store] 
Database 'C:\Users\Bakero\git\Acceso_a_datos\Sesion3\db\empleados.odb' is closed by 26244@DESKTOP-6Q7JQ8O

------------------------------------------------------------------------------------------------------------------------

[2023-01-10 18:07:43 #1 store] 
Database 'C:\Users\Bakero\git\Acceso_a_datos\Sesion3\db\empleados.odb' is opened by 18368@DESKTOP-6Q7JQ8O

[2023-01-10 18:07:43 #2 store] 
Configuration path: ?

[2023-01-10 18:07:43 #3 type] 
Type ejemplo1.DepartamentoEntity is not enhanced.

[2023-01-10 18:07:43 #4 type] 
Type ejemplo1.EmpleadoEntity is not enhanced.

[2023-01-10 18:07:43 #5 store] 
Database 'C:\Users\Bakero\git\Acceso_a_datos\Sesion3\db\empleados.odb' is closed by 18368@DESKTOP-6Q7JQ8O

------------------------------------------------------------------------------------------------------------------------

[2023-01-10 18:11:10 #1 store] 
Database 'C:\Users\Bakero\git\Acceso_a_datos\Sesion3\db\empleados.odb' is opened by 26912@DESKTOP-6Q7JQ8O

[2023-01-10 18:11:10 #2 store] 
Configuration path: ?

[2023-01-10 18:11:10 #3 type] 
Type ejemplo1.DepartamentoEntity is not enhanced.

[2023-01-10 18:11:10 #4 type] 
Type ejemplo1.EmpleadoEntity is not enhanced.

------------------------------------------------------------------------------------------------------------------------

[2023-01-10 18:13:20 #1 store] 
Database 'C:\Users\Bakero\git\Acceso_a_datos\Sesion3\db\empleados.odb' is opened by 7072@DESKTOP-6Q7JQ8O

[2023-01-10 18:13:20 #2 store] 
Configuration path: ?

[2023-01-10 18:13:20 #3 type] 
Type ejemplo1.DepartamentoEntity is not enhanced.

[2023-01-10 18:13:20 #4 type] 
Type ejemplo1.EmpleadoEntity is not enhanced.

------------------------------------------------------------------------------------------------------------------------

[2023-01-10 18:13:29 #1 store] 
Database 'C:\Users\Bakero\git\Acceso_a_datos\Sesion3\db\empleados.odb' is opened by 23728@DESKTOP-6Q7JQ8O

[2023-01-10 18:13:29 #2 store] 
Configuration path: ?

[2023-01-10 18:13:29 #3 type] 
Type ejemplo1.DepartamentoEntity is not enhanced.

[2023-01-10 18:13:29 #4 type] 
Type ejemplo1.EmpleadoEntity is not enhanced.

------------------------------------------------------------------------------------------------------------------------

[2023-01-10 18:13:47 #1 store] 
Database 'C:\Users\Bakero\git\Acceso_a_datos\Sesion3\db\empleados.odb' is opened by 22520@DESKTOP-6Q7JQ8O

[2023-01-10 18:13:47 #2 store] 
Configuration path: ?

[2023-01-10 18:13:47 #3 type] 
Type ejemplo1.DepartamentoEntity is not enhanced.

[2023-01-10 18:13:47 #4 type] 
Type ejemplo1.EmpleadoEntity is not enhanced.

------------------------------------------------------------------------------------------------------------------------

[2023-01-10 18:14:16 #1 store] 
Database 'C:\Users\Bakero\git\Acceso_a_datos\Sesion3\db\empleados.odb' is opened by 25020@DESKTOP-6Q7JQ8O

[2023-01-10 18:14:16 #2 store] 
Configuration path: ?

[2023-01-10 18:14:16 #3 type] 
Type ejemplo1.DepartamentoEntity is not enhanced.

[2023-01-10 18:14:16 #4 type] 
Type ejemplo1.EmpleadoEntity is not enhanced.

------------------------------------------------------------------------------------------------------------------------

[2023-01-10 18:14:24 #1 store] 
Database 'C:\Users\Bakero\git\Acceso_a_datos\Sesion3\db\empleados.odb' is opened by 23156@DESKTOP-6Q7JQ8O

[2023-01-10 18:14:24 #2 store] 
Configuration path: ?

[2023-01-10 18:14:24 #3 type] 
Type ejemplo1.DepartamentoEntity is not enhanced.

[2023-01-10 18:14:24 #4 type] 
Type ejemplo1.EmpleadoEntity is not enhanced.

[2023-01-10 18:14:24 #5 store] 
Database 'C:\Users\Bakero\git\Acceso_a_datos\Sesion3\db\empleados.odb' is closed by 23156@DESKTOP-6Q7JQ8O

------------------------------------------------------------------------------------------------------------------------

[2023-01-10 18:15:37 #1 store] 
Database 'C:\Users\Bakero\git\Acceso_a_datos\Sesion3\db\empleados.odb' is opened by 5748@DESKTOP-6Q7JQ8O

[2023-01-10 18:15:37 #2 store] 
Configuration path: ?

[2023-01-10 18:15:37 #3 type] 
Type ejemplo1.DepartamentoEntity is not enhanced.

[2023-01-10 18:15:37 #4 type] 
Type ejemplo1.EmpleadoEntity is not enhanced.

[2023-01-10 18:15:37 #5 store] 
Database 'C:\Users\Bakero\git\Acceso_a_datos\Sesion3\db\empleados.odb' is closed by 5748@DESKTOP-6Q7JQ8O

------------------------------------------------------------------------------------------------------------------------

[2023-01-10 18:16:18 #1 store] 
Database 'C:\Users\Bakero\git\Acceso_a_datos\Sesion3\db\empleados.odb' is opened by 19944@DESKTOP-6Q7JQ8O

[2023-01-10 18:16:18 #2 store] 
Configuration path: ?

[2023-01-10 18:16:18 #3 type] 
Type ejemplo1.DepartamentoEntity is not enhanced.

[2023-01-10 18:16:19 #4 type] 
Type ejemplo1.EmpleadoEntity is not enhanced.

------------------------------------------------------------------------------------------------------------------------

[2023-01-10 18:18:00 #1 store] 
Database 'C:\Users\Bakero\git\Acceso_a_datos\Sesion3\db\empleados.odb' is opened by 7280@DESKTOP-6Q7JQ8O

[2023-01-10 18:18:00 #2 store] 
Configuration path: ?

[2023-01-10 18:18:00 #3 type] 
Type ejemplo1.DepartamentoEntity is not enhanced.

[2023-01-10 18:18:00 #4 type] 
Type ejemplo1.EmpleadoEntity is not enhanced.

------------------------------------------------------------------------------------------------------------------------

[2023-01-10 18:18:21 #1 store] 
Database 'C:\Users\Bakero\git\Acceso_a_datos\Sesion3\db\empleados.odb' is opened by 4772@DESKTOP-6Q7JQ8O

[2023-01-10 18:18:21 #2 store] 
Configuration path: ?

[2023-01-10 18:18:21 #3 type] 
Type ejemplo1.DepartamentoEntity is not enhanced.

[2023-01-10 18:18:21 #4 type] 
Type ejemplo1.EmpleadoEntity is not enhanced.

[2023-01-10 18:18:21 #5 store] 
Database 'C:\Users\Bakero\git\Acceso_a_datos\Sesion3\db\empleados.odb' is closed by 4772@DESKTOP-6Q7JQ8O

------------------------------------------------------------------------------------------------------------------------

[2023-01-10 18:18:31 #1 store] 
Database 'C:\Users\Bakero\git\Acceso_a_datos\Sesion3\db\empleados.odb' is opened by 14208@DESKTOP-6Q7JQ8O

[2023-01-10 18:18:31 #2 store] 
Configuration path: ?

[2023-01-10 18:18:31 #3 type] 
Type ejemplo1.DepartamentoEntity is not enhanced.

[2023-01-10 18:18:31 #4 type] 
Type ejemplo1.EmpleadoEntity is not enhanced.

[2023-01-10 18:18:31 #5 store] 
Database 'C:\Users\Bakero\git\Acceso_a_datos\Sesion3\db\empleados.odb' is closed by 14208@DESKTOP-6Q7JQ8O

------------------------------------------------------------------------------------------------------------------------

[2023-01-10 18:19:09 #1 store] 
Database 'C:\Users\Bakero\git\Acceso_a_datos\Sesion3\db\empleados.odb' is opened by 20076@DESKTOP-6Q7JQ8O

[2023-01-10 18:19:09 #2 store] 
Configuration path: ?

[2023-01-10 18:19:09 #3 type] 
Type ejemplo1.DepartamentoEntity is not enhanced.

[2023-01-10 18:19:09 #4 type] 
Type ejemplo1.EmpleadoEntity is not enhanced.

------------------------------------------------------------------------------------------------------------------------

[2023-01-10 18:19:18 #1 store] 
Database 'C:\Users\Bakero\git\Acceso_a_datos\Sesion3\db\empleados.odb' is opened by 11864@DESKTOP-6Q7JQ8O

[2023-01-10 18:19:18 #2 store] 
Configuration path: ?

[2023-01-10 18:19:18 #3 type] 
Type ejemplo1.DepartamentoEntity is not enhanced.

[2023-01-10 18:19:18 #4 type] 
Type ejemplo1.EmpleadoEntity is not enhanced.

------------------------------------------------------------------------------------------------------------------------

[2023-01-10 18:19:35 #1 store] 
Database 'C:\Users\Bakero\git\Acceso_a_datos\Sesion3\db\empleados.odb' is opened by 17180@DESKTOP-6Q7JQ8O

[2023-01-10 18:19:35 #2 store] 
Configuration path: ?

[2023-01-10 18:19:35 #3 type] 
Type ejemplo1.DepartamentoEntity is not enhanced.

[2023-01-10 18:19:35 #4 type] 
Type ejemplo1.EmpleadoEntity is not enhanced.

[2023-01-10 18:19:35 #5 store] 
Database 'C:\Users\Bakero\git\Acceso_a_datos\Sesion3\db\empleados.odb' is closed by 17180@DESKTOP-6Q7JQ8O

------------------------------------------------------------------------------------------------------------------------

[2023-01-10 18:19:40 #1 store] 
Database 'C:\Users\Bakero\git\Acceso_a_datos\Sesion3\db\empleados.odb' is opened by 4652@DESKTOP-6Q7JQ8O

[2023-01-10 18:19:40 #2 store] 
Configuration path: ?

[2023-01-10 18:19:40 #3 type] 
Type ejemplo1.DepartamentoEntity is not enhanced.

[2023-01-10 18:19:40 #4 type] 
Type ejemplo1.EmpleadoEntity is not enhanced.

[2023-01-10 18:19:40 #5 store] 
Database 'C:\Users\Bakero\git\Acceso_a_datos\Sesion3\db\empleados.odb' is closed by 4652@DESKTOP-6Q7JQ8O

------------------------------------------------------------------------------------------------------------------------

[2023-01-10 18:34:55 #1 store] 
Database 'C:\Users\Bakero\git\Acceso_a_datos\Sesion3\db\empleados.odb' is opened by 26180@DESKTOP-6Q7JQ8O

[2023-01-10 18:34:55 #2 store] 
Configuration path: ?

[2023-01-10 18:34:55 #3 type] 
Type ejemplo1.DepartamentoEntity is not enhanced.

[2023-01-10 18:34:55 #4 type] 
Type ejemplo1.EmpleadoEntity is not enhanced.

[2023-01-10 18:34:55 #5 store] 
Database 'C:\Users\Bakero\git\Acceso_a_datos\Sesion3\db\empleados.odb' is closed by 26180@DESKTOP-6Q7JQ8O

------------------------------------------------------------------------------------------------------------------------

[2023-01-10 18:36:56 #1 store] 
Database 'C:\Users\Bakero\git\Acceso_a_datos\Sesion3\db\empleados.odb' is opened by 25124@DESKTOP-6Q7JQ8O

[2023-01-10 18:36:56 #2 store] 
Configuration path: ?

[2023-01-10 18:36:56 #3 type] 
Type ejemplo1.DepartamentoEntity is not enhanced.

[2023-01-10 18:36:56 #4 type] 
Type ejemplo1.EmpleadoEntity is not enhanced.

[2023-01-10 18:36:56 #5 store] 
Database 'C:\Users\Bakero\git\Acceso_a_datos\Sesion3\db\empleados.odb' is closed by 25124@DESKTOP-6Q7JQ8O

------------------------------------------------------------------------------------------------------------------------

[2023-01-10 18:39:00 #1 store] 
Database 'C:\Users\Bakero\git\Acceso_a_datos\Sesion3\db\empleados.odb' is opened by 7584@DESKTOP-6Q7JQ8O

[2023-01-10 18:39:00 #2 store] 
Configuration path: ?

[2023-01-10 18:39:00 #3 type] 
Type ejemplo1.DepartamentoEntity is not enhanced.

[2023-01-10 18:39:00 #4 type] 
Type ejemplo1.EmpleadoEntity is not enhanced.

[2023-01-10 18:39:00 #5 store] 
Database 'C:\Users\Bakero\git\Acceso_a_datos\Sesion3\db\empleados.odb' is closed by 7584@DESKTOP-6Q7JQ8O

------------------------------------------------------------------------------------------------------------------------

[2023-01-10 18:41:26 #1 store] 
Database 'C:\Users\Bakero\git\Acceso_a_datos\Sesion3\db\empleados.odb' is opened by 15752@DESKTOP-6Q7JQ8O

[2023-01-10 18:41:26 #2 store] 
Configuration path: ?

[2023-01-10 18:41:26 #3 type] 
Type ejemplo1.DepartamentoEntity is not enhanced.

[2023-01-10 18:41:26 #4 type] 
Type ejemplo1.EmpleadoEntity is not enhanced.

------------------------------------------------------------------------------------------------------------------------

[2023-01-10 18:42:05 #1 store] 
Database 'C:\Users\Bakero\git\Acceso_a_datos\Sesion3\db\empleados.odb' is opened by 17852@DESKTOP-6Q7JQ8O

[2023-01-10 18:42:05 #2 store] 
Configuration path: ?

[2023-01-10 18:42:05 #3 type] 
Type ejemplo1.DepartamentoEntity is not enhanced.

[2023-01-10 18:42:05 #4 type] 
Type ejemplo1.EmpleadoEntity is not enhanced.

[2023-01-10 18:42:05 #5 store] 
Database 'C:\Users\Bakero\git\Acceso_a_datos\Sesion3\db\empleados.odb' is closed by 17852@DESKTOP-6Q7JQ8O

------------------------------------------------------------------------------------------------------------------------

[2023-01-10 18:45:12 #1 store] 
Database 'C:\Users\Bakero\git\Acceso_a_datos\Sesion3\db\empleados.odb' is opened by 26868@DESKTOP-6Q7JQ8O

[2023-01-10 18:45:12 #2 store] 
Configuration path: ?

[2023-01-10 18:45:12 #3 type] 
Type ejemplo1.DepartamentoEntity is not enhanced.

[2023-01-10 18:45:12 #4 type] 
Type ejemplo1.EmpleadoEntity is not enhanced.

[2023-01-10 18:45:12 #5 store] 
Database 'C:\Users\Bakero\git\Acceso_a_datos\Sesion3\db\empleados.odb' is closed by 26868@DESKTOP-6Q7JQ8O

------------------------------------------------------------------------------------------------------------------------

[2023-01-10 18:48:00 #1 store] 
Database 'C:\Users\Bakero\git\Acceso_a_datos\Sesion3\db\empleados.odb' is opened by 3924@DESKTOP-6Q7JQ8O

[2023-01-10 18:48:00 #2 store] 
Configuration path: ?

[2023-01-10 18:48:00 #3 type] 
Type ejemplo1.DepartamentoEntity is not enhanced.

[2023-01-10 18:48:00 #4 type] 
Type ejemplo1.EmpleadoEntity is not enhanced.

[2023-01-10 18:48:00 #5 store] 
Database 'C:\Users\Bakero\git\Acceso_a_datos\Sesion3\db\empleados.odb' is closed by 3924@DESKTOP-6Q7JQ8O

------------------------------------------------------------------------------------------------------------------------

[2023-01-10 20:13:28 #1 store] 
Database 'C:\Users\Bakero\git\Acceso_a_datos\Sesion3\db\empleados.odb' is opened by 19696@DESKTOP-6Q7JQ8O

[2023-01-10 20:13:28 #2 store] 
Configuration path: ?

[2023-01-10 20:13:28 #3 type] 
Type ejemplo1.DepartamentoEntity is not enhanced.

[2023-01-10 20:13:28 #4 type] 
Type ejemplo1.EmpleadoEntity is not enhanced.

[2023-01-10 20:13:28 #5 store] 
Database 'C:\Users\Bakero\git\Acceso_a_datos\Sesion3\db\empleados.odb' is closed by 19696@DESKTOP-6Q7JQ8O

------------------------------------------------------------------------------------------------------------------------

[2023-01-10 20:13:46 #1 store] 
Database 'C:\Users\Bakero\git\Acceso_a_datos\Sesion3\db\empleados.odb' is opened by 28044@DESKTOP-6Q7JQ8O

[2023-01-10 20:13:46 #2 store] 
Configuration path: ?

[2023-01-10 20:13:46 #3 type] 
Type ejemplo1.DepartamentoEntity is not enhanced.

[2023-01-10 20:13:46 #4 type] 
Type ejemplo1.EmpleadoEntity is not enhanced.

[2023-01-10 20:13:46 #5 store] 
Database 'C:\Users\Bakero\git\Acceso_a_datos\Sesion3\db\empleados.odb' is closed by 28044@DESKTOP-6Q7JQ8O

------------------------------------------------------------------------------------------------------------------------

[2023-01-10 20:13:55 #1 store] 
Database 'C:\Users\Bakero\git\Acceso_a_datos\Sesion3\db\empleados.odb' is opened by 13124@DESKTOP-6Q7JQ8O

[2023-01-10 20:13:55 #2 store] 
Configuration path: ?

[2023-01-10 20:13:55 #3 type] 
Type ejemplo1.DepartamentoEntity is not enhanced.

[2023-01-10 20:13:55 #4 type] 
Type ejemplo1.EmpleadoEntity is not enhanced.

[2023-01-10 20:13:55 #5 store] 
Database 'C:\Users\Bakero\git\Acceso_a_datos\Sesion3\db\empleados.odb' is closed by 13124@DESKTOP-6Q7JQ8O

------------------------------------------------------------------------------------------------------------------------

[2023-01-10 20:14:59 #1 store] 
Database 'C:\Users\Bakero\git\Acceso_a_datos\Sesion3\db\empleados.odb' is opened by 21320@DESKTOP-6Q7JQ8O

[2023-01-10 20:14:59 #2 store] 
Configuration path: ?

[2023-01-10 20:14:59 #3 type] 
Type ejemplo1.DepartamentoEntity is not enhanced.

[2023-01-10 20:14:59 #4 type] 
Type ejemplo1.EmpleadoEntity is not enhanced.

[2023-01-10 20:14:59 #5 store] 
Database 'C:\Users\Bakero\git\Acceso_a_datos\Sesion3\db\empleados.odb' is closed by 21320@DESKTOP-6Q7JQ8O

------------------------------------------------------------------------------------------------------------------------

[2023-01-10 20:19:37 #1 store] 
Database 'C:\Users\Bakero\git\Acceso_a_datos\Sesion3\db\empleados.odb' is opened by 10968@DESKTOP-6Q7JQ8O

[2023-01-10 20:19:37 #2 store] 
Configuration path: ?

[2023-01-10 20:19:37 #3 type] 
Type ejemplo1.DepartamentoEntity is not enhanced.

[2023-01-10 20:19:37 #4 type] 
Type ejemplo1.EmpleadoEntity is not enhanced.

------------------------------------------------------------------------------------------------------------------------

[2023-01-10 20:20:27 #1 store] 
Database 'C:\Users\Bakero\git\Acceso_a_datos\Sesion3\db\empleados.odb' is opened by 11460@DESKTOP-6Q7JQ8O

[2023-01-10 20:20:27 #2 store] 
Configuration path: ?

[2023-01-10 20:20:27 #3 type] 
Type ejemplo1.DepartamentoEntity is not enhanced.

[2023-01-10 20:20:27 #4 type] 
Type ejemplo1.EmpleadoEntity is not enhanced.

------------------------------------------------------------------------------------------------------------------------

[2023-01-10 20:26:04 #1 store] 
Database 'C:\Users\Bakero\git\Acceso_a_datos\Sesion3\db\empleados.odb' is opened by 26420@DESKTOP-6Q7JQ8O

[2023-01-10 20:26:04 #2 store] 
Configuration path: ?

[2023-01-10 20:26:04 #3 type] 
Type ejemplo1.DepartamentoEntity is not enhanced.

[2023-01-10 20:26:04 #4 type] 
Type ejemplo1.EmpleadoEntity is not enhanced.

[2023-01-10 20:26:04 #5 store] 
Database 'C:\Users\Bakero\git\Acceso_a_datos\Sesion3\db\empleados.odb' is closed by 26420@DESKTOP-6Q7JQ8O

------------------------------------------------------------------------------------------------------------------------

[2023-01-10 20:26:14 #1 store] 
Database 'C:\Users\Bakero\git\Acceso_a_datos\Sesion3\db\empleados.odb' is opened by 22508@DESKTOP-6Q7JQ8O

[2023-01-10 20:26:14 #2 store] 
Configuration path: ?

[2023-01-10 20:26:14 #3 type] 
Type ejemplo1.DepartamentoEntity is not enhanced.

[2023-01-10 20:26:14 #4 type] 
Type ejemplo1.EmpleadoEntity is not enhanced.

[2023-01-10 20:26:14 #5 store] 
Database 'C:\Users\Bakero\git\Acceso_a_datos\Sesion3\db\empleados.odb' is closed by 22508@DESKTOP-6Q7JQ8O

------------------------------------------------------------------------------------------------------------------------

[2023-01-10 20:30:28 #1 store] 
Database 'C:\Users\Bakero\git\Acceso_a_datos\Sesion3\db\empleados.odb' is opened by 29264@DESKTOP-6Q7JQ8O

[2023-01-10 20:30:28 #2 store] 
Configuration path: ?

[2023-01-10 20:30:28 #3 type] 
Type ejemplo1.DepartamentoEntity is not enhanced.

[2023-01-10 20:30:28 #4 type] 
Type ejemplo1.EmpleadoEntity is not enhanced.

[2023-01-10 20:30:28 #5 store] 
Database 'C:\Users\Bakero\git\Acceso_a_datos\Sesion3\db\empleados.odb' is closed by 29264@DESKTOP-6Q7JQ8O

------------------------------------------------------------------------------------------------------------------------

[2023-01-10 20:39:45 #1 store] 
Database 'C:\Users\Bakero\git\Acceso_a_datos\Sesion3\db\empleados.odb' is opened by 13168@DESKTOP-6Q7JQ8O

[2023-01-10 20:39:45 #2 store] 
Configuration path: ?

[2023-01-10 20:39:45 #3 type] 
Type ejemplo1.DepartamentoEntity is not enhanced.

[2023-01-10 20:39:45 #4 type] 
Type ejemplo1.EmpleadoEntity is not enhanced.

------------------------------------------------------------------------------------------------------------------------

[2023-01-10 20:40:21 #1 store] 
Database 'C:\Users\Bakero\git\Acceso_a_datos\Sesion3\db\empleados.odb' is opened by 12576@DESKTOP-6Q7JQ8O

[2023-01-10 20:40:21 #2 store] 
Configuration path: ?

[2023-01-10 20:40:21 #3 type] 
Type ejemplo1.DepartamentoEntity is not enhanced.

[2023-01-10 20:40:21 #4 type] 
Type ejemplo1.EmpleadoEntity is not enhanced.

[2023-01-10 20:40:21 #5 store] 
Database 'C:\Users\Bakero\git\Acceso_a_datos\Sesion3\db\empleados.odb' is closed by 12576@DESKTOP-6Q7JQ8O

