------------------------------------------------------------------------------------------------------------------------

[2023-01-11 17:41:12 #1 store] 
Database 'C:\Users\Bakero\git\Acceso_a_datos\Sesion3\db\empleados.odb' is opened by 22956@DESKTOP-6Q7JQ8O

[2023-01-11 17:41:12 #2 store] 
Configuration path: ?

[2023-01-11 17:41:12 #3 type] 
Type ejemplo1.DepartamentoEntity is not enhanced.

[2023-01-11 17:41:12 #4 type] 
Type ejemplo1.EmpleadoEntity is not enhanced.

[2023-01-11 17:41:12 #5 store] 
Database 'C:\Users\Bakero\git\Acceso_a_datos\Sesion3\db\empleados.odb' is closed by 22956@DESKTOP-6Q7JQ8O

------------------------------------------------------------------------------------------------------------------------

[2023-01-11 17:47:08 #1 store] 
Database 'C:\Users\Bakero\git\Acceso_a_datos\Sesion3\db\empleados.odb' is opened by 19424@DESKTOP-6Q7JQ8O

[2023-01-11 17:47:08 #2 store] 
Configuration path: ?

[2023-01-11 17:47:08 #3 type] 
Type ejemplo1.DepartamentoEntity is not enhanced.

[2023-01-11 17:47:08 #4 type] 
Type ejemplo1.EmpleadoEntity is not enhanced.

[2023-01-11 17:47:08 #5 store] 
Database 'C:\Users\Bakero\git\Acceso_a_datos\Sesion3\db\empleados.odb' is closed by 19424@DESKTOP-6Q7JQ8O

------------------------------------------------------------------------------------------------------------------------

[2023-01-11 17:53:23 #1 store] 
Database 'C:\Users\Bakero\git\Acceso_a_datos\Sesion3\db\empleados.odb' is opened by 14144@DESKTOP-6Q7JQ8O

[2023-01-11 17:53:23 #2 store] 
Configuration path: ?

[2023-01-11 17:53:23 #3 type] 
Type ejemplo1.DepartamentoEntity is not enhanced.

[2023-01-11 17:53:23 #4 type] 
Type ejemplo1.EmpleadoEntity is not enhanced.

[2023-01-11 17:53:23 #5 store] 
Database 'C:\Users\Bakero\git\Acceso_a_datos\Sesion3\db\empleados.odb' is closed by 14144@DESKTOP-6Q7JQ8O

------------------------------------------------------------------------------------------------------------------------

[2023-01-11 17:54:29 #1 store] 
Database 'C:\Users\Bakero\git\Acceso_a_datos\Sesion3\db\empleados.odb' is opened by 1176@DESKTOP-6Q7JQ8O

[2023-01-11 17:54:29 #2 store] 
Configuration path: ?

[2023-01-11 17:54:29 #3 type] 
Type ejemplo1.DepartamentoEntity is not enhanced.

[2023-01-11 17:54:29 #4 type] 
Type ejemplo1.EmpleadoEntity is not enhanced.

[2023-01-11 17:54:29 #5 store] 
Database 'C:\Users\Bakero\git\Acceso_a_datos\Sesion3\db\empleados.odb' is closed by 1176@DESKTOP-6Q7JQ8O

------------------------------------------------------------------------------------------------------------------------

[2023-01-11 18:35:06 #1 store] 
Database 'C:\Users\Bakero\git\Acceso_a_datos\Sesion3\db\empleados.odb' is opened by 18664@DESKTOP-6Q7JQ8O

[2023-01-11 18:35:06 #2 store] 
Configuration path: ?

[2023-01-11 18:35:06 #3 type] 
Type ejemplo1.DepartamentoEntity is not enhanced.

[2023-01-11 18:35:06 #4 type] 
Type ejemplo1.EmpleadoEntity is not enhanced.

[2023-01-11 18:35:06 #5 store] 
Database 'C:\Users\Bakero\git\Acceso_a_datos\Sesion3\db\empleados.odb' is closed by 18664@DESKTOP-6Q7JQ8O

------------------------------------------------------------------------------------------------------------------------

[2023-01-11 18:35:38 #1 store] 
Database 'C:\Users\Bakero\git\Acceso_a_datos\Sesion3\db\empleados.odb' is opened by 3220@DESKTOP-6Q7JQ8O

[2023-01-11 18:35:38 #2 store] 
Configuration path: ?

[2023-01-11 18:35:39 #3 type] 
Type ejemplo1.DepartamentoEntity is not enhanced.

[2023-01-11 18:35:39 #4 type] 
Type ejemplo1.EmpleadoEntity is not enhanced.

[2023-01-11 18:35:39 #5 store] 
Database 'C:\Users\Bakero\git\Acceso_a_datos\Sesion3\db\empleados.odb' is closed by 3220@DESKTOP-6Q7JQ8O

------------------------------------------------------------------------------------------------------------------------

[2023-01-11 18:38:31 #1 store] 
Database 'C:\Users\Bakero\git\Acceso_a_datos\Sesion3\db\empleados.odb' is opened by 3976@DESKTOP-6Q7JQ8O

[2023-01-11 18:38:31 #2 store] 
Configuration path: ?

[2023-01-11 18:38:31 #3 type] 
Type ejemplo1.DepartamentoEntity is not enhanced.

[2023-01-11 18:38:31 #4 type] 
Type ejemplo1.EmpleadoEntity is not enhanced.

[2023-01-11 18:38:31 #5 store] 
Database 'C:\Users\Bakero\git\Acceso_a_datos\Sesion3\db\empleados.odb' is closed by 3976@DESKTOP-6Q7JQ8O

------------------------------------------------------------------------------------------------------------------------

[2023-01-11 18:42:09 #1 store] 
Database 'C:\Users\Bakero\git\Acceso_a_datos\Sesion3\db\empleados.odb' is opened by 7836@DESKTOP-6Q7JQ8O

[2023-01-11 18:42:09 #2 store] 
Configuration path: ?

[2023-01-11 18:42:09 #3 type] 
Type ejemplo1.DepartamentoEntity is not enhanced.

[2023-01-11 18:42:09 #4 type] 
Type ejemplo1.EmpleadoEntity is not enhanced.

------------------------------------------------------------------------------------------------------------------------

[2023-01-11 18:42:14 #1 store] 
Database 'C:\Users\Bakero\git\Acceso_a_datos\Sesion3\db\empleados.odb' is opened by 6264@DESKTOP-6Q7JQ8O

[2023-01-11 18:42:14 #2 store] 
Configuration path: ?

[2023-01-11 18:42:15 #3 type] 
Type ejemplo1.DepartamentoEntity is not enhanced.

[2023-01-11 18:42:15 #4 type] 
Type ejemplo1.EmpleadoEntity is not enhanced.

------------------------------------------------------------------------------------------------------------------------

[2023-01-11 18:42:30 #1 store] 
Database 'C:\Users\Bakero\git\Acceso_a_datos\Sesion3\db\empleados.odb' is opened by 17836@DESKTOP-6Q7JQ8O

[2023-01-11 18:42:30 #2 store] 
Configuration path: ?

[2023-01-11 18:42:30 #3 type] 
Type ejemplo1.DepartamentoEntity is not enhanced.

[2023-01-11 18:42:30 #4 type] 
Type ejemplo1.EmpleadoEntity is not enhanced.

[2023-01-11 18:42:30 #5 store] 
Database 'C:\Users\Bakero\git\Acceso_a_datos\Sesion3\db\empleados.odb' is closed by 17836@DESKTOP-6Q7JQ8O

------------------------------------------------------------------------------------------------------------------------

[2023-01-11 18:45:13 #1 store] 
Database 'C:\Users\Bakero\git\Acceso_a_datos\Sesion3\db\empleados.odb' is opened by 27920@DESKTOP-6Q7JQ8O

[2023-01-11 18:45:13 #2 store] 
Configuration path: ?

[2023-01-11 18:45:13 #3 type] 
Type ejemplo1.DepartamentoEntity is not enhanced.

[2023-01-11 18:45:13 #4 type] 
Type ejemplo1.EmpleadoEntity is not enhanced.

[2023-01-11 18:45:13 #5 store] 
Database 'C:\Users\Bakero\git\Acceso_a_datos\Sesion3\db\empleados.odb' is closed by 27920@DESKTOP-6Q7JQ8O

------------------------------------------------------------------------------------------------------------------------

[2023-01-11 18:47:33 #1 store] 
Database 'C:\Users\Bakero\git\Acceso_a_datos\Sesion3\db\empleados.odb' is opened by 21384@DESKTOP-6Q7JQ8O

[2023-01-11 18:47:33 #2 store] 
Configuration path: ?

[2023-01-11 18:47:33 #3 type] 
Type ejemplo1.DepartamentoEntity is not enhanced.

[2023-01-11 18:47:33 #4 type] 
Type ejemplo1.EmpleadoEntity is not enhanced.

[2023-01-11 18:47:33 #5 store] 
Database 'C:\Users\Bakero\git\Acceso_a_datos\Sesion3\db\empleados.odb' is closed by 21384@DESKTOP-6Q7JQ8O

------------------------------------------------------------------------------------------------------------------------

[2023-01-11 18:49:03 #1 store] 
Database 'C:\Users\Bakero\git\Acceso_a_datos\Sesion3\db\empleados.odb' is opened by 27952@DESKTOP-6Q7JQ8O

[2023-01-11 18:49:03 #2 store] 
Configuration path: ?

[2023-01-11 18:49:03 #3 type] 
Type ejemplo1.DepartamentoEntity is not enhanced.

[2023-01-11 18:49:03 #4 type] 
Type ejemplo1.EmpleadoEntity is not enhanced.

[2023-01-11 18:49:03 #5 store] 
Database 'C:\Users\Bakero\git\Acceso_a_datos\Sesion3\db\empleados.odb' is closed by 27952@DESKTOP-6Q7JQ8O

------------------------------------------------------------------------------------------------------------------------

[2023-01-11 18:52:52 #1 store] 
Database 'C:\Users\Bakero\git\Acceso_a_datos\Sesion3\db\empleados.odb' is opened by 25972@DESKTOP-6Q7JQ8O

[2023-01-11 18:52:52 #2 store] 
Configuration path: ?

[2023-01-11 18:52:52 #3 type] 
Type ejemplo1.DepartamentoEntity is not enhanced.

[2023-01-11 18:52:52 #4 type] 
Type ejemplo1.EmpleadoEntity is not enhanced.

[2023-01-11 18:52:52 #5 store] 
Database 'C:\Users\Bakero\git\Acceso_a_datos\Sesion3\db\empleados.odb' is closed by 25972@DESKTOP-6Q7JQ8O

