------------------------------------------------------------------------------------------------------------------------

[2022-12-12 08:46:07 #1 store] 
Database 'C:\Users\DAM2Alu1\git\Acceso_a_datos\Sesion3\db\empleados.odb' is opened by 11652@B01-PC04

[2022-12-12 08:46:07 #2 store] 
Configuration path: ?

[2022-12-12 08:46:07 #3 type] 
Type ejemplo1.DepartamentoEntity is not enhanced.

[2022-12-12 08:46:07 #4 type] 
Type ejemplo1.EmpleadoEntity is not enhanced.

[2022-12-12 08:46:07 #5 store] 
Database 'C:\Users\DAM2Alu1\git\Acceso_a_datos\Sesion3\db\empleados.odb' is closed by 11652@B01-PC04

------------------------------------------------------------------------------------------------------------------------

[2022-12-12 08:47:20 #1 store] 
Database 'C:\Users\DAM2Alu1\git\Acceso_a_datos\Sesion3\db\empleados.odb' is opened by 8996@B01-PC04

[2022-12-12 08:47:20 #2 store] 
Configuration path: ?

[2022-12-12 08:47:20 #3 type] 
Type ejemplo1.DepartamentoEntity is not enhanced.

[2022-12-12 08:47:20 #4 type] 
Type ejemplo1.EmpleadoEntity is not enhanced.

[2022-12-12 08:47:20 #5 store] 
Database 'C:\Users\DAM2Alu1\git\Acceso_a_datos\Sesion3\db\empleados.odb' is closed by 8996@B01-PC04

------------------------------------------------------------------------------------------------------------------------

[2022-12-12 08:50:01 #1 store] 
Database 'C:\Users\DAM2Alu1\git\Acceso_a_datos\Sesion3\db\empleados.odb' is opened by 9412@B01-PC04

[2022-12-12 08:50:01 #2 store] 
Configuration path: ?

[2022-12-12 08:50:01 #3 type] 
Type ejemplo1.DepartamentoEntity is not enhanced.

[2022-12-12 08:50:02 #4 type] 
Type ejemplo1.EmpleadoEntity is not enhanced.

[2022-12-12 08:50:02 #5 store] 
Database 'C:\Users\DAM2Alu1\git\Acceso_a_datos\Sesion3\db\empleados.odb' is closed by 9412@B01-PC04

------------------------------------------------------------------------------------------------------------------------

[2022-12-12 08:53:44 #1 store] 
Database 'C:\Users\DAM2Alu1\git\Acceso_a_datos\Sesion3\db\empleados.odb' is opened by 10148@B01-PC04

[2022-12-12 08:53:44 #2 store] 
Configuration path: ?

[2022-12-12 08:53:44 #3 type] 
Type ejemplo1.DepartamentoEntity is not enhanced.

[2022-12-12 08:53:44 #4 type] 
Type ejemplo1.EmpleadoEntity is not enhanced.

[2022-12-12 08:53:44 #5 store] 
Database 'C:\Users\DAM2Alu1\git\Acceso_a_datos\Sesion3\db\empleados.odb' is closed by 10148@B01-PC04

------------------------------------------------------------------------------------------------------------------------

[2022-12-12 08:56:10 #1 store] 
Database 'C:\Users\DAM2Alu1\git\Acceso_a_datos\Sesion3\db\empleados.odb' is opened by 488@B01-PC04

[2022-12-12 08:56:10 #2 store] 
Configuration path: ?

[2022-12-12 08:56:10 #3 type] 
Type ejemplo1.DepartamentoEntity is not enhanced.

[2022-12-12 08:56:10 #4 type] 
Type ejemplo1.EmpleadoEntity is not enhanced.

[2022-12-12 08:56:10 #5 store] 
Database 'C:\Users\DAM2Alu1\git\Acceso_a_datos\Sesion3\db\empleados.odb' is closed by 488@B01-PC04

------------------------------------------------------------------------------------------------------------------------

[2022-12-12 09:32:12 #1 store] 
Database 'C:\Users\DAM2Alu1\git\Acceso_a_datos\Sesion3\db\empleados.odb' is opened by 10128@B01-PC04

[2022-12-12 09:32:12 #2 store] 
Configuration path: ?

[2022-12-12 09:32:12 #3 type] 
Type ejemplo1.DepartamentoEntity is not enhanced.

[2022-12-12 09:32:12 #4 type] 
Type ejemplo1.EmpleadoEntity is not enhanced.

[2022-12-12 09:32:12 #5 store] 
Database 'C:\Users\DAM2Alu1\git\Acceso_a_datos\Sesion3\db\empleados.odb' is closed by 10128@B01-PC04

------------------------------------------------------------------------------------------------------------------------

[2022-12-12 09:34:00 #1 store] 
Database 'C:\Users\DAM2Alu1\git\Acceso_a_datos\Sesion3\db\empleados.odb' is opened by 7972@B01-PC04

[2022-12-12 09:34:00 #2 store] 
Configuration path: ?

[2022-12-12 09:34:00 #3 type] 
Type ejemplo1.DepartamentoEntity is not enhanced.

[2022-12-12 09:34:00 #4 type] 
Type ejemplo1.EmpleadoEntity is not enhanced.

[2022-12-12 09:34:00 #5 store] 
Database 'C:\Users\DAM2Alu1\git\Acceso_a_datos\Sesion3\db\empleados.odb' is closed by 7972@B01-PC04

------------------------------------------------------------------------------------------------------------------------

[2022-12-12 09:34:23 #1 store] 
Database 'C:\Users\DAM2Alu1\git\Acceso_a_datos\Sesion3\db\empleados.odb' is opened by 9312@B01-PC04

[2022-12-12 09:34:24 #2 store] 
Configuration path: ?

[2022-12-12 09:34:24 #3 type] 
Type ejemplo1.DepartamentoEntity is not enhanced.

[2022-12-12 09:34:24 #4 type] 
Type ejemplo1.EmpleadoEntity is not enhanced.

[2022-12-12 09:34:24 #5 store] 
Database 'C:\Users\DAM2Alu1\git\Acceso_a_datos\Sesion3\db\empleados.odb' is closed by 9312@B01-PC04

------------------------------------------------------------------------------------------------------------------------

[2022-12-12 09:35:04 #1 store] 
Database 'C:\Users\DAM2Alu1\git\Acceso_a_datos\Sesion3\db\empleados.odb' is opened by 7300@B01-PC04

[2022-12-12 09:35:04 #2 store] 
Configuration path: ?

[2022-12-12 09:35:04 #3 type] 
Type ejemplo1.DepartamentoEntity is not enhanced.

[2022-12-12 09:35:04 #4 type] 
Type ejemplo1.EmpleadoEntity is not enhanced.

[2022-12-12 09:35:04 #5 store] 
Database 'C:\Users\DAM2Alu1\git\Acceso_a_datos\Sesion3\db\empleados.odb' is closed by 7300@B01-PC04

------------------------------------------------------------------------------------------------------------------------

[2022-12-12 09:36:09 #1 store] 
Database 'C:\Users\DAM2Alu1\git\Acceso_a_datos\Sesion3\db\empleados.odb' is opened by 9676@B01-PC04

[2022-12-12 09:36:09 #2 store] 
Configuration path: ?

[2022-12-12 09:36:09 #3 type] 
Type ejemplo1.DepartamentoEntity is not enhanced.

[2022-12-12 09:36:09 #4 type] 
Type ejemplo1.EmpleadoEntity is not enhanced.

[2022-12-12 09:36:09 #5 store] 
Database 'C:\Users\DAM2Alu1\git\Acceso_a_datos\Sesion3\db\empleados.odb' is closed by 9676@B01-PC04

