------------------------------------------------------------------------------------------------------------------------

[2022-12-10 18:29:28 #1 store] 
Database 'C:\Users\Bakero\git\Acceso_a_datos\Sesion3\db\empleados.odb' is opened by 2000@DESKTOP-6Q7JQ8O

[2022-12-10 18:29:28 #2 store] 
Configuration path: ?

[2022-12-10 18:29:28 #3 type] 
Type ejemplo1.DepartamentoEntity is not enhanced.

[2022-12-10 18:29:28 #4 type] 
Type ejemplo1.EmpleadoEntity is not enhanced.

------------------------------------------------------------------------------------------------------------------------

[2022-12-10 18:29:43 #1 store] 
Database 'C:\Users\Bakero\git\Acceso_a_datos\Sesion3\db\empleados.odb' is opened by 8708@DESKTOP-6Q7JQ8O

[2022-12-10 18:29:43 #2 store] 
Configuration path: ?

[2022-12-10 18:29:43 #3 type] 
Type ejemplo1.DepartamentoEntity is not enhanced.

[2022-12-10 18:29:43 #4 type] 
Type ejemplo1.EmpleadoEntity is not enhanced.

------------------------------------------------------------------------------------------------------------------------

[2022-12-10 18:30:05 #1 store] 
Database 'C:\Users\Bakero\git\Acceso_a_datos\Sesion3\db\empleados.odb' is opened by 6996@DESKTOP-6Q7JQ8O

[2022-12-10 18:30:05 #2 store] 
Configuration path: ?

[2022-12-10 18:30:05 #3 type] 
Type ejemplo1.DepartamentoEntity is not enhanced.

[2022-12-10 18:30:05 #4 type] 
Type ejemplo1.EmpleadoEntity is not enhanced.

[2022-12-10 18:30:05 #5 store] 
Database 'C:\Users\Bakero\git\Acceso_a_datos\Sesion3\db\empleados.odb' is closed by 6996@DESKTOP-6Q7JQ8O

------------------------------------------------------------------------------------------------------------------------

[2022-12-10 18:33:16 #1 store] 
Database 'C:\Users\Bakero\git\Acceso_a_datos\Sesion3\db\empleados.odb' is opened by 4944@DESKTOP-6Q7JQ8O

[2022-12-10 18:33:16 #2 store] 
Configuration path: ?

[2022-12-10 18:33:16 #3 type] 
Type ejemplo1.DepartamentoEntity is not enhanced.

[2022-12-10 18:33:16 #4 type] 
Type ejemplo1.EmpleadoEntity is not enhanced.

------------------------------------------------------------------------------------------------------------------------

[2022-12-10 18:33:24 #1 store] 
Database 'C:\Users\Bakero\git\Acceso_a_datos\Sesion3\db\empleados.odb' is opened by 19364@DESKTOP-6Q7JQ8O

[2022-12-10 18:33:24 #2 store] 
Configuration path: ?

[2022-12-10 18:33:24 #3 type] 
Type ejemplo1.DepartamentoEntity is not enhanced.

[2022-12-10 18:33:24 #4 type] 
Type ejemplo1.EmpleadoEntity is not enhanced.

------------------------------------------------------------------------------------------------------------------------

[2022-12-10 18:35:05 #1 store] 
Database 'C:\Users\Bakero\git\Acceso_a_datos\Sesion3\db\empleados.odb' is opened by 24672@DESKTOP-6Q7JQ8O

[2022-12-10 18:35:05 #2 store] 
Configuration path: ?

[2022-12-10 18:35:05 #3 type] 
Type ejemplo1.DepartamentoEntity is not enhanced.

[2022-12-10 18:35:05 #4 type] 
Type ejemplo1.EmpleadoEntity is not enhanced.

[2022-12-10 18:35:06 #5 store] 
Database 'C:\Users\Bakero\git\Acceso_a_datos\Sesion3\db\empleados.odb' is closed by 24672@DESKTOP-6Q7JQ8O

------------------------------------------------------------------------------------------------------------------------

[2022-12-10 18:35:20 #1 store] 
Database 'C:\Users\Bakero\git\Acceso_a_datos\Sesion3\db\empleados.odb' is opened by 20672@DESKTOP-6Q7JQ8O

[2022-12-10 18:35:20 #2 store] 
Configuration path: ?

[2022-12-10 18:35:20 #3 type] 
Type ejemplo1.DepartamentoEntity is not enhanced.

[2022-12-10 18:35:20 #4 type] 
Type ejemplo1.EmpleadoEntity is not enhanced.

[2022-12-10 18:35:20 #5 store] 
Database 'C:\Users\Bakero\git\Acceso_a_datos\Sesion3\db\empleados.odb' is closed by 20672@DESKTOP-6Q7JQ8O

------------------------------------------------------------------------------------------------------------------------

[2022-12-10 18:35:46 #1 store] 
Database 'C:\Users\Bakero\git\Acceso_a_datos\Sesion3\db\empleados.odb' is opened by 26332@DESKTOP-6Q7JQ8O

[2022-12-10 18:35:46 #2 store] 
Configuration path: ?

[2022-12-10 18:35:46 #3 type] 
Type ejemplo1.DepartamentoEntity is not enhanced.

[2022-12-10 18:35:46 #4 type] 
Type ejemplo1.EmpleadoEntity is not enhanced.

------------------------------------------------------------------------------------------------------------------------

[2022-12-10 18:35:58 #1 store] 
Database 'C:\Users\Bakero\git\Acceso_a_datos\Sesion3\db\empleados.odb' is opened by 9456@DESKTOP-6Q7JQ8O

[2022-12-10 18:35:58 #2 store] 
Configuration path: ?

[2022-12-10 18:35:58 #3 type] 
Type ejemplo1.DepartamentoEntity is not enhanced.

[2022-12-10 18:35:58 #4 type] 
Type ejemplo1.EmpleadoEntity is not enhanced.

------------------------------------------------------------------------------------------------------------------------

[2022-12-10 18:43:26 #1 store] 
Database 'C:\Users\Bakero\git\Acceso_a_datos\Sesion3\db\empleados.odb' is opened by 8352@DESKTOP-6Q7JQ8O

[2022-12-10 18:43:26 #2 store] 
Configuration path: ?

------------------------------------------------------------------------------------------------------------------------

[2022-12-10 18:43:47 #1 store] 
Database 'C:\Users\Bakero\git\Acceso_a_datos\Sesion3\db\empleados.odb' has been recovered (tr. 1-2)

[2022-12-10 18:43:48 #2 store] 
Database 'C:\Users\Bakero\git\Acceso_a_datos\Sesion3\db\empleados.odb' is opened by 24640@DESKTOP-6Q7JQ8O

[2022-12-10 18:43:48 #3 store] 
Configuration path: ?

------------------------------------------------------------------------------------------------------------------------

[2022-12-10 18:44:11 #1 store] 
Database 'C:\Users\Bakero\git\Acceso_a_datos\Sesion3\db\empleados.odb' is opened by 19304@DESKTOP-6Q7JQ8O

[2022-12-10 18:44:11 #2 store] 
Configuration path: ?

------------------------------------------------------------------------------------------------------------------------

[2022-12-10 18:46:11 #1 store] 
Database 'C:\Users\Bakero\git\Acceso_a_datos\Sesion3\db\empleados.odb' is opened by 8300@DESKTOP-6Q7JQ8O

[2022-12-10 18:46:11 #2 store] 
Configuration path: ?

------------------------------------------------------------------------------------------------------------------------

[2022-12-10 18:46:30 #1 store] 
Database 'C:\Users\Bakero\git\Acceso_a_datos\Sesion3\db\empleados.odb' is opened by 17176@DESKTOP-6Q7JQ8O

[2022-12-10 18:46:30 #2 store] 
Configuration path: ?

------------------------------------------------------------------------------------------------------------------------

[2022-12-10 18:47:12 #1 store] 
Database 'C:\Users\Bakero\git\Acceso_a_datos\Sesion3\db\empleados.odb' is opened by 22244@DESKTOP-6Q7JQ8O

[2022-12-10 18:47:12 #2 store] 
Configuration path: ?

[2022-12-10 18:47:12 #3 type] 
Type ejemplo1.DepartamentoEntity is not enhanced.

[2022-12-10 18:47:12 #4 type] 
Type ejemplo1.EmpleadoEntity is not enhanced.

[2022-12-10 18:47:12 #5 store] 
Database 'C:\Users\Bakero\git\Acceso_a_datos\Sesion3\db\empleados.odb' is closed by 22244@DESKTOP-6Q7JQ8O

------------------------------------------------------------------------------------------------------------------------

[2022-12-10 18:47:24 #1 store] 
Database 'C:\Users\Bakero\git\Acceso_a_datos\Sesion3\db\empleados.odb' is opened by 12860@DESKTOP-6Q7JQ8O

[2022-12-10 18:47:24 #2 store] 
Configuration path: ?

[2022-12-10 18:47:24 #3 type] 
Type ejemplo1.DepartamentoEntity is not enhanced.

[2022-12-10 18:47:24 #4 type] 
Type ejemplo1.EmpleadoEntity is not enhanced.

------------------------------------------------------------------------------------------------------------------------

[2022-12-10 18:47:36 #1 store] 
Database 'C:\Users\Bakero\git\Acceso_a_datos\Sesion3\db\empleados.odb' is opened by 27088@DESKTOP-6Q7JQ8O

[2022-12-10 18:47:36 #2 store] 
Configuration path: ?

[2022-12-10 18:47:36 #3 type] 
Type ejemplo1.DepartamentoEntity is not enhanced.

[2022-12-10 18:47:36 #4 type] 
Type ejemplo1.EmpleadoEntity is not enhanced.

------------------------------------------------------------------------------------------------------------------------

[2022-12-10 18:49:49 #1 store] 
Database 'C:\Users\Bakero\git\Acceso_a_datos\Sesion3\db\empleados.odb' is opened by 6380@DESKTOP-6Q7JQ8O

[2022-12-10 18:49:49 #2 store] 
Configuration path: ?

[2022-12-10 18:49:49 #3 type] 
Type ejemplo1.DepartamentoEntity is not enhanced.

[2022-12-10 18:49:49 #4 type] 
Type ejemplo1.EmpleadoEntity is not enhanced.

[2022-12-10 18:49:49 #5 store] 
Database 'C:\Users\Bakero\git\Acceso_a_datos\Sesion3\db\empleados.odb' is closed by 6380@DESKTOP-6Q7JQ8O

------------------------------------------------------------------------------------------------------------------------

[2022-12-10 18:50:10 #1 store] 
Database 'C:\Users\Bakero\git\Acceso_a_datos\Sesion3\db\empleados.odb' is opened by 24040@DESKTOP-6Q7JQ8O

[2022-12-10 18:50:10 #2 store] 
Configuration path: ?

[2022-12-10 18:50:10 #3 type] 
Type ejemplo1.DepartamentoEntity is not enhanced.

[2022-12-10 18:50:10 #4 type] 
Type ejemplo1.EmpleadoEntity is not enhanced.

------------------------------------------------------------------------------------------------------------------------

[2022-12-10 18:50:30 #1 store] 
Database 'C:\Users\Bakero\git\Acceso_a_datos\Sesion3\db\empleados.odb' is opened by 27292@DESKTOP-6Q7JQ8O

[2022-12-10 18:50:30 #2 store] 
Configuration path: ?

[2022-12-10 18:50:30 #3 type] 
Type ejemplo1.DepartamentoEntity is not enhanced.

[2022-12-10 18:50:30 #4 type] 
Type ejemplo1.EmpleadoEntity is not enhanced.

[2022-12-10 18:50:30 #5 store] 
Database 'C:\Users\Bakero\git\Acceso_a_datos\Sesion3\db\empleados.odb' is closed by 27292@DESKTOP-6Q7JQ8O

------------------------------------------------------------------------------------------------------------------------

[2022-12-10 18:51:43 #1 store] 
Database 'C:\Users\Bakero\git\Acceso_a_datos\Sesion3\db\empleados.odb' is opened by 23484@DESKTOP-6Q7JQ8O

[2022-12-10 18:51:43 #2 store] 
Configuration path: ?

[2022-12-10 18:51:43 #3 type] 
Type ejemplo1.DepartamentoEntity is not enhanced.

[2022-12-10 18:51:43 #4 type] 
Type ejemplo1.EmpleadoEntity is not enhanced.

[2022-12-10 18:51:43 #5 store] 
Database 'C:\Users\Bakero\git\Acceso_a_datos\Sesion3\db\empleados.odb' is closed by 23484@DESKTOP-6Q7JQ8O

------------------------------------------------------------------------------------------------------------------------

[2022-12-10 18:52:00 #1 store] 
Database 'C:\Users\Bakero\git\Acceso_a_datos\Sesion3\db\empleados.odb' is opened by 7424@DESKTOP-6Q7JQ8O

[2022-12-10 18:52:00 #2 store] 
Configuration path: ?

[2022-12-10 18:52:00 #3 type] 
Type ejemplo1.DepartamentoEntity is not enhanced.

[2022-12-10 18:52:00 #4 type] 
Type ejemplo1.EmpleadoEntity is not enhanced.

[2022-12-10 18:52:00 #5 store] 
Database 'C:\Users\Bakero\git\Acceso_a_datos\Sesion3\db\empleados.odb' is closed by 7424@DESKTOP-6Q7JQ8O

------------------------------------------------------------------------------------------------------------------------

[2022-12-10 18:52:27 #1 store] 
Database 'C:\Users\Bakero\git\Acceso_a_datos\Sesion3\db\empleados.odb' is opened by 5916@DESKTOP-6Q7JQ8O

[2022-12-10 18:52:27 #2 store] 
Configuration path: ?

[2022-12-10 18:52:27 #3 type] 
Type ejemplo1.DepartamentoEntity is not enhanced.

[2022-12-10 18:52:27 #4 type] 
Type ejemplo1.EmpleadoEntity is not enhanced.

[2022-12-10 18:52:27 #5 store] 
Database 'C:\Users\Bakero\git\Acceso_a_datos\Sesion3\db\empleados.odb' is closed by 5916@DESKTOP-6Q7JQ8O

------------------------------------------------------------------------------------------------------------------------

[2022-12-10 18:53:04 #1 store] 
Database 'C:\Users\Bakero\git\Acceso_a_datos\Sesion3\db\empleados.odb' is opened by 22684@DESKTOP-6Q7JQ8O

[2022-12-10 18:53:04 #2 store] 
Configuration path: ?

[2022-12-10 18:53:04 #3 type] 
Type ejemplo1.DepartamentoEntity is not enhanced.

[2022-12-10 18:53:04 #4 type] 
Type ejemplo1.EmpleadoEntity is not enhanced.

[2022-12-10 18:53:04 #5 store] 
Database 'C:\Users\Bakero\git\Acceso_a_datos\Sesion3\db\empleados.odb' is closed by 22684@DESKTOP-6Q7JQ8O

------------------------------------------------------------------------------------------------------------------------

[2022-12-10 18:53:26 #1 store] 
Database 'C:\Users\Bakero\git\Acceso_a_datos\Sesion3\db\empleados.odb' is opened by 4404@DESKTOP-6Q7JQ8O

[2022-12-10 18:53:26 #2 store] 
Configuration path: ?

[2022-12-10 18:53:26 #3 type] 
Type ejemplo1.DepartamentoEntity is not enhanced.

[2022-12-10 18:53:26 #4 type] 
Type ejemplo1.EmpleadoEntity is not enhanced.

[2022-12-10 18:53:26 #5 store] 
Database 'C:\Users\Bakero\git\Acceso_a_datos\Sesion3\db\empleados.odb' is closed by 4404@DESKTOP-6Q7JQ8O

------------------------------------------------------------------------------------------------------------------------

[2022-12-10 18:53:40 #1 store] 
Database 'C:\Users\Bakero\git\Acceso_a_datos\Sesion3\db\empleados.odb' is opened by 25264@DESKTOP-6Q7JQ8O

[2022-12-10 18:53:40 #2 store] 
Configuration path: ?

[2022-12-10 18:53:40 #3 type] 
Type ejemplo1.DepartamentoEntity is not enhanced.

[2022-12-10 18:53:40 #4 type] 
Type ejemplo1.EmpleadoEntity is not enhanced.

[2022-12-10 18:53:40 #5 store] 
Database 'C:\Users\Bakero\git\Acceso_a_datos\Sesion3\db\empleados.odb' is closed by 25264@DESKTOP-6Q7JQ8O

------------------------------------------------------------------------------------------------------------------------

[2022-12-10 18:57:48 #1 store] 
Database 'C:\Users\Bakero\git\Acceso_a_datos\Sesion3\db\empleados.odb' is opened by 10640@DESKTOP-6Q7JQ8O

[2022-12-10 18:57:48 #2 store] 
Configuration path: ?

[2022-12-10 18:57:48 #3 type] 
Type ejemplo1.DepartamentoEntity is not enhanced.

[2022-12-10 18:57:48 #4 type] 
Type ejemplo1.EmpleadoEntity is not enhanced.

[2022-12-10 18:57:48 #5 store] 
Database 'C:\Users\Bakero\git\Acceso_a_datos\Sesion3\db\empleados.odb' is closed by 10640@DESKTOP-6Q7JQ8O

------------------------------------------------------------------------------------------------------------------------

[2022-12-10 18:58:03 #1 store] 
Database 'C:\Users\Bakero\git\Acceso_a_datos\Sesion3\db\empleados.odb' is opened by 12476@DESKTOP-6Q7JQ8O

[2022-12-10 18:58:03 #2 store] 
Configuration path: ?

[2022-12-10 18:58:03 #3 type] 
Type ejemplo1.DepartamentoEntity is not enhanced.

[2022-12-10 18:58:03 #4 type] 
Type ejemplo1.EmpleadoEntity is not enhanced.

[2022-12-10 18:58:03 #5 store] 
Database 'C:\Users\Bakero\git\Acceso_a_datos\Sesion3\db\empleados.odb' is closed by 12476@DESKTOP-6Q7JQ8O

------------------------------------------------------------------------------------------------------------------------

[2022-12-10 18:58:28 #1 store] 
Database 'C:\Users\Bakero\git\Acceso_a_datos\Sesion3\db\empleados.odb' is opened by 27352@DESKTOP-6Q7JQ8O

[2022-12-10 18:58:28 #2 store] 
Configuration path: ?

[2022-12-10 18:58:28 #3 type] 
Type ejemplo1.DepartamentoEntity is not enhanced.

[2022-12-10 18:58:28 #4 type] 
Type ejemplo1.EmpleadoEntity is not enhanced.

[2022-12-10 18:58:28 #5 store] 
Database 'C:\Users\Bakero\git\Acceso_a_datos\Sesion3\db\empleados.odb' is closed by 27352@DESKTOP-6Q7JQ8O

------------------------------------------------------------------------------------------------------------------------

[2022-12-10 18:58:38 #1 store] 
Database 'C:\Users\Bakero\git\Acceso_a_datos\Sesion3\db\empleados.odb' is opened by 23192@DESKTOP-6Q7JQ8O

[2022-12-10 18:58:38 #2 store] 
Configuration path: ?

[2022-12-10 18:58:38 #3 type] 
Type ejemplo1.DepartamentoEntity is not enhanced.

[2022-12-10 18:58:38 #4 type] 
Type ejemplo1.EmpleadoEntity is not enhanced.

------------------------------------------------------------------------------------------------------------------------

[2022-12-10 18:58:50 #1 store] 
Database 'C:\Users\Bakero\git\Acceso_a_datos\Sesion3\db\empleados.odb' is opened by 20420@DESKTOP-6Q7JQ8O

[2022-12-10 18:58:50 #2 store] 
Configuration path: ?

[2022-12-10 18:58:50 #3 type] 
Type ejemplo1.DepartamentoEntity is not enhanced.

[2022-12-10 18:58:50 #4 type] 
Type ejemplo1.EmpleadoEntity is not enhanced.

[2022-12-10 18:58:50 #5 store] 
Database 'C:\Users\Bakero\git\Acceso_a_datos\Sesion3\db\empleados.odb' is closed by 20420@DESKTOP-6Q7JQ8O

------------------------------------------------------------------------------------------------------------------------

[2022-12-10 19:00:17 #1 store] 
Database 'C:\Users\Bakero\git\Acceso_a_datos\Sesion3\db\empleados.odb' is opened by 12792@DESKTOP-6Q7JQ8O

[2022-12-10 19:00:17 #2 store] 
Configuration path: ?

[2022-12-10 19:00:17 #3 type] 
Type ejemplo1.DepartamentoEntity is not enhanced.

[2022-12-10 19:00:17 #4 type] 
Type ejemplo1.EmpleadoEntity is not enhanced.

[2022-12-10 19:00:17 #5 store] 
Database 'C:\Users\Bakero\git\Acceso_a_datos\Sesion3\db\empleados.odb' is closed by 12792@DESKTOP-6Q7JQ8O

------------------------------------------------------------------------------------------------------------------------

[2022-12-10 19:04:35 #1 store] 
Database 'C:\Users\Bakero\git\Acceso_a_datos\Sesion3\db\empleados.odb' is opened by 3764@DESKTOP-6Q7JQ8O

[2022-12-10 19:04:35 #2 store] 
Configuration path: ?

[2022-12-10 19:04:35 #3 type] 
Type ejemplo1.DepartamentoEntity is not enhanced.

[2022-12-10 19:04:35 #4 type] 
Type ejemplo1.EmpleadoEntity is not enhanced.

------------------------------------------------------------------------------------------------------------------------

[2022-12-10 19:05:12 #1 store] 
Database 'C:\Users\Bakero\git\Acceso_a_datos\Sesion3\db\empleados.odb' is opened by 11856@DESKTOP-6Q7JQ8O

[2022-12-10 19:05:12 #2 store] 
Configuration path: ?

[2022-12-10 19:05:12 #3 type] 
Type ejemplo1.DepartamentoEntity is not enhanced.

[2022-12-10 19:05:12 #4 type] 
Type ejemplo1.EmpleadoEntity is not enhanced.

[2022-12-10 19:05:12 #5 store] 
Database 'C:\Users\Bakero\git\Acceso_a_datos\Sesion3\db\empleados.odb' is closed by 11856@DESKTOP-6Q7JQ8O

------------------------------------------------------------------------------------------------------------------------

[2022-12-10 19:05:37 #1 store] 
Database 'C:\Users\Bakero\git\Acceso_a_datos\Sesion3\db\empleados.odb' is opened by 27032@DESKTOP-6Q7JQ8O

[2022-12-10 19:05:37 #2 store] 
Configuration path: ?

[2022-12-10 19:05:38 #3 type] 
Type ejemplo1.DepartamentoEntity is not enhanced.

[2022-12-10 19:05:38 #4 type] 
Type ejemplo1.EmpleadoEntity is not enhanced.

[2022-12-10 19:05:38 #5 store] 
Database 'C:\Users\Bakero\git\Acceso_a_datos\Sesion3\db\empleados.odb' is closed by 27032@DESKTOP-6Q7JQ8O

------------------------------------------------------------------------------------------------------------------------

[2022-12-10 19:06:05 #1 store] 
Database 'C:\Users\Bakero\git\Acceso_a_datos\Sesion3\db\empleados.odb' is opened by 4848@DESKTOP-6Q7JQ8O

[2022-12-10 19:06:05 #2 store] 
Configuration path: ?

[2022-12-10 19:06:05 #3 type] 
Type ejemplo1.DepartamentoEntity is not enhanced.

[2022-12-10 19:06:05 #4 type] 
Type ejemplo1.EmpleadoEntity is not enhanced.

------------------------------------------------------------------------------------------------------------------------

[2022-12-10 19:06:21 #1 store] 
Database 'C:\Users\Bakero\git\Acceso_a_datos\Sesion3\db\empleados.odb' is opened by 20216@DESKTOP-6Q7JQ8O

[2022-12-10 19:06:21 #2 store] 
Configuration path: ?

[2022-12-10 19:06:21 #3 type] 
Type ejemplo1.DepartamentoEntity is not enhanced.

[2022-12-10 19:06:21 #4 type] 
Type ejemplo1.EmpleadoEntity is not enhanced.

[2022-12-10 19:06:21 #5 store] 
Database 'C:\Users\Bakero\git\Acceso_a_datos\Sesion3\db\empleados.odb' is closed by 20216@DESKTOP-6Q7JQ8O

------------------------------------------------------------------------------------------------------------------------

[2022-12-10 19:07:04 #1 store] 
Database 'C:\Users\Bakero\git\Acceso_a_datos\Sesion3\db\empleados.odb' is opened by 27168@DESKTOP-6Q7JQ8O

[2022-12-10 19:07:04 #2 store] 
Configuration path: ?

[2022-12-10 19:07:04 #3 type] 
Type ejemplo1.DepartamentoEntity is not enhanced.

[2022-12-10 19:07:04 #4 type] 
Type ejemplo1.EmpleadoEntity is not enhanced.

[2022-12-10 19:07:04 #5 store] 
Database 'C:\Users\Bakero\git\Acceso_a_datos\Sesion3\db\empleados.odb' is closed by 27168@DESKTOP-6Q7JQ8O

------------------------------------------------------------------------------------------------------------------------

[2022-12-10 19:07:53 #1 store] 
Database 'C:\Users\Bakero\git\Acceso_a_datos\Sesion3\db\empleados.odb' is opened by 2116@DESKTOP-6Q7JQ8O

[2022-12-10 19:07:53 #2 store] 
Configuration path: ?

[2022-12-10 19:07:53 #3 type] 
Type ejemplo1.DepartamentoEntity is not enhanced.

[2022-12-10 19:07:53 #4 type] 
Type ejemplo1.EmpleadoEntity is not enhanced.

[2022-12-10 19:07:53 #5 store] 
Database 'C:\Users\Bakero\git\Acceso_a_datos\Sesion3\db\empleados.odb' is closed by 2116@DESKTOP-6Q7JQ8O

------------------------------------------------------------------------------------------------------------------------

[2022-12-10 19:08:07 #1 store] 
Database 'C:\Users\Bakero\git\Acceso_a_datos\Sesion3\db\empleados.odb' is opened by 5796@DESKTOP-6Q7JQ8O

[2022-12-10 19:08:07 #2 store] 
Configuration path: ?

[2022-12-10 19:08:07 #3 type] 
Type ejemplo1.DepartamentoEntity is not enhanced.

[2022-12-10 19:08:07 #4 type] 
Type ejemplo1.EmpleadoEntity is not enhanced.

[2022-12-10 19:08:07 #5 store] 
Database 'C:\Users\Bakero\git\Acceso_a_datos\Sesion3\db\empleados.odb' is closed by 5796@DESKTOP-6Q7JQ8O

------------------------------------------------------------------------------------------------------------------------

[2022-12-10 19:14:19 #1 store] 
Database 'C:\Users\Bakero\git\Acceso_a_datos\Sesion3\db\empleados.odb' is opened by 25528@DESKTOP-6Q7JQ8O

[2022-12-10 19:14:19 #2 store] 
Configuration path: ?

[2022-12-10 19:14:19 #3 type] 
Type ejemplo1.DepartamentoEntity is not enhanced.

[2022-12-10 19:14:19 #4 type] 
Type ejemplo1.EmpleadoEntity is not enhanced.

------------------------------------------------------------------------------------------------------------------------

[2022-12-10 19:14:38 #1 store] 
Database 'C:\Users\Bakero\git\Acceso_a_datos\Sesion3\db\empleados.odb' is opened by 22244@DESKTOP-6Q7JQ8O

[2022-12-10 19:14:38 #2 store] 
Configuration path: ?

[2022-12-10 19:14:38 #3 type] 
Type ejemplo1.DepartamentoEntity is not enhanced.

[2022-12-10 19:14:38 #4 type] 
Type ejemplo1.EmpleadoEntity is not enhanced.

------------------------------------------------------------------------------------------------------------------------

[2022-12-10 19:15:38 #1 store] 
Database 'C:\Users\Bakero\git\Acceso_a_datos\Sesion3\db\empleados.odb' is opened by 14068@DESKTOP-6Q7JQ8O

[2022-12-10 19:15:38 #2 store] 
Configuration path: ?

[2022-12-10 19:15:38 #3 type] 
Type ejemplo1.DepartamentoEntity is not enhanced.

[2022-12-10 19:15:38 #4 type] 
Type ejemplo1.EmpleadoEntity is not enhanced.

------------------------------------------------------------------------------------------------------------------------

[2022-12-10 19:15:53 #1 store] 
Database 'C:\Users\Bakero\git\Acceso_a_datos\Sesion3\db\empleados.odb' is opened by 21628@DESKTOP-6Q7JQ8O

[2022-12-10 19:15:53 #2 store] 
Configuration path: ?

[2022-12-10 19:15:53 #3 type] 
Type ejemplo1.DepartamentoEntity is not enhanced.

[2022-12-10 19:15:53 #4 type] 
Type ejemplo1.EmpleadoEntity is not enhanced.

------------------------------------------------------------------------------------------------------------------------

[2022-12-10 19:22:58 #1 store] 
Database 'C:\Users\Bakero\git\Acceso_a_datos\Sesion3\db\empleados.odb' is opened by 19112@DESKTOP-6Q7JQ8O

[2022-12-10 19:22:58 #2 store] 
Configuration path: ?

[2022-12-10 19:22:58 #3 type] 
Type ejemplo1.DepartamentoEntity is not enhanced.

[2022-12-10 19:22:58 #4 type] 
Type ejemplo1.EmpleadoEntity is not enhanced.

------------------------------------------------------------------------------------------------------------------------

[2022-12-10 19:23:16 #1 store] 
Database 'C:\Users\Bakero\git\Acceso_a_datos\Sesion3\db\empleados.odb' is opened by 10564@DESKTOP-6Q7JQ8O

[2022-12-10 19:23:16 #2 store] 
Configuration path: ?

[2022-12-10 19:23:16 #3 type] 
Type ejemplo1.DepartamentoEntity is not enhanced.

[2022-12-10 19:23:16 #4 type] 
Type ejemplo1.EmpleadoEntity is not enhanced.

------------------------------------------------------------------------------------------------------------------------

[2022-12-10 19:23:48 #1 store] 
Database 'C:\Users\Bakero\git\Acceso_a_datos\Sesion3\db\empleados.odb' is opened by 7700@DESKTOP-6Q7JQ8O

[2022-12-10 19:23:48 #2 store] 
Configuration path: ?

[2022-12-10 19:23:48 #3 type] 
Type ejemplo1.DepartamentoEntity is not enhanced.

[2022-12-10 19:23:48 #4 type] 
Type ejemplo1.EmpleadoEntity is not enhanced.

------------------------------------------------------------------------------------------------------------------------

[2022-12-10 19:24:26 #1 store] 
Database 'C:\Users\Bakero\git\Acceso_a_datos\Sesion3\db\empleados.odb' is opened by 13144@DESKTOP-6Q7JQ8O

[2022-12-10 19:24:26 #2 store] 
Configuration path: ?

[2022-12-10 19:24:26 #3 type] 
Type ejemplo1.DepartamentoEntity is not enhanced.

[2022-12-10 19:24:26 #4 type] 
Type ejemplo1.EmpleadoEntity is not enhanced.

------------------------------------------------------------------------------------------------------------------------

[2022-12-10 19:26:07 #1 store] 
Database 'C:\Users\Bakero\git\Acceso_a_datos\Sesion3\db\empleados.odb' is opened by 21680@DESKTOP-6Q7JQ8O

[2022-12-10 19:26:07 #2 store] 
Configuration path: ?

[2022-12-10 19:26:07 #3 type] 
Type ejemplo1.DepartamentoEntity is not enhanced.

[2022-12-10 19:26:07 #4 type] 
Type ejemplo1.EmpleadoEntity is not enhanced.

------------------------------------------------------------------------------------------------------------------------

[2022-12-10 19:26:27 #1 store] 
Database 'C:\Users\Bakero\git\Acceso_a_datos\Sesion3\db\empleados.odb' is opened by 1308@DESKTOP-6Q7JQ8O

[2022-12-10 19:26:27 #2 store] 
Configuration path: ?

[2022-12-10 19:26:27 #3 type] 
Type ejemplo1.DepartamentoEntity is not enhanced.

[2022-12-10 19:26:27 #4 type] 
Type ejemplo1.EmpleadoEntity is not enhanced.

------------------------------------------------------------------------------------------------------------------------

[2022-12-10 19:29:13 #1 store] 
Database 'C:\Users\Bakero\git\Acceso_a_datos\Sesion3\db\empleados.odb' is opened by 12128@DESKTOP-6Q7JQ8O

[2022-12-10 19:29:13 #2 store] 
Configuration path: ?

[2022-12-10 19:29:13 #3 type] 
Type ejemplo1.DepartamentoEntity is not enhanced.

[2022-12-10 19:29:13 #4 type] 
Type ejemplo1.EmpleadoEntity is not enhanced.

------------------------------------------------------------------------------------------------------------------------

[2022-12-10 19:30:05 #1 store] 
Database 'C:\Users\Bakero\git\Acceso_a_datos\Sesion3\db\empleados.odb' is opened by 21952@DESKTOP-6Q7JQ8O

[2022-12-10 19:30:05 #2 store] 
Configuration path: ?

[2022-12-10 19:30:05 #3 type] 
Type ejemplo1.DepartamentoEntity is not enhanced.

[2022-12-10 19:30:05 #4 type] 
Type ejemplo1.EmpleadoEntity is not enhanced.

[2022-12-10 19:30:05 #5 store] 
Database 'C:\Users\Bakero\git\Acceso_a_datos\Sesion3\db\empleados.odb' is closed by 21952@DESKTOP-6Q7JQ8O

------------------------------------------------------------------------------------------------------------------------

[2022-12-10 19:31:28 #1 store] 
Database 'C:\Users\Bakero\git\Acceso_a_datos\Sesion3\db\empleados.odb' is opened by 22204@DESKTOP-6Q7JQ8O

[2022-12-10 19:31:28 #2 store] 
Configuration path: ?

[2022-12-10 19:31:28 #3 type] 
Type ejemplo1.DepartamentoEntity is not enhanced.

[2022-12-10 19:31:28 #4 type] 
Type ejemplo1.EmpleadoEntity is not enhanced.

[2022-12-10 19:31:28 #5 store] 
Database 'C:\Users\Bakero\git\Acceso_a_datos\Sesion3\db\empleados.odb' is closed by 22204@DESKTOP-6Q7JQ8O

------------------------------------------------------------------------------------------------------------------------

[2022-12-10 19:31:55 #1 store] 
Database 'C:\Users\Bakero\git\Acceso_a_datos\Sesion3\db\empleados.odb' is opened by 24348@DESKTOP-6Q7JQ8O

[2022-12-10 19:31:55 #2 store] 
Configuration path: ?

[2022-12-10 19:31:55 #3 type] 
Type ejemplo1.DepartamentoEntity is not enhanced.

[2022-12-10 19:31:55 #4 type] 
Type ejemplo1.EmpleadoEntity is not enhanced.

[2022-12-10 19:31:55 #5 store] 
Database 'C:\Users\Bakero\git\Acceso_a_datos\Sesion3\db\empleados.odb' is closed by 24348@DESKTOP-6Q7JQ8O

------------------------------------------------------------------------------------------------------------------------

[2022-12-10 19:43:42 #1 store] 
Database 'C:\Users\Bakero\git\Acceso_a_datos\Sesion3\db\empleados.odb' is opened by 2180@DESKTOP-6Q7JQ8O

[2022-12-10 19:43:42 #2 store] 
Configuration path: ?

[2022-12-10 19:43:42 #3 type] 
Type ejemplo1.DepartamentoEntity is not enhanced.

[2022-12-10 19:43:42 #4 type] 
Type ejemplo1.EmpleadoEntity is not enhanced.

[2022-12-10 19:43:43 #5 store] 
Database 'C:\Users\Bakero\git\Acceso_a_datos\Sesion3\db\empleados.odb' is closed by 2180@DESKTOP-6Q7JQ8O

------------------------------------------------------------------------------------------------------------------------

[2022-12-10 19:43:58 #1 store] 
Database 'C:\Users\Bakero\git\Acceso_a_datos\Sesion3\db\empleados.odb' is opened by 25420@DESKTOP-6Q7JQ8O

[2022-12-10 19:43:58 #2 store] 
Configuration path: ?

[2022-12-10 19:43:58 #3 type] 
Type ejemplo1.DepartamentoEntity is not enhanced.

[2022-12-10 19:43:58 #4 type] 
Type ejemplo1.EmpleadoEntity is not enhanced.

------------------------------------------------------------------------------------------------------------------------

[2022-12-10 19:44:14 #1 store] 
Database 'C:\Users\Bakero\git\Acceso_a_datos\Sesion3\db\empleados.odb' is opened by 8560@DESKTOP-6Q7JQ8O

[2022-12-10 19:44:14 #2 store] 
Configuration path: ?

[2022-12-10 19:44:14 #3 type] 
Type ejemplo1.DepartamentoEntity is not enhanced.

[2022-12-10 19:44:14 #4 type] 
Type ejemplo1.EmpleadoEntity is not enhanced.

------------------------------------------------------------------------------------------------------------------------

[2022-12-10 19:44:37 #1 store] 
Database 'C:\Users\Bakero\git\Acceso_a_datos\Sesion3\db\empleados.odb' is opened by 12576@DESKTOP-6Q7JQ8O

[2022-12-10 19:44:37 #2 store] 
Configuration path: ?

[2022-12-10 19:44:37 #3 type] 
Type ejemplo1.DepartamentoEntity is not enhanced.

[2022-12-10 19:44:37 #4 type] 
Type ejemplo1.EmpleadoEntity is not enhanced.

------------------------------------------------------------------------------------------------------------------------

[2022-12-10 19:44:59 #1 store] 
Database 'C:\Users\Bakero\git\Acceso_a_datos\Sesion3\db\empleados.odb' is opened by 3696@DESKTOP-6Q7JQ8O

[2022-12-10 19:44:59 #2 store] 
Configuration path: ?

[2022-12-10 19:44:59 #3 type] 
Type ejemplo1.DepartamentoEntity is not enhanced.

[2022-12-10 19:44:59 #4 type] 
Type ejemplo1.EmpleadoEntity is not enhanced.

------------------------------------------------------------------------------------------------------------------------

[2022-12-10 19:45:44 #1 store] 
Database 'C:\Users\Bakero\git\Acceso_a_datos\Sesion3\db\empleados.odb' is opened by 22348@DESKTOP-6Q7JQ8O

[2022-12-10 19:45:44 #2 store] 
Configuration path: ?

[2022-12-10 19:45:44 #3 type] 
Type ejemplo1.DepartamentoEntity is not enhanced.

[2022-12-10 19:45:44 #4 type] 
Type ejemplo1.EmpleadoEntity is not enhanced.

------------------------------------------------------------------------------------------------------------------------

[2022-12-10 19:45:52 #1 store] 
Database 'C:\Users\Bakero\git\Acceso_a_datos\Sesion3\db\empleados.odb' is opened by 11576@DESKTOP-6Q7JQ8O

[2022-12-10 19:45:52 #2 store] 
Configuration path: ?

[2022-12-10 19:45:52 #3 type] 
Type ejemplo1.DepartamentoEntity is not enhanced.

[2022-12-10 19:45:52 #4 type] 
Type ejemplo1.EmpleadoEntity is not enhanced.

------------------------------------------------------------------------------------------------------------------------

[2022-12-10 19:46:01 #1 store] 
Database 'C:\Users\Bakero\git\Acceso_a_datos\Sesion3\db\empleados.odb' is opened by 27312@DESKTOP-6Q7JQ8O

[2022-12-10 19:46:01 #2 store] 
Configuration path: ?

[2022-12-10 19:46:01 #3 type] 
Type ejemplo1.DepartamentoEntity is not enhanced.

[2022-12-10 19:46:01 #4 type] 
Type ejemplo1.EmpleadoEntity is not enhanced.

------------------------------------------------------------------------------------------------------------------------

[2022-12-10 19:46:50 #1 store] 
Database 'C:\Users\Bakero\git\Acceso_a_datos\Sesion3\db\empleados.odb' is opened by 9076@DESKTOP-6Q7JQ8O

[2022-12-10 19:46:50 #2 store] 
Configuration path: ?

[2022-12-10 19:46:50 #3 type] 
Type ejemplo1.DepartamentoEntity is not enhanced.

[2022-12-10 19:46:50 #4 type] 
Type ejemplo1.EmpleadoEntity is not enhanced.

------------------------------------------------------------------------------------------------------------------------

[2022-12-10 19:46:59 #1 store] 
Database 'C:\Users\Bakero\git\Acceso_a_datos\Sesion3\db\empleados.odb' is opened by 24076@DESKTOP-6Q7JQ8O

[2022-12-10 19:46:59 #2 store] 
Configuration path: ?

[2022-12-10 19:46:59 #3 type] 
Type ejemplo1.DepartamentoEntity is not enhanced.

[2022-12-10 19:46:59 #4 type] 
Type ejemplo1.EmpleadoEntity is not enhanced.

------------------------------------------------------------------------------------------------------------------------

[2022-12-10 19:47:51 #1 store] 
Database 'C:\Users\Bakero\git\Acceso_a_datos\Sesion3\db\empleados.odb' is opened by 25908@DESKTOP-6Q7JQ8O

[2022-12-10 19:47:51 #2 store] 
Configuration path: ?

[2022-12-10 19:47:51 #3 type] 
Type ejemplo1.DepartamentoEntity is not enhanced.

[2022-12-10 19:47:51 #4 type] 
Type ejemplo1.EmpleadoEntity is not enhanced.

------------------------------------------------------------------------------------------------------------------------

[2022-12-10 19:48:01 #1 store] 
Database 'C:\Users\Bakero\git\Acceso_a_datos\Sesion3\db\empleados.odb' is opened by 26156@DESKTOP-6Q7JQ8O

[2022-12-10 19:48:01 #2 store] 
Configuration path: ?

[2022-12-10 19:48:01 #3 type] 
Type ejemplo1.DepartamentoEntity is not enhanced.

[2022-12-10 19:48:01 #4 type] 
Type ejemplo1.EmpleadoEntity is not enhanced.

------------------------------------------------------------------------------------------------------------------------

[2022-12-10 19:48:52 #1 store] 
Database 'C:\Users\Bakero\git\Acceso_a_datos\Sesion3\db\empleados.odb' is opened by 18268@DESKTOP-6Q7JQ8O

[2022-12-10 19:48:52 #2 store] 
Configuration path: ?

[2022-12-10 19:48:52 #3 type] 
Type ejemplo1.DepartamentoEntity is not enhanced.

[2022-12-10 19:48:52 #4 type] 
Type ejemplo1.EmpleadoEntity is not enhanced.

------------------------------------------------------------------------------------------------------------------------

[2022-12-10 19:48:59 #1 store] 
Database 'C:\Users\Bakero\git\Acceso_a_datos\Sesion3\db\empleados.odb' is opened by 3436@DESKTOP-6Q7JQ8O

[2022-12-10 19:48:59 #2 store] 
Configuration path: ?

[2022-12-10 19:48:59 #3 type] 
Type ejemplo1.DepartamentoEntity is not enhanced.

[2022-12-10 19:48:59 #4 type] 
Type ejemplo1.EmpleadoEntity is not enhanced.

------------------------------------------------------------------------------------------------------------------------

[2022-12-10 19:49:34 #1 store] 
Database 'C:\Users\Bakero\git\Acceso_a_datos\Sesion3\db\empleados.odb' is opened by 2180@DESKTOP-6Q7JQ8O

[2022-12-10 19:49:34 #2 store] 
Configuration path: ?

[2022-12-10 19:49:34 #3 type] 
Type ejemplo1.DepartamentoEntity is not enhanced.

[2022-12-10 19:49:34 #4 type] 
Type ejemplo1.EmpleadoEntity is not enhanced.

------------------------------------------------------------------------------------------------------------------------

[2022-12-10 19:49:48 #1 store] 
Database 'C:\Users\Bakero\git\Acceso_a_datos\Sesion3\db\empleados.odb' is opened by 10064@DESKTOP-6Q7JQ8O

[2022-12-10 19:49:48 #2 store] 
Configuration path: ?

[2022-12-10 19:49:48 #3 type] 
Type ejemplo1.DepartamentoEntity is not enhanced.

[2022-12-10 19:49:48 #4 type] 
Type ejemplo1.EmpleadoEntity is not enhanced.

------------------------------------------------------------------------------------------------------------------------

[2022-12-10 19:50:44 #1 store] 
Database 'C:\Users\Bakero\git\Acceso_a_datos\Sesion3\db\empleados.odb' is opened by 4796@DESKTOP-6Q7JQ8O

[2022-12-10 19:50:44 #2 store] 
Configuration path: ?

[2022-12-10 19:50:44 #3 type] 
Type ejemplo1.DepartamentoEntity is not enhanced.

[2022-12-10 19:50:44 #4 type] 
Type ejemplo1.EmpleadoEntity is not enhanced.

------------------------------------------------------------------------------------------------------------------------

[2022-12-10 19:50:58 #1 store] 
Database 'C:\Users\Bakero\git\Acceso_a_datos\Sesion3\db\empleados.odb' is opened by 11768@DESKTOP-6Q7JQ8O

[2022-12-10 19:50:58 #2 store] 
Configuration path: ?

[2022-12-10 19:50:58 #3 type] 
Type ejemplo1.DepartamentoEntity is not enhanced.

[2022-12-10 19:50:58 #4 type] 
Type ejemplo1.EmpleadoEntity is not enhanced.

------------------------------------------------------------------------------------------------------------------------

[2022-12-10 19:51:08 #1 store] 
Database 'C:\Users\Bakero\git\Acceso_a_datos\Sesion3\db\empleados.odb' is opened by 2044@DESKTOP-6Q7JQ8O

[2022-12-10 19:51:08 #2 store] 
Configuration path: ?

[2022-12-10 19:51:08 #3 type] 
Type ejemplo1.DepartamentoEntity is not enhanced.

[2022-12-10 19:51:08 #4 type] 
Type ejemplo1.EmpleadoEntity is not enhanced.

------------------------------------------------------------------------------------------------------------------------

[2022-12-10 19:51:20 #1 store] 
Database 'C:\Users\Bakero\git\Acceso_a_datos\Sesion3\db\empleados.odb' is opened by 27496@DESKTOP-6Q7JQ8O

[2022-12-10 19:51:20 #2 store] 
Configuration path: ?

[2022-12-10 19:51:20 #3 type] 
Type ejemplo1.DepartamentoEntity is not enhanced.

[2022-12-10 19:51:20 #4 type] 
Type ejemplo1.EmpleadoEntity is not enhanced.

------------------------------------------------------------------------------------------------------------------------

[2022-12-10 19:52:19 #1 store] 
Database 'C:\Users\Bakero\git\Acceso_a_datos\Sesion3\db\empleados.odb' is opened by 11376@DESKTOP-6Q7JQ8O

[2022-12-10 19:52:19 #2 store] 
Configuration path: ?

[2022-12-10 19:52:19 #3 type] 
Type ejemplo1.DepartamentoEntity is not enhanced.

[2022-12-10 19:52:19 #4 type] 
Type ejemplo1.EmpleadoEntity is not enhanced.

------------------------------------------------------------------------------------------------------------------------

[2022-12-10 19:53:22 #1 store] 
Database 'C:\Users\Bakero\git\Acceso_a_datos\Sesion3\db\empleados.odb' is opened by 19584@DESKTOP-6Q7JQ8O

[2022-12-10 19:53:22 #2 store] 
Configuration path: ?

[2022-12-10 19:53:22 #3 type] 
Type ejemplo1.DepartamentoEntity is not enhanced.

[2022-12-10 19:53:22 #4 type] 
Type ejemplo1.EmpleadoEntity is not enhanced.

------------------------------------------------------------------------------------------------------------------------

[2022-12-10 19:56:04 #1 store] 
Database 'C:\Users\Bakero\git\Acceso_a_datos\Sesion3\db\empleados.odb' is opened by 4432@DESKTOP-6Q7JQ8O

[2022-12-10 19:56:04 #2 store] 
Configuration path: ?

[2022-12-10 19:56:04 #3 type] 
Type ejemplo1.DepartamentoEntity is not enhanced.

[2022-12-10 19:56:04 #4 type] 
Type ejemplo1.EmpleadoEntity is not enhanced.

------------------------------------------------------------------------------------------------------------------------

[2022-12-10 19:56:12 #1 store] 
Database 'C:\Users\Bakero\git\Acceso_a_datos\Sesion3\db\empleados.odb' is opened by 10024@DESKTOP-6Q7JQ8O

[2022-12-10 19:56:12 #2 store] 
Configuration path: ?

[2022-12-10 19:56:12 #3 type] 
Type ejemplo1.DepartamentoEntity is not enhanced.

[2022-12-10 19:56:12 #4 type] 
Type ejemplo1.EmpleadoEntity is not enhanced.

------------------------------------------------------------------------------------------------------------------------

[2022-12-10 19:57:04 #1 store] 
Database 'C:\Users\Bakero\git\Acceso_a_datos\Sesion3\db\empleados.odb' is opened by 18216@DESKTOP-6Q7JQ8O

[2022-12-10 19:57:04 #2 store] 
Configuration path: ?

[2022-12-10 19:57:05 #3 type] 
Type ejemplo1.DepartamentoEntity is not enhanced.

[2022-12-10 19:57:05 #4 type] 
Type ejemplo1.EmpleadoEntity is not enhanced.

------------------------------------------------------------------------------------------------------------------------

[2022-12-10 19:57:28 #1 store] 
Database 'C:\Users\Bakero\git\Acceso_a_datos\Sesion3\db\empleados.odb' is opened by 18660@DESKTOP-6Q7JQ8O

[2022-12-10 19:57:28 #2 store] 
Configuration path: ?

[2022-12-10 19:57:28 #3 type] 
Type ejemplo1.DepartamentoEntity is not enhanced.

[2022-12-10 19:57:28 #4 type] 
Type ejemplo1.EmpleadoEntity is not enhanced.

------------------------------------------------------------------------------------------------------------------------

[2022-12-10 19:57:56 #1 store] 
Database 'C:\Users\Bakero\git\Acceso_a_datos\Sesion3\db\empleados.odb' is opened by 27056@DESKTOP-6Q7JQ8O

[2022-12-10 19:57:56 #2 store] 
Configuration path: ?

[2022-12-10 19:57:56 #3 type] 
Type ejemplo1.DepartamentoEntity is not enhanced.

[2022-12-10 19:57:56 #4 type] 
Type ejemplo1.EmpleadoEntity is not enhanced.

------------------------------------------------------------------------------------------------------------------------

[2022-12-10 19:58:35 #1 store] 
Database 'C:\Users\Bakero\git\Acceso_a_datos\Sesion3\db\empleados.odb' is opened by 9480@DESKTOP-6Q7JQ8O

[2022-12-10 19:58:35 #2 store] 
Configuration path: ?

[2022-12-10 19:58:35 #3 type] 
Type ejemplo1.DepartamentoEntity is not enhanced.

[2022-12-10 19:58:35 #4 type] 
Type ejemplo1.EmpleadoEntity is not enhanced.

------------------------------------------------------------------------------------------------------------------------

[2022-12-10 19:58:54 #1 store] 
Database 'C:\Users\Bakero\git\Acceso_a_datos\Sesion3\db\empleados.odb' is opened by 18716@DESKTOP-6Q7JQ8O

[2022-12-10 19:58:54 #2 store] 
Configuration path: ?

[2022-12-10 19:58:54 #3 type] 
Type ejemplo1.DepartamentoEntity is not enhanced.

[2022-12-10 19:58:54 #4 type] 
Type ejemplo1.EmpleadoEntity is not enhanced.

------------------------------------------------------------------------------------------------------------------------

[2022-12-10 19:59:15 #1 store] 
Database 'C:\Users\Bakero\git\Acceso_a_datos\Sesion3\db\empleados.odb' is opened by 17132@DESKTOP-6Q7JQ8O

[2022-12-10 19:59:15 #2 store] 
Configuration path: ?

[2022-12-10 19:59:15 #3 type] 
Type ejemplo1.DepartamentoEntity is not enhanced.

[2022-12-10 19:59:15 #4 type] 
Type ejemplo1.EmpleadoEntity is not enhanced.

------------------------------------------------------------------------------------------------------------------------

[2022-12-10 19:59:25 #1 store] 
Database 'C:\Users\Bakero\git\Acceso_a_datos\Sesion3\db\empleados.odb' is opened by 23868@DESKTOP-6Q7JQ8O

[2022-12-10 19:59:25 #2 store] 
Configuration path: ?

[2022-12-10 19:59:25 #3 type] 
Type ejemplo1.DepartamentoEntity is not enhanced.

[2022-12-10 19:59:25 #4 type] 
Type ejemplo1.EmpleadoEntity is not enhanced.

[2022-12-10 19:59:25 #5 store] 
Database 'C:\Users\Bakero\git\Acceso_a_datos\Sesion3\db\empleados.odb' is closed by 23868@DESKTOP-6Q7JQ8O

------------------------------------------------------------------------------------------------------------------------

[2022-12-10 19:59:50 #1 store] 
Database 'C:\Users\Bakero\git\Acceso_a_datos\Sesion3\db\empleados.odb' is opened by 17124@DESKTOP-6Q7JQ8O

[2022-12-10 19:59:50 #2 store] 
Configuration path: ?

[2022-12-10 19:59:50 #3 type] 
Type ejemplo1.DepartamentoEntity is not enhanced.

[2022-12-10 19:59:50 #4 type] 
Type ejemplo1.EmpleadoEntity is not enhanced.

[2022-12-10 19:59:50 #5 store] 
Database 'C:\Users\Bakero\git\Acceso_a_datos\Sesion3\db\empleados.odb' is closed by 17124@DESKTOP-6Q7JQ8O

------------------------------------------------------------------------------------------------------------------------

[2022-12-10 20:00:04 #1 store] 
Database 'C:\Users\Bakero\git\Acceso_a_datos\Sesion3\db\empleados.odb' is opened by 17488@DESKTOP-6Q7JQ8O

[2022-12-10 20:00:04 #2 store] 
Configuration path: ?

[2022-12-10 20:00:04 #3 type] 
Type ejemplo1.DepartamentoEntity is not enhanced.

[2022-12-10 20:00:04 #4 type] 
Type ejemplo1.EmpleadoEntity is not enhanced.

------------------------------------------------------------------------------------------------------------------------

[2022-12-10 20:00:12 #1 store] 
Database 'C:\Users\Bakero\git\Acceso_a_datos\Sesion3\db\empleados.odb' is opened by 3320@DESKTOP-6Q7JQ8O

[2022-12-10 20:00:12 #2 store] 
Configuration path: ?

[2022-12-10 20:00:12 #3 type] 
Type ejemplo1.DepartamentoEntity is not enhanced.

[2022-12-10 20:00:12 #4 type] 
Type ejemplo1.EmpleadoEntity is not enhanced.

------------------------------------------------------------------------------------------------------------------------

[2022-12-10 20:00:20 #1 store] 
Database 'C:\Users\Bakero\git\Acceso_a_datos\Sesion3\db\empleados.odb' is opened by 22684@DESKTOP-6Q7JQ8O

[2022-12-10 20:00:20 #2 store] 
Configuration path: ?

[2022-12-10 20:00:20 #3 type] 
Type ejemplo1.DepartamentoEntity is not enhanced.

[2022-12-10 20:00:20 #4 type] 
Type ejemplo1.EmpleadoEntity is not enhanced.

------------------------------------------------------------------------------------------------------------------------

[2022-12-10 20:00:28 #1 store] 
Database 'C:\Users\Bakero\git\Acceso_a_datos\Sesion3\db\empleados.odb' is opened by 26672@DESKTOP-6Q7JQ8O

[2022-12-10 20:00:28 #2 store] 
Configuration path: ?

[2022-12-10 20:00:28 #3 type] 
Type ejemplo1.DepartamentoEntity is not enhanced.

[2022-12-10 20:00:28 #4 type] 
Type ejemplo1.EmpleadoEntity is not enhanced.

------------------------------------------------------------------------------------------------------------------------

[2022-12-10 20:00:37 #1 store] 
Database 'C:\Users\Bakero\git\Acceso_a_datos\Sesion3\db\empleados.odb' is opened by 336@DESKTOP-6Q7JQ8O

[2022-12-10 20:00:37 #2 store] 
Configuration path: ?

[2022-12-10 20:00:37 #3 type] 
Type ejemplo1.DepartamentoEntity is not enhanced.

[2022-12-10 20:00:37 #4 type] 
Type ejemplo1.EmpleadoEntity is not enhanced.

[2022-12-10 20:00:37 #5 store] 
Database 'C:\Users\Bakero\git\Acceso_a_datos\Sesion3\db\empleados.odb' is closed by 336@DESKTOP-6Q7JQ8O

------------------------------------------------------------------------------------------------------------------------

[2022-12-10 20:00:44 #1 store] 
Database 'C:\Users\Bakero\git\Acceso_a_datos\Sesion3\db\empleados.odb' is opened by 19848@DESKTOP-6Q7JQ8O

[2022-12-10 20:00:44 #2 store] 
Configuration path: ?

[2022-12-10 20:00:44 #3 type] 
Type ejemplo1.DepartamentoEntity is not enhanced.

[2022-12-10 20:00:44 #4 type] 
Type ejemplo1.EmpleadoEntity is not enhanced.

------------------------------------------------------------------------------------------------------------------------

[2022-12-10 20:00:53 #1 store] 
Database 'C:\Users\Bakero\git\Acceso_a_datos\Sesion3\db\empleados.odb' is opened by 17088@DESKTOP-6Q7JQ8O

[2022-12-10 20:00:53 #2 store] 
Configuration path: ?

[2022-12-10 20:00:53 #3 type] 
Type ejemplo1.DepartamentoEntity is not enhanced.

[2022-12-10 20:00:53 #4 type] 
Type ejemplo1.EmpleadoEntity is not enhanced.

------------------------------------------------------------------------------------------------------------------------

[2022-12-10 20:01:03 #1 store] 
Database 'C:\Users\Bakero\git\Acceso_a_datos\Sesion3\db\empleados.odb' is opened by 27204@DESKTOP-6Q7JQ8O

[2022-12-10 20:01:03 #2 store] 
Configuration path: ?

[2022-12-10 20:01:04 #3 type] 
Type ejemplo1.DepartamentoEntity is not enhanced.

[2022-12-10 20:01:04 #4 type] 
Type ejemplo1.EmpleadoEntity is not enhanced.

[2022-12-10 20:01:04 #5 store] 
Database 'C:\Users\Bakero\git\Acceso_a_datos\Sesion3\db\empleados.odb' is closed by 27204@DESKTOP-6Q7JQ8O

------------------------------------------------------------------------------------------------------------------------

[2022-12-10 20:01:49 #1 store] 
Database 'C:\Users\Bakero\git\Acceso_a_datos\Sesion3\db\empleados.odb' is opened by 26992@DESKTOP-6Q7JQ8O

[2022-12-10 20:01:49 #2 store] 
Configuration path: ?

[2022-12-10 20:01:49 #3 type] 
Type ejemplo1.DepartamentoEntity is not enhanced.

[2022-12-10 20:01:49 #4 type] 
Type ejemplo1.EmpleadoEntity is not enhanced.

------------------------------------------------------------------------------------------------------------------------

[2022-12-10 20:01:58 #1 store] 
Database 'C:\Users\Bakero\git\Acceso_a_datos\Sesion3\db\empleados.odb' is opened by 13072@DESKTOP-6Q7JQ8O

[2022-12-10 20:01:58 #2 store] 
Configuration path: ?

[2022-12-10 20:01:58 #3 type] 
Type ejemplo1.DepartamentoEntity is not enhanced.

[2022-12-10 20:01:58 #4 type] 
Type ejemplo1.EmpleadoEntity is not enhanced.

------------------------------------------------------------------------------------------------------------------------

[2022-12-10 20:02:12 #1 store] 
Database 'C:\Users\Bakero\git\Acceso_a_datos\Sesion3\db\empleados.odb' is opened by 19320@DESKTOP-6Q7JQ8O

[2022-12-10 20:02:12 #2 store] 
Configuration path: ?

[2022-12-10 20:02:12 #3 type] 
Type ejemplo1.DepartamentoEntity is not enhanced.

[2022-12-10 20:02:12 #4 type] 
Type ejemplo1.EmpleadoEntity is not enhanced.

------------------------------------------------------------------------------------------------------------------------

[2022-12-10 20:02:20 #1 store] 
Database 'C:\Users\Bakero\git\Acceso_a_datos\Sesion3\db\empleados.odb' is opened by 24624@DESKTOP-6Q7JQ8O

[2022-12-10 20:02:20 #2 store] 
Configuration path: ?

[2022-12-10 20:02:20 #3 type] 
Type ejemplo1.DepartamentoEntity is not enhanced.

[2022-12-10 20:02:20 #4 type] 
Type ejemplo1.EmpleadoEntity is not enhanced.

------------------------------------------------------------------------------------------------------------------------

[2022-12-10 20:02:56 #1 store] 
Database 'C:\Users\Bakero\git\Acceso_a_datos\Sesion3\db\empleados.odb' is opened by 22360@DESKTOP-6Q7JQ8O

[2022-12-10 20:02:56 #2 store] 
Configuration path: ?

[2022-12-10 20:02:56 #3 type] 
Type ejemplo1.DepartamentoEntity is not enhanced.

[2022-12-10 20:02:56 #4 type] 
Type ejemplo1.EmpleadoEntity is not enhanced.

------------------------------------------------------------------------------------------------------------------------

[2022-12-10 20:03:14 #1 store] 
Database 'C:\Users\Bakero\git\Acceso_a_datos\Sesion3\db\empleados.odb' is opened by 8888@DESKTOP-6Q7JQ8O

[2022-12-10 20:03:14 #2 store] 
Configuration path: ?

[2022-12-10 20:03:14 #3 type] 
Type ejemplo1.DepartamentoEntity is not enhanced.

[2022-12-10 20:03:14 #4 type] 
Type ejemplo1.EmpleadoEntity is not enhanced.

------------------------------------------------------------------------------------------------------------------------

[2022-12-10 20:04:47 #1 store] 
Database 'C:\Users\Bakero\git\Acceso_a_datos\Sesion3\db\empleados.odb' is opened by 5916@DESKTOP-6Q7JQ8O

[2022-12-10 20:04:47 #2 store] 
Configuration path: ?

[2022-12-10 20:04:47 #3 type] 
Type ejemplo1.DepartamentoEntity is not enhanced.

[2022-12-10 20:04:47 #4 type] 
Type ejemplo1.EmpleadoEntity is not enhanced.

[2022-12-10 20:04:47 #5 store] 
Database 'C:\Users\Bakero\git\Acceso_a_datos\Sesion3\db\empleados.odb' is closed by 5916@DESKTOP-6Q7JQ8O

------------------------------------------------------------------------------------------------------------------------

[2022-12-10 20:05:11 #1 store] 
Database 'C:\Users\Bakero\git\Acceso_a_datos\Sesion3\db\empleados.odb' is opened by 3128@DESKTOP-6Q7JQ8O

[2022-12-10 20:05:11 #2 store] 
Configuration path: ?

[2022-12-10 20:05:11 #3 type] 
Type ejemplo1.DepartamentoEntity is not enhanced.

[2022-12-10 20:05:11 #4 type] 
Type ejemplo1.EmpleadoEntity is not enhanced.

------------------------------------------------------------------------------------------------------------------------

[2022-12-10 20:05:29 #1 store] 
Database 'C:\Users\Bakero\git\Acceso_a_datos\Sesion3\db\empleados.odb' is opened by 3608@DESKTOP-6Q7JQ8O

[2022-12-10 20:05:29 #2 store] 
Configuration path: ?

[2022-12-10 20:05:29 #3 type] 
Type ejemplo1.DepartamentoEntity is not enhanced.

[2022-12-10 20:05:29 #4 type] 
Type ejemplo1.EmpleadoEntity is not enhanced.

------------------------------------------------------------------------------------------------------------------------

[2022-12-10 20:05:36 #1 store] 
Database 'C:\Users\Bakero\git\Acceso_a_datos\Sesion3\db\empleados.odb' is opened by 18016@DESKTOP-6Q7JQ8O

[2022-12-10 20:05:36 #2 store] 
Configuration path: ?

[2022-12-10 20:05:36 #3 type] 
Type ejemplo1.DepartamentoEntity is not enhanced.

[2022-12-10 20:05:36 #4 type] 
Type ejemplo1.EmpleadoEntity is not enhanced.

------------------------------------------------------------------------------------------------------------------------

[2022-12-10 20:06:15 #1 store] 
Database 'C:\Users\Bakero\git\Acceso_a_datos\Sesion3\db\empleados.odb' is opened by 21716@DESKTOP-6Q7JQ8O

[2022-12-10 20:06:15 #2 store] 
Configuration path: ?

[2022-12-10 20:06:15 #3 type] 
Type ejemplo1.DepartamentoEntity is not enhanced.

[2022-12-10 20:06:15 #4 type] 
Type ejemplo1.EmpleadoEntity is not enhanced.

------------------------------------------------------------------------------------------------------------------------

[2022-12-10 20:06:25 #1 store] 
Database 'C:\Users\Bakero\git\Acceso_a_datos\Sesion3\db\empleados.odb' is opened by 20092@DESKTOP-6Q7JQ8O

[2022-12-10 20:06:25 #2 store] 
Configuration path: ?

[2022-12-10 20:06:25 #3 type] 
Type ejemplo1.DepartamentoEntity is not enhanced.

[2022-12-10 20:06:25 #4 type] 
Type ejemplo1.EmpleadoEntity is not enhanced.

------------------------------------------------------------------------------------------------------------------------

[2022-12-10 20:06:34 #1 store] 
Database 'C:\Users\Bakero\git\Acceso_a_datos\Sesion3\db\empleados.odb' is opened by 5836@DESKTOP-6Q7JQ8O

[2022-12-10 20:06:34 #2 store] 
Configuration path: ?

[2022-12-10 20:06:34 #3 type] 
Type ejemplo1.DepartamentoEntity is not enhanced.

[2022-12-10 20:06:34 #4 type] 
Type ejemplo1.EmpleadoEntity is not enhanced.

[2022-12-10 20:06:34 #5 store] 
Database 'C:\Users\Bakero\git\Acceso_a_datos\Sesion3\db\empleados.odb' is closed by 5836@DESKTOP-6Q7JQ8O

------------------------------------------------------------------------------------------------------------------------

[2022-12-10 20:07:00 #1 store] 
Database 'C:\Users\Bakero\git\Acceso_a_datos\Sesion3\db\empleados.odb' is opened by 27144@DESKTOP-6Q7JQ8O

[2022-12-10 20:07:00 #2 store] 
Configuration path: ?

[2022-12-10 20:07:00 #3 type] 
Type ejemplo1.DepartamentoEntity is not enhanced.

[2022-12-10 20:07:00 #4 type] 
Type ejemplo1.EmpleadoEntity is not enhanced.

------------------------------------------------------------------------------------------------------------------------

[2022-12-10 20:07:13 #1 store] 
Database 'C:\Users\Bakero\git\Acceso_a_datos\Sesion3\db\empleados.odb' is opened by 19396@DESKTOP-6Q7JQ8O

[2022-12-10 20:07:13 #2 store] 
Configuration path: ?

[2022-12-10 20:07:13 #3 type] 
Type ejemplo1.DepartamentoEntity is not enhanced.

[2022-12-10 20:07:13 #4 type] 
Type ejemplo1.EmpleadoEntity is not enhanced.

------------------------------------------------------------------------------------------------------------------------

[2022-12-10 20:07:24 #1 store] 
Database 'C:\Users\Bakero\git\Acceso_a_datos\Sesion3\db\empleados.odb' is opened by 9252@DESKTOP-6Q7JQ8O

[2022-12-10 20:07:24 #2 store] 
Configuration path: ?

[2022-12-10 20:07:24 #3 type] 
Type ejemplo1.DepartamentoEntity is not enhanced.

[2022-12-10 20:07:24 #4 type] 
Type ejemplo1.EmpleadoEntity is not enhanced.

------------------------------------------------------------------------------------------------------------------------

[2022-12-10 20:07:32 #1 store] 
Database 'C:\Users\Bakero\git\Acceso_a_datos\Sesion3\db\empleados.odb' is opened by 5052@DESKTOP-6Q7JQ8O

[2022-12-10 20:07:32 #2 store] 
Configuration path: ?

[2022-12-10 20:07:32 #3 type] 
Type ejemplo1.DepartamentoEntity is not enhanced.

[2022-12-10 20:07:32 #4 type] 
Type ejemplo1.EmpleadoEntity is not enhanced.

------------------------------------------------------------------------------------------------------------------------

[2022-12-10 20:07:44 #1 store] 
Database 'C:\Users\Bakero\git\Acceso_a_datos\Sesion3\db\empleados.odb' is opened by 1260@DESKTOP-6Q7JQ8O

[2022-12-10 20:07:44 #2 store] 
Configuration path: ?

[2022-12-10 20:07:44 #3 type] 
Type ejemplo1.DepartamentoEntity is not enhanced.

[2022-12-10 20:07:44 #4 type] 
Type ejemplo1.EmpleadoEntity is not enhanced.

[2022-12-10 20:07:44 #5 store] 
Database 'C:\Users\Bakero\git\Acceso_a_datos\Sesion3\db\empleados.odb' is closed by 1260@DESKTOP-6Q7JQ8O

------------------------------------------------------------------------------------------------------------------------

[2022-12-10 20:09:19 #1 store] 
Database 'C:\Users\Bakero\git\Acceso_a_datos\Sesion3\db\empleados.odb' is opened by 17780@DESKTOP-6Q7JQ8O

[2022-12-10 20:09:19 #2 store] 
Configuration path: ?

[2022-12-10 20:09:19 #3 type] 
Type ejemplo1.DepartamentoEntity is not enhanced.

[2022-12-10 20:09:19 #4 type] 
Type ejemplo1.EmpleadoEntity is not enhanced.

[2022-12-10 20:09:19 #5 store] 
Database 'C:\Users\Bakero\git\Acceso_a_datos\Sesion3\db\empleados.odb' is closed by 17780@DESKTOP-6Q7JQ8O

------------------------------------------------------------------------------------------------------------------------

[2022-12-10 20:10:09 #1 store] 
Database 'C:\Users\Bakero\git\Acceso_a_datos\Sesion3\db\empleados.odb' is opened by 13488@DESKTOP-6Q7JQ8O

[2022-12-10 20:10:09 #2 store] 
Configuration path: ?

[2022-12-10 20:10:09 #3 type] 
Type ejemplo1.DepartamentoEntity is not enhanced.

[2022-12-10 20:10:09 #4 type] 
Type ejemplo1.EmpleadoEntity is not enhanced.

------------------------------------------------------------------------------------------------------------------------

[2022-12-10 20:10:24 #1 store] 
Database 'C:\Users\Bakero\git\Acceso_a_datos\Sesion3\db\empleados.odb' is opened by 13940@DESKTOP-6Q7JQ8O

[2022-12-10 20:10:24 #2 store] 
Configuration path: ?

[2022-12-10 20:10:24 #3 type] 
Type ejemplo1.DepartamentoEntity is not enhanced.

[2022-12-10 20:10:24 #4 type] 
Type ejemplo1.EmpleadoEntity is not enhanced.

------------------------------------------------------------------------------------------------------------------------

[2022-12-10 20:10:32 #1 store] 
Database 'C:\Users\Bakero\git\Acceso_a_datos\Sesion3\db\empleados.odb' is opened by 11684@DESKTOP-6Q7JQ8O

[2022-12-10 20:10:32 #2 store] 
Configuration path: ?

[2022-12-10 20:10:32 #3 type] 
Type ejemplo1.DepartamentoEntity is not enhanced.

[2022-12-10 20:10:32 #4 type] 
Type ejemplo1.EmpleadoEntity is not enhanced.

------------------------------------------------------------------------------------------------------------------------

[2022-12-10 20:10:52 #1 store] 
Database 'C:\Users\Bakero\git\Acceso_a_datos\Sesion3\db\empleados.odb' is opened by 1984@DESKTOP-6Q7JQ8O

[2022-12-10 20:10:52 #2 store] 
Configuration path: ?

[2022-12-10 20:10:52 #3 type] 
Type ejemplo1.DepartamentoEntity is not enhanced.

[2022-12-10 20:10:52 #4 type] 
Type ejemplo1.EmpleadoEntity is not enhanced.

------------------------------------------------------------------------------------------------------------------------

[2022-12-10 20:11:16 #1 store] 
Database 'C:\Users\Bakero\git\Acceso_a_datos\Sesion3\db\empleados.odb' is opened by 22688@DESKTOP-6Q7JQ8O

[2022-12-10 20:11:16 #2 store] 
Configuration path: ?

[2022-12-10 20:11:16 #3 type] 
Type ejemplo1.DepartamentoEntity is not enhanced.

[2022-12-10 20:11:16 #4 type] 
Type ejemplo1.EmpleadoEntity is not enhanced.

------------------------------------------------------------------------------------------------------------------------

[2022-12-10 20:11:28 #1 store] 
Database 'C:\Users\Bakero\git\Acceso_a_datos\Sesion3\db\empleados.odb' is opened by 24540@DESKTOP-6Q7JQ8O

[2022-12-10 20:11:28 #2 store] 
Configuration path: ?

[2022-12-10 20:11:28 #3 type] 
Type ejemplo1.DepartamentoEntity is not enhanced.

[2022-12-10 20:11:28 #4 type] 
Type ejemplo1.EmpleadoEntity is not enhanced.

------------------------------------------------------------------------------------------------------------------------

[2022-12-10 20:15:57 #1 store] 
Database 'C:\Users\Bakero\git\Acceso_a_datos\Sesion3\db\empleados.odb' is opened by 4628@DESKTOP-6Q7JQ8O

[2022-12-10 20:15:57 #2 store] 
Configuration path: ?

[2022-12-10 20:15:57 #3 type] 
Type ejemplo1.DepartamentoEntity is not enhanced.

[2022-12-10 20:15:57 #4 type] 
Type ejemplo1.EmpleadoEntity is not enhanced.

[2022-12-10 20:15:57 #5 store] 
Database 'C:\Users\Bakero\git\Acceso_a_datos\Sesion3\db\empleados.odb' is closed by 4628@DESKTOP-6Q7JQ8O

------------------------------------------------------------------------------------------------------------------------

[2022-12-10 20:16:40 #1 store] 
Database 'C:\Users\Bakero\git\Acceso_a_datos\Sesion3\db\empleados.odb' is opened by 21020@DESKTOP-6Q7JQ8O

[2022-12-10 20:16:40 #2 store] 
Configuration path: ?

[2022-12-10 20:16:40 #3 type] 
Type ejemplo1.DepartamentoEntity is not enhanced.

[2022-12-10 20:16:40 #4 type] 
Type ejemplo1.EmpleadoEntity is not enhanced.

[2022-12-10 20:16:40 #5 store] 
Database 'C:\Users\Bakero\git\Acceso_a_datos\Sesion3\db\empleados.odb' is closed by 21020@DESKTOP-6Q7JQ8O

------------------------------------------------------------------------------------------------------------------------

[2022-12-10 20:21:26 #1 store] 
Database 'C:\Users\Bakero\git\Acceso_a_datos\Sesion3\db\empleados.odb' is opened by 11500@DESKTOP-6Q7JQ8O

[2022-12-10 20:21:26 #2 store] 
Configuration path: ?

[2022-12-10 20:21:26 #3 type] 
Type ejemplo1.DepartamentoEntity is not enhanced.

[2022-12-10 20:21:26 #4 type] 
Type ejemplo1.EmpleadoEntity is not enhanced.

[2022-12-10 20:21:26 #5 store] 
Database 'C:\Users\Bakero\git\Acceso_a_datos\Sesion3\db\empleados.odb' is closed by 11500@DESKTOP-6Q7JQ8O

------------------------------------------------------------------------------------------------------------------------

[2022-12-10 20:21:42 #1 store] 
Database 'C:\Users\Bakero\git\Acceso_a_datos\Sesion3\db\empleados.odb' is opened by 9264@DESKTOP-6Q7JQ8O

[2022-12-10 20:21:42 #2 store] 
Configuration path: ?

[2022-12-10 20:21:42 #3 type] 
Type ejemplo1.DepartamentoEntity is not enhanced.

[2022-12-10 20:21:42 #4 type] 
Type ejemplo1.EmpleadoEntity is not enhanced.

[2022-12-10 20:21:42 #5 store] 
Database 'C:\Users\Bakero\git\Acceso_a_datos\Sesion3\db\empleados.odb' is closed by 9264@DESKTOP-6Q7JQ8O

------------------------------------------------------------------------------------------------------------------------

[2022-12-10 20:22:01 #1 store] 
Database 'C:\Users\Bakero\git\Acceso_a_datos\Sesion3\db\empleados.odb' is opened by 12952@DESKTOP-6Q7JQ8O

[2022-12-10 20:22:01 #2 store] 
Configuration path: ?

[2022-12-10 20:22:01 #3 type] 
Type ejemplo1.DepartamentoEntity is not enhanced.

[2022-12-10 20:22:01 #4 type] 
Type ejemplo1.EmpleadoEntity is not enhanced.

[2022-12-10 20:22:01 #5 store] 
Database 'C:\Users\Bakero\git\Acceso_a_datos\Sesion3\db\empleados.odb' is closed by 12952@DESKTOP-6Q7JQ8O

------------------------------------------------------------------------------------------------------------------------

[2022-12-10 20:22:18 #1 store] 
Database 'C:\Users\Bakero\git\Acceso_a_datos\Sesion3\db\empleados.odb' is opened by 19828@DESKTOP-6Q7JQ8O

[2022-12-10 20:22:18 #2 store] 
Configuration path: ?

[2022-12-10 20:22:18 #3 type] 
Type ejemplo1.DepartamentoEntity is not enhanced.

[2022-12-10 20:22:18 #4 type] 
Type ejemplo1.EmpleadoEntity is not enhanced.

[2022-12-10 20:22:18 #5 store] 
Database 'C:\Users\Bakero\git\Acceso_a_datos\Sesion3\db\empleados.odb' is closed by 19828@DESKTOP-6Q7JQ8O

------------------------------------------------------------------------------------------------------------------------

[2022-12-10 20:29:53 #1 store] 
Database 'C:\Users\Bakero\git\Acceso_a_datos\Sesion3\db\empleados.odb' is opened by 11212@DESKTOP-6Q7JQ8O

[2022-12-10 20:29:53 #2 store] 
Configuration path: ?

[2022-12-10 20:29:53 #3 type] 
Type ejemplo1.DepartamentoEntity is not enhanced.

[2022-12-10 20:29:53 #4 type] 
Type ejemplo1.EmpleadoEntity is not enhanced.

------------------------------------------------------------------------------------------------------------------------

[2022-12-10 20:30:47 #1 store] 
Database 'C:\Users\Bakero\git\Acceso_a_datos\Sesion3\db\empleados.odb' is opened by 3664@DESKTOP-6Q7JQ8O

[2022-12-10 20:30:47 #2 store] 
Configuration path: ?

[2022-12-10 20:30:47 #3 type] 
Type ejemplo1.DepartamentoEntity is not enhanced.

[2022-12-10 20:30:47 #4 type] 
Type ejemplo1.EmpleadoEntity is not enhanced.

------------------------------------------------------------------------------------------------------------------------

[2022-12-10 20:33:10 #1 store] 
Database 'C:\Users\Bakero\git\Acceso_a_datos\Sesion3\db\empleados.odb' is opened by 7984@DESKTOP-6Q7JQ8O

[2022-12-10 20:33:10 #2 store] 
Configuration path: ?

[2022-12-10 20:33:10 #3 type] 
Type ejemplo1.DepartamentoEntity is not enhanced.

[2022-12-10 20:33:10 #4 type] 
Type ejemplo1.EmpleadoEntity is not enhanced.

------------------------------------------------------------------------------------------------------------------------

[2022-12-10 20:33:21 #1 store] 
Database 'C:\Users\Bakero\git\Acceso_a_datos\Sesion3\db\empleados.odb' is opened by 20364@DESKTOP-6Q7JQ8O

[2022-12-10 20:33:21 #2 store] 
Configuration path: ?

[2022-12-10 20:33:21 #3 type] 
Type ejemplo1.DepartamentoEntity is not enhanced.

[2022-12-10 20:33:21 #4 type] 
Type ejemplo1.EmpleadoEntity is not enhanced.

------------------------------------------------------------------------------------------------------------------------

[2022-12-10 20:35:39 #1 store] 
Database 'C:\Users\Bakero\git\Acceso_a_datos\Sesion3\db\empleados.odb' is opened by 18104@DESKTOP-6Q7JQ8O

[2022-12-10 20:35:39 #2 store] 
Configuration path: ?

[2022-12-10 20:35:39 #3 type] 
Type ejemplo1.DepartamentoEntity is not enhanced.

[2022-12-10 20:35:39 #4 type] 
Type ejemplo1.EmpleadoEntity is not enhanced.

------------------------------------------------------------------------------------------------------------------------

[2022-12-10 20:36:14 #1 store] 
Database 'C:\Users\Bakero\git\Acceso_a_datos\Sesion3\db\empleados.odb' is opened by 23160@DESKTOP-6Q7JQ8O

[2022-12-10 20:36:14 #2 store] 
Configuration path: ?

[2022-12-10 20:36:14 #3 type] 
Type ejemplo1.DepartamentoEntity is not enhanced.

[2022-12-10 20:36:14 #4 type] 
Type ejemplo1.EmpleadoEntity is not enhanced.

------------------------------------------------------------------------------------------------------------------------

[2022-12-10 20:37:03 #1 store] 
Database 'C:\Users\Bakero\git\Acceso_a_datos\Sesion3\db\empleados.odb' is opened by 19960@DESKTOP-6Q7JQ8O

[2022-12-10 20:37:03 #2 store] 
Configuration path: ?

[2022-12-10 20:37:03 #3 type] 
Type ejemplo1.DepartamentoEntity is not enhanced.

[2022-12-10 20:37:03 #4 type] 
Type ejemplo1.EmpleadoEntity is not enhanced.

[2022-12-10 20:37:03 #5 store] 
Database 'C:\Users\Bakero\git\Acceso_a_datos\Sesion3\db\empleados.odb' is closed by 19960@DESKTOP-6Q7JQ8O

------------------------------------------------------------------------------------------------------------------------

[2022-12-10 20:37:19 #1 store] 
Database 'C:\Users\Bakero\git\Acceso_a_datos\Sesion3\db\empleados.odb' is opened by 1160@DESKTOP-6Q7JQ8O

[2022-12-10 20:37:19 #2 store] 
Configuration path: ?

[2022-12-10 20:37:19 #3 type] 
Type ejemplo1.DepartamentoEntity is not enhanced.

[2022-12-10 20:37:19 #4 type] 
Type ejemplo1.EmpleadoEntity is not enhanced.

[2022-12-10 20:37:19 #5 store] 
Database 'C:\Users\Bakero\git\Acceso_a_datos\Sesion3\db\empleados.odb' is closed by 1160@DESKTOP-6Q7JQ8O

------------------------------------------------------------------------------------------------------------------------

[2022-12-10 20:38:26 #1 store] 
Database 'C:\Users\Bakero\git\Acceso_a_datos\Sesion3\db\empleados.odb' is opened by 140@DESKTOP-6Q7JQ8O

[2022-12-10 20:38:26 #2 store] 
Configuration path: ?

[2022-12-10 20:38:26 #3 type] 
Type ejemplo1.DepartamentoEntity is not enhanced.

[2022-12-10 20:38:26 #4 type] 
Type ejemplo1.EmpleadoEntity is not enhanced.

------------------------------------------------------------------------------------------------------------------------

[2022-12-10 20:39:00 #1 store] 
Database 'C:\Users\Bakero\git\Acceso_a_datos\Sesion3\db\empleados.odb' is opened by 23348@DESKTOP-6Q7JQ8O

[2022-12-10 20:39:00 #2 store] 
Configuration path: ?

[2022-12-10 20:39:00 #3 type] 
Type ejemplo1.DepartamentoEntity is not enhanced.

[2022-12-10 20:39:00 #4 type] 
Type ejemplo1.EmpleadoEntity is not enhanced.

[2022-12-10 20:39:00 #5 store] 
Database 'C:\Users\Bakero\git\Acceso_a_datos\Sesion3\db\empleados.odb' is closed by 23348@DESKTOP-6Q7JQ8O

------------------------------------------------------------------------------------------------------------------------

[2022-12-10 20:39:13 #1 store] 
Database 'C:\Users\Bakero\git\Acceso_a_datos\Sesion3\db\empleados.odb' is opened by 24640@DESKTOP-6Q7JQ8O

[2022-12-10 20:39:13 #2 store] 
Configuration path: ?

[2022-12-10 20:39:14 #3 type] 
Type ejemplo1.DepartamentoEntity is not enhanced.

[2022-12-10 20:39:14 #4 type] 
Type ejemplo1.EmpleadoEntity is not enhanced.

------------------------------------------------------------------------------------------------------------------------

[2022-12-10 20:39:25 #1 store] 
Database 'C:\Users\Bakero\git\Acceso_a_datos\Sesion3\db\empleados.odb' is opened by 24076@DESKTOP-6Q7JQ8O

[2022-12-10 20:39:25 #2 store] 
Configuration path: ?

[2022-12-10 20:39:25 #3 type] 
Type ejemplo1.DepartamentoEntity is not enhanced.

[2022-12-10 20:39:25 #4 type] 
Type ejemplo1.EmpleadoEntity is not enhanced.

------------------------------------------------------------------------------------------------------------------------

[2022-12-10 20:40:22 #1 store] 
Database 'C:\Users\Bakero\git\Acceso_a_datos\Sesion3\db\empleados.odb' is opened by 5700@DESKTOP-6Q7JQ8O

[2022-12-10 20:40:22 #2 store] 
Configuration path: ?

[2022-12-10 20:40:22 #3 type] 
Type ejemplo1.DepartamentoEntity is not enhanced.

[2022-12-10 20:40:22 #4 type] 
Type ejemplo1.EmpleadoEntity is not enhanced.

------------------------------------------------------------------------------------------------------------------------

[2022-12-10 20:43:24 #1 store] 
Database 'C:\Users\Bakero\git\Acceso_a_datos\Sesion3\db\empleados.odb' is opened by 25872@DESKTOP-6Q7JQ8O

[2022-12-10 20:43:24 #2 store] 
Configuration path: ?

[2022-12-10 20:43:24 #3 type] 
Type ejemplo1.DepartamentoEntity is not enhanced.

[2022-12-10 20:43:24 #4 type] 
Type ejemplo1.EmpleadoEntity is not enhanced.

[2022-12-10 20:43:24 #5 store] 
Database 'C:\Users\Bakero\git\Acceso_a_datos\Sesion3\db\empleados.odb' is closed by 25872@DESKTOP-6Q7JQ8O

------------------------------------------------------------------------------------------------------------------------

[2022-12-10 20:43:40 #1 store] 
Database 'C:\Users\Bakero\git\Acceso_a_datos\Sesion3\db\empleados.odb' is opened by 10672@DESKTOP-6Q7JQ8O

[2022-12-10 20:43:40 #2 store] 
Configuration path: ?

[2022-12-10 20:43:40 #3 type] 
Type ejemplo1.DepartamentoEntity is not enhanced.

[2022-12-10 20:43:40 #4 type] 
Type ejemplo1.EmpleadoEntity is not enhanced.

------------------------------------------------------------------------------------------------------------------------

[2022-12-10 20:43:49 #1 store] 
Database 'C:\Users\Bakero\git\Acceso_a_datos\Sesion3\db\empleados.odb' is opened by 19912@DESKTOP-6Q7JQ8O

[2022-12-10 20:43:49 #2 store] 
Configuration path: ?

[2022-12-10 20:43:49 #3 type] 
Type ejemplo1.DepartamentoEntity is not enhanced.

[2022-12-10 20:43:49 #4 type] 
Type ejemplo1.EmpleadoEntity is not enhanced.

[2022-12-10 20:43:49 #5 store] 
Database 'C:\Users\Bakero\git\Acceso_a_datos\Sesion3\db\empleados.odb' is closed by 19912@DESKTOP-6Q7JQ8O

------------------------------------------------------------------------------------------------------------------------

[2022-12-10 20:44:19 #1 store] 
Database 'C:\Users\Bakero\git\Acceso_a_datos\Sesion3\db\empleados.odb' is opened by 17780@DESKTOP-6Q7JQ8O

[2022-12-10 20:44:19 #2 store] 
Configuration path: ?

[2022-12-10 20:44:19 #3 type] 
Type ejemplo1.DepartamentoEntity is not enhanced.

[2022-12-10 20:44:19 #4 type] 
Type ejemplo1.EmpleadoEntity is not enhanced.

------------------------------------------------------------------------------------------------------------------------

[2022-12-10 20:44:41 #1 store] 
Database 'C:\Users\Bakero\git\Acceso_a_datos\Sesion3\db\empleados.odb' is opened by 4852@DESKTOP-6Q7JQ8O

[2022-12-10 20:44:41 #2 store] 
Configuration path: ?

[2022-12-10 20:44:41 #3 type] 
Type ejemplo1.DepartamentoEntity is not enhanced.

[2022-12-10 20:44:41 #4 type] 
Type ejemplo1.EmpleadoEntity is not enhanced.

------------------------------------------------------------------------------------------------------------------------

[2022-12-10 20:44:53 #1 store] 
Database 'C:\Users\Bakero\git\Acceso_a_datos\Sesion3\db\empleados.odb' is opened by 18136@DESKTOP-6Q7JQ8O

[2022-12-10 20:44:53 #2 store] 
Configuration path: ?

[2022-12-10 20:44:53 #3 type] 
Type ejemplo1.DepartamentoEntity is not enhanced.

[2022-12-10 20:44:53 #4 type] 
Type ejemplo1.EmpleadoEntity is not enhanced.

[2022-12-10 20:44:53 #5 store] 
Database 'C:\Users\Bakero\git\Acceso_a_datos\Sesion3\db\empleados.odb' is closed by 18136@DESKTOP-6Q7JQ8O

------------------------------------------------------------------------------------------------------------------------

[2022-12-10 20:46:58 #1 store] 
Database 'C:\Users\Bakero\git\Acceso_a_datos\Sesion3\db\empleados.odb' is opened by 17992@DESKTOP-6Q7JQ8O

[2022-12-10 20:46:58 #2 store] 
Configuration path: ?

[2022-12-10 20:46:58 #3 type] 
Type ejemplo1.DepartamentoEntity is not enhanced.

[2022-12-10 20:46:58 #4 type] 
Type ejemplo1.EmpleadoEntity is not enhanced.

[2022-12-10 20:46:58 #5 store] 
Database 'C:\Users\Bakero\git\Acceso_a_datos\Sesion3\db\empleados.odb' is closed by 17992@DESKTOP-6Q7JQ8O

------------------------------------------------------------------------------------------------------------------------

[2022-12-10 20:50:01 #1 store] 
Database 'C:\Users\Bakero\git\Acceso_a_datos\Sesion3\db\empleados.odb' is opened by 26300@DESKTOP-6Q7JQ8O

[2022-12-10 20:50:01 #2 store] 
Configuration path: ?

[2022-12-10 20:50:01 #3 type] 
Type ejemplo1.DepartamentoEntity is not enhanced.

[2022-12-10 20:50:01 #4 type] 
Type ejemplo1.EmpleadoEntity is not enhanced.

------------------------------------------------------------------------------------------------------------------------

[2022-12-10 20:50:51 #1 store] 
Database 'C:\Users\Bakero\git\Acceso_a_datos\Sesion3\db\empleados.odb' is opened by 11744@DESKTOP-6Q7JQ8O

[2022-12-10 20:50:51 #2 store] 
Configuration path: ?

[2022-12-10 20:50:51 #3 type] 
Type ejemplo1.DepartamentoEntity is not enhanced.

[2022-12-10 20:50:51 #4 type] 
Type ejemplo1.EmpleadoEntity is not enhanced.

------------------------------------------------------------------------------------------------------------------------

[2022-12-10 20:53:04 #1 store] 
Database 'C:\Users\Bakero\git\Acceso_a_datos\Sesion3\db\empleados.odb' is opened by 5640@DESKTOP-6Q7JQ8O

[2022-12-10 20:53:04 #2 store] 
Configuration path: ?

[2022-12-10 20:53:04 #3 type] 
Type ejemplo1.DepartamentoEntity is not enhanced.

[2022-12-10 20:53:04 #4 type] 
Type ejemplo1.EmpleadoEntity is not enhanced.

[2022-12-10 20:53:04 #5 store] 
Database 'C:\Users\Bakero\git\Acceso_a_datos\Sesion3\db\empleados.odb' is closed by 5640@DESKTOP-6Q7JQ8O

------------------------------------------------------------------------------------------------------------------------

[2022-12-10 20:53:52 #1 store] 
Database 'C:\Users\Bakero\git\Acceso_a_datos\Sesion3\db\empleados.odb' is opened by 1268@DESKTOP-6Q7JQ8O

[2022-12-10 20:53:52 #2 store] 
Configuration path: ?

[2022-12-10 20:53:52 #3 type] 
Type ejemplo1.DepartamentoEntity is not enhanced.

[2022-12-10 20:53:52 #4 type] 
Type ejemplo1.EmpleadoEntity is not enhanced.

------------------------------------------------------------------------------------------------------------------------

[2022-12-10 20:54:30 #1 store] 
Database 'C:\Users\Bakero\git\Acceso_a_datos\Sesion3\db\empleados.odb' is opened by 26648@DESKTOP-6Q7JQ8O

[2022-12-10 20:54:30 #2 store] 
Configuration path: ?

[2022-12-10 20:54:30 #3 type] 
Type ejemplo1.DepartamentoEntity is not enhanced.

[2022-12-10 20:54:30 #4 type] 
Type ejemplo1.EmpleadoEntity is not enhanced.

