------------------------------------------------------------------------------------------------------------------------

[2023-01-09 15:20:59 #1 store] 
Database 'C:\Users\Bakero\git\Acceso_a_datos\Sesion3\db\empleados.odb' is opened by 23388@DESKTOP-6Q7JQ8O

[2023-01-09 15:20:59 #2 store] 
Configuration path: ?

[2023-01-09 15:20:59 #3 type] 
Type ejemplo1.DepartamentoEntity is not enhanced.

[2023-01-09 15:20:59 #4 type] 
Type ejemplo1.EmpleadoEntity is not enhanced.

[2023-01-09 15:20:59 #5 store] 
Database 'C:\Users\Bakero\git\Acceso_a_datos\Sesion3\db\empleados.odb' is closed by 23388@DESKTOP-6Q7JQ8O

------------------------------------------------------------------------------------------------------------------------

[2023-01-09 15:21:29 #1 store] 
Database 'C:\Users\Bakero\git\Acceso_a_datos\Sesion3\db\empleados.odb' is opened by 7768@DESKTOP-6Q7JQ8O

[2023-01-09 15:21:29 #2 store] 
Configuration path: ?

[2023-01-09 15:21:30 #3 type] 
Type ejemplo1.DepartamentoEntity is not enhanced.

[2023-01-09 15:21:30 #4 type] 
Type ejemplo1.EmpleadoEntity is not enhanced.

[2023-01-09 15:21:30 #5 store] 
Database 'C:\Users\Bakero\git\Acceso_a_datos\Sesion3\db\empleados.odb' is closed by 7768@DESKTOP-6Q7JQ8O

------------------------------------------------------------------------------------------------------------------------

[2023-01-09 15:23:33 #1 store] 
Database 'C:\Users\Bakero\git\Acceso_a_datos\Sesion3\db\empleados.odb' is opened by 2868@DESKTOP-6Q7JQ8O

[2023-01-09 15:23:33 #2 store] 
Configuration path: ?

[2023-01-09 15:23:33 #3 type] 
Type ejemplo1.DepartamentoEntity is not enhanced.

[2023-01-09 15:23:33 #4 type] 
Type ejemplo1.EmpleadoEntity is not enhanced.

[2023-01-09 15:23:33 #5 store] 
Database 'C:\Users\Bakero\git\Acceso_a_datos\Sesion3\db\empleados.odb' is closed by 2868@DESKTOP-6Q7JQ8O

------------------------------------------------------------------------------------------------------------------------

[2023-01-09 15:24:10 #1 store] 
Database 'C:\Users\Bakero\git\Acceso_a_datos\Sesion3\db\empleados.odb' is opened by 16364@DESKTOP-6Q7JQ8O

[2023-01-09 15:24:10 #2 store] 
Configuration path: ?

[2023-01-09 15:24:10 #3 type] 
Type ejemplo1.DepartamentoEntity is not enhanced.

[2023-01-09 15:24:10 #4 type] 
Type ejemplo1.EmpleadoEntity is not enhanced.

[2023-01-09 15:24:10 #5 store] 
Database 'C:\Users\Bakero\git\Acceso_a_datos\Sesion3\db\empleados.odb' is closed by 16364@DESKTOP-6Q7JQ8O

------------------------------------------------------------------------------------------------------------------------

[2023-01-09 17:32:17 #1 store] 
Database 'C:\Users\Bakero\git\Acceso_a_datos\Sesion3\db\empleados.odb' is opened by 7900@DESKTOP-6Q7JQ8O

[2023-01-09 17:32:17 #2 store] 
Configuration path: ?

[2023-01-09 17:32:17 #3 type] 
Type ejemplo1.DepartamentoEntity is not enhanced.

[2023-01-09 17:32:17 #4 type] 
Type ejemplo1.EmpleadoEntity is not enhanced.

[2023-01-09 17:32:17 #5 store] 
Database 'C:\Users\Bakero\git\Acceso_a_datos\Sesion3\db\empleados.odb' is closed by 7900@DESKTOP-6Q7JQ8O

------------------------------------------------------------------------------------------------------------------------

[2023-01-09 17:41:36 #1 store] 
Database 'C:\Users\Bakero\git\Acceso_a_datos\Sesion3\db\empleados.odb' is opened by 1872@DESKTOP-6Q7JQ8O

[2023-01-09 17:41:36 #2 store] 
Configuration path: ?

[2023-01-09 17:41:36 #3 type] 
Type ejemplo1.DepartamentoEntity is not enhanced.

[2023-01-09 17:41:36 #4 type] 
Type ejemplo1.EmpleadoEntity is not enhanced.

[2023-01-09 17:41:36 #5 store] 
Database 'C:\Users\Bakero\git\Acceso_a_datos\Sesion3\db\empleados.odb' is closed by 1872@DESKTOP-6Q7JQ8O

------------------------------------------------------------------------------------------------------------------------

[2023-01-09 17:42:46 #1 store] 
Database 'C:\Users\Bakero\git\Acceso_a_datos\Sesion3\db\empleados.odb' is opened by 27548@DESKTOP-6Q7JQ8O

[2023-01-09 17:42:46 #2 store] 
Configuration path: ?

[2023-01-09 17:42:46 #3 type] 
Type ejemplo1.DepartamentoEntity is not enhanced.

[2023-01-09 17:42:46 #4 type] 
Type ejemplo1.EmpleadoEntity is not enhanced.

[2023-01-09 17:42:46 #5 store] 
Database 'C:\Users\Bakero\git\Acceso_a_datos\Sesion3\db\empleados.odb' is closed by 27548@DESKTOP-6Q7JQ8O

------------------------------------------------------------------------------------------------------------------------

[2023-01-09 17:42:49 #1 store] 
Database 'C:\Users\Bakero\git\Acceso_a_datos\Sesion3\db\empleados.odb' is opened by 22772@DESKTOP-6Q7JQ8O

[2023-01-09 17:42:49 #2 store] 
Configuration path: ?

[2023-01-09 17:42:49 #3 type] 
Type ejemplo1.DepartamentoEntity is not enhanced.

[2023-01-09 17:42:49 #4 type] 
Type ejemplo1.EmpleadoEntity is not enhanced.

[2023-01-09 17:42:49 #5 store] 
Database 'C:\Users\Bakero\git\Acceso_a_datos\Sesion3\db\empleados.odb' is closed by 22772@DESKTOP-6Q7JQ8O

------------------------------------------------------------------------------------------------------------------------

[2023-01-09 17:43:35 #1 store] 
Database 'C:\Users\Bakero\git\Acceso_a_datos\Sesion3\db\empleados.odb' is opened by 12896@DESKTOP-6Q7JQ8O

[2023-01-09 17:43:35 #2 store] 
Configuration path: ?

[2023-01-09 17:43:35 #3 type] 
Type ejemplo1.DepartamentoEntity is not enhanced.

[2023-01-09 17:43:35 #4 type] 
Type ejemplo1.EmpleadoEntity is not enhanced.

------------------------------------------------------------------------------------------------------------------------

[2023-01-09 17:43:43 #1 store] 
Database 'C:\Users\Bakero\git\Acceso_a_datos\Sesion3\db\empleados.odb' is opened by 10776@DESKTOP-6Q7JQ8O

[2023-01-09 17:43:43 #2 store] 
Configuration path: ?

[2023-01-09 17:43:44 #3 type] 
Type ejemplo1.DepartamentoEntity is not enhanced.

[2023-01-09 17:43:44 #4 type] 
Type ejemplo1.EmpleadoEntity is not enhanced.

------------------------------------------------------------------------------------------------------------------------

[2023-01-09 17:43:59 #1 store] 
Database 'C:\Users\Bakero\git\Acceso_a_datos\Sesion3\db\empleados.odb' is opened by 14676@DESKTOP-6Q7JQ8O

[2023-01-09 17:43:59 #2 store] 
Configuration path: ?

[2023-01-09 17:43:59 #3 type] 
Type ejemplo1.DepartamentoEntity is not enhanced.

[2023-01-09 17:43:59 #4 type] 
Type ejemplo1.EmpleadoEntity is not enhanced.

------------------------------------------------------------------------------------------------------------------------

[2023-01-09 17:44:29 #1 store] 
Database 'C:\Users\Bakero\git\Acceso_a_datos\Sesion3\db\empleados.odb' is opened by 23248@DESKTOP-6Q7JQ8O

[2023-01-09 17:44:29 #2 store] 
Configuration path: ?

[2023-01-09 17:44:29 #3 type] 
Type ejemplo1.DepartamentoEntity is not enhanced.

[2023-01-09 17:44:29 #4 type] 
Type ejemplo1.EmpleadoEntity is not enhanced.

[2023-01-09 17:44:29 #5 store] 
Database 'C:\Users\Bakero\git\Acceso_a_datos\Sesion3\db\empleados.odb' is closed by 23248@DESKTOP-6Q7JQ8O

------------------------------------------------------------------------------------------------------------------------

[2023-01-09 17:45:23 #1 store] 
Database 'C:\Users\Bakero\git\Acceso_a_datos\Sesion3\db\empleados.odb' is opened by 3956@DESKTOP-6Q7JQ8O

[2023-01-09 17:45:23 #2 store] 
Configuration path: ?

[2023-01-09 17:45:23 #3 type] 
Type ejemplo1.DepartamentoEntity is not enhanced.

[2023-01-09 17:45:23 #4 type] 
Type ejemplo1.EmpleadoEntity is not enhanced.

[2023-01-09 17:45:23 #5 store] 
Database 'C:\Users\Bakero\git\Acceso_a_datos\Sesion3\db\empleados.odb' is closed by 3956@DESKTOP-6Q7JQ8O

------------------------------------------------------------------------------------------------------------------------

[2023-01-09 17:46:03 #1 store] 
Database 'C:\Users\Bakero\git\Acceso_a_datos\Sesion3\db\empleados.odb' is opened by 21884@DESKTOP-6Q7JQ8O

[2023-01-09 17:46:03 #2 store] 
Configuration path: ?

[2023-01-09 17:46:03 #3 type] 
Type ejemplo1.DepartamentoEntity is not enhanced.

[2023-01-09 17:46:03 #4 type] 
Type ejemplo1.EmpleadoEntity is not enhanced.

[2023-01-09 17:46:03 #5 store] 
Database 'C:\Users\Bakero\git\Acceso_a_datos\Sesion3\db\empleados.odb' is closed by 21884@DESKTOP-6Q7JQ8O

------------------------------------------------------------------------------------------------------------------------

[2023-01-09 17:48:11 #1 store] 
Database 'C:\Users\Bakero\git\Acceso_a_datos\Sesion3\db\empleados.odb' is opened by 6280@DESKTOP-6Q7JQ8O

[2023-01-09 17:48:11 #2 store] 
Configuration path: ?

[2023-01-09 17:48:11 #3 type] 
Type ejemplo1.DepartamentoEntity is not enhanced.

[2023-01-09 17:48:11 #4 type] 
Type ejemplo1.EmpleadoEntity is not enhanced.

------------------------------------------------------------------------------------------------------------------------

[2023-01-09 17:48:35 #1 store] 
Database 'C:\Users\Bakero\git\Acceso_a_datos\Sesion3\db\empleados.odb' is opened by 18748@DESKTOP-6Q7JQ8O

[2023-01-09 17:48:35 #2 store] 
Configuration path: ?

[2023-01-09 17:48:36 #3 type] 
Type ejemplo1.DepartamentoEntity is not enhanced.

[2023-01-09 17:48:36 #4 type] 
Type ejemplo1.EmpleadoEntity is not enhanced.

[2023-01-09 17:48:36 #5 store] 
Database 'C:\Users\Bakero\git\Acceso_a_datos\Sesion3\db\empleados.odb' is closed by 18748@DESKTOP-6Q7JQ8O

------------------------------------------------------------------------------------------------------------------------

[2023-01-09 17:59:38 #1 store] 
Database 'C:\Users\Bakero\git\Acceso_a_datos\Sesion3\db\empleados.odb' is opened by 3728@DESKTOP-6Q7JQ8O

[2023-01-09 17:59:38 #2 store] 
Configuration path: ?

[2023-01-09 17:59:38 #3 type] 
Type ejemplo1.DepartamentoEntity is not enhanced.

[2023-01-09 17:59:38 #4 type] 
Type ejemplo1.EmpleadoEntity is not enhanced.

[2023-01-09 17:59:38 #5 store] 
Database 'C:\Users\Bakero\git\Acceso_a_datos\Sesion3\db\empleados.odb' is closed by 3728@DESKTOP-6Q7JQ8O

------------------------------------------------------------------------------------------------------------------------

[2023-01-09 18:00:01 #1 store] 
Database 'C:\Users\Bakero\git\Acceso_a_datos\Sesion3\db\empleados.odb' is opened by 25604@DESKTOP-6Q7JQ8O

[2023-01-09 18:00:01 #2 store] 
Configuration path: ?

[2023-01-09 18:00:01 #3 type] 
Type ejemplo1.DepartamentoEntity is not enhanced.

[2023-01-09 18:00:01 #4 type] 
Type ejemplo1.EmpleadoEntity is not enhanced.

[2023-01-09 18:00:01 #5 store] 
Database 'C:\Users\Bakero\git\Acceso_a_datos\Sesion3\db\empleados.odb' is closed by 25604@DESKTOP-6Q7JQ8O

------------------------------------------------------------------------------------------------------------------------

[2023-01-09 18:01:24 #1 store] 
Database 'C:\Users\Bakero\git\Acceso_a_datos\Sesion3\db\empleados.odb' is opened by 14740@DESKTOP-6Q7JQ8O

[2023-01-09 18:01:24 #2 store] 
Configuration path: ?

[2023-01-09 18:01:24 #3 type] 
Type ejemplo1.DepartamentoEntity is not enhanced.

[2023-01-09 18:01:24 #4 type] 
Type ejemplo1.EmpleadoEntity is not enhanced.

[2023-01-09 18:01:24 #5 store] 
Database 'C:\Users\Bakero\git\Acceso_a_datos\Sesion3\db\empleados.odb' is closed by 14740@DESKTOP-6Q7JQ8O

------------------------------------------------------------------------------------------------------------------------

[2023-01-09 18:02:25 #1 store] 
Database 'C:\Users\Bakero\git\Acceso_a_datos\Sesion3\db\empleados.odb' is opened by 13128@DESKTOP-6Q7JQ8O

[2023-01-09 18:02:25 #2 store] 
Configuration path: ?

[2023-01-09 18:02:25 #3 type] 
Type ejemplo1.DepartamentoEntity is not enhanced.

[2023-01-09 18:02:25 #4 type] 
Type ejemplo1.EmpleadoEntity is not enhanced.

[2023-01-09 18:02:25 #5 store] 
Database 'C:\Users\Bakero\git\Acceso_a_datos\Sesion3\db\empleados.odb' is closed by 13128@DESKTOP-6Q7JQ8O

------------------------------------------------------------------------------------------------------------------------

[2023-01-09 18:07:26 #1 store] 
Database 'C:\Users\Bakero\git\Acceso_a_datos\Sesion3\db\empleados.odb' is opened by 5808@DESKTOP-6Q7JQ8O

[2023-01-09 18:07:26 #2 store] 
Configuration path: ?

[2023-01-09 18:07:26 #3 type] 
Type ejemplo1.DepartamentoEntity is not enhanced.

[2023-01-09 18:07:26 #4 type] 
Type ejemplo1.EmpleadoEntity is not enhanced.

[2023-01-09 18:07:26 #5 store] 
Database 'C:\Users\Bakero\git\Acceso_a_datos\Sesion3\db\empleados.odb' is closed by 5808@DESKTOP-6Q7JQ8O

------------------------------------------------------------------------------------------------------------------------

[2023-01-09 18:14:05 #1 store] 
Database 'C:\Users\Bakero\git\Acceso_a_datos\Sesion3\db\empleados.odb' is opened by 5680@DESKTOP-6Q7JQ8O

[2023-01-09 18:14:05 #2 store] 
Configuration path: ?

[2023-01-09 18:14:05 #3 type] 
Type ejemplo1.DepartamentoEntity is not enhanced.

[2023-01-09 18:14:05 #4 type] 
Type ejemplo1.EmpleadoEntity is not enhanced.

------------------------------------------------------------------------------------------------------------------------

[2023-01-09 18:15:40 #1 store] 
Database 'C:\Users\Bakero\git\Acceso_a_datos\Sesion3\db\empleados.odb' is opened by 19148@DESKTOP-6Q7JQ8O

[2023-01-09 18:15:40 #2 store] 
Configuration path: ?

[2023-01-09 18:15:40 #3 type] 
Type ejemplo1.DepartamentoEntity is not enhanced.

[2023-01-09 18:15:40 #4 type] 
Type ejemplo1.EmpleadoEntity is not enhanced.

------------------------------------------------------------------------------------------------------------------------

[2023-01-09 18:16:29 #1 store] 
Database 'C:\Users\Bakero\git\Acceso_a_datos\Sesion3\db\empleados.odb' is opened by 20944@DESKTOP-6Q7JQ8O

[2023-01-09 18:16:29 #2 store] 
Configuration path: ?

[2023-01-09 18:16:29 #3 type] 
Type ejemplo1.DepartamentoEntity is not enhanced.

[2023-01-09 18:16:29 #4 type] 
Type ejemplo1.EmpleadoEntity is not enhanced.

[2023-01-09 18:16:29 #5 store] 
Database 'C:\Users\Bakero\git\Acceso_a_datos\Sesion3\db\empleados.odb' is closed by 20944@DESKTOP-6Q7JQ8O

------------------------------------------------------------------------------------------------------------------------

[2023-01-09 18:24:41 #1 store] 
Database 'C:\Users\Bakero\git\Acceso_a_datos\Sesion3\db\empleados.odb' is opened by 9532@DESKTOP-6Q7JQ8O

[2023-01-09 18:24:41 #2 store] 
Configuration path: ?

[2023-01-09 18:24:41 #3 type] 
Type ejemplo1.DepartamentoEntity is not enhanced.

[2023-01-09 18:24:41 #4 type] 
Type ejemplo1.EmpleadoEntity is not enhanced.

[2023-01-09 18:24:42 #5 store] 
Database 'C:\Users\Bakero\git\Acceso_a_datos\Sesion3\db\empleados.odb' is closed by 9532@DESKTOP-6Q7JQ8O

------------------------------------------------------------------------------------------------------------------------

[2023-01-09 18:43:51 #1 store] 
Database 'C:\Users\Bakero\git\Acceso_a_datos\Sesion3\db\empleados.odb' is opened by 12612@DESKTOP-6Q7JQ8O

[2023-01-09 18:43:51 #2 store] 
Configuration path: ?

[2023-01-09 18:43:51 #3 type] 
Type ejemplo1.DepartamentoEntity is not enhanced.

[2023-01-09 18:43:51 #4 type] 
Type ejemplo1.EmpleadoEntity is not enhanced.

[2023-01-09 18:43:51 #5 store] 
Database 'C:\Users\Bakero\git\Acceso_a_datos\Sesion3\db\empleados.odb' is closed by 12612@DESKTOP-6Q7JQ8O

------------------------------------------------------------------------------------------------------------------------

[2023-01-09 18:46:46 #1 store] 
Database 'C:\Users\Bakero\git\Acceso_a_datos\Sesion3\db\empleados.odb' is opened by 16404@DESKTOP-6Q7JQ8O

[2023-01-09 18:46:46 #2 store] 
Configuration path: ?

[2023-01-09 18:46:46 #3 store] 
Database 'C:\Users\Bakero\git\Acceso_a_datos\Sesion3\db\empleados.odb' is closed by 16404@DESKTOP-6Q7JQ8O

