------------------------------------------------------------------------------------------------------------------------

[2022-12-08 15:12:38 #1 store] 
Database 'C:\Users\Santiago R\git\ProyectosEclipse\DAM2_TutorialObjectDB\db\p2.odb' is opened by 2128@DESKTOP-U5R4K5T

[2022-12-08 15:12:38 #2 store] 
Configuration path: ?

[2022-12-08 15:12:38 #3 type] 
Type tutorial.Point is not enhanced.

[2022-12-08 15:12:38 #4 store] 
Database 'C:\Users\Santiago R\git\ProyectosEclipse\DAM2_TutorialObjectDB\db\p2.odb' is closed by 2128@DESKTOP-U5R4K5T

------------------------------------------------------------------------------------------------------------------------

[2022-12-08 15:12:43 #1 store] 
Database 'C:\Users\Santiago R\git\ProyectosEclipse\DAM2_TutorialObjectDB\db\p2.odb' is opened by 14332@DESKTOP-U5R4K5T

[2022-12-08 15:12:44 #2 store] 
Configuration path: ?

[2022-12-08 15:12:44 #3 type] 
Type tutorial.Point is not enhanced.

[2022-12-08 15:12:44 #4 store] 
Database 'C:\Users\Santiago R\git\ProyectosEclipse\DAM2_TutorialObjectDB\db\p2.odb' is closed by 14332@DESKTOP-U5R4K5T

------------------------------------------------------------------------------------------------------------------------

[2022-12-08 15:18:49 #1 store] 
Database 'C:\Users\Santiago R\git\ProyectosEclipse\DAM2_TutorialObjectDB\db\p2.odb' is opened by 9632@DESKTOP-U5R4K5T

[2022-12-08 15:18:49 #2 store] 
Configuration path: ?

[2022-12-08 15:18:49 #3 type] 
Type tutorial.Point is not enhanced.

[2022-12-08 15:18:49 #4 store] 
Database 'C:\Users\Santiago R\git\ProyectosEclipse\DAM2_TutorialObjectDB\db\p2.odb' is closed by 9632@DESKTOP-U5R4K5T

