------------------------------------------------------------------------------------------------------------------------

[2022-12-12 08:43:08 #1 store] 
Database 'C:\Users\DAM2Alu9\git\ProyectosEclipse\DAM2_TutorialObjectDB\db\empleados.odb' is opened by 9428@B01-PC06

[2022-12-12 08:43:08 #2 store] 
Configuration path: ?

[2022-12-12 08:43:08 #3 type] 
Type ejemplo1.DepartamentoEntity is not enhanced.

[2022-12-12 08:43:08 #4 type] 
Type ejemplo1.EmpleadoEntity is not enhanced.

[2022-12-12 08:43:08 #5 store] 
Database 'C:\Users\DAM2Alu9\git\ProyectosEclipse\DAM2_TutorialObjectDB\db\empleados.odb' is closed by 9428@B01-PC06

------------------------------------------------------------------------------------------------------------------------

[2022-12-12 09:18:04 #1 store] 
Database 'C:\Users\DAM2Alu9\git\ProyectosEclipse\DAM2_TutorialObjectDB\db\empleados.odb' is opened by 952@B01-PC06

[2022-12-12 09:18:04 #2 store] 
Configuration path: ?

[2022-12-12 09:18:04 #3 type] 
Type ejemplo1.DepartamentoEntity is not enhanced.

[2022-12-12 09:18:04 #4 type] 
Type ejemplo1.EmpleadoEntity is not enhanced.

[2022-12-12 09:18:04 #5 store] 
Database 'C:\Users\DAM2Alu9\git\ProyectosEclipse\DAM2_TutorialObjectDB\db\empleados.odb' is closed by 952@B01-PC06

