------------------------------------------------------------------------------------------------------------------------

[2022-12-10 11:54:45 #1 store] 
Database 'C:\Users\Santiago R\git\ProyectosEclipse\DAM2_TutorialObjectDB\db\empleados.odb' is opened by 5404@DESKTOP-U5R4K5T

[2022-12-10 11:54:45 #2 store] 
Configuration path: ?

[2022-12-10 11:54:45 #3 type] 
Type ejemplo1.DepartamentoEntity is not enhanced.

[2022-12-10 11:54:45 #4 type] 
Type ejemplo1.EmpleadoEntity is not enhanced.

[2022-12-10 11:54:45 #5 store] 
Database 'C:\Users\Santiago R\git\ProyectosEclipse\DAM2_TutorialObjectDB\db\empleados.odb' is closed by 5404@DESKTOP-U5R4K5T

------------------------------------------------------------------------------------------------------------------------

[2022-12-10 11:56:54 #1 store] 
Database 'C:\Users\Santiago R\git\ProyectosEclipse\DAM2_TutorialObjectDB\db\empleados.odb' is opened by 760@DESKTOP-U5R4K5T

[2022-12-10 11:56:54 #2 store] 
Configuration path: ?

[2022-12-10 11:56:54 #3 type] 
Type ejemplo1.DepartamentoEntity is not enhanced.

[2022-12-10 11:56:54 #4 type] 
Type ejemplo1.EmpleadoEntity is not enhanced.

[2022-12-10 11:56:54 #5 store] 
Database 'C:\Users\Santiago R\git\ProyectosEclipse\DAM2_TutorialObjectDB\db\empleados.odb' is closed by 760@DESKTOP-U5R4K5T

------------------------------------------------------------------------------------------------------------------------

[2022-12-10 11:57:18 #1 store] 
Database 'C:\Users\Santiago R\git\ProyectosEclipse\DAM2_TutorialObjectDB\db\empleados.odb' is opened by 12596@DESKTOP-U5R4K5T

[2022-12-10 11:57:18 #2 store] 
Configuration path: ?

[2022-12-10 11:57:18 #3 type] 
Type ejemplo1.DepartamentoEntity is not enhanced.

[2022-12-10 11:57:18 #4 type] 
Type ejemplo1.EmpleadoEntity is not enhanced.

[2022-12-10 11:57:18 #5 store] 
Database 'C:\Users\Santiago R\git\ProyectosEclipse\DAM2_TutorialObjectDB\db\empleados.odb' is closed by 12596@DESKTOP-U5R4K5T

------------------------------------------------------------------------------------------------------------------------

[2022-12-10 11:57:27 #1 store] 
Database 'C:\Users\Santiago R\git\ProyectosEclipse\DAM2_TutorialObjectDB\db\empleados.odb' is opened by 4188@DESKTOP-U5R4K5T

[2022-12-10 11:57:27 #2 store] 
Configuration path: ?

[2022-12-10 11:57:28 #3 type] 
Type ejemplo1.DepartamentoEntity is not enhanced.

[2022-12-10 11:57:28 #4 type] 
Type ejemplo1.EmpleadoEntity is not enhanced.

[2022-12-10 11:57:28 #5 store] 
Database 'C:\Users\Santiago R\git\ProyectosEclipse\DAM2_TutorialObjectDB\db\empleados.odb' is closed by 4188@DESKTOP-U5R4K5T

------------------------------------------------------------------------------------------------------------------------

[2022-12-10 11:58:57 #1 store] 
Database 'C:\Users\Santiago R\git\ProyectosEclipse\DAM2_TutorialObjectDB\db\empleados.odb' is opened by 9316@DESKTOP-U5R4K5T

[2022-12-10 11:58:57 #2 store] 
Configuration path: ?

[2022-12-10 11:58:58 #3 type] 
Type ejemplo1.DepartamentoEntity is not enhanced.

[2022-12-10 11:58:58 #4 type] 
Type ejemplo1.EmpleadoEntity is not enhanced.

[2022-12-10 11:58:58 #5 store] 
Database 'C:\Users\Santiago R\git\ProyectosEclipse\DAM2_TutorialObjectDB\db\empleados.odb' is closed by 9316@DESKTOP-U5R4K5T

------------------------------------------------------------------------------------------------------------------------

[2022-12-10 12:01:28 #1 store] 
Database 'C:\Users\Santiago R\git\ProyectosEclipse\DAM2_TutorialObjectDB\db\empleados.odb' is opened by 10320@DESKTOP-U5R4K5T

[2022-12-10 12:01:28 #2 store] 
Configuration path: ?

[2022-12-10 12:01:28 #3 type] 
Type ejemplo1.DepartamentoEntity is not enhanced.

[2022-12-10 12:01:28 #4 type] 
Type ejemplo1.EmpleadoEntity is not enhanced.

[2022-12-10 12:01:28 #5 store] 
Database 'C:\Users\Santiago R\git\ProyectosEclipse\DAM2_TutorialObjectDB\db\empleados.odb' is closed by 10320@DESKTOP-U5R4K5T

------------------------------------------------------------------------------------------------------------------------

[2022-12-10 12:01:33 #1 store] 
Database 'C:\Users\Santiago R\git\ProyectosEclipse\DAM2_TutorialObjectDB\db\empleados.odb' is opened by 6044@DESKTOP-U5R4K5T

[2022-12-10 12:01:33 #2 store] 
Configuration path: ?

[2022-12-10 12:01:33 #3 type] 
Type ejemplo1.DepartamentoEntity is not enhanced.

[2022-12-10 12:01:33 #4 type] 
Type ejemplo1.EmpleadoEntity is not enhanced.

[2022-12-10 12:01:33 #5 store] 
Database 'C:\Users\Santiago R\git\ProyectosEclipse\DAM2_TutorialObjectDB\db\empleados.odb' is closed by 6044@DESKTOP-U5R4K5T

------------------------------------------------------------------------------------------------------------------------

[2022-12-10 12:02:17 #1 store] 
Database 'C:\Users\Santiago R\git\ProyectosEclipse\DAM2_TutorialObjectDB\db\empleados.odb' is opened by 12116@DESKTOP-U5R4K5T

[2022-12-10 12:02:17 #2 store] 
Configuration path: ?

[2022-12-10 12:02:17 #3 type] 
Type ejemplo1.DepartamentoEntity is not enhanced.

[2022-12-10 12:02:17 #4 type] 
Type ejemplo1.EmpleadoEntity is not enhanced.

[2022-12-10 12:02:17 #5 store] 
Database 'C:\Users\Santiago R\git\ProyectosEclipse\DAM2_TutorialObjectDB\db\empleados.odb' is closed by 12116@DESKTOP-U5R4K5T

------------------------------------------------------------------------------------------------------------------------

[2022-12-10 12:02:22 #1 store] 
Database 'C:\Users\Santiago R\git\ProyectosEclipse\DAM2_TutorialObjectDB\db\empleados.odb' is opened by 3088@DESKTOP-U5R4K5T

[2022-12-10 12:02:22 #2 store] 
Configuration path: ?

[2022-12-10 12:02:23 #3 type] 
Type ejemplo1.DepartamentoEntity is not enhanced.

[2022-12-10 12:02:23 #4 type] 
Type ejemplo1.EmpleadoEntity is not enhanced.

[2022-12-10 12:02:23 #5 store] 
Database 'C:\Users\Santiago R\git\ProyectosEclipse\DAM2_TutorialObjectDB\db\empleados.odb' is closed by 3088@DESKTOP-U5R4K5T

------------------------------------------------------------------------------------------------------------------------

[2022-12-10 12:26:33 #1 store] 
Database 'C:\Users\Santiago R\git\ProyectosEclipse\DAM2_TutorialObjectDB\db\empleados.odb' is opened by 9368@DESKTOP-U5R4K5T

[2022-12-10 12:26:33 #2 store] 
Configuration path: ?

[2022-12-10 12:26:34 #3 type] 
Type ejemplo1.DepartamentoEntity is not enhanced.

[2022-12-10 12:26:34 #4 type] 
Type ejemplo1.EmpleadoEntity is not enhanced.

[2022-12-10 12:26:34 #5 store] 
Database 'C:\Users\Santiago R\git\ProyectosEclipse\DAM2_TutorialObjectDB\db\empleados.odb' is closed by 9368@DESKTOP-U5R4K5T

------------------------------------------------------------------------------------------------------------------------

[2022-12-10 12:26:43 #1 store] 
Database 'C:\Users\Santiago R\git\ProyectosEclipse\DAM2_TutorialObjectDB\db\empleados.odb' is opened by 13672@DESKTOP-U5R4K5T

[2022-12-10 12:26:43 #2 store] 
Configuration path: ?

[2022-12-10 12:26:43 #3 type] 
Type ejemplo1.DepartamentoEntity is not enhanced.

[2022-12-10 12:26:43 #4 type] 
Type ejemplo1.EmpleadoEntity is not enhanced.

[2022-12-10 12:26:43 #5 store] 
Database 'C:\Users\Santiago R\git\ProyectosEclipse\DAM2_TutorialObjectDB\db\empleados.odb' is closed by 13672@DESKTOP-U5R4K5T

------------------------------------------------------------------------------------------------------------------------

[2022-12-10 12:26:54 #1 store] 
Database 'C:\Users\Santiago R\git\ProyectosEclipse\DAM2_TutorialObjectDB\db\empleados.odb' is opened by 7544@DESKTOP-U5R4K5T

[2022-12-10 12:26:54 #2 store] 
Configuration path: ?

[2022-12-10 12:26:54 #3 type] 
Type ejemplo1.DepartamentoEntity is not enhanced.

[2022-12-10 12:26:54 #4 type] 
Type ejemplo1.EmpleadoEntity is not enhanced.

[2022-12-10 12:26:55 #5 store] 
Database 'C:\Users\Santiago R\git\ProyectosEclipse\DAM2_TutorialObjectDB\db\empleados.odb' is closed by 7544@DESKTOP-U5R4K5T

------------------------------------------------------------------------------------------------------------------------

[2022-12-10 12:49:12 #1 store] 
Database 'C:\Users\Santiago R\git\ProyectosEclipse\DAM2_TutorialObjectDB\db\empleados.odb' is opened by 15840@DESKTOP-U5R4K5T

[2022-12-10 12:49:12 #2 store] 
Configuration path: ?

[2022-12-10 12:49:12 #3 type] 
Type ejemplo1.DepartamentoEntity is not enhanced.

[2022-12-10 12:49:12 #4 type] 
Type ejemplo1.EmpleadoEntity is not enhanced.

[2022-12-10 12:49:12 #5 store] 
Database 'C:\Users\Santiago R\git\ProyectosEclipse\DAM2_TutorialObjectDB\db\empleados.odb' is closed by 15840@DESKTOP-U5R4K5T

------------------------------------------------------------------------------------------------------------------------

[2022-12-10 12:59:15 #1 store] 
Database 'C:\Users\Santiago R\git\ProyectosEclipse\DAM2_TutorialObjectDB\db\empleados.odb' is opened by 12496@DESKTOP-U5R4K5T

[2022-12-10 12:59:15 #2 store] 
Configuration path: ?

[2022-12-10 12:59:15 #3 type] 
Type ejemplo1.DepartamentoEntity is not enhanced.

[2022-12-10 12:59:15 #4 type] 
Type ejemplo1.EmpleadoEntity is not enhanced.

[2022-12-10 12:59:15 #5 store] 
Database 'C:\Users\Santiago R\git\ProyectosEclipse\DAM2_TutorialObjectDB\db\empleados.odb' is closed by 12496@DESKTOP-U5R4K5T

------------------------------------------------------------------------------------------------------------------------

[2022-12-10 13:28:34 #1 store] 
Database 'C:\Users\Santiago R\git\ProyectosEclipse\DAM2_TutorialObjectDB\db\empleados.odb' is opened by 10196@DESKTOP-U5R4K5T

[2022-12-10 13:28:34 #2 store] 
Configuration path: ?

[2022-12-10 13:28:34 #3 type] 
Type ejemplo1.DepartamentoEntity is not enhanced.

[2022-12-10 13:28:34 #4 type] 
Type ejemplo1.EmpleadoEntity is not enhanced.

[2022-12-10 13:28:34 #5 store] 
Database 'C:\Users\Santiago R\git\ProyectosEclipse\DAM2_TutorialObjectDB\db\empleados.odb' is closed by 10196@DESKTOP-U5R4K5T

------------------------------------------------------------------------------------------------------------------------

[2022-12-10 13:29:17 #1 store] 
Database 'C:\Users\Santiago R\git\ProyectosEclipse\DAM2_TutorialObjectDB\db\empleados.odb' is opened by 6392@DESKTOP-U5R4K5T

[2022-12-10 13:29:17 #2 store] 
Configuration path: ?

[2022-12-10 13:29:17 #3 type] 
Type ejemplo1.DepartamentoEntity is not enhanced.

[2022-12-10 13:29:17 #4 type] 
Type ejemplo1.EmpleadoEntity is not enhanced.

[2022-12-10 13:29:17 #5 store] 
Database 'C:\Users\Santiago R\git\ProyectosEclipse\DAM2_TutorialObjectDB\db\empleados.odb' is closed by 6392@DESKTOP-U5R4K5T

------------------------------------------------------------------------------------------------------------------------

[2022-12-10 13:29:51 #1 store] 
Database 'C:\Users\Santiago R\git\ProyectosEclipse\DAM2_TutorialObjectDB\db\empleados.odb' is opened by 10808@DESKTOP-U5R4K5T

[2022-12-10 13:29:51 #2 store] 
Configuration path: ?

[2022-12-10 13:29:51 #3 type] 
Type ejemplo1.DepartamentoEntity is not enhanced.

[2022-12-10 13:29:51 #4 type] 
Type ejemplo1.EmpleadoEntity is not enhanced.

[2022-12-10 13:29:51 #5 store] 
Database 'C:\Users\Santiago R\git\ProyectosEclipse\DAM2_TutorialObjectDB\db\empleados.odb' is closed by 10808@DESKTOP-U5R4K5T

------------------------------------------------------------------------------------------------------------------------

[2022-12-10 13:33:06 #1 store] 
Database 'C:\Users\Santiago R\git\ProyectosEclipse\DAM2_TutorialObjectDB\db\empleados.odb' is opened by 12056@DESKTOP-U5R4K5T

[2022-12-10 13:33:06 #2 store] 
Configuration path: ?

[2022-12-10 13:33:07 #3 type] 
Type ejemplo1.DepartamentoEntity is not enhanced.

[2022-12-10 13:33:07 #4 type] 
Type ejemplo1.EmpleadoEntity is not enhanced.

[2022-12-10 13:33:07 #5 store] 
Database 'C:\Users\Santiago R\git\ProyectosEclipse\DAM2_TutorialObjectDB\db\empleados.odb' is closed by 12056@DESKTOP-U5R4K5T

------------------------------------------------------------------------------------------------------------------------

[2022-12-10 13:34:20 #1 store] 
Database 'C:\Users\Santiago R\git\ProyectosEclipse\DAM2_TutorialObjectDB\db\empleados.odb' is opened by 2340@DESKTOP-U5R4K5T

[2022-12-10 13:34:20 #2 store] 
Configuration path: ?

[2022-12-10 13:34:20 #3 type] 
Type ejemplo1.DepartamentoEntity is not enhanced.

[2022-12-10 13:34:20 #4 type] 
Type ejemplo1.EmpleadoEntity is not enhanced.

[2022-12-10 13:34:20 #5 store] 
Database 'C:\Users\Santiago R\git\ProyectosEclipse\DAM2_TutorialObjectDB\db\empleados.odb' is closed by 2340@DESKTOP-U5R4K5T

------------------------------------------------------------------------------------------------------------------------

[2022-12-10 13:35:13 #1 store] 
Database 'C:\Users\Santiago R\git\ProyectosEclipse\DAM2_TutorialObjectDB\db\empleados.odb' is opened by 11524@DESKTOP-U5R4K5T

[2022-12-10 13:35:13 #2 store] 
Configuration path: ?

[2022-12-10 13:35:13 #3 type] 
Type ejemplo1.DepartamentoEntity is not enhanced.

[2022-12-10 13:35:13 #4 type] 
Type ejemplo1.EmpleadoEntity is not enhanced.

[2022-12-10 13:35:13 #5 store] 
Database 'C:\Users\Santiago R\git\ProyectosEclipse\DAM2_TutorialObjectDB\db\empleados.odb' is closed by 11524@DESKTOP-U5R4K5T

------------------------------------------------------------------------------------------------------------------------

[2022-12-10 13:35:25 #1 store] 
Database 'C:\Users\Santiago R\git\ProyectosEclipse\DAM2_TutorialObjectDB\db\empleados.odb' is opened by 6824@DESKTOP-U5R4K5T

[2022-12-10 13:35:25 #2 store] 
Configuration path: ?

[2022-12-10 13:35:25 #3 type] 
Type ejemplo1.DepartamentoEntity is not enhanced.

[2022-12-10 13:35:25 #4 type] 
Type ejemplo1.EmpleadoEntity is not enhanced.

[2022-12-10 13:35:25 #5 store] 
Database 'C:\Users\Santiago R\git\ProyectosEclipse\DAM2_TutorialObjectDB\db\empleados.odb' is closed by 6824@DESKTOP-U5R4K5T

------------------------------------------------------------------------------------------------------------------------

[2022-12-10 13:36:16 #1 store] 
Database 'C:\Users\Santiago R\git\ProyectosEclipse\DAM2_TutorialObjectDB\db\empleados.odb' is opened by 8236@DESKTOP-U5R4K5T

[2022-12-10 13:36:16 #2 store] 
Configuration path: ?

[2022-12-10 13:36:16 #3 type] 
Type ejemplo1.DepartamentoEntity is not enhanced.

[2022-12-10 13:36:16 #4 type] 
Type ejemplo1.EmpleadoEntity is not enhanced.

[2022-12-10 13:36:16 #5 store] 
Database 'C:\Users\Santiago R\git\ProyectosEclipse\DAM2_TutorialObjectDB\db\empleados.odb' is closed by 8236@DESKTOP-U5R4K5T

------------------------------------------------------------------------------------------------------------------------

[2022-12-10 13:40:12 #1 store] 
Database 'C:\Users\Santiago R\git\ProyectosEclipse\DAM2_TutorialObjectDB\db\empleados.odb' is opened by 5408@DESKTOP-U5R4K5T

[2022-12-10 13:40:12 #2 store] 
Configuration path: ?

[2022-12-10 13:40:12 #3 type] 
Type ejemplo1.DepartamentoEntity is not enhanced.

[2022-12-10 13:40:12 #4 type] 
Type ejemplo1.EmpleadoEntity is not enhanced.

[2022-12-10 13:40:12 #5 store] 
Database 'C:\Users\Santiago R\git\ProyectosEclipse\DAM2_TutorialObjectDB\db\empleados.odb' is closed by 5408@DESKTOP-U5R4K5T

------------------------------------------------------------------------------------------------------------------------

[2022-12-10 13:40:38 #1 store] 
Database 'C:\Users\Santiago R\git\ProyectosEclipse\DAM2_TutorialObjectDB\db\empleados.odb' is opened by 14548@DESKTOP-U5R4K5T

[2022-12-10 13:40:38 #2 store] 
Configuration path: ?

[2022-12-10 13:40:38 #3 type] 
Type ejemplo1.DepartamentoEntity is not enhanced.

[2022-12-10 13:40:38 #4 type] 
Type ejemplo1.EmpleadoEntity is not enhanced.

[2022-12-10 13:40:38 #5 store] 
Database 'C:\Users\Santiago R\git\ProyectosEclipse\DAM2_TutorialObjectDB\db\empleados.odb' is closed by 14548@DESKTOP-U5R4K5T

------------------------------------------------------------------------------------------------------------------------

[2022-12-10 13:42:39 #1 store] 
Database 'C:\Users\Santiago R\git\ProyectosEclipse\DAM2_TutorialObjectDB\db\empleados.odb' is opened by 4972@DESKTOP-U5R4K5T

[2022-12-10 13:42:39 #2 store] 
Configuration path: ?

[2022-12-10 13:42:40 #3 type] 
Type ejemplo1.DepartamentoEntity is not enhanced.

[2022-12-10 13:42:40 #4 type] 
Type ejemplo1.EmpleadoEntity is not enhanced.

------------------------------------------------------------------------------------------------------------------------

[2022-12-10 13:44:18 #1 store] 
Database 'C:\Users\Santiago R\git\ProyectosEclipse\DAM2_TutorialObjectDB\db\empleados.odb' is opened by 6020@DESKTOP-U5R4K5T

[2022-12-10 13:44:18 #2 store] 
Configuration path: ?

[2022-12-10 13:44:18 #3 type] 
Type ejemplo1.DepartamentoEntity is not enhanced.

[2022-12-10 13:44:18 #4 type] 
Type ejemplo1.EmpleadoEntity is not enhanced.

[2022-12-10 13:44:18 #5 store] 
Database 'C:\Users\Santiago R\git\ProyectosEclipse\DAM2_TutorialObjectDB\db\empleados.odb' is closed by 6020@DESKTOP-U5R4K5T

------------------------------------------------------------------------------------------------------------------------

[2022-12-10 13:44:36 #1 store] 
Database 'C:\Users\Santiago R\git\ProyectosEclipse\DAM2_TutorialObjectDB\db\empleados.odb' is opened by 14452@DESKTOP-U5R4K5T

[2022-12-10 13:44:36 #2 store] 
Configuration path: ?

[2022-12-10 13:44:37 #3 type] 
Type ejemplo1.DepartamentoEntity is not enhanced.

[2022-12-10 13:44:37 #4 type] 
Type ejemplo1.EmpleadoEntity is not enhanced.

[2022-12-10 13:44:37 #5 store] 
Database 'C:\Users\Santiago R\git\ProyectosEclipse\DAM2_TutorialObjectDB\db\empleados.odb' is closed by 14452@DESKTOP-U5R4K5T

------------------------------------------------------------------------------------------------------------------------

[2022-12-10 13:44:42 #1 store] 
Database 'C:\Users\Santiago R\git\ProyectosEclipse\DAM2_TutorialObjectDB\db\empleados.odb' is opened by 11200@DESKTOP-U5R4K5T

[2022-12-10 13:44:42 #2 store] 
Configuration path: ?

[2022-12-10 13:44:42 #3 type] 
Type ejemplo1.DepartamentoEntity is not enhanced.

[2022-12-10 13:44:42 #4 type] 
Type ejemplo1.EmpleadoEntity is not enhanced.

[2022-12-10 13:44:42 #5 store] 
Database 'C:\Users\Santiago R\git\ProyectosEclipse\DAM2_TutorialObjectDB\db\empleados.odb' is closed by 11200@DESKTOP-U5R4K5T

------------------------------------------------------------------------------------------------------------------------

[2022-12-10 13:45:07 #1 store] 
Database 'C:\Users\Santiago R\git\ProyectosEclipse\DAM2_TutorialObjectDB\db\empleados.odb' is opened by 13652@DESKTOP-U5R4K5T

[2022-12-10 13:45:07 #2 store] 
Configuration path: ?

[2022-12-10 13:45:07 #3 type] 
Type ejemplo1.DepartamentoEntity is not enhanced.

[2022-12-10 13:45:07 #4 type] 
Type ejemplo1.EmpleadoEntity is not enhanced.

[2022-12-10 13:45:07 #5 store] 
Database 'C:\Users\Santiago R\git\ProyectosEclipse\DAM2_TutorialObjectDB\db\empleados.odb' is closed by 13652@DESKTOP-U5R4K5T

------------------------------------------------------------------------------------------------------------------------

[2022-12-10 13:46:36 #1 store] 
Database 'C:\Users\Santiago R\git\ProyectosEclipse\DAM2_TutorialObjectDB\db\empleados.odb' is opened by 15888@DESKTOP-U5R4K5T

[2022-12-10 13:46:36 #2 store] 
Configuration path: ?

[2022-12-10 13:46:36 #3 type] 
Type ejemplo1.DepartamentoEntity is not enhanced.

[2022-12-10 13:46:36 #4 type] 
Type ejemplo1.EmpleadoEntity is not enhanced.

[2022-12-10 13:46:36 #5 store] 
Database 'C:\Users\Santiago R\git\ProyectosEclipse\DAM2_TutorialObjectDB\db\empleados.odb' is closed by 15888@DESKTOP-U5R4K5T

------------------------------------------------------------------------------------------------------------------------

[2022-12-10 13:47:18 #1 store] 
Database 'C:\Users\Santiago R\git\ProyectosEclipse\DAM2_TutorialObjectDB\db\empleados.odb' is opened by 16380@DESKTOP-U5R4K5T

[2022-12-10 13:47:18 #2 store] 
Configuration path: ?

[2022-12-10 13:47:18 #3 type] 
Type ejemplo1.DepartamentoEntity is not enhanced.

[2022-12-10 13:47:18 #4 type] 
Type ejemplo1.EmpleadoEntity is not enhanced.

[2022-12-10 13:47:18 #5 store] 
Database 'C:\Users\Santiago R\git\ProyectosEclipse\DAM2_TutorialObjectDB\db\empleados.odb' is closed by 16380@DESKTOP-U5R4K5T

------------------------------------------------------------------------------------------------------------------------

[2022-12-10 13:47:44 #1 store] 
Database 'C:\Users\Santiago R\git\ProyectosEclipse\DAM2_TutorialObjectDB\db\empleados.odb' is opened by 14460@DESKTOP-U5R4K5T

[2022-12-10 13:47:44 #2 store] 
Configuration path: ?

[2022-12-10 13:47:44 #3 type] 
Type ejemplo1.DepartamentoEntity is not enhanced.

[2022-12-10 13:47:44 #4 type] 
Type ejemplo1.EmpleadoEntity is not enhanced.

------------------------------------------------------------------------------------------------------------------------

[2022-12-10 13:48:12 #1 store] 
Database 'C:\Users\Santiago R\git\ProyectosEclipse\DAM2_TutorialObjectDB\db\empleados.odb' is opened by 15824@DESKTOP-U5R4K5T

[2022-12-10 13:48:12 #2 store] 
Configuration path: ?

[2022-12-10 13:48:12 #3 type] 
Type ejemplo1.DepartamentoEntity is not enhanced.

[2022-12-10 13:48:12 #4 type] 
Type ejemplo1.EmpleadoEntity is not enhanced.

------------------------------------------------------------------------------------------------------------------------

[2022-12-10 13:48:34 #1 store] 
Database 'C:\Users\Santiago R\git\ProyectosEclipse\DAM2_TutorialObjectDB\db\empleados.odb' is opened by 1864@DESKTOP-U5R4K5T

[2022-12-10 13:48:34 #2 store] 
Configuration path: ?

[2022-12-10 13:48:34 #3 type] 
Type ejemplo1.DepartamentoEntity is not enhanced.

[2022-12-10 13:48:34 #4 type] 
Type ejemplo1.EmpleadoEntity is not enhanced.

------------------------------------------------------------------------------------------------------------------------

[2022-12-10 13:48:53 #1 store] 
Database 'C:\Users\Santiago R\git\ProyectosEclipse\DAM2_TutorialObjectDB\db\empleados.odb' is opened by 15840@DESKTOP-U5R4K5T

[2022-12-10 13:48:53 #2 store] 
Configuration path: ?

[2022-12-10 13:48:53 #3 type] 
Type ejemplo1.DepartamentoEntity is not enhanced.

[2022-12-10 13:48:53 #4 type] 
Type ejemplo1.EmpleadoEntity is not enhanced.

------------------------------------------------------------------------------------------------------------------------

[2022-12-10 13:49:01 #1 store] 
Database 'C:\Users\Santiago R\git\ProyectosEclipse\DAM2_TutorialObjectDB\db\empleados.odb' is opened by 3052@DESKTOP-U5R4K5T

[2022-12-10 13:49:02 #2 store] 
Configuration path: ?

[2022-12-10 13:49:02 #3 type] 
Type ejemplo1.DepartamentoEntity is not enhanced.

[2022-12-10 13:49:02 #4 type] 
Type ejemplo1.EmpleadoEntity is not enhanced.

[2022-12-10 13:49:02 #5 store] 
Database 'C:\Users\Santiago R\git\ProyectosEclipse\DAM2_TutorialObjectDB\db\empleados.odb' is closed by 3052@DESKTOP-U5R4K5T

------------------------------------------------------------------------------------------------------------------------

[2022-12-10 13:50:21 #1 store] 
Database 'C:\Users\Santiago R\git\ProyectosEclipse\DAM2_TutorialObjectDB\db\empleados.odb' is opened by 2968@DESKTOP-U5R4K5T

[2022-12-10 13:50:21 #2 store] 
Configuration path: ?

[2022-12-10 13:50:21 #3 type] 
Type ejemplo1.DepartamentoEntity is not enhanced.

[2022-12-10 13:50:21 #4 type] 
Type ejemplo1.EmpleadoEntity is not enhanced.

------------------------------------------------------------------------------------------------------------------------

[2022-12-10 13:53:41 #1 store] 
Database 'C:\Users\Santiago R\git\ProyectosEclipse\DAM2_TutorialObjectDB\db\empleados.odb' is opened by 11492@DESKTOP-U5R4K5T

[2022-12-10 13:53:41 #2 store] 
Configuration path: ?

[2022-12-10 13:53:41 #3 type] 
Type ejemplo1.DepartamentoEntity is not enhanced.

[2022-12-10 13:53:41 #4 type] 
Type ejemplo1.EmpleadoEntity is not enhanced.

------------------------------------------------------------------------------------------------------------------------

[2022-12-10 13:54:45 #1 store] 
Database 'C:\Users\Santiago R\git\ProyectosEclipse\DAM2_TutorialObjectDB\db\empleados.odb' is opened by 3500@DESKTOP-U5R4K5T

[2022-12-10 13:54:45 #2 store] 
Configuration path: ?

[2022-12-10 13:54:45 #3 type] 
Type ejemplo1.DepartamentoEntity is not enhanced.

[2022-12-10 13:54:45 #4 type] 
Type ejemplo1.EmpleadoEntity is not enhanced.

------------------------------------------------------------------------------------------------------------------------

[2022-12-10 13:55:33 #1 store] 
Database 'C:\Users\Santiago R\git\ProyectosEclipse\DAM2_TutorialObjectDB\db\empleados.odb' is opened by 13748@DESKTOP-U5R4K5T

[2022-12-10 13:55:33 #2 store] 
Configuration path: ?

[2022-12-10 13:55:33 #3 type] 
Type ejemplo1.DepartamentoEntity is not enhanced.

[2022-12-10 13:55:33 #4 type] 
Type ejemplo1.EmpleadoEntity is not enhanced.

------------------------------------------------------------------------------------------------------------------------

[2022-12-10 13:56:46 #1 store] 
Database 'C:\Users\Santiago R\git\ProyectosEclipse\DAM2_TutorialObjectDB\db\empleados.odb' is opened by 14256@DESKTOP-U5R4K5T

[2022-12-10 13:56:46 #2 store] 
Configuration path: ?

[2022-12-10 13:56:47 #3 type] 
Type ejemplo1.DepartamentoEntity is not enhanced.

[2022-12-10 13:56:47 #4 type] 
Type ejemplo1.EmpleadoEntity is not enhanced.

------------------------------------------------------------------------------------------------------------------------

[2022-12-10 13:57:14 #1 store] 
Database 'C:\Users\Santiago R\git\ProyectosEclipse\DAM2_TutorialObjectDB\db\empleados.odb' is opened by 10968@DESKTOP-U5R4K5T

[2022-12-10 13:57:14 #2 store] 
Configuration path: ?

[2022-12-10 13:57:14 #3 type] 
Type ejemplo1.DepartamentoEntity is not enhanced.

[2022-12-10 13:57:14 #4 type] 
Type ejemplo1.EmpleadoEntity is not enhanced.

------------------------------------------------------------------------------------------------------------------------

[2022-12-10 13:59:25 #1 store] 
Database 'C:\Users\Santiago R\git\ProyectosEclipse\DAM2_TutorialObjectDB\db\empleados.odb' is opened by 2172@DESKTOP-U5R4K5T

[2022-12-10 13:59:25 #2 store] 
Configuration path: ?

[2022-12-10 13:59:25 #3 type] 
Type ejemplo1.DepartamentoEntity is not enhanced.

[2022-12-10 13:59:25 #4 type] 
Type ejemplo1.EmpleadoEntity is not enhanced.

------------------------------------------------------------------------------------------------------------------------

[2022-12-10 14:00:20 #1 store] 
Database 'C:\Users\Santiago R\git\ProyectosEclipse\DAM2_TutorialObjectDB\db\empleados.odb' is opened by 10496@DESKTOP-U5R4K5T

[2022-12-10 14:00:20 #2 store] 
Configuration path: ?

[2022-12-10 14:00:20 #3 type] 
Type ejemplo1.DepartamentoEntity is not enhanced.

[2022-12-10 14:00:20 #4 type] 
Type ejemplo1.EmpleadoEntity is not enhanced.

[2022-12-10 14:00:21 #5 store] 
Database 'C:\Users\Santiago R\git\ProyectosEclipse\DAM2_TutorialObjectDB\db\empleados.odb' is closed by 10496@DESKTOP-U5R4K5T

------------------------------------------------------------------------------------------------------------------------

[2022-12-10 14:00:58 #1 store] 
Database 'C:\Users\Santiago R\git\ProyectosEclipse\DAM2_TutorialObjectDB\db\empleados.odb' is opened by 8004@DESKTOP-U5R4K5T

[2022-12-10 14:00:58 #2 store] 
Configuration path: ?

[2022-12-10 14:00:58 #3 type] 
Type ejemplo1.DepartamentoEntity is not enhanced.

[2022-12-10 14:00:58 #4 type] 
Type ejemplo1.EmpleadoEntity is not enhanced.

[2022-12-10 14:00:58 #5 store] 
Database 'C:\Users\Santiago R\git\ProyectosEclipse\DAM2_TutorialObjectDB\db\empleados.odb' is closed by 8004@DESKTOP-U5R4K5T

------------------------------------------------------------------------------------------------------------------------

[2022-12-10 14:01:10 #1 store] 
Database 'C:\Users\Santiago R\git\ProyectosEclipse\DAM2_TutorialObjectDB\db\empleados.odb' is opened by 14368@DESKTOP-U5R4K5T

[2022-12-10 14:01:10 #2 store] 
Configuration path: ?

[2022-12-10 14:01:11 #3 type] 
Type ejemplo1.DepartamentoEntity is not enhanced.

[2022-12-10 14:01:11 #4 type] 
Type ejemplo1.EmpleadoEntity is not enhanced.

[2022-12-10 14:01:11 #5 store] 
Database 'C:\Users\Santiago R\git\ProyectosEclipse\DAM2_TutorialObjectDB\db\empleados.odb' is closed by 14368@DESKTOP-U5R4K5T

------------------------------------------------------------------------------------------------------------------------

[2022-12-10 14:04:49 #1 store] 
Database 'C:\Users\Santiago R\git\ProyectosEclipse\DAM2_TutorialObjectDB\db\empleados.odb' is opened by 10832@DESKTOP-U5R4K5T

[2022-12-10 14:04:49 #2 store] 
Configuration path: ?

[2022-12-10 14:04:49 #3 type] 
Type ejemplo1.DepartamentoEntity is not enhanced.

[2022-12-10 14:04:49 #4 type] 
Type ejemplo1.EmpleadoEntity is not enhanced.

[2022-12-10 14:04:49 #5 store] 
Database 'C:\Users\Santiago R\git\ProyectosEclipse\DAM2_TutorialObjectDB\db\empleados.odb' is closed by 10832@DESKTOP-U5R4K5T

------------------------------------------------------------------------------------------------------------------------

[2022-12-10 14:09:12 #1 store] 
Database 'C:\Users\Santiago R\git\ProyectosEclipse\DAM2_TutorialObjectDB\db\empleados.odb' is opened by 13816@DESKTOP-U5R4K5T

[2022-12-10 14:09:12 #2 store] 
Configuration path: ?

[2022-12-10 14:09:12 #3 type] 
Type ejemplo1.DepartamentoEntity is not enhanced.

[2022-12-10 14:09:12 #4 type] 
Type ejemplo1.EmpleadoEntity is not enhanced.

------------------------------------------------------------------------------------------------------------------------

[2022-12-10 14:10:24 #1 store] 
Database 'C:\Users\Santiago R\git\ProyectosEclipse\DAM2_TutorialObjectDB\db\empleados.odb' is opened by 15764@DESKTOP-U5R4K5T

[2022-12-10 14:10:24 #2 store] 
Configuration path: ?

[2022-12-10 14:10:24 #3 type] 
Type ejemplo1.DepartamentoEntity is not enhanced.

[2022-12-10 14:10:24 #4 type] 
Type ejemplo1.EmpleadoEntity is not enhanced.

------------------------------------------------------------------------------------------------------------------------

[2022-12-10 14:10:34 #1 store] 
Database 'C:\Users\Santiago R\git\ProyectosEclipse\DAM2_TutorialObjectDB\db\empleados.odb' is opened by 10268@DESKTOP-U5R4K5T

[2022-12-10 14:10:34 #2 store] 
Configuration path: ?

[2022-12-10 14:10:34 #3 type] 
Type ejemplo1.DepartamentoEntity is not enhanced.

[2022-12-10 14:10:34 #4 type] 
Type ejemplo1.EmpleadoEntity is not enhanced.

------------------------------------------------------------------------------------------------------------------------

[2022-12-10 14:11:39 #1 store] 
Database 'C:\Users\Santiago R\git\ProyectosEclipse\DAM2_TutorialObjectDB\db\empleados.odb' is opened by 4388@DESKTOP-U5R4K5T

[2022-12-10 14:11:39 #2 store] 
Configuration path: ?

[2022-12-10 14:11:39 #3 type] 
Type ejemplo1.DepartamentoEntity is not enhanced.

[2022-12-10 14:11:39 #4 type] 
Type ejemplo1.EmpleadoEntity is not enhanced.

------------------------------------------------------------------------------------------------------------------------

[2022-12-10 14:12:17 #1 store] 
Database 'C:\Users\Santiago R\git\ProyectosEclipse\DAM2_TutorialObjectDB\db\empleados.odb' is opened by 13188@DESKTOP-U5R4K5T

[2022-12-10 14:12:17 #2 store] 
Configuration path: ?

[2022-12-10 14:12:17 #3 type] 
Type ejemplo1.DepartamentoEntity is not enhanced.

[2022-12-10 14:12:17 #4 type] 
Type ejemplo1.EmpleadoEntity is not enhanced.

------------------------------------------------------------------------------------------------------------------------

[2022-12-10 14:15:06 #1 store] 
Database 'C:\Users\Santiago R\git\ProyectosEclipse\DAM2_TutorialObjectDB\db\empleados.odb' is opened by 2336@DESKTOP-U5R4K5T

[2022-12-10 14:15:06 #2 store] 
Configuration path: ?

[2022-12-10 14:15:06 #3 type] 
Type ejemplo1.DepartamentoEntity is not enhanced.

[2022-12-10 14:15:06 #4 type] 
Type ejemplo1.EmpleadoEntity is not enhanced.

------------------------------------------------------------------------------------------------------------------------

[2022-12-10 14:17:15 #1 store] 
Database 'C:\Users\Santiago R\git\ProyectosEclipse\DAM2_TutorialObjectDB\db\empleados.odb' is opened by 15588@DESKTOP-U5R4K5T

[2022-12-10 14:17:15 #2 store] 
Configuration path: ?

[2022-12-10 14:17:15 #3 type] 
Type ejemplo1.DepartamentoEntity is not enhanced.

[2022-12-10 14:17:15 #4 type] 
Type ejemplo1.EmpleadoEntity is not enhanced.

------------------------------------------------------------------------------------------------------------------------

[2022-12-10 14:18:36 #1 store] 
Database 'C:\Users\Santiago R\git\ProyectosEclipse\DAM2_TutorialObjectDB\db\empleados.odb' is opened by 10904@DESKTOP-U5R4K5T

[2022-12-10 14:18:36 #2 store] 
Configuration path: ?

[2022-12-10 14:18:37 #3 type] 
Type ejemplo1.DepartamentoEntity is not enhanced.

[2022-12-10 14:18:37 #4 type] 
Type ejemplo1.EmpleadoEntity is not enhanced.

[2022-12-10 14:18:37 #5 store] 
Database 'C:\Users\Santiago R\git\ProyectosEclipse\DAM2_TutorialObjectDB\db\empleados.odb' is closed by 10904@DESKTOP-U5R4K5T

------------------------------------------------------------------------------------------------------------------------

[2022-12-10 14:34:26 #1 store] 
Database 'C:\Users\Santiago R\git\ProyectosEclipse\DAM2_TutorialObjectDB\db\empleados.odb' is opened by 3176@DESKTOP-U5R4K5T

[2022-12-10 14:34:26 #2 store] 
Configuration path: ?

[2022-12-10 14:34:26 #3 type] 
Type ejemplo1.DepartamentoEntity is not enhanced.

[2022-12-10 14:34:26 #4 type] 
Type ejemplo1.EmpleadoEntity is not enhanced.

------------------------------------------------------------------------------------------------------------------------

[2022-12-10 14:34:58 #1 store] 
Database 'C:\Users\Santiago R\git\ProyectosEclipse\DAM2_TutorialObjectDB\db\empleados.odb' is opened by 10912@DESKTOP-U5R4K5T

[2022-12-10 14:34:58 #2 store] 
Configuration path: ?

[2022-12-10 14:34:58 #3 type] 
Type ejemplo1.DepartamentoEntity is not enhanced.

[2022-12-10 14:34:58 #4 type] 
Type ejemplo1.EmpleadoEntity is not enhanced.

[2022-12-10 14:34:58 #5 store] 
Database 'C:\Users\Santiago R\git\ProyectosEclipse\DAM2_TutorialObjectDB\db\empleados.odb' is closed by 10912@DESKTOP-U5R4K5T

------------------------------------------------------------------------------------------------------------------------

[2022-12-10 14:37:55 #1 store] 
Database 'C:\Users\Santiago R\git\ProyectosEclipse\DAM2_TutorialObjectDB\db\empleados.odb' is opened by 13016@DESKTOP-U5R4K5T

[2022-12-10 14:37:55 #2 store] 
Configuration path: ?

[2022-12-10 14:37:55 #3 type] 
Type ejemplo1.DepartamentoEntity is not enhanced.

[2022-12-10 14:37:55 #4 type] 
Type ejemplo1.EmpleadoEntity is not enhanced.

[2022-12-10 14:37:55 #5 store] 
Database 'C:\Users\Santiago R\git\ProyectosEclipse\DAM2_TutorialObjectDB\db\empleados.odb' is closed by 13016@DESKTOP-U5R4K5T

------------------------------------------------------------------------------------------------------------------------

[2022-12-10 14:41:35 #1 store] 
Database 'C:\Users\Santiago R\git\ProyectosEclipse\DAM2_TutorialObjectDB\db\empleados.odb' is opened by 13728@DESKTOP-U5R4K5T

[2022-12-10 14:41:35 #2 store] 
Configuration path: ?

[2022-12-10 14:41:35 #3 type] 
Type ejemplo1.DepartamentoEntity is not enhanced.

[2022-12-10 14:41:35 #4 type] 
Type ejemplo1.EmpleadoEntity is not enhanced.

[2022-12-10 14:41:35 #5 store] 
Database 'C:\Users\Santiago R\git\ProyectosEclipse\DAM2_TutorialObjectDB\db\empleados.odb' is closed by 13728@DESKTOP-U5R4K5T

------------------------------------------------------------------------------------------------------------------------

[2022-12-10 14:41:48 #1 store] 
Database 'C:\Users\Santiago R\git\ProyectosEclipse\DAM2_TutorialObjectDB\db\empleados.odb' is opened by 11768@DESKTOP-U5R4K5T

[2022-12-10 14:41:48 #2 store] 
Configuration path: ?

[2022-12-10 14:41:48 #3 type] 
Type ejemplo1.DepartamentoEntity is not enhanced.

[2022-12-10 14:41:48 #4 type] 
Type ejemplo1.EmpleadoEntity is not enhanced.

[2022-12-10 14:41:48 #5 store] 
Database 'C:\Users\Santiago R\git\ProyectosEclipse\DAM2_TutorialObjectDB\db\empleados.odb' is closed by 11768@DESKTOP-U5R4K5T

------------------------------------------------------------------------------------------------------------------------

[2022-12-10 14:42:55 #1 store] 
Database 'C:\Users\Santiago R\git\ProyectosEclipse\DAM2_TutorialObjectDB\db\empleados.odb' is opened by 6600@DESKTOP-U5R4K5T

[2022-12-10 14:42:55 #2 store] 
Configuration path: ?

[2022-12-10 14:42:55 #3 type] 
Type ejemplo1.DepartamentoEntity is not enhanced.

[2022-12-10 14:42:55 #4 type] 
Type ejemplo1.EmpleadoEntity is not enhanced.

------------------------------------------------------------------------------------------------------------------------

[2022-12-10 14:43:47 #1 store] 
Database 'C:\Users\Santiago R\git\ProyectosEclipse\DAM2_TutorialObjectDB\db\empleados.odb' is opened by 14048@DESKTOP-U5R4K5T

[2022-12-10 14:43:47 #2 store] 
Configuration path: ?

[2022-12-10 14:43:48 #3 type] 
Type ejemplo1.DepartamentoEntity is not enhanced.

[2022-12-10 14:43:48 #4 type] 
Type ejemplo1.EmpleadoEntity is not enhanced.

[2022-12-10 14:43:48 #5 store] 
Database 'C:\Users\Santiago R\git\ProyectosEclipse\DAM2_TutorialObjectDB\db\empleados.odb' is closed by 14048@DESKTOP-U5R4K5T

------------------------------------------------------------------------------------------------------------------------

[2022-12-10 14:44:20 #1 store] 
Database 'C:\Users\Santiago R\git\ProyectosEclipse\DAM2_TutorialObjectDB\db\empleados.odb' is opened by 16180@DESKTOP-U5R4K5T

[2022-12-10 14:44:20 #2 store] 
Configuration path: ?

[2022-12-10 14:44:20 #3 type] 
Type ejemplo1.DepartamentoEntity is not enhanced.

[2022-12-10 14:44:20 #4 type] 
Type ejemplo1.EmpleadoEntity is not enhanced.

------------------------------------------------------------------------------------------------------------------------

[2022-12-10 14:44:39 #1 store] 
Database 'C:\Users\Santiago R\git\ProyectosEclipse\DAM2_TutorialObjectDB\db\empleados.odb' is opened by 16052@DESKTOP-U5R4K5T

[2022-12-10 14:44:39 #2 store] 
Configuration path: ?

[2022-12-10 14:44:39 #3 type] 
Type ejemplo1.DepartamentoEntity is not enhanced.

[2022-12-10 14:44:39 #4 type] 
Type ejemplo1.EmpleadoEntity is not enhanced.

------------------------------------------------------------------------------------------------------------------------

[2022-12-10 14:44:56 #1 store] 
Database 'C:\Users\Santiago R\git\ProyectosEclipse\DAM2_TutorialObjectDB\db\empleados.odb' is opened by 4132@DESKTOP-U5R4K5T

[2022-12-10 14:44:56 #2 store] 
Configuration path: ?

[2022-12-10 14:44:56 #3 type] 
Type ejemplo1.DepartamentoEntity is not enhanced.

[2022-12-10 14:44:56 #4 type] 
Type ejemplo1.EmpleadoEntity is not enhanced.

------------------------------------------------------------------------------------------------------------------------

[2022-12-10 14:45:54 #1 store] 
Database 'C:\Users\Santiago R\git\ProyectosEclipse\DAM2_TutorialObjectDB\db\empleados.odb' is opened by 7820@DESKTOP-U5R4K5T

[2022-12-10 14:45:54 #2 store] 
Configuration path: ?

[2022-12-10 14:45:54 #3 type] 
Type ejemplo1.DepartamentoEntity is not enhanced.

[2022-12-10 14:45:54 #4 type] 
Type ejemplo1.EmpleadoEntity is not enhanced.

------------------------------------------------------------------------------------------------------------------------

[2022-12-10 14:46:31 #1 store] 
Database 'C:\Users\Santiago R\git\ProyectosEclipse\DAM2_TutorialObjectDB\db\empleados.odb' is opened by 1488@DESKTOP-U5R4K5T

[2022-12-10 14:46:31 #2 store] 
Configuration path: ?

[2022-12-10 14:46:31 #3 type] 
Type ejemplo1.DepartamentoEntity is not enhanced.

[2022-12-10 14:46:31 #4 type] 
Type ejemplo1.EmpleadoEntity is not enhanced.

------------------------------------------------------------------------------------------------------------------------

[2022-12-10 14:48:39 #1 store] 
Database 'C:\Users\Santiago R\git\ProyectosEclipse\DAM2_TutorialObjectDB\db\empleados.odb' is opened by 14924@DESKTOP-U5R4K5T

[2022-12-10 14:48:39 #2 store] 
Configuration path: ?

[2022-12-10 14:48:39 #3 type] 
Type ejemplo1.DepartamentoEntity is not enhanced.

[2022-12-10 14:48:39 #4 type] 
Type ejemplo1.EmpleadoEntity is not enhanced.

------------------------------------------------------------------------------------------------------------------------

[2022-12-10 14:49:12 #1 store] 
Database 'C:\Users\Santiago R\git\ProyectosEclipse\DAM2_TutorialObjectDB\db\empleados.odb' is opened by 10628@DESKTOP-U5R4K5T

[2022-12-10 14:49:12 #2 store] 
Configuration path: ?

[2022-12-10 14:49:12 #3 type] 
Type ejemplo1.DepartamentoEntity is not enhanced.

[2022-12-10 14:49:12 #4 type] 
Type ejemplo1.EmpleadoEntity is not enhanced.

------------------------------------------------------------------------------------------------------------------------

[2022-12-10 14:50:37 #1 store] 
Database 'C:\Users\Santiago R\git\ProyectosEclipse\DAM2_TutorialObjectDB\db\empleados.odb' is opened by 7272@DESKTOP-U5R4K5T

[2022-12-10 14:50:37 #2 store] 
Configuration path: ?

[2022-12-10 14:50:37 #3 type] 
Type ejemplo1.DepartamentoEntity is not enhanced.

[2022-12-10 14:50:37 #4 type] 
Type ejemplo1.EmpleadoEntity is not enhanced.

------------------------------------------------------------------------------------------------------------------------

[2022-12-10 14:51:20 #1 store] 
Database 'C:\Users\Santiago R\git\ProyectosEclipse\DAM2_TutorialObjectDB\db\empleados.odb' is opened by 15912@DESKTOP-U5R4K5T

[2022-12-10 14:51:20 #2 store] 
Configuration path: ?

[2022-12-10 14:51:20 #3 type] 
Type ejemplo1.DepartamentoEntity is not enhanced.

[2022-12-10 14:51:20 #4 type] 
Type ejemplo1.EmpleadoEntity is not enhanced.

[2022-12-10 14:51:20 #5 store] 
Database 'C:\Users\Santiago R\git\ProyectosEclipse\DAM2_TutorialObjectDB\db\empleados.odb' is closed by 15912@DESKTOP-U5R4K5T

------------------------------------------------------------------------------------------------------------------------

[2022-12-10 14:51:38 #1 store] 
Database 'C:\Users\Santiago R\git\ProyectosEclipse\DAM2_TutorialObjectDB\db\empleados.odb' is opened by 11068@DESKTOP-U5R4K5T

[2022-12-10 14:51:38 #2 store] 
Configuration path: ?

[2022-12-10 14:51:38 #3 type] 
Type ejemplo1.DepartamentoEntity is not enhanced.

[2022-12-10 14:51:38 #4 type] 
Type ejemplo1.EmpleadoEntity is not enhanced.

[2022-12-10 14:51:38 #5 store] 
Database 'C:\Users\Santiago R\git\ProyectosEclipse\DAM2_TutorialObjectDB\db\empleados.odb' is closed by 11068@DESKTOP-U5R4K5T

------------------------------------------------------------------------------------------------------------------------

[2022-12-10 14:54:13 #1 store] 
Database 'C:\Users\Santiago R\git\ProyectosEclipse\DAM2_TutorialObjectDB\db\empleados.odb' is opened by 7000@DESKTOP-U5R4K5T

[2022-12-10 14:54:13 #2 store] 
Configuration path: ?

[2022-12-10 14:54:13 #3 type] 
Type ejemplo1.DepartamentoEntity is not enhanced.

[2022-12-10 14:54:13 #4 type] 
Type ejemplo1.EmpleadoEntity is not enhanced.

------------------------------------------------------------------------------------------------------------------------

[2022-12-10 14:54:33 #1 store] 
Database 'C:\Users\Santiago R\git\ProyectosEclipse\DAM2_TutorialObjectDB\db\empleados.odb' is opened by 14388@DESKTOP-U5R4K5T

[2022-12-10 14:54:33 #2 store] 
Configuration path: ?

[2022-12-10 14:54:33 #3 type] 
Type ejemplo1.DepartamentoEntity is not enhanced.

[2022-12-10 14:54:33 #4 type] 
Type ejemplo1.EmpleadoEntity is not enhanced.

[2022-12-10 14:54:34 #5 store] 
Database 'C:\Users\Santiago R\git\ProyectosEclipse\DAM2_TutorialObjectDB\db\empleados.odb' is closed by 14388@DESKTOP-U5R4K5T

------------------------------------------------------------------------------------------------------------------------

[2022-12-10 14:58:16 #1 store] 
Database 'C:\Users\Santiago R\git\ProyectosEclipse\DAM2_TutorialObjectDB\db\empleados.odb' is opened by 316@DESKTOP-U5R4K5T

[2022-12-10 14:58:16 #2 store] 
Configuration path: ?

[2022-12-10 14:58:16 #3 type] 
Type ejemplo1.DepartamentoEntity is not enhanced.

[2022-12-10 14:58:16 #4 type] 
Type ejemplo1.EmpleadoEntity is not enhanced.

[2022-12-10 14:58:16 #5 store] 
Database 'C:\Users\Santiago R\git\ProyectosEclipse\DAM2_TutorialObjectDB\db\empleados.odb' is closed by 316@DESKTOP-U5R4K5T

------------------------------------------------------------------------------------------------------------------------

[2022-12-10 15:01:06 #1 store] 
Database 'C:\Users\Santiago R\git\ProyectosEclipse\DAM2_TutorialObjectDB\db\empleados.odb' is opened by 4028@DESKTOP-U5R4K5T

[2022-12-10 15:01:06 #2 store] 
Configuration path: ?

[2022-12-10 15:01:06 #3 type] 
Type ejemplo1.DepartamentoEntity is not enhanced.

[2022-12-10 15:01:06 #4 type] 
Type ejemplo1.EmpleadoEntity is not enhanced.

------------------------------------------------------------------------------------------------------------------------

[2022-12-10 15:01:17 #1 store] 
Database 'C:\Users\Santiago R\git\ProyectosEclipse\DAM2_TutorialObjectDB\db\empleados.odb' is opened by 8148@DESKTOP-U5R4K5T

[2022-12-10 15:01:17 #2 store] 
Configuration path: ?

[2022-12-10 15:01:17 #3 type] 
Type ejemplo1.DepartamentoEntity is not enhanced.

[2022-12-10 15:01:17 #4 type] 
Type ejemplo1.EmpleadoEntity is not enhanced.

[2022-12-10 15:01:17 #5 store] 
Database 'C:\Users\Santiago R\git\ProyectosEclipse\DAM2_TutorialObjectDB\db\empleados.odb' is closed by 8148@DESKTOP-U5R4K5T

------------------------------------------------------------------------------------------------------------------------

[2022-12-10 15:03:41 #1 store] 
Database 'C:\Users\Santiago R\git\ProyectosEclipse\DAM2_TutorialObjectDB\db\empleados.odb' is opened by 14876@DESKTOP-U5R4K5T

[2022-12-10 15:03:41 #2 store] 
Configuration path: ?

[2022-12-10 15:03:41 #3 type] 
Type ejemplo1.DepartamentoEntity is not enhanced.

[2022-12-10 15:03:41 #4 type] 
Type ejemplo1.EmpleadoEntity is not enhanced.

[2022-12-10 15:03:41 #5 store] 
Database 'C:\Users\Santiago R\git\ProyectosEclipse\DAM2_TutorialObjectDB\db\empleados.odb' is closed by 14876@DESKTOP-U5R4K5T

