------------------------------------------------------------------------------------------------------------------------

[2022-12-21 14:49:38 #1 store] 
Database 'C:\Users\Santiago R\git\ProyectosEclipse\DAM2_TutorialObjectDB\db\autoresLibros.odb' is opened by 14528@DESKTOP-U5R4K5T

[2022-12-21 14:49:38 #2 store] 
Configuration path: ?

[2022-12-21 14:49:38 #3 type] 
Type sesion4_ej14_2.Libro is not enhanced.

[2022-12-21 14:49:38 #4 type] 
Type sesion4_ej14_2.Autor is not enhanced.

[2022-12-21 14:49:38 #5 store] 
Database 'C:\Users\Santiago R\git\ProyectosEclipse\DAM2_TutorialObjectDB\db\autoresLibros.odb' is closed by 14528@DESKTOP-U5R4K5T

------------------------------------------------------------------------------------------------------------------------

[2022-12-21 14:51:31 #1 store] 
Database 'C:\Users\Santiago R\git\ProyectosEclipse\DAM2_TutorialObjectDB\db\dddEclipselink_JPA.odb' is opened by 17040@DESKTOP-U5R4K5T

[2022-12-21 14:51:31 #2 store] 
Configuration path: ?

[2022-12-21 14:51:31 #3 type] 
Type sesion4_ej14_3.Personal is not enhanced.

[2022-12-21 14:51:31 #4 type] 
Type sesion4_ej14_3.PersonalDocente is not enhanced.

[2022-12-21 14:51:31 #5 type] 
Type sesion4_ej14_3.PersonalNoDocente is not enhanced.

[2022-12-21 14:51:31 #6 store] 
Database 'C:\Users\Santiago R\git\ProyectosEclipse\DAM2_TutorialObjectDB\db\dddEclipselink_JPA.odb' is closed by 17040@DESKTOP-U5R4K5T

------------------------------------------------------------------------------------------------------------------------

[2022-12-21 14:53:38 #1 store] 
Database 'C:\Users\Santiago R\git\ProyectosEclipse\DAM2_TutorialObjectDB\db\relacionHerencia.odb' is opened by 10556@DESKTOP-U5R4K5T

[2022-12-21 14:53:38 #2 store] 
Configuration path: ?

[2022-12-21 14:53:38 #3 type] 
Type sesion4_ej14_3.Personal is not enhanced.

[2022-12-21 14:53:38 #4 type] 
Type sesion4_ej14_3.PersonalDocente is not enhanced.

[2022-12-21 14:53:38 #5 type] 
Type sesion4_ej14_3.PersonalNoDocente is not enhanced.

[2022-12-21 14:53:38 #6 store] 
Database 'C:\Users\Santiago R\git\ProyectosEclipse\DAM2_TutorialObjectDB\db\relacionHerencia.odb' is closed by 10556@DESKTOP-U5R4K5T

------------------------------------------------------------------------------------------------------------------------

[2022-12-21 15:05:02 #1 store] 
Database 'C:\Users\Santiago R\git\ProyectosEclipse\DAM2_TutorialObjectDB\db\relacionHerencia.odb' is opened by 11588@DESKTOP-U5R4K5T

[2022-12-21 15:05:02 #2 store] 
Configuration path: ?

[2022-12-21 15:05:02 #3 type] 
Type sesion4_ej14_3.Personal is not enhanced.

[2022-12-21 15:05:02 #4 type] 
Type sesion4_ej14_3.PersonalDocente is not enhanced.

[2022-12-21 15:05:02 #5 type] 
Type sesion4_ej14_3.PersonalNoDocente is not enhanced.

------------------------------------------------------------------------------------------------------------------------

[2022-12-21 15:05:37 #1 store] 
Database 'C:\Users\Santiago R\git\ProyectosEclipse\DAM2_TutorialObjectDB\db\relacionHerencia.odb' is opened by 980@DESKTOP-U5R4K5T

[2022-12-21 15:05:37 #2 store] 
Configuration path: ?

[2022-12-21 15:05:37 #3 type] 
Type sesion4_ej14_3.Personal is not enhanced.

[2022-12-21 15:05:37 #4 type] 
Type sesion4_ej14_3.PersonalDocente is not enhanced.

[2022-12-21 15:05:37 #5 type] 
Type sesion4_ej14_3.PersonalNoDocente is not enhanced.

------------------------------------------------------------------------------------------------------------------------

[2022-12-21 15:05:53 #1 store] 
Database 'C:\Users\Santiago R\git\ProyectosEclipse\DAM2_TutorialObjectDB\db\relacionHerencia.odb' is opened by 12368@DESKTOP-U5R4K5T

[2022-12-21 15:05:53 #2 store] 
Configuration path: ?

[2022-12-21 15:05:54 #3 type] 
Type sesion4_ej14_3.Personal is not enhanced.

[2022-12-21 15:05:54 #4 type] 
Type sesion4_ej14_3.PersonalDocente is not enhanced.

[2022-12-21 15:05:54 #5 type] 
Type sesion4_ej14_3.PersonalNoDocente is not enhanced.

------------------------------------------------------------------------------------------------------------------------

[2022-12-21 15:06:24 #1 store] 
Database 'C:\Users\Santiago R\git\ProyectosEclipse\DAM2_TutorialObjectDB\db\relacionHerencia.odb' is opened by 1400@DESKTOP-U5R4K5T

[2022-12-21 15:06:24 #2 store] 
Configuration path: ?

[2022-12-21 15:06:24 #3 type] 
Type sesion4_ej14_3.Personal is not enhanced.

[2022-12-21 15:06:24 #4 type] 
Type sesion4_ej14_3.PersonalDocente is not enhanced.

[2022-12-21 15:06:24 #5 type] 
Type sesion4_ej14_3.PersonalNoDocente is not enhanced.

[2022-12-21 15:06:24 #6 store] 
Database 'C:\Users\Santiago R\git\ProyectosEclipse\DAM2_TutorialObjectDB\db\relacionHerencia.odb' is closed by 1400@DESKTOP-U5R4K5T

