------------------------------------------------------------------------------------------------------------------------

[2022-12-16 13:37:41 #1 store] 
Database 'C:\Users\DAM2Alu9\git\ProyectosEclipse\DAM2_TutorialObjectDB\db\jugadoresej12.odb' is opened by 10364@B01-PC06

[2022-12-16 13:37:41 #2 store] 
Configuration path: ?

[2022-12-16 13:37:41 #3 type] 
Type sesion4_ej12.Socio is not enhanced.

[2022-12-16 13:37:41 #4 store] 
Database 'C:\Users\DAM2Alu9\git\ProyectosEclipse\DAM2_TutorialObjectDB\db\jugadoresej12.odb' is closed by 10364@B01-PC06

------------------------------------------------------------------------------------------------------------------------

[2022-12-16 14:02:18 #1 store] 
Database 'C:\Users\DAM2Alu9\git\ProyectosEclipse\DAM2_TutorialObjectDB\db\jugadoresej12.odb' is opened by 10096@B01-PC06

[2022-12-16 14:02:18 #2 store] 
Configuration path: ?

[2022-12-16 14:02:18 #3 type] 
Type sesion4_ej12.Socio is not enhanced.

------------------------------------------------------------------------------------------------------------------------

[2022-12-16 15:04:20 #1 store] 
Database 'C:\Users\Santiago R\git\ProyectosEclipse\DAM2_TutorialObjectDB\db\jugadoresej12.odb' is opened by 1452@DESKTOP-U5R4K5T

[2022-12-16 15:04:20 #2 store] 
Configuration path: ?

[2022-12-16 15:04:20 #3 type] 
Type sesion4_ej12.Socio is not enhanced.

------------------------------------------------------------------------------------------------------------------------

[2022-12-16 15:08:18 #1 store] 
Database 'C:\Users\Santiago R\git\ProyectosEclipse\DAM2_TutorialObjectDB\db\jugadoresej12.odb' is opened by 15252@DESKTOP-U5R4K5T

[2022-12-16 15:08:18 #2 store] 
Configuration path: ?

[2022-12-16 15:08:18 #3 type] 
Type sesion4_ej12.Socio is not enhanced.

------------------------------------------------------------------------------------------------------------------------

[2022-12-16 15:08:44 #1 store] 
Database 'C:\Users\Santiago R\git\ProyectosEclipse\DAM2_TutorialObjectDB\db\jugadoresej12.odb' is opened by 7104@DESKTOP-U5R4K5T

[2022-12-16 15:08:44 #2 store] 
Configuration path: ?

[2022-12-16 15:08:44 #3 type] 
Type sesion4_ej12.Socio is not enhanced.

------------------------------------------------------------------------------------------------------------------------

[2022-12-16 15:09:48 #1 store] 
Database 'C:\Users\Santiago R\git\ProyectosEclipse\DAM2_TutorialObjectDB\db\jugadoresej12.odb' is opened by 13088@DESKTOP-U5R4K5T

[2022-12-16 15:09:48 #2 store] 
Configuration path: ?

[2022-12-16 15:09:48 #3 type] 
Type sesion4_ej12.Socio is not enhanced.

------------------------------------------------------------------------------------------------------------------------

[2022-12-16 16:29:26 #1 store] 
Database 'C:\Users\Santiago R\git\ProyectosEclipse\DAM2_TutorialObjectDB\db\socioTarjeta.odb' is opened by 15984@DESKTOP-U5R4K5T

[2022-12-16 16:29:26 #2 store] 
Configuration path: ?

[2022-12-16 16:29:26 #3 type] 
Type sesion4_ej14.Socio is not enhanced.

[2022-12-16 16:29:26 #4 type] 
Type sesion4_ej14.Tarjeta is not enhanced.

[2022-12-16 16:29:26 #5 store] 
Database 'C:\Users\Santiago R\git\ProyectosEclipse\DAM2_TutorialObjectDB\db\socioTarjeta.odb' is closed by 15984@DESKTOP-U5R4K5T

------------------------------------------------------------------------------------------------------------------------

[2022-12-16 16:38:58 #1 store] 
Database 'C:\Users\Santiago R\git\ProyectosEclipse\DAM2_TutorialObjectDB\db\empleados.odb' is opened by 4996@DESKTOP-U5R4K5T

[2022-12-16 16:38:58 #2 store] 
Configuration path: ?

[2022-12-16 16:38:58 #3 type] 
Type ejemplo1.DepartamentoEntity is not enhanced.

[2022-12-16 16:38:58 #4 type] 
Type ejemplo1.EmpleadoEntity is not enhanced.

[2022-12-16 16:38:58 #5 type] 
Type sesion4_ej14.Socio is not enhanced.

[2022-12-16 16:38:58 #6 type] 
Type sesion4_ej14.Tarjeta is not enhanced.

------------------------------------------------------------------------------------------------------------------------

[2022-12-16 16:39:32 #1 store] 
Database 'C:\Users\Santiago R\git\ProyectosEclipse\DAM2_TutorialObjectDB\db\socioTarjeta.odb' is opened by 10364@DESKTOP-U5R4K5T

[2022-12-16 16:39:32 #2 store] 
Configuration path: ?

[2022-12-16 16:39:32 #3 type] 
Type sesion4_ej14.Socio is not enhanced.

[2022-12-16 16:39:32 #4 type] 
Type sesion4_ej14.Tarjeta is not enhanced.

[2022-12-16 16:39:32 #5 store] 
Database 'C:\Users\Santiago R\git\ProyectosEclipse\DAM2_TutorialObjectDB\db\socioTarjeta.odb' is closed by 10364@DESKTOP-U5R4K5T

------------------------------------------------------------------------------------------------------------------------

[2022-12-16 16:40:15 #1 store] 
Database 'C:\Users\Santiago R\git\ProyectosEclipse\DAM2_TutorialObjectDB\db\socioTarjeta.odb' is opened by 10888@DESKTOP-U5R4K5T

[2022-12-16 16:40:15 #2 store] 
Configuration path: ?

[2022-12-16 16:40:15 #3 type] 
Type sesion4_ej14.Socio is not enhanced.

[2022-12-16 16:40:15 #4 type] 
Type sesion4_ej14.Tarjeta is not enhanced.

------------------------------------------------------------------------------------------------------------------------

[2022-12-16 16:41:27 #1 store] 
Database 'C:\Users\Santiago R\git\ProyectosEclipse\DAM2_TutorialObjectDB\db\socioTarjeta.odb' is opened by 876@DESKTOP-U5R4K5T

[2022-12-16 16:41:27 #2 store] 
Configuration path: ?

[2022-12-16 16:41:27 #3 type] 
Type sesion4_ej14.Socio is not enhanced.

[2022-12-16 16:41:27 #4 type] 
Type sesion4_ej14.Tarjeta is not enhanced.

[2022-12-16 16:41:27 #5 store] 
Database 'C:\Users\Santiago R\git\ProyectosEclipse\DAM2_TutorialObjectDB\db\socioTarjeta.odb' is closed by 876@DESKTOP-U5R4K5T

------------------------------------------------------------------------------------------------------------------------

[2022-12-16 16:41:44 #1 store] 
Database 'C:\Users\Santiago R\git\ProyectosEclipse\DAM2_TutorialObjectDB\db\socioTarjeta.odb' is opened by 6816@DESKTOP-U5R4K5T

[2022-12-16 16:41:44 #2 store] 
Configuration path: ?

[2022-12-16 16:41:44 #3 type] 
Type sesion4_ej14.Socio is not enhanced.

[2022-12-16 16:41:44 #4 type] 
Type sesion4_ej14.Tarjeta is not enhanced.

------------------------------------------------------------------------------------------------------------------------

[2022-12-16 16:41:58 #1 store] 
Database 'C:\Users\Santiago R\git\ProyectosEclipse\DAM2_TutorialObjectDB\db\socioTarjeta.odb' is opened by 10856@DESKTOP-U5R4K5T

[2022-12-16 16:41:58 #2 store] 
Configuration path: ?

[2022-12-16 16:41:58 #3 type] 
Type sesion4_ej14.Socio is not enhanced.

[2022-12-16 16:41:58 #4 type] 
Type sesion4_ej14.Tarjeta is not enhanced.

[2022-12-16 16:41:58 #5 store] 
Database 'C:\Users\Santiago R\git\ProyectosEclipse\DAM2_TutorialObjectDB\db\socioTarjeta.odb' is closed by 10856@DESKTOP-U5R4K5T

------------------------------------------------------------------------------------------------------------------------

[2022-12-16 16:44:43 #1 store] 
Database 'C:\Users\Santiago R\git\ProyectosEclipse\DAM2_TutorialObjectDB\db\socioTarjeta.odb' is opened by 1848@DESKTOP-U5R4K5T

[2022-12-16 16:44:43 #2 store] 
Configuration path: ?

[2022-12-16 16:44:43 #3 type] 
Type sesion4_ej14.Socio is not enhanced.

[2022-12-16 16:44:43 #4 type] 
Type sesion4_ej14.Tarjeta is not enhanced.

[2022-12-16 16:44:43 #5 store] 
Database 'C:\Users\Santiago R\git\ProyectosEclipse\DAM2_TutorialObjectDB\db\socioTarjeta.odb' is closed by 1848@DESKTOP-U5R4K5T

------------------------------------------------------------------------------------------------------------------------

[2022-12-16 16:45:06 #1 store] 
Database 'C:\Users\Santiago R\git\ProyectosEclipse\DAM2_TutorialObjectDB\db\socioTarjeta.odb' is opened by 7984@DESKTOP-U5R4K5T

[2022-12-16 16:45:06 #2 store] 
Configuration path: ?

[2022-12-16 16:45:06 #3 type] 
Type sesion4_ej14.Tarjeta is not enhanced.

[2022-12-16 16:45:06 #4 type] 
Type sesion4_ej14.Socio is not enhanced.

------------------------------------------------------------------------------------------------------------------------

[2022-12-16 16:45:22 #1 store] 
Database 'C:\Users\Santiago R\git\ProyectosEclipse\DAM2_TutorialObjectDB\db\socioTarjeta.odb' has been recovered (tr. 1-3)

[2022-12-16 16:45:22 #2 store] 
Database 'C:\Users\Santiago R\git\ProyectosEclipse\DAM2_TutorialObjectDB\db\socioTarjeta.odb' is opened by 4540@DESKTOP-U5R4K5T

[2022-12-16 16:45:22 #3 store] 
Configuration path: ?

[2022-12-16 16:45:23 #4 type] 
Type sesion4_ej14.Tarjeta is not enhanced.

[2022-12-16 16:45:23 #5 type] 
Type sesion4_ej14.Socio is not enhanced.

------------------------------------------------------------------------------------------------------------------------

[2022-12-16 16:45:53 #1 store] 
Database 'C:\Users\Santiago R\git\ProyectosEclipse\DAM2_TutorialObjectDB\db\socioTarjeta.odb' is opened by 2824@DESKTOP-U5R4K5T

[2022-12-16 16:45:53 #2 store] 
Configuration path: ?

[2022-12-16 16:45:54 #3 type] 
Type sesion4_ej14.Socio is not enhanced.

[2022-12-16 16:45:54 #4 type] 
Type sesion4_ej14.Tarjeta is not enhanced.

[2022-12-16 16:45:54 #5 store] 
Database 'C:\Users\Santiago R\git\ProyectosEclipse\DAM2_TutorialObjectDB\db\socioTarjeta.odb' is closed by 2824@DESKTOP-U5R4K5T

------------------------------------------------------------------------------------------------------------------------

[2022-12-16 16:46:10 #1 store] 
Database 'C:\Users\Santiago R\git\ProyectosEclipse\DAM2_TutorialObjectDB\db\socioTarjeta.odb' is opened by 14980@DESKTOP-U5R4K5T

[2022-12-16 16:46:10 #2 store] 
Configuration path: ?

[2022-12-16 16:46:10 #3 type] 
Type sesion4_ej14.Socio is not enhanced.

[2022-12-16 16:46:10 #4 type] 
Type sesion4_ej14.Tarjeta is not enhanced.

[2022-12-16 16:46:10 #5 store] 
Database 'C:\Users\Santiago R\git\ProyectosEclipse\DAM2_TutorialObjectDB\db\socioTarjeta.odb' is closed by 14980@DESKTOP-U5R4K5T

------------------------------------------------------------------------------------------------------------------------

[2022-12-16 16:49:00 #1 store] 
Database 'C:\Users\Santiago R\git\ProyectosEclipse\DAM2_TutorialObjectDB\db\socioTarjeta.odb' is opened by 3880@DESKTOP-U5R4K5T

[2022-12-16 16:49:00 #2 store] 
Configuration path: ?

[2022-12-16 16:49:00 #3 type] 
Type sesion4_ej14.Socio is not enhanced.

[2022-12-16 16:49:00 #4 type] 
Type sesion4_ej14.Tarjeta is not enhanced.

[2022-12-16 16:49:00 #5 store] 
Database 'C:\Users\Santiago R\git\ProyectosEclipse\DAM2_TutorialObjectDB\db\socioTarjeta.odb' is closed by 3880@DESKTOP-U5R4K5T

------------------------------------------------------------------------------------------------------------------------

[2022-12-16 16:49:15 #1 store] 
Database 'C:\Users\Santiago R\git\ProyectosEclipse\DAM2_TutorialObjectDB\db\socioTarjeta.odb' is opened by 7628@DESKTOP-U5R4K5T

[2022-12-16 16:49:15 #2 store] 
Configuration path: ?

[2022-12-16 16:49:15 #3 type] 
Type sesion4_ej14.Socio is not enhanced.

[2022-12-16 16:49:15 #4 type] 
Type sesion4_ej14.Tarjeta is not enhanced.

------------------------------------------------------------------------------------------------------------------------

[2022-12-16 16:56:59 #1 store] 
Database 'C:\Users\Santiago R\git\ProyectosEclipse\DAM2_TutorialObjectDB\db\socioTarjeta.odb' is opened by 12988@DESKTOP-U5R4K5T

[2022-12-16 16:56:59 #2 store] 
Configuration path: ?

[2022-12-16 16:56:59 #3 type] 
Type sesion4_ej14.Socio is not enhanced.

[2022-12-16 16:56:59 #4 type] 
Type sesion4_ej14.Tarjeta is not enhanced.

[2022-12-16 16:56:59 #5 store] 
Database 'C:\Users\Santiago R\git\ProyectosEclipse\DAM2_TutorialObjectDB\db\socioTarjeta.odb' is closed by 12988@DESKTOP-U5R4K5T

------------------------------------------------------------------------------------------------------------------------

[2022-12-16 16:57:10 #1 store] 
Database 'C:\Users\Santiago R\git\ProyectosEclipse\DAM2_TutorialObjectDB\db\socioTarjeta.odb' is opened by 13232@DESKTOP-U5R4K5T

[2022-12-16 16:57:10 #2 store] 
Configuration path: ?

[2022-12-16 16:57:10 #3 type] 
Type sesion4_ej14.Socio is not enhanced.

[2022-12-16 16:57:10 #4 type] 
Type sesion4_ej14.Tarjeta is not enhanced.

[2022-12-16 16:57:10 #5 store] 
Database 'C:\Users\Santiago R\git\ProyectosEclipse\DAM2_TutorialObjectDB\db\socioTarjeta.odb' is closed by 13232@DESKTOP-U5R4K5T

------------------------------------------------------------------------------------------------------------------------

[2022-12-16 17:00:02 #1 store] 
Database 'C:\Users\Santiago R\git\ProyectosEclipse\DAM2_TutorialObjectDB\db\socioTarjeta.odb' is opened by 6256@DESKTOP-U5R4K5T

[2022-12-16 17:00:02 #2 store] 
Configuration path: ?

[2022-12-16 17:00:02 #3 type] 
Type sesion4_ej14.Socio is not enhanced.

[2022-12-16 17:00:02 #4 type] 
Type sesion4_ej14.Tarjeta is not enhanced.

[2022-12-16 17:00:02 #5 store] 
Database 'C:\Users\Santiago R\git\ProyectosEclipse\DAM2_TutorialObjectDB\db\socioTarjeta.odb' is closed by 6256@DESKTOP-U5R4K5T

