------------------------------------------------------------------------------------------------------------------------

[2022-12-13 21:37:59 #1 store] 
Database 'C:\Users\Santiago R\git\ProyectosEclipse\DAM2_TutorialObjectDB\db\empleados.odb' is opened by 11992@DESKTOP-U5R4K5T

[2022-12-13 21:37:59 #2 store] 
Configuration path: ?

[2022-12-13 21:37:59 #3 type] 
Type ejemplo1.DepartamentoEntity is not enhanced.

[2022-12-13 21:37:59 #4 type] 
Type ejemplo1.EmpleadoEntity is not enhanced.

[2022-12-13 21:37:59 #5 store] 
Database 'C:\Users\Santiago R\git\ProyectosEclipse\DAM2_TutorialObjectDB\db\empleados.odb' is closed by 11992@DESKTOP-U5R4K5T

------------------------------------------------------------------------------------------------------------------------

[2022-12-13 21:40:32 #1 store] 
Database 'C:\Users\Santiago R\git\ProyectosEclipse\DAM2_TutorialObjectDB\db\empleados.odb' is opened by 12500@DESKTOP-U5R4K5T

[2022-12-13 21:40:32 #2 store] 
Configuration path: ?

[2022-12-13 21:40:32 #3 type] 
Type ejemplo1.DepartamentoEntity is not enhanced.

[2022-12-13 21:40:32 #4 type] 
Type ejemplo1.EmpleadoEntity is not enhanced.

[2022-12-13 21:40:32 #5 store] 
Database 'C:\Users\Santiago R\git\ProyectosEclipse\DAM2_TutorialObjectDB\db\empleados.odb' is closed by 12500@DESKTOP-U5R4K5T

------------------------------------------------------------------------------------------------------------------------

[2022-12-13 21:41:41 #1 store] 
Database 'C:\Users\Santiago R\git\ProyectosEclipse\DAM2_TutorialObjectDB\db\empleados.odb' is opened by 12644@DESKTOP-U5R4K5T

[2022-12-13 21:41:41 #2 store] 
Configuration path: ?

[2022-12-13 21:41:41 #3 type] 
Type ejemplo1.DepartamentoEntity is not enhanced.

[2022-12-13 21:41:41 #4 type] 
Type ejemplo1.EmpleadoEntity is not enhanced.

[2022-12-13 21:41:41 #5 store] 
Database 'C:\Users\Santiago R\git\ProyectosEclipse\DAM2_TutorialObjectDB\db\empleados.odb' is closed by 12644@DESKTOP-U5R4K5T

------------------------------------------------------------------------------------------------------------------------

[2022-12-13 21:42:28 #1 store] 
Database 'C:\Users\Santiago R\git\ProyectosEclipse\DAM2_TutorialObjectDB\db\empleados.odb' is opened by 6116@DESKTOP-U5R4K5T

[2022-12-13 21:42:28 #2 store] 
Configuration path: ?

[2022-12-13 21:42:28 #3 type] 
Type ejemplo1.DepartamentoEntity is not enhanced.

[2022-12-13 21:42:28 #4 type] 
Type ejemplo1.EmpleadoEntity is not enhanced.

------------------------------------------------------------------------------------------------------------------------

[2022-12-13 21:42:54 #1 store] 
Database 'C:\Users\Santiago R\git\ProyectosEclipse\DAM2_TutorialObjectDB\db\empleados.odb' is opened by 12824@DESKTOP-U5R4K5T

[2022-12-13 21:42:54 #2 store] 
Configuration path: ?

[2022-12-13 21:42:54 #3 type] 
Type ejemplo1.DepartamentoEntity is not enhanced.

[2022-12-13 21:42:55 #4 type] 
Type ejemplo1.EmpleadoEntity is not enhanced.

[2022-12-13 21:42:55 #5 store] 
Database 'C:\Users\Santiago R\git\ProyectosEclipse\DAM2_TutorialObjectDB\db\empleados.odb' is closed by 12824@DESKTOP-U5R4K5T

------------------------------------------------------------------------------------------------------------------------

[2022-12-13 21:46:45 #1 store] 
Database 'C:\Users\Santiago R\git\ProyectosEclipse\DAM2_TutorialObjectDB\db\empleados.odb' is opened by 12936@DESKTOP-U5R4K5T

[2022-12-13 21:46:45 #2 store] 
Configuration path: ?

[2022-12-13 21:46:45 #3 type] 
Type ejemplo1.DepartamentoEntity is not enhanced.

[2022-12-13 21:46:45 #4 type] 
Type ejemplo1.EmpleadoEntity is not enhanced.

[2022-12-13 21:46:45 #5 store] 
Database 'C:\Users\Santiago R\git\ProyectosEclipse\DAM2_TutorialObjectDB\db\empleados.odb' is closed by 12936@DESKTOP-U5R4K5T

------------------------------------------------------------------------------------------------------------------------

[2022-12-13 21:47:37 #1 store] 
Database 'C:\Users\Santiago R\git\ProyectosEclipse\DAM2_TutorialObjectDB\db\empleados.odb' is opened by 9900@DESKTOP-U5R4K5T

[2022-12-13 21:47:37 #2 store] 
Configuration path: ?

[2022-12-13 21:47:37 #3 type] 
Type ejemplo1.DepartamentoEntity is not enhanced.

[2022-12-13 21:47:37 #4 type] 
Type ejemplo1.EmpleadoEntity is not enhanced.

------------------------------------------------------------------------------------------------------------------------

[2022-12-13 21:50:17 #1 store] 
Database 'C:\Users\Santiago R\git\ProyectosEclipse\DAM2_TutorialObjectDB\db\empleados.odb' is opened by 13164@DESKTOP-U5R4K5T

[2022-12-13 21:50:17 #2 store] 
Configuration path: ?

[2022-12-13 21:50:18 #3 type] 
Type ejemplo1.DepartamentoEntity is not enhanced.

[2022-12-13 21:50:18 #4 type] 
Type ejemplo1.EmpleadoEntity is not enhanced.

[2022-12-13 21:50:18 #5 store] 
Database 'C:\Users\Santiago R\git\ProyectosEclipse\DAM2_TutorialObjectDB\db\empleados.odb' is closed by 13164@DESKTOP-U5R4K5T

------------------------------------------------------------------------------------------------------------------------

[2022-12-13 21:51:24 #1 store] 
Database 'C:\Users\Santiago R\git\ProyectosEclipse\DAM2_TutorialObjectDB\db\empleados.odb' is opened by 6840@DESKTOP-U5R4K5T

[2022-12-13 21:51:24 #2 store] 
Configuration path: ?

[2022-12-13 21:51:24 #3 type] 
Type ejemplo1.DepartamentoEntity is not enhanced.

[2022-12-13 21:51:24 #4 type] 
Type ejemplo1.EmpleadoEntity is not enhanced.

[2022-12-13 21:51:24 #5 store] 
Database 'C:\Users\Santiago R\git\ProyectosEclipse\DAM2_TutorialObjectDB\db\empleados.odb' is closed by 6840@DESKTOP-U5R4K5T

------------------------------------------------------------------------------------------------------------------------

[2022-12-13 21:51:49 #1 store] 
Database 'C:\Users\Santiago R\git\ProyectosEclipse\DAM2_TutorialObjectDB\db\empleados.odb' is opened by 3076@DESKTOP-U5R4K5T

[2022-12-13 21:51:49 #2 store] 
Configuration path: ?

[2022-12-13 21:51:49 #3 type] 
Type ejemplo1.DepartamentoEntity is not enhanced.

[2022-12-13 21:51:49 #4 type] 
Type ejemplo1.EmpleadoEntity is not enhanced.

------------------------------------------------------------------------------------------------------------------------

[2022-12-13 21:54:44 #1 store] 
Database 'C:\Users\Santiago R\git\ProyectosEclipse\DAM2_TutorialObjectDB\db\empleados.odb' is opened by 8276@DESKTOP-U5R4K5T

[2022-12-13 21:54:44 #2 store] 
Configuration path: ?

[2022-12-13 21:54:44 #3 type] 
Type ejemplo1.DepartamentoEntity is not enhanced.

[2022-12-13 21:54:44 #4 type] 
Type ejemplo1.EmpleadoEntity is not enhanced.

[2022-12-13 21:54:44 #5 store] 
Database 'C:\Users\Santiago R\git\ProyectosEclipse\DAM2_TutorialObjectDB\db\empleados.odb' is closed by 8276@DESKTOP-U5R4K5T

------------------------------------------------------------------------------------------------------------------------

[2022-12-13 21:54:53 #1 store] 
Database 'C:\Users\Santiago R\git\ProyectosEclipse\DAM2_TutorialObjectDB\db\p2.odb' is opened by 10588@DESKTOP-U5R4K5T

[2022-12-13 21:54:53 #2 store] 
Configuration path: ?

[2022-12-13 21:54:54 #3 type] 
Type tutorial.Point is not enhanced.

[2022-12-13 21:54:54 #4 store] 
Database 'C:\Users\Santiago R\git\ProyectosEclipse\DAM2_TutorialObjectDB\db\p2.odb' is closed by 10588@DESKTOP-U5R4K5T

------------------------------------------------------------------------------------------------------------------------

[2022-12-13 21:55:00 #1 store] 
Database 'C:\Users\Santiago R\git\ProyectosEclipse\DAM2_TutorialObjectDB\db\empleados.odb' is opened by 12960@DESKTOP-U5R4K5T

[2022-12-13 21:55:00 #2 store] 
Configuration path: ?

[2022-12-13 21:55:00 #3 type] 
Type ejemplo1.DepartamentoEntity is not enhanced.

[2022-12-13 21:55:00 #4 type] 
Type ejemplo1.EmpleadoEntity is not enhanced.

[2022-12-13 21:55:00 #5 store] 
Database 'C:\Users\Santiago R\git\ProyectosEclipse\DAM2_TutorialObjectDB\db\empleados.odb' is closed by 12960@DESKTOP-U5R4K5T

------------------------------------------------------------------------------------------------------------------------

[2022-12-13 21:55:58 #1 store] 
Database 'C:\Users\Santiago R\git\ProyectosEclipse\DAM2_TutorialObjectDB\db\empleados.odb' is opened by 13492@DESKTOP-U5R4K5T

[2022-12-13 21:55:58 #2 store] 
Configuration path: ?

[2022-12-13 21:55:58 #3 type] 
Type ejemplo1.DepartamentoEntity is not enhanced.

[2022-12-13 21:55:58 #4 type] 
Type ejemplo1.EmpleadoEntity is not enhanced.

[2022-12-13 21:55:58 #5 store] 
Database 'C:\Users\Santiago R\git\ProyectosEclipse\DAM2_TutorialObjectDB\db\empleados.odb' is closed by 13492@DESKTOP-U5R4K5T

