------------------------------------------------------------------------------------------------------------------------

[2022-12-11 11:47:10 #1 store] 
Database 'C:\Users\Santiago R\git\ProyectosEclipse\DAM2_TutorialObjectDB\db\empleados.odb' is opened by 6728@DESKTOP-U5R4K5T

[2022-12-11 11:47:10 #2 store] 
Configuration path: ?

[2022-12-11 11:47:10 #3 type] 
Type ejemplo1.DepartamentoEntity is not enhanced.

[2022-12-11 11:47:10 #4 type] 
Type ejemplo1.EmpleadoEntity is not enhanced.

[2022-12-11 11:47:10 #5 store] 
Database 'C:\Users\Santiago R\git\ProyectosEclipse\DAM2_TutorialObjectDB\db\empleados.odb' is closed by 6728@DESKTOP-U5R4K5T

------------------------------------------------------------------------------------------------------------------------

[2022-12-11 11:47:16 #1 store] 
Database 'C:\Users\Santiago R\git\ProyectosEclipse\DAM2_TutorialObjectDB\db\empleados.odb' is opened by 1064@DESKTOP-U5R4K5T

[2022-12-11 11:47:16 #2 store] 
Configuration path: ?

[2022-12-11 11:47:16 #3 type] 
Type ejemplo1.DepartamentoEntity is not enhanced.

[2022-12-11 11:47:16 #4 type] 
Type ejemplo1.EmpleadoEntity is not enhanced.

[2022-12-11 11:47:16 #5 store] 
Database 'C:\Users\Santiago R\git\ProyectosEclipse\DAM2_TutorialObjectDB\db\empleados.odb' is closed by 1064@DESKTOP-U5R4K5T

------------------------------------------------------------------------------------------------------------------------

[2022-12-11 11:52:48 #1 store] 
Database 'C:\Users\Santiago R\git\ProyectosEclipse\DAM2_TutorialObjectDB\db\empleados.odb' is opened by 14248@DESKTOP-U5R4K5T

[2022-12-11 11:52:48 #2 store] 
Configuration path: ?

[2022-12-11 11:52:48 #3 type] 
Type ejemplo1.DepartamentoEntity is not enhanced.

[2022-12-11 11:52:48 #4 type] 
Type ejemplo1.EmpleadoEntity is not enhanced.

[2022-12-11 11:52:48 #5 store] 
Database 'C:\Users\Santiago R\git\ProyectosEclipse\DAM2_TutorialObjectDB\db\empleados.odb' is closed by 14248@DESKTOP-U5R4K5T

------------------------------------------------------------------------------------------------------------------------

[2022-12-11 11:52:58 #1 store] 
Database 'C:\Users\Santiago R\git\ProyectosEclipse\DAM2_TutorialObjectDB\db\empleados.odb' is opened by 1136@DESKTOP-U5R4K5T

[2022-12-11 11:52:58 #2 store] 
Configuration path: ?

[2022-12-11 11:52:58 #3 type] 
Type ejemplo1.DepartamentoEntity is not enhanced.

[2022-12-11 11:52:58 #4 type] 
Type ejemplo1.EmpleadoEntity is not enhanced.

[2022-12-11 11:52:58 #5 store] 
Database 'C:\Users\Santiago R\git\ProyectosEclipse\DAM2_TutorialObjectDB\db\empleados.odb' is closed by 1136@DESKTOP-U5R4K5T

------------------------------------------------------------------------------------------------------------------------

[2022-12-11 11:53:07 #1 store] 
Database 'C:\Users\Santiago R\git\ProyectosEclipse\DAM2_TutorialObjectDB\db\empleados.odb' is opened by 9376@DESKTOP-U5R4K5T

[2022-12-11 11:53:07 #2 store] 
Configuration path: ?

[2022-12-11 11:53:07 #3 type] 
Type ejemplo1.DepartamentoEntity is not enhanced.

[2022-12-11 11:53:07 #4 type] 
Type ejemplo1.EmpleadoEntity is not enhanced.

[2022-12-11 11:53:07 #5 store] 
Database 'C:\Users\Santiago R\git\ProyectosEclipse\DAM2_TutorialObjectDB\db\empleados.odb' is closed by 9376@DESKTOP-U5R4K5T

------------------------------------------------------------------------------------------------------------------------

[2022-12-11 11:53:22 #1 store] 
Database 'C:\Users\Santiago R\git\ProyectosEclipse\DAM2_TutorialObjectDB\db\empleados.odb' is opened by 4720@DESKTOP-U5R4K5T

[2022-12-11 11:53:22 #2 store] 
Configuration path: ?

[2022-12-11 11:53:22 #3 type] 
Type ejemplo1.DepartamentoEntity is not enhanced.

[2022-12-11 11:53:22 #4 type] 
Type ejemplo1.EmpleadoEntity is not enhanced.

[2022-12-11 11:53:22 #5 store] 
Database 'C:\Users\Santiago R\git\ProyectosEclipse\DAM2_TutorialObjectDB\db\empleados.odb' is closed by 4720@DESKTOP-U5R4K5T

------------------------------------------------------------------------------------------------------------------------

[2022-12-11 12:06:51 #1 store] 
Database 'C:\Users\Santiago R\git\ProyectosEclipse\DAM2_TutorialObjectDB\db\empleados.odb' is opened by 7604@DESKTOP-U5R4K5T

[2022-12-11 12:06:51 #2 store] 
Configuration path: ?

[2022-12-11 12:06:51 #3 type] 
Type ejemplo1.DepartamentoEntity is not enhanced.

[2022-12-11 12:06:51 #4 type] 
Type ejemplo1.EmpleadoEntity is not enhanced.

[2022-12-11 12:06:51 #5 store] 
Database 'C:\Users\Santiago R\git\ProyectosEclipse\DAM2_TutorialObjectDB\db\empleados.odb' is closed by 7604@DESKTOP-U5R4K5T

------------------------------------------------------------------------------------------------------------------------

[2022-12-11 12:08:27 #1 store] 
Database 'C:\Users\Santiago R\git\ProyectosEclipse\DAM2_TutorialObjectDB\db\empleados.odb' is opened by 7968@DESKTOP-U5R4K5T

[2022-12-11 12:08:27 #2 store] 
Configuration path: ?

[2022-12-11 12:08:27 #3 type] 
Type ejemplo1.DepartamentoEntity is not enhanced.

[2022-12-11 12:08:27 #4 type] 
Type ejemplo1.EmpleadoEntity is not enhanced.

[2022-12-11 12:08:27 #5 query] 
Error during query execution: UPDATE EmpleadoEntity e set e.salario = e.salario+:cantidad where e.departamento.dptoId = :departamento({departamento->10,cantidad->1})

[2022-12-11 12:08:27 #6 *] 
[ObjectDB 2.8.6] Unexpected exception (Error 990)
  Generated by Java HotSpot(TM) 64-Bit Server VM 1.8.0_301 (on Windows 10 10.0).
Please report this error on http://www.objectdb.com/issue/new
com.objectdb.o.InternalException: null
com.objectdb.o.InternalException
	at com.objectdb.o.InternalException.f(InternalException.java:235)
	at com.objectdb.o.QRC.i(QRC.java:294)
	at com.objectdb.o.QRC.j(QRC.java:197)
	at com.objectdb.o.QRM.Zq(QRM.java:273)
	at com.objectdb.o.MST.Zq(MST.java:1019)
	at com.objectdb.o.WRA.Zq(WRA.java:313)
	at com.objectdb.o.WSM.Zq(WSM.java:117)
	at com.objectdb.o.QRR.k(QRR.java:260)
	at com.objectdb.o.QRR.i(QRR.java:154)
	at com.objectdb.jpa.JpaQuery.executeUpdate(JpaQuery.java:791)
	at ejemplo1.AccesoBdatos.incrementarSalarioDepartamento(AccesoBdatos.java:286)
	at ejemplo1.Main2.main(Main2.java:40)

------------------------------------------------------------------------------------------------------------------------

[2022-12-11 12:09:37 #1 store] 
Database 'C:\Users\Santiago R\git\ProyectosEclipse\DAM2_TutorialObjectDB\db\empleados.odb' is opened by 10320@DESKTOP-U5R4K5T

[2022-12-11 12:09:37 #2 store] 
Configuration path: ?

[2022-12-11 12:09:37 #3 type] 
Type ejemplo1.DepartamentoEntity is not enhanced.

[2022-12-11 12:09:37 #4 type] 
Type ejemplo1.EmpleadoEntity is not enhanced.

[2022-12-11 12:09:37 #5 query] 
Error during query execution: UPDATE EmpleadoEntity e set e.salario = e.salario+:cantidad where e.departamento.dptoId = 10({cantidad->1})

[2022-12-11 12:09:37 #6 *] 
[ObjectDB 2.8.6] Unexpected exception (Error 990)
  Generated by Java HotSpot(TM) 64-Bit Server VM 1.8.0_301 (on Windows 10 10.0).
Please report this error on http://www.objectdb.com/issue/new
com.objectdb.o.InternalException: null
com.objectdb.o.InternalException
	at com.objectdb.o.InternalException.f(InternalException.java:235)
	at com.objectdb.o.QRC.i(QRC.java:294)
	at com.objectdb.o.QRC.j(QRC.java:197)
	at com.objectdb.o.QRM.Zq(QRM.java:273)
	at com.objectdb.o.MST.Zq(MST.java:1019)
	at com.objectdb.o.WRA.Zq(WRA.java:313)
	at com.objectdb.o.WSM.Zq(WSM.java:117)
	at com.objectdb.o.QRR.k(QRR.java:260)
	at com.objectdb.o.QRR.i(QRR.java:154)
	at com.objectdb.jpa.JpaQuery.executeUpdate(JpaQuery.java:791)
	at ejemplo1.AccesoBdatos.incrementarSalarioDepartamento(AccesoBdatos.java:286)
	at ejemplo1.Main2.main(Main2.java:40)

------------------------------------------------------------------------------------------------------------------------

[2022-12-11 12:18:42 #1 store] 
Database 'C:\Users\Santiago R\git\ProyectosEclipse\DAM2_TutorialObjectDB\db\empleados.odb' is opened by 5156@DESKTOP-U5R4K5T

[2022-12-11 12:18:42 #2 store] 
Configuration path: ?

[2022-12-11 12:18:42 #3 type] 
Type ejemplo1.DepartamentoEntity is not enhanced.

[2022-12-11 12:18:42 #4 type] 
Type ejemplo1.EmpleadoEntity is not enhanced.

[2022-12-11 12:18:42 #5 store] 
Database 'C:\Users\Santiago R\git\ProyectosEclipse\DAM2_TutorialObjectDB\db\empleados.odb' is closed by 5156@DESKTOP-U5R4K5T

------------------------------------------------------------------------------------------------------------------------

[2022-12-11 12:26:00 #1 store] 
Database 'C:\Users\Santiago R\git\ProyectosEclipse\DAM2_TutorialObjectDB\db\empleados.odb' is opened by 6716@DESKTOP-U5R4K5T

[2022-12-11 12:26:00 #2 store] 
Configuration path: ?

[2022-12-11 12:26:00 #3 type] 
Type ejemplo1.DepartamentoEntity is not enhanced.

[2022-12-11 12:26:00 #4 type] 
Type ejemplo1.EmpleadoEntity is not enhanced.

[2022-12-11 12:26:00 #5 store] 
Database 'C:\Users\Santiago R\git\ProyectosEclipse\DAM2_TutorialObjectDB\db\empleados.odb' is closed by 6716@DESKTOP-U5R4K5T

------------------------------------------------------------------------------------------------------------------------

[2022-12-11 12:53:35 #1 store] 
Database 'C:\Users\Santiago R\git\ProyectosEclipse\DAM2_TutorialObjectDB\db\empleados1.odb' is opened by 11280@DESKTOP-U5R4K5T

[2022-12-11 12:53:35 #2 store] 
Configuration path: ?

[2022-12-11 12:53:35 #3 type] 
Type XObjectDbSesion4.DepartamentoEntity is not enhanced.

[2022-12-11 12:53:35 #4 type] 
Type XObjectDbSesion4.EmpleadoEntity is not enhanced.

[2022-12-11 12:53:35 #5 store] 
Database 'C:\Users\Santiago R\git\ProyectosEclipse\DAM2_TutorialObjectDB\db\empleados1.odb' is closed by 11280@DESKTOP-U5R4K5T

