------------------------------------------------------------------------------------------------------------------------

[2022-12-14 11:02:15 #1 store] 
Database 'C:\Users\DAM2Alu9\git\ProyectosEclipse\DAM2_TutorialObjectDB\db\empleados.odb' is opened by 7280@B01-PC06

[2022-12-14 11:02:15 #2 store] 
Configuration path: ?

[2022-12-14 11:02:15 #3 type] 
Type ejemplo1.DepartamentoEntity is not enhanced.

[2022-12-14 11:02:15 #4 type] 
Type ejemplo1.EmpleadoEntity is not enhanced.

[2022-12-14 11:02:15 #5 store] 
Database 'C:\Users\DAM2Alu9\git\ProyectosEclipse\DAM2_TutorialObjectDB\db\empleados.odb' is closed by 7280@B01-PC06

------------------------------------------------------------------------------------------------------------------------

[2022-12-14 11:07:06 #1 store] 
Database 'C:\Users\DAM2Alu9\git\ProyectosEclipse\DAM2_TutorialObjectDB\db\empleados.odb' is opened by 9924@B01-PC06

[2022-12-14 11:07:06 #2 store] 
Configuration path: ?

[2022-12-14 11:07:06 #3 type] 
Type ejemplo1.DepartamentoEntity is not enhanced.

[2022-12-14 11:07:06 #4 type] 
Type ejemplo1.EmpleadoEntity is not enhanced.

------------------------------------------------------------------------------------------------------------------------

[2022-12-14 11:07:39 #1 store] 
Database 'C:\Users\DAM2Alu9\git\ProyectosEclipse\DAM2_TutorialObjectDB\db\empleados.odb' is opened by 12912@B01-PC06

[2022-12-14 11:07:39 #2 store] 
Configuration path: ?

[2022-12-14 11:07:39 #3 type] 
Type ejemplo1.DepartamentoEntity is not enhanced.

[2022-12-14 11:07:39 #4 type] 
Type ejemplo1.EmpleadoEntity is not enhanced.

------------------------------------------------------------------------------------------------------------------------

[2022-12-14 11:08:03 #1 store] 
Database 'C:\Users\DAM2Alu9\git\ProyectosEclipse\DAM2_TutorialObjectDB\db\empleados.odb' is opened by 3768@B01-PC06

[2022-12-14 11:08:03 #2 store] 
Configuration path: ?

[2022-12-14 11:08:03 #3 type] 
Type ejemplo1.DepartamentoEntity is not enhanced.

[2022-12-14 11:08:03 #4 type] 
Type ejemplo1.EmpleadoEntity is not enhanced.

[2022-12-14 11:08:03 #5 store] 
Database 'C:\Users\DAM2Alu9\git\ProyectosEclipse\DAM2_TutorialObjectDB\db\empleados.odb' is closed by 3768@B01-PC06

------------------------------------------------------------------------------------------------------------------------

[2022-12-14 11:44:07 #1 store] 
Database 'C:\Users\DAM2Alu9\git\ProyectosEclipse\DAM2_TutorialObjectDB\db\empleados.odb' is opened by 10404@B01-PC06

[2022-12-14 11:44:07 #2 store] 
Configuration path: ?

[2022-12-14 11:44:07 #3 type] 
Type ejemplo1.DepartamentoEntity is not enhanced.

[2022-12-14 11:44:07 #4 type] 
Type ejemplo1.EmpleadoEntity is not enhanced.

------------------------------------------------------------------------------------------------------------------------

[2022-12-14 11:44:22 #1 store] 
Database 'C:\Users\DAM2Alu9\git\ProyectosEclipse\DAM2_TutorialObjectDB\db\empleados.odb' is opened by 7552@B01-PC06

[2022-12-14 11:44:22 #2 store] 
Configuration path: ?

[2022-12-14 11:44:22 #3 type] 
Type ejemplo1.DepartamentoEntity is not enhanced.

[2022-12-14 11:44:22 #4 type] 
Type ejemplo1.EmpleadoEntity is not enhanced.

------------------------------------------------------------------------------------------------------------------------

[2022-12-14 11:44:59 #1 store] 
Database 'C:\Users\DAM2Alu9\git\ProyectosEclipse\DAM2_TutorialObjectDB\db\empleados.odb' is opened by 9164@B01-PC06

[2022-12-14 11:44:59 #2 store] 
Configuration path: ?

[2022-12-14 11:45:00 #3 type] 
Type ejemplo1.DepartamentoEntity is not enhanced.

[2022-12-14 11:45:00 #4 type] 
Type ejemplo1.EmpleadoEntity is not enhanced.

------------------------------------------------------------------------------------------------------------------------

[2022-12-14 11:45:13 #1 store] 
Database 'C:\Users\DAM2Alu9\git\ProyectosEclipse\DAM2_TutorialObjectDB\db\empleados.odb' is opened by 5236@B01-PC06

[2022-12-14 11:45:13 #2 store] 
Configuration path: ?

[2022-12-14 11:45:13 #3 type] 
Type ejemplo1.DepartamentoEntity is not enhanced.

[2022-12-14 11:45:13 #4 type] 
Type ejemplo1.EmpleadoEntity is not enhanced.

------------------------------------------------------------------------------------------------------------------------

[2022-12-14 11:45:34 #1 store] 
Database 'C:\Users\DAM2Alu9\git\ProyectosEclipse\DAM2_TutorialObjectDB\db\empleados.odb' is opened by 7040@B01-PC06

[2022-12-14 11:45:34 #2 store] 
Configuration path: ?

[2022-12-14 11:45:34 #3 type] 
Type ejemplo1.DepartamentoEntity is not enhanced.

[2022-12-14 11:45:34 #4 type] 
Type ejemplo1.EmpleadoEntity is not enhanced.

------------------------------------------------------------------------------------------------------------------------

[2022-12-14 11:46:51 #1 store] 
Database 'C:\Users\DAM2Alu9\git\ProyectosEclipse\DAM2_TutorialObjectDB\db\empleados.odb' is opened by 8764@B01-PC06

[2022-12-14 11:46:51 #2 store] 
Configuration path: ?

[2022-12-14 11:46:51 #3 type] 
Type ejemplo1.DepartamentoEntity is not enhanced.

[2022-12-14 11:46:51 #4 type] 
Type ejemplo1.EmpleadoEntity is not enhanced.

[2022-12-14 11:46:51 #5 store] 
Database 'C:\Users\DAM2Alu9\git\ProyectosEclipse\DAM2_TutorialObjectDB\db\empleados.odb' is closed by 8764@B01-PC06

------------------------------------------------------------------------------------------------------------------------

[2022-12-14 11:54:50 #1 store] 
Database 'C:\Users\DAM2Alu9\git\ProyectosEclipse\DAM2_TutorialObjectDB\db\empleados.odb' is opened by 9816@B01-PC06

[2022-12-14 11:54:50 #2 store] 
Configuration path: ?

[2022-12-14 11:54:50 #3 type] 
Type ejemplo1.DepartamentoEntity is not enhanced.

[2022-12-14 11:54:50 #4 type] 
Type ejemplo1.EmpleadoEntity is not enhanced.

[2022-12-14 11:54:50 #5 query] 
Error during query execution: UPDATE EmpleadoEntity e set e.salario = e.salario+:cantidad where e.departamento.dptoId = :idDep({idDep->10,cantidad->1})

[2022-12-14 11:54:50 #6 *] 
[ObjectDB 2.8.6] Unexpected exception (Error 990)
  Generated by Java HotSpot(TM) Client VM 1.8.0_341 (on Windows 10 10.0).
Please report this error on http://www.objectdb.com/issue/new
com.objectdb.o.InternalException: null
com.objectdb.o.InternalException
	at com.objectdb.o.InternalException.f(InternalException.java:235)
	at com.objectdb.o.QRC.i(QRC.java:294)
	at com.objectdb.o.QRC.j(QRC.java:197)
	at com.objectdb.o.QRM.Zq(QRM.java:273)
	at com.objectdb.o.MST.Zq(MST.java:1019)
	at com.objectdb.o.WRA.Zq(WRA.java:313)
	at com.objectdb.o.WSM.Zq(WSM.java:117)
	at com.objectdb.o.QRR.k(QRR.java:260)
	at com.objectdb.o.QRR.i(QRR.java:154)
	at com.objectdb.jpa.JpaQuery.executeUpdate(JpaQuery.java:791)
	at ejemplo1.AccesoBdatos.incrementarSalarioDepartamento(AccesoBdatos.java:310)
	at ejemplo1.Main2.main(Main2.java:40)

------------------------------------------------------------------------------------------------------------------------

[2022-12-14 11:55:23 #1 store] 
Database 'C:\Users\DAM2Alu9\git\ProyectosEclipse\DAM2_TutorialObjectDB\db\empleados.odb' is opened by 11184@B01-PC06

[2022-12-14 11:55:23 #2 store] 
Configuration path: ?

[2022-12-14 11:55:23 #3 type] 
Type ejemplo1.DepartamentoEntity is not enhanced.

[2022-12-14 11:55:23 #4 type] 
Type ejemplo1.EmpleadoEntity is not enhanced.

[2022-12-14 11:55:23 #5 query] 
Error during query execution: UPDATE EmpleadoEntity e set e.salario = e.salario+:cantidad where e.departamento.dptoId = :idDep({idDep->20,cantidad->1})

[2022-12-14 11:55:23 #6 *] 
[ObjectDB 2.8.6] Unexpected exception (Error 990)
  Generated by Java HotSpot(TM) Client VM 1.8.0_341 (on Windows 10 10.0).
Please report this error on http://www.objectdb.com/issue/new
com.objectdb.o.InternalException: null
com.objectdb.o.InternalException
	at com.objectdb.o.InternalException.f(InternalException.java:235)
	at com.objectdb.o.QRC.i(QRC.java:294)
	at com.objectdb.o.QRC.j(QRC.java:197)
	at com.objectdb.o.QRM.Zq(QRM.java:273)
	at com.objectdb.o.MST.Zq(MST.java:1019)
	at com.objectdb.o.WRA.Zq(WRA.java:313)
	at com.objectdb.o.WSM.Zq(WSM.java:117)
	at com.objectdb.o.QRR.k(QRR.java:260)
	at com.objectdb.o.QRR.i(QRR.java:154)
	at com.objectdb.jpa.JpaQuery.executeUpdate(JpaQuery.java:791)
	at ejemplo1.AccesoBdatos.incrementarSalarioDepartamento(AccesoBdatos.java:310)
	at ejemplo1.Main2.main(Main2.java:40)

------------------------------------------------------------------------------------------------------------------------

[2022-12-14 11:55:59 #1 store] 
Database 'C:\Users\DAM2Alu9\git\ProyectosEclipse\DAM2_TutorialObjectDB\db\empleados.odb' is opened by 11564@B01-PC06

[2022-12-14 11:55:59 #2 store] 
Configuration path: ?

[2022-12-14 11:55:59 #3 type] 
Type ejemplo1.DepartamentoEntity is not enhanced.

[2022-12-14 11:55:59 #4 type] 
Type ejemplo1.EmpleadoEntity is not enhanced.

[2022-12-14 11:55:59 #5 query] 
Error during query execution: UPDATE EmpleadoEntity e set e.salario = e.salario+:cantidad where e.departamento.dptoId = 10({cantidad->1})

[2022-12-14 11:55:59 #6 *] 
[ObjectDB 2.8.6] Unexpected exception (Error 990)
  Generated by Java HotSpot(TM) Client VM 1.8.0_341 (on Windows 10 10.0).
Please report this error on http://www.objectdb.com/issue/new
com.objectdb.o.InternalException: null
com.objectdb.o.InternalException
	at com.objectdb.o.InternalException.f(InternalException.java:235)
	at com.objectdb.o.QRC.i(QRC.java:294)
	at com.objectdb.o.QRC.j(QRC.java:197)
	at com.objectdb.o.QRM.Zq(QRM.java:273)
	at com.objectdb.o.MST.Zq(MST.java:1019)
	at com.objectdb.o.WRA.Zq(WRA.java:313)
	at com.objectdb.o.WSM.Zq(WSM.java:117)
	at com.objectdb.o.QRR.k(QRR.java:260)
	at com.objectdb.o.QRR.i(QRR.java:154)
	at com.objectdb.jpa.JpaQuery.executeUpdate(JpaQuery.java:791)
	at ejemplo1.AccesoBdatos.incrementarSalarioDepartamento(AccesoBdatos.java:310)
	at ejemplo1.Main2.main(Main2.java:40)

------------------------------------------------------------------------------------------------------------------------

[2022-12-14 11:58:47 #1 store] 
Database 'C:\Users\DAM2Alu9\git\ProyectosEclipse\DAM2_TutorialObjectDB\db\empleados.odb' is opened by 2160@B01-PC06

[2022-12-14 11:58:47 #2 store] 
Configuration path: ?

[2022-12-14 11:58:47 #3 type] 
Type ejemplo1.DepartamentoEntity is not enhanced.

[2022-12-14 11:58:47 #4 type] 
Type ejemplo1.EmpleadoEntity is not enhanced.

[2022-12-14 11:58:47 #5 query] 
Error during query execution: UPDATE EmpleadoEntity e set e.salario = e.salario+:cantidad where e.departamento.dptoId = :idDep({idDep->10,cantidad->1})

[2022-12-14 11:58:47 #6 *] 
[ObjectDB 2.8.6] Unexpected exception (Error 990)
  Generated by Java HotSpot(TM) Client VM 1.8.0_341 (on Windows 10 10.0).
Please report this error on http://www.objectdb.com/issue/new
com.objectdb.o.InternalException: null
com.objectdb.o.InternalException
	at com.objectdb.o.InternalException.f(InternalException.java:235)
	at com.objectdb.o.QRC.i(QRC.java:294)
	at com.objectdb.o.QRC.j(QRC.java:197)
	at com.objectdb.o.QRM.Zq(QRM.java:273)
	at com.objectdb.o.MST.Zq(MST.java:1019)
	at com.objectdb.o.WRA.Zq(WRA.java:313)
	at com.objectdb.o.WSM.Zq(WSM.java:117)
	at com.objectdb.o.QRR.k(QRR.java:260)
	at com.objectdb.o.QRR.i(QRR.java:154)
	at com.objectdb.jpa.JpaQuery.executeUpdate(JpaQuery.java:791)
	at ejemplo1.AccesoBdatos.incrementarSalarioDepartamento(AccesoBdatos.java:310)
	at ejemplo1.Main2.main(Main2.java:40)

------------------------------------------------------------------------------------------------------------------------

[2022-12-14 11:59:36 #1 store] 
Database 'C:\Users\DAM2Alu9\git\ProyectosEclipse\DAM2_TutorialObjectDB\db\empleados.odb' is opened by 11840@B01-PC06

[2022-12-14 11:59:36 #2 store] 
Configuration path: ?

[2022-12-14 11:59:36 #3 type] 
Type ejemplo1.DepartamentoEntity is not enhanced.

[2022-12-14 11:59:36 #4 type] 
Type ejemplo1.EmpleadoEntity is not enhanced.

[2022-12-14 11:59:36 #5 store] 
Database 'C:\Users\DAM2Alu9\git\ProyectosEclipse\DAM2_TutorialObjectDB\db\empleados.odb' is closed by 11840@B01-PC06

------------------------------------------------------------------------------------------------------------------------

[2022-12-14 12:02:55 #1 store] 
Database 'C:\Users\DAM2Alu9\git\ProyectosEclipse\DAM2_TutorialObjectDB\db\empleados.odb' is opened by 6696@B01-PC06

[2022-12-14 12:02:55 #2 store] 
Configuration path: ?

[2022-12-14 12:02:55 #3 type] 
Type ejemplo1.DepartamentoEntity is not enhanced.

[2022-12-14 12:02:55 #4 type] 
Type ejemplo1.EmpleadoEntity is not enhanced.

[2022-12-14 12:02:55 #5 query] 
Error during query execution: UPDATE EmpleadoEntity e set e.salario = e.salario+:cantidad where e.departamento.dptoId = :idDep({idDep->10,cantidad->1})

[2022-12-14 12:02:55 #6 *] 
[ObjectDB 2.8.6] Unexpected exception (Error 990)
  Generated by Java HotSpot(TM) Client VM 1.8.0_341 (on Windows 10 10.0).
Please report this error on http://www.objectdb.com/issue/new
com.objectdb.o.InternalException: null
com.objectdb.o.InternalException
	at com.objectdb.o.InternalException.f(InternalException.java:235)
	at com.objectdb.o.QRC.i(QRC.java:294)
	at com.objectdb.o.QRC.j(QRC.java:197)
	at com.objectdb.o.QRM.Zq(QRM.java:273)
	at com.objectdb.o.MST.Zq(MST.java:1019)
	at com.objectdb.o.WRA.Zq(WRA.java:313)
	at com.objectdb.o.WSM.Zq(WSM.java:117)
	at com.objectdb.o.QRR.k(QRR.java:260)
	at com.objectdb.o.QRR.i(QRR.java:154)
	at com.objectdb.jpa.JpaQuery.executeUpdate(JpaQuery.java:791)
	at ejemplo1.AccesoBdatos.incrementarSalarioDepartamento(AccesoBdatos.java:310)
	at ejemplo1.Main2.main(Main2.java:40)

------------------------------------------------------------------------------------------------------------------------

[2022-12-14 12:13:35 #1 store] 
Database 'C:\Users\DAM2Alu9\git\ProyectosEclipse\DAM2_TutorialObjectDB\db\empleados.odb' is opened by 1724@B01-PC06

[2022-12-14 12:13:35 #2 store] 
Configuration path: ?

[2022-12-14 12:13:35 #3 type] 
Type ejemplo1.DepartamentoEntity is not enhanced.

[2022-12-14 12:13:35 #4 type] 
Type ejemplo1.EmpleadoEntity is not enhanced.

------------------------------------------------------------------------------------------------------------------------

[2022-12-14 12:13:48 #1 store] 
Database 'C:\Users\DAM2Alu9\git\ProyectosEclipse\DAM2_TutorialObjectDB\db\empleados.odb' is opened by 12780@B01-PC06

[2022-12-14 12:13:48 #2 store] 
Configuration path: ?

[2022-12-14 12:13:48 #3 type] 
Type ejemplo1.DepartamentoEntity is not enhanced.

[2022-12-14 12:13:48 #4 type] 
Type ejemplo1.EmpleadoEntity is not enhanced.

[2022-12-14 12:13:49 #5 store] 
Database 'C:\Users\DAM2Alu9\git\ProyectosEclipse\DAM2_TutorialObjectDB\db\empleados.odb' is closed by 12780@B01-PC06

------------------------------------------------------------------------------------------------------------------------

[2022-12-14 12:18:49 #1 store] 
Database 'C:\Users\DAM2Alu9\git\ProyectosEclipse\DAM2_TutorialObjectDB\db\empleados.odb' is opened by 6736@B01-PC06

[2022-12-14 12:18:49 #2 store] 
Configuration path: ?

[2022-12-14 12:18:49 #3 type] 
Type ejemplo1.DepartamentoEntity is not enhanced.

[2022-12-14 12:18:49 #4 type] 
Type ejemplo1.EmpleadoEntity is not enhanced.

[2022-12-14 12:18:49 #5 store] 
Database 'C:\Users\DAM2Alu9\git\ProyectosEclipse\DAM2_TutorialObjectDB\db\empleados.odb' is closed by 6736@B01-PC06

------------------------------------------------------------------------------------------------------------------------

[2022-12-14 12:24:06 #1 store] 
Database 'C:\Users\DAM2Alu9\git\ProyectosEclipse\DAM2_TutorialObjectDB\db\empleados.odb' is opened by 12752@B01-PC06

[2022-12-14 12:24:06 #2 store] 
Configuration path: ?

[2022-12-14 12:24:06 #3 type] 
Type ejemplo1.DepartamentoEntity is not enhanced.

[2022-12-14 12:24:06 #4 type] 
Type ejemplo1.EmpleadoEntity is not enhanced.

[2022-12-14 12:24:06 #5 store] 
Database 'C:\Users\DAM2Alu9\git\ProyectosEclipse\DAM2_TutorialObjectDB\db\empleados.odb' is closed by 12752@B01-PC06

