------------------------------------------------------------------------------------------------------------------------

[2023-01-11 20:15:22 #1 store] 
Database 'C:\Users\Santiago R\git\ProyectosEclipse\DAM2_TutorialObjectDB\db\empleados.odb' has been recovered (tr. 12-12)

[2023-01-11 20:15:22 #2 store] 
Database 'C:\Users\Santiago R\git\ProyectosEclipse\DAM2_TutorialObjectDB\db\empleados.odb' is opened by 7552@DESKTOP-U5R4K5T

[2023-01-11 20:15:22 #3 store] 
Configuration path: ?

[2023-01-11 20:15:22 #4 type] 
Type ejemplo1.DepartamentoEntity is not enhanced.

[2023-01-11 20:15:22 #5 type] 
Type ejemplo1.EmpleadoEntity is not enhanced.

[2023-01-11 20:15:23 #6 store] 
Database 'C:\Users\Santiago R\git\ProyectosEclipse\DAM2_TutorialObjectDB\db\empleados.odb' is closed by 7552@DESKTOP-U5R4K5T

------------------------------------------------------------------------------------------------------------------------

[2023-01-11 20:16:49 #1 store] 
Database 'C:\Users\Santiago R\git\ProyectosEclipse\DAM2_TutorialObjectDB\db\empleados.odb' is opened by 10120@DESKTOP-U5R4K5T

[2023-01-11 20:16:49 #2 store] 
Configuration path: ?

[2023-01-11 20:16:49 #3 type] 
Type ejemplo1.DepartamentoEntity is not enhanced.

[2023-01-11 20:16:49 #4 type] 
Type ejemplo1.EmpleadoEntity is not enhanced.

------------------------------------------------------------------------------------------------------------------------

[2023-01-11 20:17:30 #1 store] 
Database 'C:\Users\Santiago R\git\ProyectosEclipse\DAM2_TutorialObjectDB\db\empleados.odb' is opened by 12856@DESKTOP-U5R4K5T

[2023-01-11 20:17:30 #2 store] 
Configuration path: ?

[2023-01-11 20:17:30 #3 type] 
Type ejemplo1.DepartamentoEntity is not enhanced.

[2023-01-11 20:17:30 #4 type] 
Type ejemplo1.EmpleadoEntity is not enhanced.

[2023-01-11 20:17:30 #5 store] 
Database 'C:\Users\Santiago R\git\ProyectosEclipse\DAM2_TutorialObjectDB\db\empleados.odb' is closed by 12856@DESKTOP-U5R4K5T

------------------------------------------------------------------------------------------------------------------------

[2023-01-11 20:19:00 #1 store] 
Database 'C:\Users\Santiago R\git\ProyectosEclipse\DAM2_TutorialObjectDB\db\empleados.odb' is opened by 13120@DESKTOP-U5R4K5T

[2023-01-11 20:19:00 #2 store] 
Configuration path: ?

[2023-01-11 20:19:00 #3 type] 
Type ejemplo1.DepartamentoEntity is not enhanced.

[2023-01-11 20:19:00 #4 type] 
Type ejemplo1.EmpleadoEntity is not enhanced.

------------------------------------------------------------------------------------------------------------------------

[2023-01-11 20:19:10 #1 store] 
Database 'C:\Users\Santiago R\git\ProyectosEclipse\DAM2_TutorialObjectDB\db\empleados.odb' is opened by 12208@DESKTOP-U5R4K5T

[2023-01-11 20:19:10 #2 store] 
Configuration path: ?

[2023-01-11 20:19:10 #3 type] 
Type ejemplo1.DepartamentoEntity is not enhanced.

[2023-01-11 20:19:10 #4 type] 
Type ejemplo1.EmpleadoEntity is not enhanced.

[2023-01-11 20:19:10 #5 store] 
Database 'C:\Users\Santiago R\git\ProyectosEclipse\DAM2_TutorialObjectDB\db\empleados.odb' is closed by 12208@DESKTOP-U5R4K5T

------------------------------------------------------------------------------------------------------------------------

[2023-01-11 20:20:23 #1 store] 
Database 'C:\Users\Santiago R\git\ProyectosEclipse\DAM2_TutorialObjectDB\db\empleados.odb' is opened by 6904@DESKTOP-U5R4K5T

[2023-01-11 20:20:23 #2 store] 
Configuration path: ?

[2023-01-11 20:20:23 #3 type] 
Type ejemplo1.DepartamentoEntity is not enhanced.

[2023-01-11 20:20:23 #4 type] 
Type ejemplo1.EmpleadoEntity is not enhanced.

[2023-01-11 20:20:23 #5 store] 
Database 'C:\Users\Santiago R\git\ProyectosEclipse\DAM2_TutorialObjectDB\db\empleados.odb' is closed by 6904@DESKTOP-U5R4K5T

------------------------------------------------------------------------------------------------------------------------

[2023-01-11 20:20:52 #1 store] 
Database 'C:\Users\Santiago R\git\ProyectosEclipse\DAM2_TutorialObjectDB\db\empleados.odb' is opened by 11216@DESKTOP-U5R4K5T

[2023-01-11 20:20:52 #2 store] 
Configuration path: ?

[2023-01-11 20:20:52 #3 type] 
Type ejemplo1.DepartamentoEntity is not enhanced.

[2023-01-11 20:20:52 #4 type] 
Type ejemplo1.EmpleadoEntity is not enhanced.

------------------------------------------------------------------------------------------------------------------------

[2023-01-11 20:21:05 #1 store] 
Database 'C:\Users\Santiago R\git\ProyectosEclipse\DAM2_TutorialObjectDB\db\empleados.odb' is opened by 14292@DESKTOP-U5R4K5T

[2023-01-11 20:21:05 #2 store] 
Configuration path: ?

[2023-01-11 20:21:05 #3 type] 
Type ejemplo1.DepartamentoEntity is not enhanced.

[2023-01-11 20:21:05 #4 type] 
Type ejemplo1.EmpleadoEntity is not enhanced.

------------------------------------------------------------------------------------------------------------------------

[2023-01-11 20:21:30 #1 store] 
Database 'C:\Users\Santiago R\git\ProyectosEclipse\DAM2_TutorialObjectDB\db\empleados.odb' is opened by 3780@DESKTOP-U5R4K5T

[2023-01-11 20:21:30 #2 store] 
Configuration path: ?

[2023-01-11 20:21:30 #3 type] 
Type ejemplo1.DepartamentoEntity is not enhanced.

[2023-01-11 20:21:30 #4 type] 
Type ejemplo1.EmpleadoEntity is not enhanced.

------------------------------------------------------------------------------------------------------------------------

[2023-01-11 20:21:51 #1 store] 
Database 'C:\Users\Santiago R\git\ProyectosEclipse\DAM2_TutorialObjectDB\db\empleados.odb' is opened by 14908@DESKTOP-U5R4K5T

[2023-01-11 20:21:51 #2 store] 
Configuration path: ?

[2023-01-11 20:21:51 #3 type] 
Type ejemplo1.DepartamentoEntity is not enhanced.

[2023-01-11 20:21:51 #4 type] 
Type ejemplo1.EmpleadoEntity is not enhanced.

[2023-01-11 20:21:51 #5 store] 
Database 'C:\Users\Santiago R\git\ProyectosEclipse\DAM2_TutorialObjectDB\db\empleados.odb' is closed by 14908@DESKTOP-U5R4K5T

------------------------------------------------------------------------------------------------------------------------

[2023-01-11 20:22:48 #1 store] 
Database 'C:\Users\Santiago R\git\ProyectosEclipse\DAM2_TutorialObjectDB\db\empleados.odb' is opened by 10948@DESKTOP-U5R4K5T

[2023-01-11 20:22:48 #2 store] 
Configuration path: ?

[2023-01-11 20:22:48 #3 type] 
Type ejemplo1.DepartamentoEntity is not enhanced.

[2023-01-11 20:22:48 #4 type] 
Type ejemplo1.EmpleadoEntity is not enhanced.

[2023-01-11 20:22:48 #5 store] 
Database 'C:\Users\Santiago R\git\ProyectosEclipse\DAM2_TutorialObjectDB\db\empleados.odb' is closed by 10948@DESKTOP-U5R4K5T

------------------------------------------------------------------------------------------------------------------------

[2023-01-11 20:23:14 #1 store] 
Database 'C:\Users\Santiago R\git\ProyectosEclipse\DAM2_TutorialObjectDB\db\empleados.odb' is opened by 6220@DESKTOP-U5R4K5T

[2023-01-11 20:23:14 #2 store] 
Configuration path: ?

[2023-01-11 20:23:15 #3 type] 
Type ejemplo1.DepartamentoEntity is not enhanced.

[2023-01-11 20:23:15 #4 type] 
Type ejemplo1.EmpleadoEntity is not enhanced.

------------------------------------------------------------------------------------------------------------------------

[2023-01-11 20:24:16 #1 store] 
Database 'C:\Users\Santiago R\git\ProyectosEclipse\DAM2_TutorialObjectDB\db\empleados.odb' is opened by 2288@DESKTOP-U5R4K5T

[2023-01-11 20:24:16 #2 store] 
Configuration path: ?

[2023-01-11 20:24:16 #3 type] 
Type ejemplo1.DepartamentoEntity is not enhanced.

[2023-01-11 20:24:16 #4 type] 
Type ejemplo1.EmpleadoEntity is not enhanced.

[2023-01-11 20:24:17 #5 store] 
Database 'C:\Users\Santiago R\git\ProyectosEclipse\DAM2_TutorialObjectDB\db\empleados.odb' is closed by 2288@DESKTOP-U5R4K5T

------------------------------------------------------------------------------------------------------------------------

[2023-01-11 20:24:28 #1 store] 
Database 'C:\Users\Santiago R\git\ProyectosEclipse\DAM2_TutorialObjectDB\db\empleados.odb' is opened by 11260@DESKTOP-U5R4K5T

[2023-01-11 20:24:28 #2 store] 
Configuration path: ?

[2023-01-11 20:24:28 #3 type] 
Type ejemplo1.DepartamentoEntity is not enhanced.

[2023-01-11 20:24:28 #4 type] 
Type ejemplo1.EmpleadoEntity is not enhanced.

------------------------------------------------------------------------------------------------------------------------

[2023-01-11 20:24:53 #1 store] 
Database 'C:\Users\Santiago R\git\ProyectosEclipse\DAM2_TutorialObjectDB\db\empleados.odb' is opened by 12372@DESKTOP-U5R4K5T

[2023-01-11 20:24:53 #2 store] 
Configuration path: ?

[2023-01-11 20:24:53 #3 type] 
Type ejemplo1.DepartamentoEntity is not enhanced.

[2023-01-11 20:24:53 #4 type] 
Type ejemplo1.EmpleadoEntity is not enhanced.

[2023-01-11 20:24:53 #5 store] 
Database 'C:\Users\Santiago R\git\ProyectosEclipse\DAM2_TutorialObjectDB\db\empleados.odb' is closed by 12372@DESKTOP-U5R4K5T

------------------------------------------------------------------------------------------------------------------------

[2023-01-11 20:37:39 #1 store] 
Database 'C:\Users\Santiago R\git\ProyectosEclipse\DAM2_TutorialObjectDB\db\empleados.odb' is opened by 10388@DESKTOP-U5R4K5T

[2023-01-11 20:37:39 #2 store] 
Configuration path: ?

[2023-01-11 20:37:40 #3 type] 
Type ejemplo1.DepartamentoEntity is not enhanced.

[2023-01-11 20:37:40 #4 type] 
Type ejemplo1.EmpleadoEntity is not enhanced.

[2023-01-11 20:37:40 #5 store] 
Database 'C:\Users\Santiago R\git\ProyectosEclipse\DAM2_TutorialObjectDB\db\empleados.odb' is closed by 10388@DESKTOP-U5R4K5T

------------------------------------------------------------------------------------------------------------------------

[2023-01-11 20:38:14 #1 store] 
Database 'C:\Users\Santiago R\git\ProyectosEclipse\DAM2_TutorialObjectDB\db\empleados.odb' is opened by 7864@DESKTOP-U5R4K5T

[2023-01-11 20:38:14 #2 store] 
Configuration path: ?

[2023-01-11 20:38:14 #3 type] 
Type ejemplo1.DepartamentoEntity is not enhanced.

[2023-01-11 20:38:14 #4 type] 
Type ejemplo1.EmpleadoEntity is not enhanced.

[2023-01-11 20:38:14 #5 store] 
Database 'C:\Users\Santiago R\git\ProyectosEclipse\DAM2_TutorialObjectDB\db\empleados.odb' is closed by 7864@DESKTOP-U5R4K5T

