------------------------------------------------------------------------------------------------------------------------

[2022-12-17 16:26:17 #1 store] 
Database 'C:\Users\Santiago R\git\ProyectosEclipse\DAM2_TutorialObjectDB\db\autoresLibros.odb' is opened by 10960@DESKTOP-U5R4K5T

[2022-12-17 16:26:17 #2 store] 
Configuration path: ?

[2022-12-17 16:26:17 #3 type] 
Type sesion4_ej14_2.Autor is not enhanced.

[2022-12-17 16:26:17 #4 type] 
Type sesion4_ej14_2.Libro is not enhanced.

[2022-12-17 16:26:17 #5 store] 
Database 'C:\Users\Santiago R\git\ProyectosEclipse\DAM2_TutorialObjectDB\db\autoresLibros.odb' is closed by 10960@DESKTOP-U5R4K5T

------------------------------------------------------------------------------------------------------------------------

[2022-12-17 16:26:37 #1 store] 
Database 'C:\Users\Santiago R\git\ProyectosEclipse\DAM2_TutorialObjectDB\db\autoresLibros.odb' is opened by 1348@DESKTOP-U5R4K5T

[2022-12-17 16:26:37 #2 store] 
Configuration path: ?

[2022-12-17 16:26:37 #3 type] 
Type sesion4_ej14_2.Autor is not enhanced.

[2022-12-17 16:26:37 #4 type] 
Type sesion4_ej14_2.Libro is not enhanced.

------------------------------------------------------------------------------------------------------------------------

[2022-12-17 16:27:04 #1 store] 
Database 'C:\Users\Santiago R\git\ProyectosEclipse\DAM2_TutorialObjectDB\db\autoresLibros.odb' is opened by 11740@DESKTOP-U5R4K5T

[2022-12-17 16:27:04 #2 store] 
Configuration path: ?

[2022-12-17 16:27:04 #3 type] 
Type sesion4_ej14_2.Autor is not enhanced.

[2022-12-17 16:27:04 #4 type] 
Type sesion4_ej14_2.Libro is not enhanced.

[2022-12-17 16:27:04 #5 store] 
Database 'C:\Users\Santiago R\git\ProyectosEclipse\DAM2_TutorialObjectDB\db\autoresLibros.odb' is closed by 11740@DESKTOP-U5R4K5T

------------------------------------------------------------------------------------------------------------------------

[2022-12-17 16:27:27 #1 store] 
Database 'C:\Users\Santiago R\git\ProyectosEclipse\DAM2_TutorialObjectDB\db\autoresLibros.odb' is opened by 5840@DESKTOP-U5R4K5T

[2022-12-17 16:27:27 #2 store] 
Configuration path: ?

[2022-12-17 16:27:27 #3 type] 
Type sesion4_ej14_2.Autor is not enhanced.

[2022-12-17 16:27:27 #4 type] 
Type sesion4_ej14_2.Libro is not enhanced.

------------------------------------------------------------------------------------------------------------------------

[2022-12-17 16:34:26 #1 store] 
Database 'C:\Users\Santiago R\git\ProyectosEclipse\DAM2_TutorialObjectDB\db\autoresLibros.odb' is opened by 2452@DESKTOP-U5R4K5T

[2022-12-17 16:34:26 #2 store] 
Configuration path: ?

[2022-12-17 16:34:26 #3 type] 
Type sesion4_ej14_2.Libro is not enhanced.

[2022-12-17 16:34:26 #4 type] 
Type sesion4_ej14_2.Autor is not enhanced.

[2022-12-17 16:34:26 #5 store] 
Database 'C:\Users\Santiago R\git\ProyectosEclipse\DAM2_TutorialObjectDB\db\autoresLibros.odb' is closed by 2452@DESKTOP-U5R4K5T

------------------------------------------------------------------------------------------------------------------------

[2022-12-17 16:34:38 #1 store] 
Database 'C:\Users\Santiago R\git\ProyectosEclipse\DAM2_TutorialObjectDB\db\autoresLibros.odb' is opened by 632@DESKTOP-U5R4K5T

[2022-12-17 16:34:38 #2 store] 
Configuration path: ?

[2022-12-17 16:34:38 #3 type] 
Type sesion4_ej14_2.Libro is not enhanced.

[2022-12-17 16:34:38 #4 type] 
Type sesion4_ej14_2.Autor is not enhanced.

------------------------------------------------------------------------------------------------------------------------

[2022-12-17 16:46:35 #1 store] 
Database 'C:\Users\Santiago R\git\ProyectosEclipse\DAM2_TutorialObjectDB\db\autoresLibros.odb' is opened by 2844@DESKTOP-U5R4K5T

[2022-12-17 16:46:35 #2 store] 
Configuration path: ?

[2022-12-17 16:46:35 #3 type] 
Type sesion4_ej14_2.Libro is not enhanced.

[2022-12-17 16:46:35 #4 type] 
Type sesion4_ej14_2.Autor is not enhanced.

------------------------------------------------------------------------------------------------------------------------

[2022-12-17 16:47:22 #1 store] 
Database 'C:\Users\Santiago R\git\ProyectosEclipse\DAM2_TutorialObjectDB\db\autoresLibros.odb' is opened by 3356@DESKTOP-U5R4K5T

[2022-12-17 16:47:22 #2 store] 
Configuration path: ?

[2022-12-17 16:47:22 #3 type] 
Type sesion4_ej14_2.Libro is not enhanced.

[2022-12-17 16:47:22 #4 type] 
Type sesion4_ej14_2.Autor is not enhanced.

[2022-12-17 16:47:22 #5 store] 
Database 'C:\Users\Santiago R\git\ProyectosEclipse\DAM2_TutorialObjectDB\db\autoresLibros.odb' is closed by 3356@DESKTOP-U5R4K5T

------------------------------------------------------------------------------------------------------------------------

[2022-12-17 16:48:50 #1 store] 
Database 'C:\Users\Santiago R\git\ProyectosEclipse\DAM2_TutorialObjectDB\db\autoresLibros.odb' is opened by 148@DESKTOP-U5R4K5T

[2022-12-17 16:48:50 #2 store] 
Configuration path: ?

[2022-12-17 16:48:50 #3 type] 
Type sesion4_ej14_2.Libro is not enhanced.

[2022-12-17 16:48:50 #4 type] 
Type sesion4_ej14_2.Autor is not enhanced.

[2022-12-17 16:48:50 #5 store] 
Database 'C:\Users\Santiago R\git\ProyectosEclipse\DAM2_TutorialObjectDB\db\autoresLibros.odb' is closed by 148@DESKTOP-U5R4K5T

------------------------------------------------------------------------------------------------------------------------

[2022-12-17 17:04:42 #1 store] 
Database 'C:\Users\Santiago R\git\ProyectosEclipse\DAM2_TutorialObjectDB\db\autoresLibros.odb' is opened by 10636@DESKTOP-U5R4K5T

[2022-12-17 17:04:42 #2 store] 
Configuration path: ?

[2022-12-17 17:04:42 #3 type] 
Type sesion4_ej14_2.Libro is not enhanced.

[2022-12-17 17:04:42 #4 type] 
Type sesion4_ej14_2.Autor is not enhanced.

------------------------------------------------------------------------------------------------------------------------

[2022-12-17 17:05:13 #1 store] 
Database 'C:\Users\Santiago R\git\ProyectosEclipse\DAM2_TutorialObjectDB\db\autoresLibros.odb' is opened by 8064@DESKTOP-U5R4K5T

[2022-12-17 17:05:13 #2 store] 
Configuration path: ?

[2022-12-17 17:05:13 #3 type] 
Type sesion4_ej14_2.Libro is not enhanced.

[2022-12-17 17:05:13 #4 type] 
Type sesion4_ej14_2.Autor is not enhanced.

[2022-12-17 17:05:14 #5 store] 
Database 'C:\Users\Santiago R\git\ProyectosEclipse\DAM2_TutorialObjectDB\db\autoresLibros.odb' is closed by 8064@DESKTOP-U5R4K5T

------------------------------------------------------------------------------------------------------------------------

[2022-12-17 17:07:19 #1 store] 
Database 'C:\Users\Santiago R\git\ProyectosEclipse\DAM2_TutorialObjectDB\db\autoresLibros.odb' is opened by 16220@DESKTOP-U5R4K5T

[2022-12-17 17:07:19 #2 store] 
Configuration path: ?

[2022-12-17 17:07:20 #3 type] 
Type sesion4_ej14_2.Libro is not enhanced.

[2022-12-17 17:07:20 #4 type] 
Type sesion4_ej14_2.Autor is not enhanced.

[2022-12-17 17:07:20 #5 store] 
Database 'C:\Users\Santiago R\git\ProyectosEclipse\DAM2_TutorialObjectDB\db\autoresLibros.odb' is closed by 16220@DESKTOP-U5R4K5T

