------------------------------------------------------------------------------------------------------------------------

[2023-03-09 16:55:41 #1 store] 
Database 'C:\Users\Bakero\eclipse-workspace\Sesion3\db\empleados.odb' is opened by 16636@DESKTOP-6Q7JQ8O

[2023-03-09 16:55:41 #2 store] 
Configuration path: ?

[2023-03-09 16:55:41 #3 type] 
Type ejemplo1.DepartamentoEntity is not enhanced.

[2023-03-09 16:55:41 #4 type] 
Type ejemplo1.EmpleadoEntity is not enhanced.

[2023-03-09 16:55:41 #5 store] 
Database 'C:\Users\Bakero\eclipse-workspace\Sesion3\db\empleados.odb' is closed by 16636@DESKTOP-6Q7JQ8O

------------------------------------------------------------------------------------------------------------------------

[2023-03-09 16:59:31 #1 store] 
Database 'C:\Users\Bakero\eclipse-workspace\Sesion3\db\empleados.odb' is opened by 12436@DESKTOP-6Q7JQ8O

[2023-03-09 16:59:31 #2 store] 
Configuration path: ?

[2023-03-09 16:59:31 #3 type] 
Type ejemplo1.DepartamentoEntity is not enhanced.

[2023-03-09 16:59:31 #4 type] 
Type ejemplo1.EmpleadoEntity is not enhanced.

[2023-03-09 16:59:32 #5 store] 
Database 'C:\Users\Bakero\eclipse-workspace\Sesion3\db\empleados.odb' is closed by 12436@DESKTOP-6Q7JQ8O

------------------------------------------------------------------------------------------------------------------------

[2023-03-09 16:59:42 #1 store] 
Database 'C:\Users\Bakero\eclipse-workspace\Sesion3\db\empleados.odb' is opened by 2940@DESKTOP-6Q7JQ8O

[2023-03-09 16:59:42 #2 store] 
Configuration path: ?

[2023-03-09 16:59:42 #3 type] 
Type ejemplo1.DepartamentoEntity is not enhanced.

[2023-03-09 16:59:42 #4 type] 
Type ejemplo1.EmpleadoEntity is not enhanced.

[2023-03-09 16:59:42 #5 store] 
Database 'C:\Users\Bakero\eclipse-workspace\Sesion3\db\empleados.odb' is closed by 2940@DESKTOP-6Q7JQ8O

------------------------------------------------------------------------------------------------------------------------

[2023-03-09 16:59:51 #1 store] 
Database 'C:\Users\Bakero\eclipse-workspace\Sesion3\db\empleados.odb' is opened by 19772@DESKTOP-6Q7JQ8O

[2023-03-09 16:59:51 #2 store] 
Configuration path: ?

[2023-03-09 16:59:51 #3 type] 
Type ejemplo1.DepartamentoEntity is not enhanced.

[2023-03-09 16:59:51 #4 type] 
Type ejemplo1.EmpleadoEntity is not enhanced.

[2023-03-09 16:59:51 #5 store] 
Database 'C:\Users\Bakero\eclipse-workspace\Sesion3\db\empleados.odb' is closed by 19772@DESKTOP-6Q7JQ8O

------------------------------------------------------------------------------------------------------------------------

[2023-03-09 17:01:17 #1 store] 
Database 'C:\Users\Bakero\eclipse-workspace\Sesion3\db\empleados.odb' is opened by 13056@DESKTOP-6Q7JQ8O

[2023-03-09 17:01:17 #2 store] 
Configuration path: ?

[2023-03-09 17:01:17 #3 type] 
Type ejemplo1.DepartamentoEntity is not enhanced.

[2023-03-09 17:01:17 #4 type] 
Type ejemplo1.EmpleadoEntity is not enhanced.

[2023-03-09 17:01:17 #5 store] 
Database 'C:\Users\Bakero\eclipse-workspace\Sesion3\db\empleados.odb' is closed by 13056@DESKTOP-6Q7JQ8O

------------------------------------------------------------------------------------------------------------------------

[2023-03-09 17:01:40 #1 store] 
Database 'C:\Users\Bakero\eclipse-workspace\Sesion3\db\empleados.odb' is opened by 25528@DESKTOP-6Q7JQ8O

[2023-03-09 17:01:40 #2 store] 
Configuration path: ?

[2023-03-09 17:01:40 #3 type] 
Type ejemplo1.DepartamentoEntity is not enhanced.

[2023-03-09 17:01:40 #4 type] 
Type ejemplo1.EmpleadoEntity is not enhanced.

------------------------------------------------------------------------------------------------------------------------

[2023-03-09 17:01:58 #1 store] 
Database 'C:\Users\Bakero\eclipse-workspace\Sesion3\db\empleados.odb' is opened by 26760@DESKTOP-6Q7JQ8O

[2023-03-09 17:01:58 #2 store] 
Configuration path: ?

[2023-03-09 17:01:58 #3 type] 
Type ejemplo1.DepartamentoEntity is not enhanced.

[2023-03-09 17:01:58 #4 type] 
Type ejemplo1.EmpleadoEntity is not enhanced.

[2023-03-09 17:01:58 #5 store] 
Database 'C:\Users\Bakero\eclipse-workspace\Sesion3\db\empleados.odb' is closed by 26760@DESKTOP-6Q7JQ8O

