------------------------------------------------------------------------------------------------------------------------

[2022-12-14 10:50:22 #1 store] 
Database 'C:\Users\DAM2Alu1\git\Acceso_a_datos\Sesion3\db\empleados.odb' is opened by 3488@B01-PC04

[2022-12-14 10:50:22 #2 store] 
Configuration path: ?

[2022-12-14 10:50:22 #3 type] 
Type ejemplo1.DepartamentoEntity is not enhanced.

[2022-12-14 10:50:22 #4 type] 
Type ejemplo1.EmpleadoEntity is not enhanced.

------------------------------------------------------------------------------------------------------------------------

[2022-12-14 10:50:45 #1 store] 
Database 'C:\Users\DAM2Alu1\git\Acceso_a_datos\Sesion3\db\empleados.odb' is opened by 8432@B01-PC04

[2022-12-14 10:50:45 #2 store] 
Configuration path: ?

[2022-12-14 10:50:45 #3 type] 
Type ejemplo1.DepartamentoEntity is not enhanced.

[2022-12-14 10:50:45 #4 type] 
Type ejemplo1.EmpleadoEntity is not enhanced.

[2022-12-14 10:50:45 #5 store] 
Database 'C:\Users\DAM2Alu1\git\Acceso_a_datos\Sesion3\db\empleados.odb' is closed by 8432@B01-PC04

------------------------------------------------------------------------------------------------------------------------

[2022-12-14 11:00:44 #1 store] 
Database 'C:\Users\DAM2Alu1\git\Acceso_a_datos\Sesion3\db\empleados.odb' is opened by 7860@B01-PC04

[2022-12-14 11:00:44 #2 store] 
Configuration path: ?

[2022-12-14 11:00:45 #3 type] 
Type ejemplo1.DepartamentoEntity is not enhanced.

[2022-12-14 11:00:45 #4 type] 
Type ejemplo1.EmpleadoEntity is not enhanced.

------------------------------------------------------------------------------------------------------------------------

[2022-12-14 11:01:18 #1 store] 
Database 'C:\Users\DAM2Alu1\git\Acceso_a_datos\Sesion3\db\empleados.odb' is opened by 6564@B01-PC04

[2022-12-14 11:01:18 #2 store] 
Configuration path: ?

[2022-12-14 11:01:18 #3 type] 
Type ejemplo1.DepartamentoEntity is not enhanced.

[2022-12-14 11:01:18 #4 type] 
Type ejemplo1.EmpleadoEntity is not enhanced.

[2022-12-14 11:01:18 #5 store] 
Database 'C:\Users\DAM2Alu1\git\Acceso_a_datos\Sesion3\db\empleados.odb' is closed by 6564@B01-PC04

------------------------------------------------------------------------------------------------------------------------

[2022-12-14 11:44:52 #1 store] 
Database 'C:\Users\DAM2Alu1\git\Acceso_a_datos\Sesion3\db\empleados.odb' is opened by 6860@B01-PC04

[2022-12-14 11:44:52 #2 store] 
Configuration path: ?

[2022-12-14 11:44:52 #3 type] 
Type ejemplo1.DepartamentoEntity is not enhanced.

[2022-12-14 11:44:52 #4 type] 
Type ejemplo1.EmpleadoEntity is not enhanced.

------------------------------------------------------------------------------------------------------------------------

[2022-12-14 11:45:21 #1 store] 
Database 'C:\Users\DAM2Alu1\git\Acceso_a_datos\Sesion3\db\empleados.odb' is opened by 9004@B01-PC04

[2022-12-14 11:45:21 #2 store] 
Configuration path: ?

[2022-12-14 11:45:21 #3 type] 
Type ejemplo1.DepartamentoEntity is not enhanced.

[2022-12-14 11:45:21 #4 type] 
Type ejemplo1.EmpleadoEntity is not enhanced.

[2022-12-14 11:45:21 #5 query] 
Error during query execution: UPDATE EmpleadoEntity e SET e.salario = e.salario +: cantidad WHERE e.departamento.dptoId =: numDepartamento({numDepartamento->3,cantidad->10})

[2022-12-14 11:45:21 #6 *] 
[ObjectDB 2.8.6] Unexpected exception (Error 990)
  Generated by Java HotSpot(TM) Client VM 1.8.0_341 (on Windows 10 10.0).
Please report this error on http://www.objectdb.com/issue/new
com.objectdb.o.InternalException: null
com.objectdb.o.InternalException
	at com.objectdb.o.InternalException.f(InternalException.java:235)
	at com.objectdb.o.QRC.i(QRC.java:294)
	at com.objectdb.o.QRC.j(QRC.java:197)
	at com.objectdb.o.QRM.Zq(QRM.java:273)
	at com.objectdb.o.MST.Zq(MST.java:1019)
	at com.objectdb.o.WRA.Zq(WRA.java:313)
	at com.objectdb.o.WSM.Zq(WSM.java:117)
	at com.objectdb.o.QRR.k(QRR.java:260)
	at com.objectdb.o.QRR.i(QRR.java:154)
	at com.objectdb.jpa.JpaQuery.executeUpdate(JpaQuery.java:791)
	at ejemplo1.AccesoBdatos.incrementarSalarioDepartamento(AccesoBdatos.java:254)
	at ejemplo1.Main2.main(Main2.java:39)

------------------------------------------------------------------------------------------------------------------------

[2022-12-14 11:45:48 #1 store] 
Database 'C:\Users\DAM2Alu1\git\Acceso_a_datos\Sesion3\db\empleados.odb' is opened by 10976@B01-PC04

[2022-12-14 11:45:48 #2 store] 
Configuration path: ?

[2022-12-14 11:45:48 #3 type] 
Type ejemplo1.DepartamentoEntity is not enhanced.

[2022-12-14 11:45:48 #4 type] 
Type ejemplo1.EmpleadoEntity is not enhanced.

[2022-12-14 11:45:48 #5 query] 
Error during query execution: UPDATE EmpleadoEntity e SET e.salario = e.salario +: cantidad WHERE e.departamento.dptoId =: numDepartamento({numDepartamento->10,cantidad->3})

[2022-12-14 11:45:48 #6 *] 
[ObjectDB 2.8.6] Unexpected exception (Error 990)
  Generated by Java HotSpot(TM) Client VM 1.8.0_341 (on Windows 10 10.0).
Please report this error on http://www.objectdb.com/issue/new
com.objectdb.o.InternalException: null
com.objectdb.o.InternalException
	at com.objectdb.o.InternalException.f(InternalException.java:235)
	at com.objectdb.o.QRC.i(QRC.java:294)
	at com.objectdb.o.QRC.j(QRC.java:197)
	at com.objectdb.o.QRM.Zq(QRM.java:273)
	at com.objectdb.o.MST.Zq(MST.java:1019)
	at com.objectdb.o.WRA.Zq(WRA.java:313)
	at com.objectdb.o.WSM.Zq(WSM.java:117)
	at com.objectdb.o.QRR.k(QRR.java:260)
	at com.objectdb.o.QRR.i(QRR.java:154)
	at com.objectdb.jpa.JpaQuery.executeUpdate(JpaQuery.java:791)
	at ejemplo1.AccesoBdatos.incrementarSalarioDepartamento(AccesoBdatos.java:254)
	at ejemplo1.Main2.main(Main2.java:39)

------------------------------------------------------------------------------------------------------------------------

[2022-12-14 11:48:08 #1 store] 
Database 'C:\Users\DAM2Alu1\git\Acceso_a_datos\Sesion3\db\empleados.odb' is opened by 5800@B01-PC04

[2022-12-14 11:48:08 #2 store] 
Configuration path: ?

[2022-12-14 11:48:08 #3 type] 
Type ejemplo1.DepartamentoEntity is not enhanced.

[2022-12-14 11:48:08 #4 type] 
Type ejemplo1.EmpleadoEntity is not enhanced.

[2022-12-14 11:48:08 #5 query] 
Error during query execution: UPDATE EmpleadoEntity e SET e.salario = e.salario +: cantidad WHERE e.departamento.dptoId =: numDepartamento({numDepartamento->10,cantidad->3})

[2022-12-14 11:48:08 #6 *] 
[ObjectDB 2.8.6] Unexpected exception (Error 990)
  Generated by Java HotSpot(TM) Client VM 1.8.0_341 (on Windows 10 10.0).
Please report this error on http://www.objectdb.com/issue/new
com.objectdb.o.InternalException: null
com.objectdb.o.InternalException
	at com.objectdb.o.InternalException.f(InternalException.java:235)
	at com.objectdb.o.QRC.i(QRC.java:294)
	at com.objectdb.o.QRC.j(QRC.java:197)
	at com.objectdb.o.QRM.Zq(QRM.java:273)
	at com.objectdb.o.MST.Zq(MST.java:1019)
	at com.objectdb.o.WRA.Zq(WRA.java:313)
	at com.objectdb.o.WSM.Zq(WSM.java:117)
	at com.objectdb.o.QRR.k(QRR.java:260)
	at com.objectdb.o.QRR.i(QRR.java:154)
	at com.objectdb.jpa.JpaQuery.executeUpdate(JpaQuery.java:791)
	at ejemplo1.AccesoBdatos.incrementarSalarioDepartamento(AccesoBdatos.java:254)
	at ejemplo1.Main2.main(Main2.java:39)

------------------------------------------------------------------------------------------------------------------------

[2022-12-14 11:49:31 #1 store] 
Database 'C:\Users\DAM2Alu1\git\Acceso_a_datos\Sesion3\db\empleados.odb' is opened by 9100@B01-PC04

[2022-12-14 11:49:31 #2 store] 
Configuration path: ?

[2022-12-14 11:49:31 #3 type] 
Type ejemplo1.DepartamentoEntity is not enhanced.

[2022-12-14 11:49:31 #4 type] 
Type ejemplo1.EmpleadoEntity is not enhanced.

[2022-12-14 11:49:31 #5 query] 
Error during query execution: UPDATE EmpleadoEntity e SET e.salario = e.salario +: cantidad WHERE e.departamento.dptoId =: numDepartamento({numDepartamento->10,cantidad->10})

[2022-12-14 11:49:31 #6 *] 
[ObjectDB 2.8.6] Unexpected exception (Error 990)
  Generated by Java HotSpot(TM) Client VM 1.8.0_341 (on Windows 10 10.0).
Please report this error on http://www.objectdb.com/issue/new
com.objectdb.o.InternalException: null
com.objectdb.o.InternalException
	at com.objectdb.o.InternalException.f(InternalException.java:235)
	at com.objectdb.o.QRC.i(QRC.java:294)
	at com.objectdb.o.QRC.j(QRC.java:197)
	at com.objectdb.o.QRM.Zq(QRM.java:273)
	at com.objectdb.o.MST.Zq(MST.java:1019)
	at com.objectdb.o.WRA.Zq(WRA.java:313)
	at com.objectdb.o.WSM.Zq(WSM.java:117)
	at com.objectdb.o.QRR.k(QRR.java:260)
	at com.objectdb.o.QRR.i(QRR.java:154)
	at com.objectdb.jpa.JpaQuery.executeUpdate(JpaQuery.java:791)
	at ejemplo1.AccesoBdatos.incrementarSalarioDepartamento(AccesoBdatos.java:254)
	at ejemplo1.Main2.main(Main2.java:39)

------------------------------------------------------------------------------------------------------------------------

[2022-12-14 11:52:16 #1 store] 
Database 'C:\Users\DAM2Alu1\git\Acceso_a_datos\Sesion3\db\empleados.odb' is opened by 7132@B01-PC04

[2022-12-14 11:52:16 #2 store] 
Configuration path: ?

[2022-12-14 11:52:17 #3 type] 
Type ejemplo1.DepartamentoEntity is not enhanced.

[2022-12-14 11:52:17 #4 type] 
Type ejemplo1.EmpleadoEntity is not enhanced.

------------------------------------------------------------------------------------------------------------------------

[2022-12-14 11:57:01 #1 store] 
Database 'C:\Users\DAM2Alu1\git\Acceso_a_datos\Sesion3\db\empleados.odb' is opened by 1424@B01-PC04

[2022-12-14 11:57:01 #2 store] 
Configuration path: ?

[2022-12-14 11:57:01 #3 type] 
Type ejemplo1.DepartamentoEntity is not enhanced.

[2022-12-14 11:57:01 #4 type] 
Type ejemplo1.EmpleadoEntity is not enhanced.

[2022-12-14 11:57:01 #5 query] 
Error during query execution: UPDATE EmpleadoEntity e SET e.salario = e.salario +: cantidad WHERE e.departamento.dptoId =: numDepartamento({numDepartamento->10,cantidad->10})

[2022-12-14 11:57:01 #6 *] 
[ObjectDB 2.8.6] Unexpected exception (Error 990)
  Generated by Java HotSpot(TM) Client VM 1.8.0_341 (on Windows 10 10.0).
Please report this error on http://www.objectdb.com/issue/new
com.objectdb.o.InternalException: null
com.objectdb.o.InternalException
	at com.objectdb.o.InternalException.f(InternalException.java:235)
	at com.objectdb.o.QRC.i(QRC.java:294)
	at com.objectdb.o.QRC.j(QRC.java:197)
	at com.objectdb.o.QRM.Zq(QRM.java:273)
	at com.objectdb.o.MST.Zq(MST.java:1019)
	at com.objectdb.o.WRA.Zq(WRA.java:313)
	at com.objectdb.o.WSM.Zq(WSM.java:117)
	at com.objectdb.o.QRR.k(QRR.java:260)
	at com.objectdb.o.QRR.i(QRR.java:154)
	at com.objectdb.jpa.JpaQuery.executeUpdate(JpaQuery.java:791)
	at ejemplo1.AccesoBdatos.incrementarSalarioDepartamento(AccesoBdatos.java:254)
	at ejemplo1.Main2.main(Main2.java:39)

------------------------------------------------------------------------------------------------------------------------

[2022-12-14 11:59:55 #1 store] 
Database 'C:\Users\DAM2Alu1\git\Acceso_a_datos\Sesion3\db\empleados.odb' is opened by 8068@B01-PC04

[2022-12-14 11:59:55 #2 store] 
Configuration path: ?

[2022-12-14 11:59:55 #3 type] 
Type ejemplo1.DepartamentoEntity is not enhanced.

[2022-12-14 11:59:55 #4 type] 
Type ejemplo1.EmpleadoEntity is not enhanced.

------------------------------------------------------------------------------------------------------------------------

[2022-12-14 12:00:16 #1 store] 
Database 'C:\Users\DAM2Alu1\git\Acceso_a_datos\Sesion3\db\empleados.odb' is opened by 2716@B01-PC04

[2022-12-14 12:00:16 #2 store] 
Configuration path: ?

[2022-12-14 12:00:16 #3 type] 
Type ejemplo1.DepartamentoEntity is not enhanced.

[2022-12-14 12:00:16 #4 type] 
Type ejemplo1.EmpleadoEntity is not enhanced.

------------------------------------------------------------------------------------------------------------------------

[2022-12-14 12:00:57 #1 store] 
Database 'C:\Users\DAM2Alu1\git\Acceso_a_datos\Sesion3\db\empleados.odb' is opened by 13248@B01-PC04

[2022-12-14 12:00:57 #2 store] 
Configuration path: ?

[2022-12-14 12:00:57 #3 type] 
Type ejemplo1.DepartamentoEntity is not enhanced.

[2022-12-14 12:00:57 #4 type] 
Type ejemplo1.EmpleadoEntity is not enhanced.

[2022-12-14 12:00:57 #5 query] 
Error during query execution: UPDATE EmpleadoEntity e SET e.salario = e.salario +: cantidad WHERE e.departamento.dptoId =: numDepartamento({numDepartamento->10,cantidad->10})

[2022-12-14 12:00:57 #6 *] 
[ObjectDB 2.8.6] Unexpected exception (Error 990)
  Generated by Java HotSpot(TM) Client VM 1.8.0_341 (on Windows 10 10.0).
Please report this error on http://www.objectdb.com/issue/new
com.objectdb.o.InternalException: null
com.objectdb.o.InternalException
	at com.objectdb.o.InternalException.f(InternalException.java:235)
	at com.objectdb.o.QRC.i(QRC.java:294)
	at com.objectdb.o.QRC.j(QRC.java:197)
	at com.objectdb.o.QRM.Zq(QRM.java:273)
	at com.objectdb.o.MST.Zq(MST.java:1019)
	at com.objectdb.o.WRA.Zq(WRA.java:313)
	at com.objectdb.o.WSM.Zq(WSM.java:117)
	at com.objectdb.o.QRR.k(QRR.java:260)
	at com.objectdb.o.QRR.i(QRR.java:154)
	at com.objectdb.jpa.JpaQuery.executeUpdate(JpaQuery.java:791)
	at ejemplo1.AccesoBdatos.incrementarSalarioDepartamento(AccesoBdatos.java:254)
	at ejemplo1.Main2.main(Main2.java:39)

------------------------------------------------------------------------------------------------------------------------

[2022-12-14 12:06:05 #1 store] 
Database 'C:\Users\DAM2Alu1\git\Acceso_a_datos\Sesion3\db\empleados.odb' is opened by 2948@B01-PC04

[2022-12-14 12:06:05 #2 store] 
Configuration path: ?

[2022-12-14 12:06:05 #3 type] 
Type ejemplo1.DepartamentoEntity is not enhanced.

[2022-12-14 12:06:05 #4 type] 
Type ejemplo1.EmpleadoEntity is not enhanced.

------------------------------------------------------------------------------------------------------------------------

[2022-12-14 12:08:16 #1 store] 
Database 'C:\Users\DAM2Alu1\git\Acceso_a_datos\Sesion3\db\empleados.odb' is opened by 8540@B01-PC04

[2022-12-14 12:08:16 #2 store] 
Configuration path: ?

[2022-12-14 12:08:16 #3 type] 
Type ejemplo1.DepartamentoEntity is not enhanced.

[2022-12-14 12:08:16 #4 type] 
Type ejemplo1.EmpleadoEntity is not enhanced.

------------------------------------------------------------------------------------------------------------------------

[2022-12-14 12:09:38 #1 store] 
Database 'C:\Users\DAM2Alu1\git\Acceso_a_datos\Sesion3\db\empleados.odb' is opened by 6908@B01-PC04

[2022-12-14 12:09:38 #2 store] 
Configuration path: ?

[2022-12-14 12:09:38 #3 type] 
Type ejemplo1.DepartamentoEntity is not enhanced.

[2022-12-14 12:09:38 #4 type] 
Type ejemplo1.EmpleadoEntity is not enhanced.

------------------------------------------------------------------------------------------------------------------------

[2022-12-14 12:13:21 #1 store] 
Database 'C:\Users\DAM2Alu1\git\Acceso_a_datos\Sesion3\db\empleados.odb' is opened by 6668@B01-PC04

[2022-12-14 12:13:21 #2 store] 
Configuration path: ?

[2022-12-14 12:13:21 #3 type] 
Type ejemplo1.DepartamentoEntity is not enhanced.

[2022-12-14 12:13:21 #4 type] 
Type ejemplo1.EmpleadoEntity is not enhanced.

------------------------------------------------------------------------------------------------------------------------

[2022-12-14 12:13:45 #1 store] 
Database 'C:\Users\DAM2Alu1\git\Acceso_a_datos\Sesion3\db\empleados.odb' is opened by 11660@B01-PC04

[2022-12-14 12:13:45 #2 store] 
Configuration path: ?

[2022-12-14 12:13:45 #3 type] 
Type ejemplo1.DepartamentoEntity is not enhanced.

[2022-12-14 12:13:45 #4 type] 
Type ejemplo1.EmpleadoEntity is not enhanced.

[2022-12-14 12:13:45 #5 store] 
Database 'C:\Users\DAM2Alu1\git\Acceso_a_datos\Sesion3\db\empleados.odb' is closed by 11660@B01-PC04

------------------------------------------------------------------------------------------------------------------------

[2022-12-14 12:22:46 #1 store] 
Database 'C:\Users\DAM2Alu1\git\Acceso_a_datos\Sesion3\db\empleados.odb' is opened by 7844@B01-PC04

[2022-12-14 12:22:46 #2 store] 
Configuration path: ?

[2022-12-14 12:22:46 #3 type] 
Type ejemplo1.DepartamentoEntity is not enhanced.

[2022-12-14 12:22:46 #4 type] 
Type ejemplo1.EmpleadoEntity is not enhanced.

[2022-12-14 12:22:46 #5 store] 
Database 'C:\Users\DAM2Alu1\git\Acceso_a_datos\Sesion3\db\empleados.odb' is closed by 7844@B01-PC04

------------------------------------------------------------------------------------------------------------------------

[2022-12-14 12:23:52 #1 store] 
Database 'C:\Users\DAM2Alu1\git\Acceso_a_datos\Sesion3\db\empleados.odb' is opened by 8464@B01-PC04

[2022-12-14 12:23:52 #2 store] 
Configuration path: ?

[2022-12-14 12:23:52 #3 type] 
Type ejemplo1.DepartamentoEntity is not enhanced.

[2022-12-14 12:23:52 #4 type] 
Type ejemplo1.EmpleadoEntity is not enhanced.

[2022-12-14 12:23:53 #5 store] 
Database 'C:\Users\DAM2Alu1\git\Acceso_a_datos\Sesion3\db\empleados.odb' is closed by 8464@B01-PC04

------------------------------------------------------------------------------------------------------------------------

[2022-12-14 12:28:21 #1 store] 
Database 'C:\Users\DAM2Alu1\git\Acceso_a_datos\Sesion3\db\empleados.odb' is opened by 13112@B01-PC04

[2022-12-14 12:28:21 #2 store] 
Configuration path: ?

[2022-12-14 12:28:21 #3 type] 
Type ejemplo1.DepartamentoEntity is not enhanced.

[2022-12-14 12:28:21 #4 type] 
Type ejemplo1.EmpleadoEntity is not enhanced.

[2022-12-14 12:28:21 #5 store] 
Database 'C:\Users\DAM2Alu1\git\Acceso_a_datos\Sesion3\db\empleados.odb' is closed by 13112@B01-PC04

------------------------------------------------------------------------------------------------------------------------

[2022-12-14 12:30:40 #1 store] 
Database 'C:\Users\DAM2Alu1\git\Acceso_a_datos\Sesion3\db\empleados.odb' is opened by 9652@B01-PC04

[2022-12-14 12:30:40 #2 store] 
Configuration path: ?

[2022-12-14 12:30:40 #3 type] 
Type ejemplo1.DepartamentoEntity is not enhanced.

[2022-12-14 12:30:40 #4 type] 
Type ejemplo1.EmpleadoEntity is not enhanced.

[2022-12-14 12:30:40 #5 store] 
Database 'C:\Users\DAM2Alu1\git\Acceso_a_datos\Sesion3\db\empleados.odb' is closed by 9652@B01-PC04

