------------------------------------------------------------------------------------------------------------------------

[2023-01-11 09:43:02 #1 store] 
Database 'C:\Users\DAM2Alu1\git\Acceso_a_datos\Sesion3\db\empleados.odb' is opened by 3048@B01-PC04

[2023-01-11 09:43:02 #2 store] 
Configuration path: ?

[2023-01-11 09:43:02 #3 type] 
Type ejemplo1.DepartamentoEntity is not enhanced.

[2023-01-11 09:43:02 #4 type] 
Type ejemplo1.EmpleadoEntity is not enhanced.

------------------------------------------------------------------------------------------------------------------------

[2023-01-11 09:43:39 #1 store] 
Database 'C:\Users\DAM2Alu1\git\Acceso_a_datos\Sesion3\db\empleados.odb' is opened by 1276@B01-PC04

[2023-01-11 09:43:39 #2 store] 
Configuration path: ?

[2023-01-11 09:43:39 #3 type] 
Type ejemplo1.DepartamentoEntity is not enhanced.

[2023-01-11 09:43:39 #4 type] 
Type ejemplo1.EmpleadoEntity is not enhanced.

[2023-01-11 09:43:39 #5 store] 
Database 'C:\Users\DAM2Alu1\git\Acceso_a_datos\Sesion3\db\empleados.odb' is closed by 1276@B01-PC04

