------------------------------------------------------------------------------------------------------------------------

[2023-01-12 16:52:26 #1 store] 
Database 'C:\Users\Bakero\git\Acceso_a_datos\Sesion3\db\empleados.odb' is opened by 21760@DESKTOP-6Q7JQ8O

[2023-01-12 16:52:26 #2 store] 
Configuration path: ?

[2023-01-12 16:52:27 #3 type] 
Type ejemplo1.DepartamentoEntity is not enhanced.

[2023-01-12 16:52:27 #4 type] 
Type ejemplo1.EmpleadoEntity is not enhanced.

[2023-01-12 16:52:27 #5 store] 
Database 'C:\Users\Bakero\git\Acceso_a_datos\Sesion3\db\empleados.odb' is closed by 21760@DESKTOP-6Q7JQ8O

------------------------------------------------------------------------------------------------------------------------

[2023-01-12 16:58:59 #1 store] 
Database 'C:\Users\Bakero\git\Acceso_a_datos\Sesion3\db\empleados.odb' is opened by 11184@DESKTOP-6Q7JQ8O

[2023-01-12 16:58:59 #2 store] 
Configuration path: ?

[2023-01-12 16:58:59 #3 type] 
Type ejemplo1.DepartamentoEntity is not enhanced.

[2023-01-12 16:58:59 #4 type] 
Type ejemplo1.EmpleadoEntity is not enhanced.

[2023-01-12 16:58:59 #5 store] 
Database 'C:\Users\Bakero\git\Acceso_a_datos\Sesion3\db\empleados.odb' is closed by 11184@DESKTOP-6Q7JQ8O

------------------------------------------------------------------------------------------------------------------------

[2023-01-12 16:59:08 #1 store] 
Database 'C:\Users\Bakero\git\Acceso_a_datos\Sesion3\db\empleados.odb' is opened by 23244@DESKTOP-6Q7JQ8O

[2023-01-12 16:59:08 #2 store] 
Configuration path: ?

[2023-01-12 16:59:09 #3 type] 
Type ejemplo1.DepartamentoEntity is not enhanced.

[2023-01-12 16:59:09 #4 type] 
Type ejemplo1.EmpleadoEntity is not enhanced.

[2023-01-12 16:59:09 #5 store] 
Database 'C:\Users\Bakero\git\Acceso_a_datos\Sesion3\db\empleados.odb' is closed by 23244@DESKTOP-6Q7JQ8O

------------------------------------------------------------------------------------------------------------------------

[2023-01-12 16:59:22 #1 store] 
Database 'C:\Users\Bakero\git\Acceso_a_datos\Sesion3\db\empleados.odb' is opened by 21440@DESKTOP-6Q7JQ8O

[2023-01-12 16:59:22 #2 store] 
Configuration path: ?

[2023-01-12 16:59:22 #3 type] 
Type ejemplo1.DepartamentoEntity is not enhanced.

[2023-01-12 16:59:22 #4 type] 
Type ejemplo1.EmpleadoEntity is not enhanced.

[2023-01-12 16:59:22 #5 store] 
Database 'C:\Users\Bakero\git\Acceso_a_datos\Sesion3\db\empleados.odb' is closed by 21440@DESKTOP-6Q7JQ8O

------------------------------------------------------------------------------------------------------------------------

[2023-01-12 17:07:15 #1 store] 
Database 'C:\Users\Bakero\git\Acceso_a_datos\Sesion3\db\empleados.odb' is opened by 10684@DESKTOP-6Q7JQ8O

[2023-01-12 17:07:15 #2 store] 
Configuration path: ?

[2023-01-12 17:07:15 #3 type] 
Type ejemplo1.DepartamentoEntity is not enhanced.

[2023-01-12 17:07:15 #4 type] 
Type ejemplo1.EmpleadoEntity is not enhanced.

[2023-01-12 17:07:15 #5 store] 
Database 'C:\Users\Bakero\git\Acceso_a_datos\Sesion3\db\empleados.odb' is closed by 10684@DESKTOP-6Q7JQ8O

------------------------------------------------------------------------------------------------------------------------

[2023-01-12 17:08:10 #1 store] 
Database 'C:\Users\Bakero\git\Acceso_a_datos\Sesion3\db\empleados.odb' is opened by 3308@DESKTOP-6Q7JQ8O

[2023-01-12 17:08:10 #2 store] 
Configuration path: ?

[2023-01-12 17:08:10 #3 type] 
Type ejemplo1.DepartamentoEntity is not enhanced.

[2023-01-12 17:08:10 #4 type] 
Type ejemplo1.EmpleadoEntity is not enhanced.

[2023-01-12 17:08:10 #5 store] 
Database 'C:\Users\Bakero\git\Acceso_a_datos\Sesion3\db\empleados.odb' is closed by 3308@DESKTOP-6Q7JQ8O

------------------------------------------------------------------------------------------------------------------------

[2023-01-12 17:16:13 #1 store] 
Database 'C:\Users\Bakero\git\Acceso_a_datos\Sesion3\db\empleados.odb' is opened by 28604@DESKTOP-6Q7JQ8O

[2023-01-12 17:16:13 #2 store] 
Configuration path: ?

[2023-01-12 17:16:13 #3 type] 
Type ejemplo1.DepartamentoEntity is not enhanced.

[2023-01-12 17:16:13 #4 type] 
Type ejemplo1.EmpleadoEntity is not enhanced.

[2023-01-12 17:16:14 #5 store] 
Database 'C:\Users\Bakero\git\Acceso_a_datos\Sesion3\db\empleados.odb' is closed by 28604@DESKTOP-6Q7JQ8O

------------------------------------------------------------------------------------------------------------------------

[2023-01-12 17:17:36 #1 store] 
Database 'C:\Users\Bakero\git\Acceso_a_datos\Sesion3\db\empleados.odb' is opened by 9084@DESKTOP-6Q7JQ8O

[2023-01-12 17:17:36 #2 store] 
Configuration path: ?

[2023-01-12 17:17:36 #3 type] 
Type ejemplo1.DepartamentoEntity is not enhanced.

[2023-01-12 17:17:36 #4 type] 
Type ejemplo1.EmpleadoEntity is not enhanced.

[2023-01-12 17:17:36 #5 store] 
Database 'C:\Users\Bakero\git\Acceso_a_datos\Sesion3\db\empleados.odb' is closed by 9084@DESKTOP-6Q7JQ8O

------------------------------------------------------------------------------------------------------------------------

[2023-01-12 17:20:08 #1 store] 
Database 'C:\Users\Bakero\git\Acceso_a_datos\Sesion3\db\empleados.odb' is opened by 19780@DESKTOP-6Q7JQ8O

[2023-01-12 17:20:08 #2 store] 
Configuration path: ?

[2023-01-12 17:20:08 #3 type] 
Type ejemplo1.DepartamentoEntity is not enhanced.

[2023-01-12 17:20:08 #4 type] 
Type ejemplo1.EmpleadoEntity is not enhanced.

[2023-01-12 17:20:08 #5 store] 
Database 'C:\Users\Bakero\git\Acceso_a_datos\Sesion3\db\empleados.odb' is closed by 19780@DESKTOP-6Q7JQ8O

