------------------------------------------------------------------------------------------------------------------------

[2022-12-16 13:12:50 #1 store] 
Database 'C:\Users\DAM2Alu1\git\Acceso_a_datos\Sesion3\db\empleados.odb' is opened by 6088@B01-PC04

[2022-12-16 13:12:50 #2 store] 
Configuration path: ?

[2022-12-16 13:12:50 #3 type] 
Type ejemplo1.DepartamentoEntity is not enhanced.

[2022-12-16 13:12:50 #4 type] 
Type ejemplo1.EmpleadoEntity is not enhanced.

[2022-12-16 13:12:50 #5 store] 
Database 'C:\Users\DAM2Alu1\git\Acceso_a_datos\Sesion3\db\empleados.odb' is closed by 6088@B01-PC04

------------------------------------------------------------------------------------------------------------------------

[2022-12-16 13:13:39 #1 store] 
Database 'C:\Users\DAM2Alu1\git\Acceso_a_datos\Sesion3\db\empleados.odb' is opened by 5680@B01-PC04

[2022-12-16 13:13:39 #2 store] 
Configuration path: ?

[2022-12-16 13:13:39 #3 type] 
Type ejemplo1.DepartamentoEntity is not enhanced.

[2022-12-16 13:13:39 #4 type] 
Type ejemplo1.EmpleadoEntity is not enhanced.

[2022-12-16 13:13:39 #5 store] 
Database 'C:\Users\DAM2Alu1\git\Acceso_a_datos\Sesion3\db\empleados.odb' is closed by 5680@B01-PC04

------------------------------------------------------------------------------------------------------------------------

[2022-12-16 13:14:08 #1 store] 
Database 'C:\Users\DAM2Alu1\git\Acceso_a_datos\Sesion3\db\empleados.odb' is opened by 10556@B01-PC04

[2022-12-16 13:14:08 #2 store] 
Configuration path: ?

[2022-12-16 13:14:08 #3 type] 
Type ejemplo1.DepartamentoEntity is not enhanced.

[2022-12-16 13:14:08 #4 type] 
Type ejemplo1.EmpleadoEntity is not enhanced.

[2022-12-16 13:14:08 #5 store] 
Database 'C:\Users\DAM2Alu1\git\Acceso_a_datos\Sesion3\db\empleados.odb' is closed by 10556@B01-PC04

------------------------------------------------------------------------------------------------------------------------

[2022-12-16 13:14:22 #1 store] 
Database 'C:\Users\DAM2Alu1\git\Acceso_a_datos\Sesion3\db\empleados.odb' is opened by 3328@B01-PC04

[2022-12-16 13:14:22 #2 store] 
Configuration path: ?

[2022-12-16 13:14:23 #3 type] 
Type ejemplo1.DepartamentoEntity is not enhanced.

[2022-12-16 13:14:23 #4 type] 
Type ejemplo1.EmpleadoEntity is not enhanced.

[2022-12-16 13:14:23 #5 store] 
Database 'C:\Users\DAM2Alu1\git\Acceso_a_datos\Sesion3\db\empleados.odb' is closed by 3328@B01-PC04

------------------------------------------------------------------------------------------------------------------------

[2022-12-16 13:15:33 #1 store] 
Database 'C:\Users\DAM2Alu1\git\Acceso_a_datos\Sesion3\db\empleados.odb' is opened by 8888@B01-PC04

[2022-12-16 13:15:33 #2 store] 
Configuration path: ?

[2022-12-16 13:15:33 #3 type] 
Type ejemplo1.DepartamentoEntity is not enhanced.

[2022-12-16 13:15:33 #4 type] 
Type ejemplo1.EmpleadoEntity is not enhanced.

[2022-12-16 13:15:33 #5 store] 
Database 'C:\Users\DAM2Alu1\git\Acceso_a_datos\Sesion3\db\empleados.odb' is closed by 8888@B01-PC04

------------------------------------------------------------------------------------------------------------------------

[2022-12-16 13:16:04 #1 store] 
Database 'C:\Users\DAM2Alu1\git\Acceso_a_datos\Sesion3\db\empleados.odb' is opened by 11820@B01-PC04

[2022-12-16 13:16:04 #2 store] 
Configuration path: ?

[2022-12-16 13:16:04 #3 type] 
Type ejemplo1.DepartamentoEntity is not enhanced.

[2022-12-16 13:16:04 #4 type] 
Type ejemplo1.EmpleadoEntity is not enhanced.

[2022-12-16 13:16:04 #5 store] 
Database 'C:\Users\DAM2Alu1\git\Acceso_a_datos\Sesion3\db\empleados.odb' is closed by 11820@B01-PC04

------------------------------------------------------------------------------------------------------------------------

[2022-12-16 13:16:30 #1 store] 
Database 'C:\Users\DAM2Alu1\git\Acceso_a_datos\Sesion3\db\empleados.odb' is opened by 9956@B01-PC04

[2022-12-16 13:16:30 #2 store] 
Configuration path: ?

[2022-12-16 13:16:30 #3 type] 
Type ejemplo1.DepartamentoEntity is not enhanced.

[2022-12-16 13:16:30 #4 type] 
Type ejemplo1.EmpleadoEntity is not enhanced.

[2022-12-16 13:16:30 #5 store] 
Database 'C:\Users\DAM2Alu1\git\Acceso_a_datos\Sesion3\db\empleados.odb' is closed by 9956@B01-PC04

------------------------------------------------------------------------------------------------------------------------

[2022-12-16 13:18:14 #1 store] 
Database 'C:\Users\DAM2Alu1\git\Acceso_a_datos\Sesion3\db\empleados.odb' is opened by 8096@B01-PC04

[2022-12-16 13:18:14 #2 store] 
Configuration path: ?

[2022-12-16 13:18:14 #3 type] 
Type ejemplo1.DepartamentoEntity is not enhanced.

[2022-12-16 13:18:14 #4 type] 
Type ejemplo1.EmpleadoEntity is not enhanced.

[2022-12-16 13:18:14 #5 store] 
Database 'C:\Users\DAM2Alu1\git\Acceso_a_datos\Sesion3\db\empleados.odb' is closed by 8096@B01-PC04

------------------------------------------------------------------------------------------------------------------------

[2022-12-16 13:18:16 #1 store] 
Database 'C:\Users\DAM2Alu1\git\Acceso_a_datos\Sesion3\db\empleados.odb' is opened by 8324@B01-PC04

[2022-12-16 13:18:16 #2 store] 
Configuration path: ?

[2022-12-16 13:18:16 #3 type] 
Type ejemplo1.DepartamentoEntity is not enhanced.

[2022-12-16 13:18:16 #4 type] 
Type ejemplo1.EmpleadoEntity is not enhanced.

[2022-12-16 13:18:16 #5 store] 
Database 'C:\Users\DAM2Alu1\git\Acceso_a_datos\Sesion3\db\empleados.odb' is closed by 8324@B01-PC04

