------------------------------------------------------------------------------------------------------------------------

[2022-12-28 17:19:28 #1 store] 
Database 'C:\Users\Bakero\git\Acceso_a_datos\sesion4\db\jugadoresej12.odb' is opened by 12444@DESKTOP-6Q7JQ8O

[2022-12-28 17:19:28 #2 store] 
Configuration path: ?

[2022-12-28 17:19:28 #3 type] 
Type Ejercicio12.Socio is not enhanced.

------------------------------------------------------------------------------------------------------------------------

[2022-12-28 17:24:17 #1 store] 
Database 'C:\Users\Bakero\git\Acceso_a_datos\sesion4\db\jugadoresej12.odb' is opened by 17564@DESKTOP-6Q7JQ8O

[2022-12-28 17:24:17 #2 store] 
Configuration path: ?

[2022-12-28 17:24:17 #3 type] 
Type Ejercicio12.Socio is not enhanced.

------------------------------------------------------------------------------------------------------------------------

[2022-12-28 17:27:53 #1 store] 
Database 'C:\Users\Bakero\git\Acceso_a_datos\sesion4\db\jugadoresej12.odb' is opened by 17404@DESKTOP-6Q7JQ8O

[2022-12-28 17:27:53 #2 store] 
Configuration path: ?

[2022-12-28 17:27:53 #3 type] 
Type Ejercicio12.Socio is not enhanced.

------------------------------------------------------------------------------------------------------------------------

[2022-12-28 17:27:58 #1 store] 
Database 'C:\Users\Bakero\git\Acceso_a_datos\sesion4\db\jugadoresej12.odb' is opened by 15368@DESKTOP-6Q7JQ8O

[2022-12-28 17:27:58 #2 store] 
Configuration path: ?

[2022-12-28 17:27:58 #3 type] 
Type Ejercicio12.Socio is not enhanced.

------------------------------------------------------------------------------------------------------------------------

[2022-12-28 17:49:34 #1 store] 
Database 'C:\Users\Bakero\git\Acceso_a_datos\sesion4\db\jugadoresej12.odb' is opened by 12480@DESKTOP-6Q7JQ8O

[2022-12-28 17:49:34 #2 store] 
Configuration path: ?

[2022-12-28 17:49:34 #3 type] 
Type Ejercicio12.Socio is not enhanced.

[2022-12-28 17:49:34 #4 store] 
Database 'C:\Users\Bakero\git\Acceso_a_datos\sesion4\db\jugadoresej12.odb' is closed by 12480@DESKTOP-6Q7JQ8O

------------------------------------------------------------------------------------------------------------------------

[2022-12-28 17:49:53 #1 store] 
Database 'C:\Users\Bakero\git\Acceso_a_datos\sesion4\db\jugadoresej12.odb' is opened by 11992@DESKTOP-6Q7JQ8O

[2022-12-28 17:49:53 #2 store] 
Configuration path: ?

[2022-12-28 17:49:53 #3 type] 
Type Ejercicio12.Socio is not enhanced.

------------------------------------------------------------------------------------------------------------------------

[2022-12-28 17:51:27 #1 store] 
Database 'C:\Users\Bakero\git\Acceso_a_datos\sesion4\db\jugadoresej12.odb' is opened by 27744@DESKTOP-6Q7JQ8O

[2022-12-28 17:51:27 #2 store] 
Configuration path: ?

[2022-12-28 17:51:27 #3 type] 
Type Ejercicio12.Socio is not enhanced.

