------------------------------------------------------------------------------------------------------------------------

[2023-01-09 19:40:38 #1 store] 
Database 'C:\Users\Bakero\git\Acceso_a_datos\sesion4\db\jugadoresej12.odb' is opened by 8232@DESKTOP-6Q7JQ8O

[2023-01-09 19:40:38 #2 store] 
Configuration path: ?

[2023-01-09 19:40:38 #3 type] 
Type Ejercicio12.Socio is not enhanced.

------------------------------------------------------------------------------------------------------------------------

[2023-01-09 19:52:19 #1 store] 
Database 'C:\Users\Bakero\git\Acceso_a_datos\sesion4\db\jugadoresej12.odb' is opened by 18184@DESKTOP-6Q7JQ8O

[2023-01-09 19:52:19 #2 store] 
Configuration path: ?

[2023-01-09 19:52:19 #3 type] 
Type Ejercicio12.Socio is not enhanced.

[2023-01-09 19:52:20 #4 store] 
Database 'C:\Users\Bakero\git\Acceso_a_datos\sesion4\db\jugadoresej12.odb' is closed by 18184@DESKTOP-6Q7JQ8O

[2023-01-09 19:52:32 #5 store] 
Database 'C:\Users\Bakero\git\Acceso_a_datos\sesion4\db\jugadoresej12.odb' is opened by 18184@DESKTOP-6Q7JQ8O

[2023-01-09 19:52:32 #6 store] 
Configuration path: ?

------------------------------------------------------------------------------------------------------------------------

[2023-01-09 19:53:54 #1 store] 
Database 'C:\Users\Bakero\git\Acceso_a_datos\sesion4\db\jugadoresej12.odb' is opened by 15216@DESKTOP-6Q7JQ8O

[2023-01-09 19:53:54 #2 store] 
Configuration path: ?

[2023-01-09 19:53:54 #3 type] 
Type Ejercicio12.Socio is not enhanced.

